<?xml version="1.0" encoding="UTF-8"?>
<testsuites name="Journey Partner Profile Test Suite" time="162.749" tests="1" failures="0" errors="1">
   <testsuite name="Journey Partner Profile Test Suite" tests="1" failures="0" errors="1" time="162.749" skipped="0" timestamp="03-03-2025T12:58:59" hostname="cckozie - 192.168.4.43" id="Test Suites/Journey Partner Profile Test Suite">
      <properties>
         <property name="deviceName" value=""/>
         <property name="devicePlatform"/>
         <property name="logFolder" value="/Users/cckozie/git/MissionNext-Katalon-Koz/Reports/20250303_125746/Journey Partner Profile Test Suite/20250303_125753"/>
         <property name="logFiles" value="/Users/cckozie/git/MissionNext-Katalon-Koz/Reports/20250303_125746/Journey Partner Profile Test Suite/20250303_125753/execution0.log"/>
         <property name="attachments" value="/Users/cckozie/git/MissionNext-Katalon-Koz/Reports/20250303_125746/Journey Partner Profile Test Suite/20250303_125753/1741028458959.png, /Users/cckozie/git/MissionNext-Katalon-Koz/Reports/20250303_125746/Journey Partner Profile Test Suite/20250303_125753/1741028501534.png"/>
         <property name="hostName" value="cckozie - 192.168.4.43"/>
         <property name="os" value="Mac OS X 64bit"/>
         <property name="katalonVersion" value="9.7.3.223"/>
         <property name="browser" value="Chrome 133.0.0.0"/>
         <property name="hostAddress" value="192.168.4.43"/>
         <property name="sessionId" value="99c1c29ca7412cebfdc3cbf206b06e48"/>
         <property name="seleniumVersion" value="3.141.59"/>
         <property name="proxyInformation" value="ProxyInformation { proxyOption=NO_PROXY, proxyServerType=HTTP, username=, password=********, proxyServerAddress=, proxyServerPort=0, executionList=&quot;&quot;, isApplyToDesiredCapabilities=true }"/>
         <property name="platform" value="Mac OS X"/>
      </properties>
      <testcase name="Test Cases/Journey Partner Profile/Register Journey Partner" time="162.585" classname="Test Cases/Journey Partner Profile/Register Journey Partner" status="ERROR">
         <error type="ERROR" message="Test Cases/Journey Partner Profile/Register Journey Partner FAILED.&#xa;Reason:&#xa;com.kms.katalon.core.exception.StepErrorException: &#xa;Failed to find the Approval Pending page.&#xa;	at com.kms.katalon.core.util.KeywordUtil.markError(KeywordUtil.java:67)&#xa;	at Register Journey Partner.run(Register Journey Partner:347)&#xa;	at com.kms.katalon.core.main.ScriptEngine.run(ScriptEngine.java:194)&#xa;	at com.kms.katalon.core.main.ScriptEngine.runScriptAsRawText(ScriptEngine.java:119)&#xa;	at com.kms.katalon.core.main.TestCaseExecutor.runScript(TestCaseExecutor.java:448)&#xa;	at com.kms.katalon.core.main.TestCaseExecutor.doExecute(TestCaseExecutor.java:439)&#xa;	at com.kms.katalon.core.main.TestCaseExecutor.processExecutionPhase(TestCaseExecutor.java:418)&#xa;	at com.kms.katalon.core.main.TestCaseExecutor.accessMainPhase(TestCaseExecutor.java:410)&#xa;	at com.kms.katalon.core.main.TestCaseExecutor.execute(TestCaseExecutor.java:285)&#xa;	at com.kms.katalon.core.common.CommonExecutor.accessTestCaseMainPhase(CommonExecutor.java:65)&#xa;	at com.kms.katalon.core.main.TestSuiteExecutor.accessTestSuiteMainPhase(TestSuiteExecutor.java:150)&#xa;	at com.kms.katalon.core.main.TestSuiteExecutor.execute(TestSuiteExecutor.java:106)&#xa;	at com.kms.katalon.core.main.TestCaseMain.startTestSuite(TestCaseMain.java:180)&#xa;	at TempTestSuite1741028273844.run(TempTestSuite1741028273844.groovy:35)&#xa;	at java.base/jdk.internal.reflect.NativeMethodAccessorImpl.invoke0(Native Method)&#xa;	at java.base/jdk.internal.reflect.NativeMethodAccessorImpl.invoke(NativeMethodAccessorImpl.java:77)&#xa;	at java.base/jdk.internal.reflect.DelegatingMethodAccessorImpl.invoke(DelegatingMethodAccessorImpl.java:43)&#xa;"/>
         <system-out><![CDATA[03-03-2025T12:58:59 - [TEST_CASE][ERROR] - Test Cases/Journey Partner Profile/Register Journey Partner: Test Cases/Journey Partner Profile/Register Journey Partner FAILED.
Reason:
com.kms.katalon.core.exception.StepErrorException: 
Failed to find the Approval Pending page.
	at com.kms.katalon.core.util.KeywordUtil.markError(KeywordUtil.java:67)
	at Register Journey Partner.run(Register Journey Partner:347)
	at com.kms.katalon.core.main.ScriptEngine.run(ScriptEngine.java:194)
	at com.kms.katalon.core.main.ScriptEngine.runScriptAsRawText(ScriptEngine.java:119)
	at com.kms.katalon.core.main.TestCaseExecutor.runScript(TestCaseExecutor.java:448)
	at com.kms.katalon.core.main.TestCaseExecutor.doExecute(TestCaseExecutor.java:439)
	at com.kms.katalon.core.main.TestCaseExecutor.processExecutionPhase(TestCaseExecutor.java:418)
	at com.kms.katalon.core.main.TestCaseExecutor.accessMainPhase(TestCaseExecutor.java:410)
	at com.kms.katalon.core.main.TestCaseExecutor.execute(TestCaseExecutor.java:285)
	at com.kms.katalon.core.common.CommonExecutor.accessTestCaseMainPhase(CommonExecutor.java:65)
	at com.kms.katalon.core.main.TestSuiteExecutor.accessTestSuiteMainPhase(TestSuiteExecutor.java:150)
	at com.kms.katalon.core.main.TestSuiteExecutor.execute(TestSuiteExecutor.java:106)
	at com.kms.katalon.core.main.TestCaseMain.startTestSuite(TestCaseMain.java:180)
	at TempTestSuite1741028273844.run(TempTestSuite1741028273844.groovy:35)
	at java.base/jdk.internal.reflect.NativeMethodAccessorImpl.invoke0(Native Method)
	at java.base/jdk.internal.reflect.NativeMethodAccessorImpl.invoke(NativeMethodAccessorImpl.java:77)
	at java.base/jdk.internal.reflect.DelegatingMethodAccessorImpl.invoke(DelegatingMethodAccessorImpl.java:43)


03-03-2025T12:58:59 - [TEST_STEP][PASSED] - username = username: null

03-03-2025T12:58:59 - [TEST_STEP][PASSED] - if (username != "cktest07jp" && username != "cktest02jp"): null

03-03-2025T12:58:59 - [TEST_STEP][PASSED] - registerOnly = false: null

03-03-2025T12:58:59 - [TEST_STEP][PASSED] - domain = domain: null

03-03-2025T12:58:59 - [TEST_STEP][PASSED] - username = username: null

03-03-2025T12:58:59 - [TEST_STEP][PASSED] - url = "https://journey." + domain + "/signup/organization": null

03-03-2025T12:58:59 - [TEST_STEP][PASSED] - outFile = new java.io.File(((/Users/cckozie/Documents/MissionNext/Test Reports/Test Register Journey Partner on  + domain) + .txt)): null

03-03-2025T12:58:59 - [TEST_STEP][PASSED] - outFile = outFile: null

03-03-2025T12:58:59 - [TEST_STEP][PASSED] - outFile.write("Testing Register Journey Partner on " + domain + ".
"): null

03-03-2025T12:58:59 - [TEST_STEP][PASSED] - tooltipImagePath = "/Users/cckozie/git/MissionNext-Katalon-Koz/images/journey partner/journey partner application/": null

03-03-2025T12:58:59 - [TEST_STEP][PASSED] - testObjectFolder = "Journey Partner Profile/Register/": null

03-03-2025T12:58:59 - [TEST_STEP][PASSED] - tooltips = ["dummy":"dummy", "Username":"img_Username_field-tooltip", "Password":"img_Password_field-tooltip", "Organization":"img_Organization_field-tooltip", ... ]: null

03-03-2025T12:58:59 - [TEST_STEP][PASSED] - tooltipText = ["Username":"Must be unique; at least 6 characters; contain only lowercase letters; allowable characters: numbers, @, dash, underscore or period, and can be an email address.", "Password":"The password should be at least twelve characters long; should include numbers, letters, capitals; may have special characters (@, #, *, spaces, etc.) and may include a passphrase.", ... ]: null

03-03-2025T12:58:59 - [TEST_STEP][PASSED] - requiredFieldMsgs = ["Username":"Username must be unique; at least 6 characters; contain only lowercase letters; allowable characters: numbers, @, dash, underscore or period, and can be an email address.", "Password":"The password should be at least twelve characters long; should include numbers, letters, capitals; may have special characters (@, #, *, spaces, etc.) and may include a passphrase.", ... ]: null

03-03-2025T12:58:59 - [TEST_STEP][PASSED] - pageLinks = ["Affiliated Christian Organizations":"Affiliated Organizations", "Partnership Agreement":"Partnership Agreement", "Privacy Policy":"Privacy Policy", ... ]: null

03-03-2025T12:58:59 - [TEST_STEP][PASSED] - callTestCase(findTestCase("Admin/Delete User"), ["varUsername":username], STOP_ON_FAILURE): Call Test Case 'Test Cases/Admin/Delete User' successfully

03-03-2025T12:58:59 - [TEST_CASE][PASSED] - Test Cases/Admin/Delete User: Test Cases/Admin/Delete User

03-03-2025T12:58:59 - [TEST_STEP][PASSED] - if (binding.hasVariable("varUsername")): null

03-03-2025T12:58:59 - [TEST_STEP][PASSED] - username = varUsername: null

03-03-2025T12:58:59 - [TEST_STEP][PASSED] - writeFile = false: null

03-03-2025T12:58:59 - [TEST_STEP][PASSED] - println("outFile is " + outFile): null

03-03-2025T12:58:59 - [TEST_STEP][PASSED] - if (outFile != ""): null

03-03-2025T12:58:59 - [TEST_STEP][PASSED] - myFile = outFile: null

03-03-2025T12:58:59 - [TEST_STEP][PASSED] - println(myFile): null

03-03-2025T12:58:59 - [TEST_STEP][PASSED] - outFile = new java.io.File(myFile): null

03-03-2025T12:58:59 - [TEST_STEP][PASSED] - writeFile = true: null

03-03-2025T12:58:59 - [TEST_STEP][PASSED] - domain = domain: null

03-03-2025T12:58:59 - [TEST_STEP][PASSED] - url = "https://ad." + domain: null

03-03-2025T12:58:59 - [TEST_STEP][PASSED] - openBrowser(""): Browser is opened with url: ''

03-03-2025T12:58:59 - [MESSAGE][INFO] - Starting 'Chrome' driver

03-03-2025T12:58:59 - [MESSAGE][INFO] - Action delay is set to 0 milliseconds

03-03-2025T12:59:00 - [MESSAGE][PASSED] - Browser is opened with url: ''

03-03-2025T12:59:00 - [TEST_STEP][PASSED] - navigateToUrl(url): Navigate to 'https://ad.missionnext.org' successfully

03-03-2025T12:59:00 - [MESSAGE][PASSED] - Navigate to 'https://ad.missionnext.org' successfully

03-03-2025T12:59:00 - [TEST_STEP][PASSED] - setText(findTestObject("Admin/Ad Login/input_Username"), "chriskosieracki"): Text 'chriskosieracki' is set on object 'Object Repository/Admin/Ad Login/input_Username'

03-03-2025T12:59:00 - [MESSAGE][PASSED] - Text 'chriskosieracki' is set on object 'Object Repository/Admin/Ad Login/input_Username'

03-03-2025T12:59:00 - [TEST_STEP][PASSED] - setEncryptedText(findTestObject("Admin/Ad Login/input_Password"), "fAJOXt1JExHva3VUYg96Og=="): Text ****** has been set on object 'Object Repository/Admin/Ad Login/input_Password'

03-03-2025T12:59:00 - [MESSAGE][PASSED] - Text ****** has been set on object 'Object Repository/Admin/Ad Login/input_Password'

03-03-2025T12:59:00 - [TEST_STEP][PASSED] - click(findTestObject("Admin/Ad Login/btn_Submit")): Object: 'Object Repository/Admin/Ad Login/btn_Submit' is clicked on

03-03-2025T12:59:01 - [MESSAGE][PASSED] - Object: 'Object Repository/Admin/Ad Login/btn_Submit' is clicked on

03-03-2025T12:59:01 - [TEST_STEP][PASSED] - click(findTestObject("Admin/Ad Main/a_User Information  Administration")): Object: 'Object Repository/Admin/Ad Main/a_User Information  Administration' is clicked on

03-03-2025T12:59:02 - [MESSAGE][PASSED] - Object: 'Object Repository/Admin/Ad Main/a_User Information  Administration' is clicked on

03-03-2025T12:59:02 - [TEST_STEP][PASSED] - setText(findTestObject("Admin/Ad User Viewer Utility/input_Find account by Username"), username): Text 'cktest07jp' is set on object 'Object Repository/Admin/Ad User Viewer Utility/input_Find account by Username'

03-03-2025T12:59:02 - [MESSAGE][PASSED] - Text 'cktest07jp' is set on object 'Object Repository/Admin/Ad User Viewer Utility/input_Find account by Username'

03-03-2025T12:59:02 - [TEST_STEP][PASSED] - delay(1): Delayed 1 second(s)

03-03-2025T12:59:03 - [MESSAGE][PASSED] - Delayed 1 second(s)

03-03-2025T12:59:03 - [TEST_STEP][PASSED] - click(findTestObject("Admin/Ad User Viewer Utility/input_Find account by Username_beginning")): Object: 'Object Repository/Admin/Ad User Viewer Utility/input_Find account by Username_beginning' is clicked on

03-03-2025T12:59:04 - [MESSAGE][PASSED] - Object: 'Object Repository/Admin/Ad User Viewer Utility/input_Find account by Username_beginning' is clicked on

03-03-2025T12:59:04 - [TEST_STEP][PASSED] - delay(1): Delayed 1 second(s)

03-03-2025T12:59:05 - [MESSAGE][PASSED] - Delayed 1 second(s)

03-03-2025T12:59:05 - [TEST_STEP][PASSED] - driver = getWebDriver(): null

03-03-2025T12:59:05 - [TEST_STEP][PASSED] - Table = driver.findElement(By.xpath("//table[2]")): null

03-03-2025T12:59:05 - [TEST_STEP][PASSED] - Rows = Table.findElements(By.tagName("tr")): null

03-03-2025T12:59:05 - [TEST_STEP][PASSED] - row_count = Rows.size(): null

03-03-2025T12:59:05 - [TEST_STEP][PASSED] - found = false: null

03-03-2025T12:59:05 - [TEST_STEP][PASSED] - if (row_count > 0): null

03-03-2025T12:59:05 - [TEST_STEP][PASSED] - for ([row = 1, row < row_count, (row++)]): null

03-03-2025T12:59:05 - [TEST_STEP][PASSED] - Columns = get(row).findElements(By.tagName("td")): null

03-03-2025T12:59:05 - [TEST_STEP][PASSED] - user = get(2).getText(): null

03-03-2025T12:59:05 - [TEST_STEP][PASSED] - if (user.indexOf(username) >= 0): null

03-03-2025T12:59:05 - [TEST_STEP][PASSED] - found = true: null

03-03-2025T12:59:05 - [TEST_STEP][PASSED] - outText = "User " + username + " was found. Attempting to delete.": null

03-03-2025T12:59:05 - [TEST_STEP][PASSED] - println("=====> " + outText): null

03-03-2025T12:59:05 - [TEST_STEP][PASSED] - if (writeFile): null

03-03-2025T12:59:05 - [TEST_STEP][PASSED] - outFile.append(outText + "
"): null

03-03-2025T12:59:05 - [TEST_STEP][PASSED] - link = get(0).findElement(By.tagName("a")): null

03-03-2025T12:59:05 - [TEST_STEP][PASSED] - link.click(): null

03-03-2025T12:59:06 - [TEST_STEP][PASSED] - delay(2): Delayed 2 second(s)

03-03-2025T12:59:08 - [MESSAGE][PASSED] - Delayed 2 second(s)

03-03-2025T12:59:08 - [TEST_STEP][PASSED] - break: null

03-03-2025T12:59:08 - [TEST_STEP][PASSED] - if (found): null

03-03-2025T12:59:08 - [TEST_STEP][PASSED] - delay(1): Delayed 1 second(s)

03-03-2025T12:59:09 - [MESSAGE][PASSED] - Delayed 1 second(s)

03-03-2025T12:59:09 - [TEST_STEP][PASSED] - waitForPageLoad(10): Wait for page load successfully

03-03-2025T12:59:09 - [MESSAGE][PASSED] - Wait for page load successfully

03-03-2025T12:59:09 - [TEST_STEP][PASSED] - deletedUser = getText(findTestObject("Object Repository/Admin/Ad User Viewer Utility/p_The missionnext Candidate account username")): Text of object 'Object Repository/Admin/Ad User Viewer Utility/p_The missionnext Candidate account username' is: 'The missionnext Organization account username is cktest07jp'

03-03-2025T12:59:09 - [MESSAGE][PASSED] - Text of object 'Object Repository/Admin/Ad User Viewer Utility/p_The missionnext Candidate account username' is: 'The missionnext Organization account username is cktest07jp'

03-03-2025T12:59:09 - [TEST_STEP][PASSED] - if (deletedUser.indexOf(username) >= 0): null

03-03-2025T12:59:09 - [TEST_STEP][PASSED] - outText = "User " + username + " was successfully deleted.": null

03-03-2025T12:59:09 - [TEST_STEP][PASSED] - println(outText): null

03-03-2025T12:59:09 - [TEST_STEP][PASSED] - outFile.append(outText + "
"): null

03-03-2025T12:59:09 - [TEST_STEP][PASSED] - closeBrowser(): Browser is closed

03-03-2025T12:59:09 - [MESSAGE][PASSED] - Browser is closed

03-03-2025T12:59:09 - [MESSAGE][PASSED] - Call Test Case 'Test Cases/Admin/Delete User' successfully

03-03-2025T12:59:09 - [TEST_STEP][PASSED] - callTestCase(findTestCase("_Functions/Delete Emails"), [:], STOP_ON_FAILURE): Call Test Case 'Test Cases/_Functions/Delete Emails' successfully

03-03-2025T12:59:09 - [TEST_CASE][PASSED] - Test Cases/_Functions/Delete Emails: Test Cases/_Functions/Delete Emails

03-03-2025T12:59:09 - [TEST_STEP][PASSED] - writeFile = false: null

03-03-2025T12:59:09 - [TEST_STEP][PASSED] - if (outFile != ""): null

03-03-2025T12:59:09 - [TEST_STEP][PASSED] - myFile = outFile: null

03-03-2025T12:59:09 - [TEST_STEP][PASSED] - println(myFile): null

03-03-2025T12:59:09 - [TEST_STEP][PASSED] - outFile = new java.io.File(myFile): null

03-03-2025T12:59:09 - [TEST_STEP][PASSED] - writeFile = true: null

03-03-2025T12:59:09 - [TEST_STEP][PASSED] - outText = "Deleting all emails in the inbox": null

03-03-2025T12:59:09 - [TEST_STEP][PASSED] - println(outText): null

03-03-2025T12:59:09 - [TEST_STEP][PASSED] - if (writeFile): null

03-03-2025T12:59:09 - [TEST_STEP][PASSED] - outFile.append(outText + "
"): null

03-03-2025T12:59:09 - [TEST_STEP][PASSED] - host = "pop.gmail.com": null

03-03-2025T12:59:09 - [TEST_STEP][PASSED] - mailStoreType = "pop3": null

03-03-2025T12:59:09 - [TEST_STEP][PASSED] - username = "cktest01mn@gmail.com": null

03-03-2025T12:59:09 - [TEST_STEP][PASSED] - password = "sfesezftmpqxbbbd": null

03-03-2025T12:59:09 - [TEST_STEP][PASSED] - properties = new java.util.Properties(): null

03-03-2025T12:59:09 - [TEST_STEP][PASSED] - properties.put("mail.pop3.host", host): null

03-03-2025T12:59:09 - [TEST_STEP][PASSED] - properties.put("mail.pop3.port", "995"): null

03-03-2025T12:59:09 - [TEST_STEP][PASSED] - properties.put("mail.pop3.starttls.enable", "true"): null

03-03-2025T12:59:09 - [TEST_STEP][PASSED] - emailSession = Session.getDefaultInstance(properties): null

03-03-2025T12:59:09 - [TEST_STEP][PASSED] - store = emailSession.getStore("pop3s"): null

03-03-2025T12:59:09 - [TEST_STEP][PASSED] - store.connect(host, username, password): null

03-03-2025T12:59:10 - [TEST_STEP][PASSED] - emailFolder = <not implemented yet for class: org.codehaus.groovy.ast.expr.EmptyExpression>: null

03-03-2025T12:59:10 - [TEST_STEP][PASSED] - messages = []: null

03-03-2025T12:59:10 - [TEST_STEP][PASSED] - emailFolder = store.getFolder("INBOX"): null

03-03-2025T12:59:10 - [TEST_STEP][PASSED] - emailFolder.open(READ_ONLY): null

03-03-2025T12:59:10 - [TEST_STEP][PASSED] - messages = emailFolder.getMessages(): null

03-03-2025T12:59:10 - [TEST_STEP][PASSED] - if (length > 0): null

03-03-2025T12:59:10 - [TEST_STEP][PASSED] - outText = length + " emails were found in the inbox": null

03-03-2025T12:59:10 - [TEST_STEP][PASSED] - println(outText): null

03-03-2025T12:59:10 - [TEST_STEP][PASSED] - if (writeFile): null

03-03-2025T12:59:10 - [TEST_STEP][PASSED] - outFile.append(outText + "
"): null

03-03-2025T12:59:10 - [TEST_STEP][PASSED] - count = 0: null

03-03-2025T12:59:10 - [TEST_STEP][PASSED] - for (javax.mail.Message message : messages): null

03-03-2025T12:59:10 - [TEST_STEP][PASSED] - from = message.getFrom()[0]: null

03-03-2025T12:59:10 - [TEST_STEP][PASSED] - subject = message.getSubject(): null

03-03-2025T12:59:10 - [TEST_STEP][PASSED] - outText = "Found email from " + from + ", With subject of " + subject: null

03-03-2025T12:59:10 - [TEST_STEP][PASSED] - println(outText): null

03-03-2025T12:59:10 - [TEST_STEP][PASSED] - if (writeFile): null

03-03-2025T12:59:10 - [TEST_STEP][PASSED] - outFile.append(outText + "
"): null

03-03-2025T12:59:10 - [TEST_STEP][PASSED] - content = message.getContent(): null

03-03-2025T12:59:10 - [TEST_STEP][PASSED] - if (content instanceof java.lang.String): null

03-03-2025T12:59:10 - [TEST_STEP][PASSED] - else if (content instanceof javax.mail.Multipart): null

03-03-2025T12:59:10 - [TEST_STEP][PASSED] - println("It is multipart"): null

03-03-2025T12:59:10 - [TEST_STEP][PASSED] - mp = message.getContent(): null

03-03-2025T12:59:10 - [TEST_STEP][PASSED] - p = getBodyPart(0).getContent(): null

03-03-2025T12:59:10 - [TEST_STEP][PASSED] - body = p.toString(): null

03-03-2025T12:59:10 - [TEST_STEP][PASSED] - (count++): null

03-03-2025T12:59:10 - [TEST_STEP][PASSED] - outText = count + " emails were read and deleted": null

03-03-2025T12:59:10 - [TEST_STEP][PASSED] - println(outText): null

03-03-2025T12:59:10 - [TEST_STEP][PASSED] - if (writeFile): null

03-03-2025T12:59:10 - [TEST_STEP][PASSED] - outFile.append(outText + "
"): null

03-03-2025T12:59:10 - [TEST_STEP][PASSED] - emailFolder.close(false): null

03-03-2025T12:59:10 - [TEST_STEP][PASSED] - store.close(): null

03-03-2025T12:59:10 - [MESSAGE][PASSED] - Call Test Case 'Test Cases/_Functions/Delete Emails' successfully

03-03-2025T12:59:10 - [TEST_STEP][PASSED] - openBrowser(url): Browser is opened with url: 'https://journey.missionnext.org/signup/organization'

03-03-2025T12:59:10 - [MESSAGE][INFO] - Starting 'Chrome' driver

03-03-2025T12:59:10 - [MESSAGE][INFO] - Action delay is set to 0 milliseconds

03-03-2025T12:59:13 - [MESSAGE][PASSED] - Browser is opened with url: 'https://journey.missionnext.org/signup/organization'

03-03-2025T12:59:13 - [TEST_STEP][PASSED] - maximizeWindow(): Current window maximized

03-03-2025T12:59:14 - [MESSAGE][PASSED] - Current window maximized

03-03-2025T12:59:14 - [TEST_STEP][PASSED] - navigateToUrl(url): Navigate to 'https://journey.missionnext.org/signup/organization' successfully

03-03-2025T12:59:18 - [MESSAGE][PASSED] - Navigate to 'https://journey.missionnext.org/signup/organization' successfully

03-03-2025T12:59:18 - [TEST_STEP][PASSED] - waitForPageLoad(10): Wait for page load successfully

03-03-2025T12:59:18 - [MESSAGE][PASSED] - Wait for page load successfully

03-03-2025T12:59:18 - [TEST_STEP][PASSED] - tooltipTextMap = callTestCase(findTestCase("_Functions/Get Screenshot and Tooltip Text"), ["varExtension":"Register"], STOP_ON_FAILURE): Call Test Case 'Test Cases/_Functions/Get Screenshot and Tooltip Text' successfully

03-03-2025T12:59:18 - [TEST_CASE][PASSED] - Test Cases/_Functions/Get Screenshot and Tooltip Text: Test Cases/_Functions/Get Screenshot and Tooltip Text

03-03-2025T12:59:18 - [TEST_STEP][PASSED] - if (fastPath): null

03-03-2025T12:59:18 - [TEST_STEP][PASSED] - return null: null

03-03-2025T12:59:18 - [MESSAGE][PASSED] - Call Test Case 'Test Cases/_Functions/Get Screenshot and Tooltip Text' successfully

03-03-2025T12:59:18 - [TEST_STEP][PASSED] - driver = getWebDriver(): null

03-03-2025T12:59:18 - [TEST_STEP][PASSED] - action = new org.openqa.selenium.interactions.Actions(driver): null

03-03-2025T12:59:18 - [TEST_STEP][PASSED] - callTestCase(findTestCase("_Functions/Test Tooltips"), ["varTooltipImagePath":tooltipImagePath, "varTooltips":tooltips, "varTooltipText":tooltipText, "varTestObjectFolder":testObjectFolder, ... ], OPTIONAL): Unable to call Test Case 'Test Cases/_Functions/Test Tooltips' (Root cause: com.kms.katalon.core.exception.StepErrorException: Call Test Case 'Test Cases/_Functions/Test Tooltips' failed because of error(s)
	at com.kms.katalon.core.keyword.builtin.CallTestCaseKeyword$_callTestCase_closure1.doCall(CallTestCaseKeyword.groovy:66)
	at com.kms.katalon.core.keyword.builtin.CallTestCaseKeyword$_callTestCase_closure1.call(CallTestCaseKeyword.groovy)
	at com.kms.katalon.core.keyword.internal.KeywordMain.runKeyword(KeywordMain.groovy:75)
	at com.kms.katalon.core.keyword.builtin.CallTestCaseKeyword.callTestCase(CallTestCaseKeyword.groovy:81)
	at com.kms.katalon.core.keyword.builtin.CallTestCaseKeyword.execute(CallTestCaseKeyword.groovy:44)
	at com.kms.katalon.core.keyword.internal.KeywordExecutor.executeKeywordForPlatform(KeywordExecutor.groovy:74)
	at com.kms.katalon.core.keyword.BuiltinKeywords.callTestCase(BuiltinKeywords.groovy:310)
	at java.base/jdk.internal.reflect.NativeMethodAccessorImpl.invoke0(Native Method)
	at java.base/jdk.internal.reflect.NativeMethodAccessorImpl.invoke(NativeMethodAccessorImpl.java:77)
	at java.base/jdk.internal.reflect.DelegatingMethodAccessorImpl.invoke(DelegatingMethodAccessorImpl.java:43)
	at Register Journey Partner.run(Register Journey Partner:158)
	at com.kms.katalon.core.main.ScriptEngine.run(ScriptEngine.java:194)
	at com.kms.katalon.core.main.ScriptEngine.runScriptAsRawText(ScriptEngine.java:119)
	at com.kms.katalon.core.main.TestCaseExecutor.runScript(TestCaseExecutor.java:448)
	at com.kms.katalon.core.main.TestCaseExecutor.doExecute(TestCaseExecutor.java:439)
	at com.kms.katalon.core.main.TestCaseExecutor.processExecutionPhase(TestCaseExecutor.java:418)
	at com.kms.katalon.core.main.TestCaseExecutor.accessMainPhase(TestCaseExecutor.java:410)
	at com.kms.katalon.core.main.TestCaseExecutor.execute(TestCaseExecutor.java:285)
	at com.kms.katalon.core.common.CommonExecutor.accessTestCaseMainPhase(CommonExecutor.java:65)
	at com.kms.katalon.core.main.TestSuiteExecutor.accessTestSuiteMainPhase(TestSuiteExecutor.java:150)
	at com.kms.katalon.core.main.TestSuiteExecutor.execute(TestSuiteExecutor.java:106)
	at com.kms.katalon.core.main.TestCaseMain.startTestSuite(TestCaseMain.java:180)
	at TempTestSuite1741028273844.run(TempTestSuite1741028273844.groovy:35)
	at java.base/jdk.internal.reflect.NativeMethodAccessorImpl.invoke0(Native Method)
	at java.base/jdk.internal.reflect.NativeMethodAccessorImpl.invoke(NativeMethodAccessorImpl.java:77)
	at java.base/jdk.internal.reflect.DelegatingMethodAccessorImpl.invoke(DelegatingMethodAccessorImpl.java:43)
Caused by: org.codehaus.groovy.control.MultipleCompilationErrorsException: startup failed:
file:/Users/cckozie/git/MissionNext-Katalon-Koz/Scripts/_Functions/Test%20Tooltips/Script1736959727538.groovy: 66: unable to resolve class Screen
 @ line 66, column 8.
   Screen s = new Screen()
          ^

file:/Users/cckozie/git/MissionNext-Katalon-Koz/Scripts/_Functions/Test%20Tooltips/Script1736959727538.groovy: 66: unable to resolve class Screen
 @ line 66, column 12.
   Screen s = new Screen()
              ^

file:/Users/cckozie/git/MissionNext-Katalon-Koz/Scripts/_Functions/Test%20Tooltips/Script1736959727538.groovy: 104: unable to resolve class Pattern
 @ line 104, column 17.
           Pattern icn = new Pattern(myImage).similar(0.10)
                   ^

file:/Users/cckozie/git/MissionNext-Katalon-Koz/Scripts/_Functions/Test%20Tooltips/Script1736959727538.groovy: 104: unable to resolve class Pattern
 @ line 104, column 23.
           Pattern icn = new Pattern(myImage).similar(0.10)
                         ^

4 errors

	at com.kms.katalon.core.main.ScriptEngine.getScript(ScriptEngine.java:199)
	at com.kms.katalon.core.main.ScriptEngine.run(ScriptEngine.java:194)
	at com.kms.katalon.core.main.ScriptEngine.runScriptAsRawText(ScriptEngine.java:119)
	at com.kms.katalon.core.main.TestCaseExecutor.runScript(TestCaseExecutor.java:448)
	at com.kms.katalon.core.main.TestCaseExecutor.doExecute(TestCaseExecutor.java:439)
	at com.kms.katalon.core.main.TestCaseExecutor.processExecutionPhase(TestCaseExecutor.java:418)
	at com.kms.katalon.core.main.TestCaseExecutor.accessMainPhase(TestCaseExecutor.java:410)
	at com.kms.katalon.core.main.TestCaseExecutor.execute(TestCaseExecutor.java:285)
	at com.kms.katalon.core.main.TestCaseMain.runTestCase(TestCaseMain.java:137)
	at com.kms.katalon.core.keyword.builtin.CallTestCaseKeyword$_callTestCase_closure1.doCall(CallTestCaseKeyword.groovy:59)
	... 25 more
)

03-03-2025T12:59:18 - [TEST_CASE][ERROR] - Test Cases/_Functions/Test Tooltips: Test Cases/_Functions/Test Tooltips FAILED.
Reason:
org.codehaus.groovy.control.MultipleCompilationErrorsException: startup failed:
file:/Users/cckozie/git/MissionNext-Katalon-Koz/Scripts/_Functions/Test%20Tooltips/Script1736959727538.groovy: 66: unable to resolve class Screen
 @ line 66, column 8.
   Screen s = new Screen()
          ^

file:/Users/cckozie/git/MissionNext-Katalon-Koz/Scripts/_Functions/Test%20Tooltips/Script1736959727538.groovy: 66: unable to resolve class Screen
 @ line 66, column 12.
   Screen s = new Screen()
              ^

file:/Users/cckozie/git/MissionNext-Katalon-Koz/Scripts/_Functions/Test%20Tooltips/Script1736959727538.groovy: 104: unable to resolve class Pattern
 @ line 104, column 17.
           Pattern icn = new Pattern(myImage).similar(0.10)
                   ^

file:/Users/cckozie/git/MissionNext-Katalon-Koz/Scripts/_Functions/Test%20Tooltips/Script1736959727538.groovy: 104: unable to resolve class Pattern
 @ line 104, column 23.
           Pattern icn = new Pattern(myImage).similar(0.10)
                         ^

4 errors

	at com.kms.katalon.core.main.ScriptEngine.getScript(ScriptEngine.java:199)
	at com.kms.katalon.core.main.ScriptEngine.run(ScriptEngine.java:194)
	at com.kms.katalon.core.main.ScriptEngine.runScriptAsRawText(ScriptEngine.java:119)
	at com.kms.katalon.core.main.TestCaseExecutor.runScript(TestCaseExecutor.java:448)
	at com.kms.katalon.core.main.TestCaseExecutor.doExecute(TestCaseExecutor.java:439)
	at com.kms.katalon.core.main.TestCaseExecutor.processExecutionPhase(TestCaseExecutor.java:418)
	at com.kms.katalon.core.main.TestCaseExecutor.accessMainPhase(TestCaseExecutor.java:410)
	at com.kms.katalon.core.main.TestCaseExecutor.execute(TestCaseExecutor.java:285)
	at com.kms.katalon.core.main.TestCaseMain.runTestCase(TestCaseMain.java:137)
	at com.kms.katalon.core.keyword.builtin.CallTestCaseKeyword$_callTestCase_closure1.doCall(CallTestCaseKeyword.groovy:59)
	at com.kms.katalon.core.keyword.builtin.CallTestCaseKeyword$_callTestCase_closure1.call(CallTestCaseKeyword.groovy)
	at com.kms.katalon.core.keyword.internal.KeywordMain.runKeyword(KeywordMain.groovy:75)
	at com.kms.katalon.core.keyword.builtin.CallTestCaseKeyword.callTestCase(CallTestCaseKeyword.groovy:81)
	at com.kms.katalon.core.keyword.builtin.CallTestCaseKeyword.execute(CallTestCaseKeyword.groovy:44)
	at com.kms.katalon.core.keyword.internal.KeywordExecutor.executeKeywordForPlatform(KeywordExecutor.groovy:74)
	at com.kms.katalon.core.keyword.BuiltinKeywords.callTestCase(BuiltinKeywords.groovy:310)
	at java.base/jdk.internal.reflect.NativeMethodAccessorImpl.invoke0(Native Method)
	at java.base/jdk.internal.reflect.NativeMethodAccessorImpl.invoke(NativeMethodAccessorImpl.java:77)
	at java.base/jdk.internal.reflect.DelegatingMethodAccessorImpl.invoke(DelegatingMethodAccessorImpl.java:43)
	at Register Journey Partner.run(Register Journey Partner:158)
	at com.kms.katalon.core.main.ScriptEngine.run(ScriptEngine.java:194)
	at com.kms.katalon.core.main.ScriptEngine.runScriptAsRawText(ScriptEngine.java:119)
	at com.kms.katalon.core.main.TestCaseExecutor.runScript(TestCaseExecutor.java:448)
	at com.kms.katalon.core.main.TestCaseExecutor.doExecute(TestCaseExecutor.java:439)
	at com.kms.katalon.core.main.TestCaseExecutor.processExecutionPhase(TestCaseExecutor.java:418)
	at com.kms.katalon.core.main.TestCaseExecutor.accessMainPhase(TestCaseExecutor.java:410)
	at com.kms.katalon.core.main.TestCaseExecutor.execute(TestCaseExecutor.java:285)
	at com.kms.katalon.core.common.CommonExecutor.accessTestCaseMainPhase(CommonExecutor.java:65)
	at com.kms.katalon.core.main.TestSuiteExecutor.accessTestSuiteMainPhase(TestSuiteExecutor.java:150)
	at com.kms.katalon.core.main.TestSuiteExecutor.execute(TestSuiteExecutor.java:106)
	at com.kms.katalon.core.main.TestCaseMain.startTestSuite(TestCaseMain.java:180)
	at TempTestSuite1741028273844.run(TempTestSuite1741028273844.groovy:35)
	at java.base/jdk.internal.reflect.NativeMethodAccessorImpl.invoke0(Native Method)
	at java.base/jdk.internal.reflect.NativeMethodAccessorImpl.invoke(NativeMethodAccessorImpl.java:77)
	at java.base/jdk.internal.reflect.DelegatingMethodAccessorImpl.invoke(DelegatingMethodAccessorImpl.java:43)


03-03-2025T12:59:18 - [MESSAGE][WARNING] - Unable to call Test Case 'Test Cases/_Functions/Test Tooltips' (Root cause: com.kms.katalon.core.exception.StepErrorException: Call Test Case 'Test Cases/_Functions/Test Tooltips' failed because of error(s)
	at com.kms.katalon.core.keyword.builtin.CallTestCaseKeyword$_callTestCase_closure1.doCall(CallTestCaseKeyword.groovy:66)
	at com.kms.katalon.core.keyword.builtin.CallTestCaseKeyword$_callTestCase_closure1.call(CallTestCaseKeyword.groovy)
	at com.kms.katalon.core.keyword.internal.KeywordMain.runKeyword(KeywordMain.groovy:75)
	at com.kms.katalon.core.keyword.builtin.CallTestCaseKeyword.callTestCase(CallTestCaseKeyword.groovy:81)
	at com.kms.katalon.core.keyword.builtin.CallTestCaseKeyword.execute(CallTestCaseKeyword.groovy:44)
	at com.kms.katalon.core.keyword.internal.KeywordExecutor.executeKeywordForPlatform(KeywordExecutor.groovy:74)
	at com.kms.katalon.core.keyword.BuiltinKeywords.callTestCase(BuiltinKeywords.groovy:310)
	at java.base/jdk.internal.reflect.NativeMethodAccessorImpl.invoke0(Native Method)
	at java.base/jdk.internal.reflect.NativeMethodAccessorImpl.invoke(NativeMethodAccessorImpl.java:77)
	at java.base/jdk.internal.reflect.DelegatingMethodAccessorImpl.invoke(DelegatingMethodAccessorImpl.java:43)
	at Register Journey Partner.run(Register Journey Partner:158)
	at com.kms.katalon.core.main.ScriptEngine.run(ScriptEngine.java:194)
	at com.kms.katalon.core.main.ScriptEngine.runScriptAsRawText(ScriptEngine.java:119)
	at com.kms.katalon.core.main.TestCaseExecutor.runScript(TestCaseExecutor.java:448)
	at com.kms.katalon.core.main.TestCaseExecutor.doExecute(TestCaseExecutor.java:439)
	at com.kms.katalon.core.main.TestCaseExecutor.processExecutionPhase(TestCaseExecutor.java:418)
	at com.kms.katalon.core.main.TestCaseExecutor.accessMainPhase(TestCaseExecutor.java:410)
	at com.kms.katalon.core.main.TestCaseExecutor.execute(TestCaseExecutor.java:285)
	at com.kms.katalon.core.common.CommonExecutor.accessTestCaseMainPhase(CommonExecutor.java:65)
	at com.kms.katalon.core.main.TestSuiteExecutor.accessTestSuiteMainPhase(TestSuiteExecutor.java:150)
	at com.kms.katalon.core.main.TestSuiteExecutor.execute(TestSuiteExecutor.java:106)
	at com.kms.katalon.core.main.TestCaseMain.startTestSuite(TestCaseMain.java:180)
	at TempTestSuite1741028273844.run(TempTestSuite1741028273844.groovy:35)
	at java.base/jdk.internal.reflect.NativeMethodAccessorImpl.invoke0(Native Method)
	at java.base/jdk.internal.reflect.NativeMethodAccessorImpl.invoke(NativeMethodAccessorImpl.java:77)
	at java.base/jdk.internal.reflect.DelegatingMethodAccessorImpl.invoke(DelegatingMethodAccessorImpl.java:43)
Caused by: org.codehaus.groovy.control.MultipleCompilationErrorsException: startup failed:
file:/Users/cckozie/git/MissionNext-Katalon-Koz/Scripts/_Functions/Test%20Tooltips/Script1736959727538.groovy: 66: unable to resolve class Screen
 @ line 66, column 8.
   Screen s = new Screen()
          ^

file:/Users/cckozie/git/MissionNext-Katalon-Koz/Scripts/_Functions/Test%20Tooltips/Script1736959727538.groovy: 66: unable to resolve class Screen
 @ line 66, column 12.
   Screen s = new Screen()
              ^

file:/Users/cckozie/git/MissionNext-Katalon-Koz/Scripts/_Functions/Test%20Tooltips/Script1736959727538.groovy: 104: unable to resolve class Pattern
 @ line 104, column 17.
           Pattern icn = new Pattern(myImage).similar(0.10)
                   ^

file:/Users/cckozie/git/MissionNext-Katalon-Koz/Scripts/_Functions/Test%20Tooltips/Script1736959727538.groovy: 104: unable to resolve class Pattern
 @ line 104, column 23.
           Pattern icn = new Pattern(myImage).similar(0.10)
                         ^

4 errors

	at com.kms.katalon.core.main.ScriptEngine.getScript(ScriptEngine.java:199)
	at com.kms.katalon.core.main.ScriptEngine.run(ScriptEngine.java:194)
	at com.kms.katalon.core.main.ScriptEngine.runScriptAsRawText(ScriptEngine.java:119)
	at com.kms.katalon.core.main.TestCaseExecutor.runScript(TestCaseExecutor.java:448)
	at com.kms.katalon.core.main.TestCaseExecutor.doExecute(TestCaseExecutor.java:439)
	at com.kms.katalon.core.main.TestCaseExecutor.processExecutionPhase(TestCaseExecutor.java:418)
	at com.kms.katalon.core.main.TestCaseExecutor.accessMainPhase(TestCaseExecutor.java:410)
	at com.kms.katalon.core.main.TestCaseExecutor.execute(TestCaseExecutor.java:285)
	at com.kms.katalon.core.main.TestCaseMain.runTestCase(TestCaseMain.java:137)
	at com.kms.katalon.core.keyword.builtin.CallTestCaseKeyword$_callTestCase_closure1.doCall(CallTestCaseKeyword.groovy:59)
	... 25 more
)

03-03-2025T12:59:18 - [TEST_STEP][PASSED] - callTestCase(findTestCase("_Functions/Test External Links"), ["varPageLinks":pageLinks, "varObjectPath":"Object Repository/Journey Partner Profile/Register/"], STOP_ON_FAILURE): Call Test Case 'Test Cases/_Functions/Test External Links' successfully

03-03-2025T12:59:18 - [TEST_CASE][PASSED] - Test Cases/_Functions/Test External Links: Test Cases/_Functions/Test External Links

03-03-2025T12:59:18 - [TEST_STEP][PASSED] - if (fastPath): null

03-03-2025T12:59:18 - [TEST_STEP][PASSED] - return null: null

03-03-2025T12:59:18 - [MESSAGE][PASSED] - Call Test Case 'Test Cases/_Functions/Test External Links' successfully

03-03-2025T12:59:18 - [TEST_STEP][PASSED] - object = "Journey Partner Profile/Register/button_Sign up": null

03-03-2025T12:59:18 - [TEST_STEP][PASSED] - callTestCase(findTestCase("_Functions/Perform Action"), ["varAction":"click", "varObject":object], STOP_ON_FAILURE): Call Test Case 'Test Cases/_Functions/Perform Action' successfully

03-03-2025T12:59:18 - [TEST_CASE][PASSED] - Test Cases/_Functions/Perform Action: Test Cases/_Functions/Perform Action

03-03-2025T12:59:19 - [TEST_STEP][PASSED] - action = varAction: null

03-03-2025T12:59:19 - [TEST_STEP][PASSED] - println(action): null

03-03-2025T12:59:19 - [TEST_STEP][PASSED] - testObject = varObject: null

03-03-2025T12:59:19 - [TEST_STEP][PASSED] - println(testObject): null

03-03-2025T12:59:19 - [TEST_STEP][PASSED] - parm1 = varParm1: null

03-03-2025T12:59:19 - [TEST_STEP][PASSED] - println(parm1): null

03-03-2025T12:59:19 - [TEST_STEP][PASSED] - println("Converting " + testObject + " to web element"): null

03-03-2025T12:59:19 - [TEST_STEP][PASSED] - element = findWebElement(findTestObject(testObject), 1): null

03-03-2025T12:59:19 - [TEST_STEP][PASSED] - loc = element.getLocation(): null

03-03-2025T12:59:19 - [TEST_STEP][PASSED] - y = loc.getY(): null

03-03-2025T12:59:19 - [TEST_STEP][PASSED] - println("Y location is " + y): null

03-03-2025T12:59:19 - [TEST_STEP][PASSED] - top = getViewportTopPosition(): Current viewport's top (y) position is 0

03-03-2025T12:59:19 - [MESSAGE][PASSED] - Current viewport's top (y) position is 0

03-03-2025T12:59:19 - [TEST_STEP][PASSED] - println("Viewport top is " + top): null

03-03-2025T12:59:19 - [TEST_STEP][PASSED] - bottom = top + 600: null

03-03-2025T12:59:19 - [TEST_STEP][PASSED] - if (y - top < 150 || bottom - y < 10): Delayed 1 second(s)

03-03-2025T12:59:19 - [TEST_STEP][PASSED] - scrollToPosition(0, y - 150): Browser is scrolled to position x = 0, y = 1920

03-03-2025T12:59:19 - [MESSAGE][PASSED] - Browser is scrolled to position x = 0, y = 1920

03-03-2025T12:59:19 - [TEST_STEP][PASSED] - delay(1): Delayed 1 second(s)

03-03-2025T12:59:20 - [MESSAGE][PASSED] - Delayed 1 second(s)

03-03-2025T12:59:20 - [TEST_STEP][PASSED] - if (action == "click"): Object: 'Object Repository/Journey Partner Profile/Register/button_Sign up' is clicked on

03-03-2025T12:59:20 - [TEST_STEP][PASSED] - println("clicking"): null

03-03-2025T12:59:20 - [TEST_STEP][PASSED] - click(findTestObject(testObject)): Object: 'Object Repository/Journey Partner Profile/Register/button_Sign up' is clicked on

03-03-2025T12:59:21 - [MESSAGE][PASSED] - Object: 'Object Repository/Journey Partner Profile/Register/button_Sign up' is clicked on

03-03-2025T12:59:21 - [MESSAGE][PASSED] - Call Test Case 'Test Cases/_Functions/Perform Action' successfully

03-03-2025T12:59:21 - [TEST_STEP][PASSED] - fieldList = ["Username", "Password", "Key Contact Email"]: null

03-03-2025T12:59:21 - [TEST_STEP][PASSED] - outText = "Verifying the field messages for " + fieldList + ".
": null

03-03-2025T12:59:21 - [TEST_STEP][PASSED] - outFile.append(outText): null

03-03-2025T12:59:21 - [TEST_STEP][PASSED] - callTestCase(findTestCase("_Functions/Test Field Error Messages"), ["varFieldList":fieldList, "varRequiredFieldMsgs":requiredFieldMsgs], STOP_ON_FAILURE): Call Test Case 'Test Cases/_Functions/Test Field Error Messages' successfully

03-03-2025T12:59:21 - [TEST_CASE][PASSED] - Test Cases/_Functions/Test Field Error Messages: Test Cases/_Functions/Test Field Error Messages

03-03-2025T12:59:21 - [TEST_STEP][PASSED] - count = callTestCase(findTestCase("_Functions/Find error messages"), ["varFunction":"count"], STOP_ON_FAILURE): Call Test Case 'Test Cases/_Functions/Find error messages' successfully

03-03-2025T12:59:21 - [TEST_CASE][PASSED] - Test Cases/_Functions/Find error messages: Test Cases/_Functions/Find error messages

03-03-2025T12:59:21 - [TEST_STEP][PASSED] - function = "count": null

03-03-2025T12:59:21 - [TEST_STEP][PASSED] - if (binding.hasVariable("varFunction")): null

03-03-2025T12:59:21 - [TEST_STEP][PASSED] - function = varFunction: null

03-03-2025T12:59:21 - [TEST_STEP][PASSED] - title = getWindowTitle(): Current window's title is: 'Journey'

03-03-2025T12:59:21 - [MESSAGE][PASSED] - Current window's title is: 'Journey'

03-03-2025T12:59:21 - [TEST_STEP][PASSED] - println("Page title is " + title): null

03-03-2025T12:59:21 - [TEST_STEP][PASSED] - driver = getWebDriver(): null

03-03-2025T12:59:21 - [TEST_STEP][PASSED] - elements = driver.findElements(By.xpath("//div[@class='col-sm-offset-3 col-sm-9 text-danger']")): null

03-03-2025T12:59:21 - [TEST_STEP][PASSED] - if (function == "count"): null

03-03-2025T12:59:21 - [TEST_STEP][PASSED] - return elements.size(): null

03-03-2025T12:59:21 - [MESSAGE][PASSED] - Call Test Case 'Test Cases/_Functions/Find error messages' successfully

03-03-2025T12:59:21 - [TEST_STEP][PASSED] - outFile = outFile: null

03-03-2025T12:59:21 - [TEST_STEP][PASSED] - if (count == 0): null

03-03-2025T12:59:21 - [TEST_STEP][PASSED] - else: Delayed 0 second(s)

03-03-2025T12:59:21 - [TEST_STEP][PASSED] - fieldList = varFieldList: null

03-03-2025T12:59:21 - [TEST_STEP][PASSED] - requiredFieldMsgs = varRequiredFieldMsgs: null

03-03-2025T12:59:21 - [TEST_STEP][PASSED] - outText = "Verifying error messages for fields " + fieldList: null

03-03-2025T12:59:21 - [TEST_STEP][PASSED] - for (def field : fieldList): null

03-03-2025T12:59:21 - [TEST_STEP][PASSED] - errorMsg = requiredFieldMsgs.get(field): null

03-03-2025T12:59:21 - [TEST_STEP][PASSED] - msg = verifyTextPresent(errorMsg, false, OPTIONAL): Text 'Username must be unique; at least 6 characters; contain only lowercase letters; allowable characters: numbers, @, dash, underscore or period, and can be an email address.' is present on page 

03-03-2025T12:59:21 - [MESSAGE][PASSED] - Text 'Username must be unique; at least 6 characters; contain only lowercase letters; allowable characters: numbers, @, dash, underscore or period, and can be an email address.' is present on page 

03-03-2025T12:59:21 - [TEST_STEP][PASSED] - println(field + ":" + msg): null

03-03-2025T12:59:21 - [TEST_STEP][PASSED] - if (!(msg)): null

03-03-2025T12:59:21 - [TEST_STEP][PASSED] - errorMsg = requiredFieldMsgs.get(field): null

03-03-2025T12:59:21 - [TEST_STEP][PASSED] - msg = verifyTextPresent(errorMsg, false, OPTIONAL): Text 'The password should be at least twelve characters long; should include numbers, letters, capitals; may have special characters (@, #, *, spaces, etc.) and may include a passphrase.' is present on page 

03-03-2025T12:59:21 - [MESSAGE][PASSED] - Text 'The password should be at least twelve characters long; should include numbers, letters, capitals; may have special characters (@, #, *, spaces, etc.) and may include a passphrase.' is present on page 

03-03-2025T12:59:21 - [TEST_STEP][PASSED] - println(field + ":" + msg): null

03-03-2025T12:59:21 - [TEST_STEP][PASSED] - if (!(msg)): null

03-03-2025T12:59:21 - [TEST_STEP][PASSED] - errorMsg = requiredFieldMsgs.get(field): null

03-03-2025T12:59:21 - [TEST_STEP][PASSED] - msg = verifyTextPresent(errorMsg, false, OPTIONAL): Text 'Please enter a valid email address.' is present on page 

03-03-2025T12:59:21 - [MESSAGE][PASSED] - Text 'Please enter a valid email address.' is present on page 

03-03-2025T12:59:21 - [TEST_STEP][PASSED] - println(field + ":" + msg): null

03-03-2025T12:59:21 - [TEST_STEP][PASSED] - if (!(msg)): null

03-03-2025T12:59:21 - [TEST_STEP][PASSED] - delay(fieldTestDelay): Delayed 0 second(s)

03-03-2025T12:59:21 - [MESSAGE][PASSED] - Delayed 0 second(s)

03-03-2025T12:59:21 - [MESSAGE][PASSED] - Call Test Case 'Test Cases/_Functions/Test Field Error Messages' successfully

03-03-2025T12:59:21 - [TEST_STEP][PASSED] - object = "Journey Partner Profile/Register/input_Username": null

03-03-2025T12:59:21 - [TEST_STEP][PASSED] - callTestCase(findTestCase("_Functions/Perform Action"), ["varAction":"setText", "varObject":object, "varParm1":username], STOP_ON_FAILURE): Call Test Case 'Test Cases/_Functions/Perform Action' successfully

03-03-2025T12:59:21 - [TEST_CASE][PASSED] - Test Cases/_Functions/Perform Action: Test Cases/_Functions/Perform Action

03-03-2025T12:59:21 - [TEST_STEP][PASSED] - action = varAction: null

03-03-2025T12:59:21 - [TEST_STEP][PASSED] - println(action): null

03-03-2025T12:59:21 - [TEST_STEP][PASSED] - testObject = varObject: null

03-03-2025T12:59:21 - [TEST_STEP][PASSED] - println(testObject): null

03-03-2025T12:59:21 - [TEST_STEP][PASSED] - parm1 = varParm1: null

03-03-2025T12:59:21 - [TEST_STEP][PASSED] - println(parm1): null

03-03-2025T12:59:21 - [TEST_STEP][PASSED] - println("Converting " + testObject + " to web element"): null

03-03-2025T12:59:21 - [TEST_STEP][PASSED] - element = findWebElement(findTestObject(testObject), 1): null

03-03-2025T12:59:21 - [TEST_STEP][PASSED] - loc = element.getLocation(): null

03-03-2025T12:59:21 - [TEST_STEP][PASSED] - y = loc.getY(): null

03-03-2025T12:59:21 - [TEST_STEP][PASSED] - println("Y location is " + y): null

03-03-2025T12:59:21 - [TEST_STEP][PASSED] - top = getViewportTopPosition(): Current viewport's top (y) position is 0

03-03-2025T12:59:21 - [MESSAGE][PASSED] - Current viewport's top (y) position is 0

03-03-2025T12:59:21 - [TEST_STEP][PASSED] - println("Viewport top is " + top): null

03-03-2025T12:59:21 - [TEST_STEP][PASSED] - bottom = top + 600: null

03-03-2025T12:59:21 - [TEST_STEP][PASSED] - if (y - top < 150 || bottom - y < 10): null

03-03-2025T12:59:21 - [TEST_STEP][PASSED] - if (action == "click"): null

03-03-2025T12:59:21 - [TEST_STEP][PASSED] - else if (action == "selectOptionByValue"): null

03-03-2025T12:59:21 - [TEST_STEP][PASSED] - else if (action == "setText"): Text 'cktest07jp' is set on object 'Object Repository/Journey Partner Profile/Register/input_Username'

03-03-2025T12:59:21 - [TEST_STEP][PASSED] - println("Setting text " + parm1): null

03-03-2025T12:59:21 - [TEST_STEP][PASSED] - setText(findTestObject(testObject), parm1): Text 'cktest07jp' is set on object 'Object Repository/Journey Partner Profile/Register/input_Username'

03-03-2025T12:59:22 - [MESSAGE][PASSED] - Text 'cktest07jp' is set on object 'Object Repository/Journey Partner Profile/Register/input_Username'

03-03-2025T12:59:22 - [MESSAGE][PASSED] - Call Test Case 'Test Cases/_Functions/Perform Action' successfully

03-03-2025T12:59:22 - [TEST_STEP][PASSED] - object = "Journey Partner Profile/Register/input_Password": null

03-03-2025T12:59:22 - [TEST_STEP][PASSED] - callTestCase(findTestCase("_Functions/Perform Action"), ["varAction":"setEncryptedText", "varObject":object, "varParm1":password], STOP_ON_FAILURE): Call Test Case 'Test Cases/_Functions/Perform Action' successfully

03-03-2025T12:59:22 - [TEST_CASE][PASSED] - Test Cases/_Functions/Perform Action: Test Cases/_Functions/Perform Action

03-03-2025T12:59:22 - [TEST_STEP][PASSED] - action = varAction: null

03-03-2025T12:59:22 - [TEST_STEP][PASSED] - println(action): null

03-03-2025T12:59:22 - [TEST_STEP][PASSED] - testObject = varObject: null

03-03-2025T12:59:22 - [TEST_STEP][PASSED] - println(testObject): null

03-03-2025T12:59:22 - [TEST_STEP][PASSED] - parm1 = varParm1: null

03-03-2025T12:59:22 - [TEST_STEP][PASSED] - println(parm1): null

03-03-2025T12:59:22 - [TEST_STEP][PASSED] - println("Converting " + testObject + " to web element"): null

03-03-2025T12:59:22 - [TEST_STEP][PASSED] - element = findWebElement(findTestObject(testObject), 1): null

03-03-2025T12:59:22 - [TEST_STEP][PASSED] - loc = element.getLocation(): null

03-03-2025T12:59:22 - [TEST_STEP][PASSED] - y = loc.getY(): null

03-03-2025T12:59:22 - [TEST_STEP][PASSED] - println("Y location is " + y): null

03-03-2025T12:59:22 - [TEST_STEP][PASSED] - top = getViewportTopPosition(): Current viewport's top (y) position is 0

03-03-2025T12:59:22 - [MESSAGE][PASSED] - Current viewport's top (y) position is 0

03-03-2025T12:59:22 - [TEST_STEP][PASSED] - println("Viewport top is " + top): null

03-03-2025T12:59:22 - [TEST_STEP][PASSED] - bottom = top + 600: null

03-03-2025T12:59:22 - [TEST_STEP][PASSED] - if (y - top < 150 || bottom - y < 10): null

03-03-2025T12:59:22 - [TEST_STEP][PASSED] - if (action == "click"): null

03-03-2025T12:59:22 - [TEST_STEP][PASSED] - else if (action == "selectOptionByValue"): null

03-03-2025T12:59:22 - [TEST_STEP][PASSED] - else if (action == "setText"): null

03-03-2025T12:59:22 - [TEST_STEP][PASSED] - else if (action == "setEncryptedText"): Text ****** has been set on object 'Object Repository/Journey Partner Profile/Register/input_Password'

03-03-2025T12:59:22 - [TEST_STEP][PASSED] - println("Setting encrypted text " + parm1): null

03-03-2025T12:59:22 - [TEST_STEP][PASSED] - setEncryptedText(findTestObject(testObject), parm1): Text ****** has been set on object 'Object Repository/Journey Partner Profile/Register/input_Password'

03-03-2025T12:59:22 - [MESSAGE][PASSED] - Text ****** has been set on object 'Object Repository/Journey Partner Profile/Register/input_Password'

03-03-2025T12:59:22 - [MESSAGE][PASSED] - Call Test Case 'Test Cases/_Functions/Perform Action' successfully

03-03-2025T12:59:22 - [TEST_STEP][PASSED] - object = "Journey Partner Profile/Register/input_Key Contact Email": null

03-03-2025T12:59:22 - [TEST_STEP][PASSED] - callTestCase(findTestCase("_Functions/Perform Action"), ["varAction":"setText", "varObject":object, "varParm1":email], STOP_ON_FAILURE): Call Test Case 'Test Cases/_Functions/Perform Action' successfully

03-03-2025T12:59:22 - [TEST_CASE][PASSED] - Test Cases/_Functions/Perform Action: Test Cases/_Functions/Perform Action

03-03-2025T12:59:22 - [TEST_STEP][PASSED] - action = varAction: null

03-03-2025T12:59:22 - [TEST_STEP][PASSED] - println(action): null

03-03-2025T12:59:22 - [TEST_STEP][PASSED] - testObject = varObject: null

03-03-2025T12:59:22 - [TEST_STEP][PASSED] - println(testObject): null

03-03-2025T12:59:22 - [TEST_STEP][PASSED] - parm1 = varParm1: null

03-03-2025T12:59:22 - [TEST_STEP][PASSED] - println(parm1): null

03-03-2025T12:59:22 - [TEST_STEP][PASSED] - println("Converting " + testObject + " to web element"): null

03-03-2025T12:59:22 - [TEST_STEP][PASSED] - element = findWebElement(findTestObject(testObject), 1): null

03-03-2025T12:59:22 - [TEST_STEP][PASSED] - loc = element.getLocation(): null

03-03-2025T12:59:22 - [TEST_STEP][PASSED] - y = loc.getY(): null

03-03-2025T12:59:22 - [TEST_STEP][PASSED] - println("Y location is " + y): null

03-03-2025T12:59:22 - [TEST_STEP][PASSED] - top = getViewportTopPosition(): Current viewport's top (y) position is 0

03-03-2025T12:59:22 - [MESSAGE][PASSED] - Current viewport's top (y) position is 0

03-03-2025T12:59:22 - [TEST_STEP][PASSED] - println("Viewport top is " + top): null

03-03-2025T12:59:22 - [TEST_STEP][PASSED] - bottom = top + 600: null

03-03-2025T12:59:22 - [TEST_STEP][PASSED] - if (y - top < 150 || bottom - y < 10): Delayed 1 second(s)

03-03-2025T12:59:22 - [TEST_STEP][PASSED] - scrollToPosition(0, y - 150): Browser is scrolled to position x = 0, y = 656

03-03-2025T12:59:22 - [MESSAGE][PASSED] - Browser is scrolled to position x = 0, y = 656

03-03-2025T12:59:22 - [TEST_STEP][PASSED] - delay(1): Delayed 1 second(s)

03-03-2025T12:59:23 - [MESSAGE][PASSED] - Delayed 1 second(s)

03-03-2025T12:59:23 - [TEST_STEP][PASSED] - if (action == "click"): null

03-03-2025T12:59:23 - [TEST_STEP][PASSED] - else if (action == "selectOptionByValue"): null

03-03-2025T12:59:23 - [TEST_STEP][PASSED] - else if (action == "setText"): Text 'cktest07@missionnext.org' is set on object 'Object Repository/Journey Partner Profile/Register/input_Key Contact Email'

03-03-2025T12:59:23 - [TEST_STEP][PASSED] - println("Setting text " + parm1): null

03-03-2025T12:59:23 - [TEST_STEP][PASSED] - setText(findTestObject(testObject), parm1): Text 'cktest07@missionnext.org' is set on object 'Object Repository/Journey Partner Profile/Register/input_Key Contact Email'

03-03-2025T12:59:23 - [MESSAGE][PASSED] - Text 'cktest07@missionnext.org' is set on object 'Object Repository/Journey Partner Profile/Register/input_Key Contact Email'

03-03-2025T12:59:23 - [MESSAGE][PASSED] - Call Test Case 'Test Cases/_Functions/Perform Action' successfully

03-03-2025T12:59:23 - [TEST_STEP][PASSED] - object = "Journey Partner Profile/Register/button_Sign up": null

03-03-2025T12:59:23 - [TEST_STEP][PASSED] - callTestCase(findTestCase("_Functions/Perform Action"), ["varAction":"click", "varObject":object], STOP_ON_FAILURE): Call Test Case 'Test Cases/_Functions/Perform Action' successfully

03-03-2025T12:59:23 - [TEST_CASE][PASSED] - Test Cases/_Functions/Perform Action: Test Cases/_Functions/Perform Action

03-03-2025T12:59:23 - [TEST_STEP][PASSED] - action = varAction: null

03-03-2025T12:59:23 - [TEST_STEP][PASSED] - println(action): null

03-03-2025T12:59:23 - [TEST_STEP][PASSED] - testObject = varObject: null

03-03-2025T12:59:23 - [TEST_STEP][PASSED] - println(testObject): null

03-03-2025T12:59:23 - [TEST_STEP][PASSED] - parm1 = varParm1: null

03-03-2025T12:59:23 - [TEST_STEP][PASSED] - println(parm1): null

03-03-2025T12:59:23 - [TEST_STEP][PASSED] - println("Converting " + testObject + " to web element"): null

03-03-2025T12:59:23 - [TEST_STEP][PASSED] - element = findWebElement(findTestObject(testObject), 1): null

03-03-2025T12:59:23 - [TEST_STEP][PASSED] - loc = element.getLocation(): null

03-03-2025T12:59:23 - [TEST_STEP][PASSED] - y = loc.getY(): null

03-03-2025T12:59:23 - [TEST_STEP][PASSED] - println("Y location is " + y): null

03-03-2025T12:59:23 - [TEST_STEP][PASSED] - top = getViewportTopPosition(): Current viewport's top (y) position is 656

03-03-2025T12:59:23 - [MESSAGE][PASSED] - Current viewport's top (y) position is 656

03-03-2025T12:59:23 - [TEST_STEP][PASSED] - println("Viewport top is " + top): null

03-03-2025T12:59:23 - [TEST_STEP][PASSED] - bottom = top + 600: null

03-03-2025T12:59:23 - [TEST_STEP][PASSED] - if (y - top < 150 || bottom - y < 10): Delayed 1 second(s)

03-03-2025T12:59:23 - [TEST_STEP][PASSED] - scrollToPosition(0, y - 150): Browser is scrolled to position x = 0, y = 2010

03-03-2025T12:59:23 - [MESSAGE][PASSED] - Browser is scrolled to position x = 0, y = 2010

03-03-2025T12:59:23 - [TEST_STEP][PASSED] - delay(1): Delayed 1 second(s)

03-03-2025T12:59:24 - [MESSAGE][PASSED] - Delayed 1 second(s)

03-03-2025T12:59:24 - [TEST_STEP][PASSED] - if (action == "click"): Object: 'Object Repository/Journey Partner Profile/Register/button_Sign up' is clicked on

03-03-2025T12:59:24 - [TEST_STEP][PASSED] - println("clicking"): null

03-03-2025T12:59:24 - [TEST_STEP][PASSED] - click(findTestObject(testObject)): Object: 'Object Repository/Journey Partner Profile/Register/button_Sign up' is clicked on

03-03-2025T12:59:25 - [MESSAGE][PASSED] - Object: 'Object Repository/Journey Partner Profile/Register/button_Sign up' is clicked on

03-03-2025T12:59:25 - [MESSAGE][PASSED] - Call Test Case 'Test Cases/_Functions/Perform Action' successfully

03-03-2025T12:59:25 - [TEST_STEP][PASSED] - waitForPageLoad(10): Wait for page load successfully

03-03-2025T12:59:25 - [MESSAGE][PASSED] - Wait for page load successfully

03-03-2025T12:59:25 - [TEST_STEP][PASSED] - fieldList = ["Organization", "Key Contact First Name", "Key Contact Last Name", "Key Contact Phone", "Mailing Address", "Organization City", "State", "Post/Zip Code", "Description", "Website Address", "Affiliated Organizations", "Board of Directors", "Statement of Faith", "References", "Partnership Agreement", "Terms and Conditions"]: null

03-03-2025T12:59:25 - [TEST_STEP][PASSED] - outText = "Verifying the field messages for " + fieldList + ".
": null

03-03-2025T12:59:25 - [TEST_STEP][PASSED] - outFile.append(outText): null

03-03-2025T12:59:25 - [TEST_STEP][PASSED] - callTestCase(findTestCase("_Functions/Test Field Error Messages"), ["varFieldList":fieldList, "varRequiredFieldMsgs":requiredFieldMsgs], STOP_ON_FAILURE): Call Test Case 'Test Cases/_Functions/Test Field Error Messages' successfully

03-03-2025T12:59:25 - [TEST_CASE][PASSED] - Test Cases/_Functions/Test Field Error Messages: Test Cases/_Functions/Test Field Error Messages

03-03-2025T12:59:25 - [TEST_STEP][PASSED] - count = callTestCase(findTestCase("_Functions/Find error messages"), ["varFunction":"count"], STOP_ON_FAILURE): Call Test Case 'Test Cases/_Functions/Find error messages' successfully

03-03-2025T12:59:25 - [TEST_CASE][PASSED] - Test Cases/_Functions/Find error messages: Test Cases/_Functions/Find error messages

03-03-2025T12:59:25 - [TEST_STEP][PASSED] - function = "count": null

03-03-2025T12:59:25 - [TEST_STEP][PASSED] - if (binding.hasVariable("varFunction")): null

03-03-2025T12:59:25 - [TEST_STEP][PASSED] - function = varFunction: null

03-03-2025T12:59:25 - [TEST_STEP][PASSED] - title = getWindowTitle(): Current window's title is: 'Journey'

03-03-2025T12:59:26 - [MESSAGE][PASSED] - Current window's title is: 'Journey'

03-03-2025T12:59:26 - [TEST_STEP][PASSED] - println("Page title is " + title): null

03-03-2025T12:59:26 - [TEST_STEP][PASSED] - driver = getWebDriver(): null

03-03-2025T12:59:26 - [TEST_STEP][PASSED] - elements = driver.findElements(By.xpath("//div[@class='col-sm-offset-3 col-sm-9 text-danger']")): null

03-03-2025T12:59:26 - [TEST_STEP][PASSED] - if (function == "count"): null

03-03-2025T12:59:26 - [TEST_STEP][PASSED] - return elements.size(): null

03-03-2025T12:59:26 - [MESSAGE][PASSED] - Call Test Case 'Test Cases/_Functions/Find error messages' successfully

03-03-2025T12:59:26 - [TEST_STEP][PASSED] - outFile = outFile: null

03-03-2025T12:59:26 - [TEST_STEP][PASSED] - if (count == 0): null

03-03-2025T12:59:26 - [TEST_STEP][PASSED] - else: Delayed 0 second(s)

03-03-2025T12:59:26 - [TEST_STEP][PASSED] - fieldList = varFieldList: null

03-03-2025T12:59:26 - [TEST_STEP][PASSED] - requiredFieldMsgs = varRequiredFieldMsgs: null

03-03-2025T12:59:26 - [TEST_STEP][PASSED] - outText = "Verifying error messages for fields " + fieldList: null

03-03-2025T12:59:26 - [TEST_STEP][PASSED] - for (def field : fieldList): null

03-03-2025T12:59:26 - [TEST_STEP][PASSED] - errorMsg = requiredFieldMsgs.get(field): null

03-03-2025T12:59:26 - [TEST_STEP][PASSED] - msg = verifyTextPresent(errorMsg, false, OPTIONAL): Text 'The organization name field is required.' is present on page 

03-03-2025T12:59:26 - [MESSAGE][PASSED] - Text 'The organization name field is required.' is present on page 

03-03-2025T12:59:26 - [TEST_STEP][PASSED] - println(field + ":" + msg): null

03-03-2025T12:59:26 - [TEST_STEP][PASSED] - if (!(msg)): null

03-03-2025T12:59:26 - [TEST_STEP][PASSED] - errorMsg = requiredFieldMsgs.get(field): null

03-03-2025T12:59:26 - [TEST_STEP][PASSED] - msg = verifyTextPresent(errorMsg, false, OPTIONAL): Text 'The First Name field is required.' is present on page 

03-03-2025T12:59:26 - [MESSAGE][PASSED] - Text 'The First Name field is required.' is present on page 

03-03-2025T12:59:26 - [TEST_STEP][PASSED] - println(field + ":" + msg): null

03-03-2025T12:59:26 - [TEST_STEP][PASSED] - if (!(msg)): null

03-03-2025T12:59:26 - [TEST_STEP][PASSED] - errorMsg = requiredFieldMsgs.get(field): null

03-03-2025T12:59:26 - [TEST_STEP][PASSED] - msg = verifyTextPresent(errorMsg, false, OPTIONAL): Text 'The last name field is required.' is present on page 

03-03-2025T12:59:26 - [MESSAGE][PASSED] - Text 'The last name field is required.' is present on page 

03-03-2025T12:59:26 - [TEST_STEP][PASSED] - println(field + ":" + msg): null

03-03-2025T12:59:26 - [TEST_STEP][PASSED] - if (!(msg)): null

03-03-2025T12:59:26 - [TEST_STEP][PASSED] - errorMsg = requiredFieldMsgs.get(field): null

03-03-2025T12:59:26 - [TEST_STEP][PASSED] - msg = verifyTextPresent(errorMsg, false, OPTIONAL): Text 'The key contact phone field is required.' is present on page 

03-03-2025T12:59:26 - [MESSAGE][PASSED] - Text 'The key contact phone field is required.' is present on page 

03-03-2025T12:59:26 - [TEST_STEP][PASSED] - println(field + ":" + msg): null

03-03-2025T12:59:26 - [TEST_STEP][PASSED] - if (!(msg)): null

03-03-2025T12:59:26 - [TEST_STEP][PASSED] - errorMsg = requiredFieldMsgs.get(field): null

03-03-2025T12:59:26 - [TEST_STEP][PASSED] - msg = verifyTextPresent(errorMsg, false, OPTIONAL): Text 'The mailing address field is required.' is present on page 

03-03-2025T12:59:26 - [MESSAGE][PASSED] - Text 'The mailing address field is required.' is present on page 

03-03-2025T12:59:26 - [TEST_STEP][PASSED] - println(field + ":" + msg): null

03-03-2025T12:59:26 - [TEST_STEP][PASSED] - if (!(msg)): null

03-03-2025T12:59:26 - [TEST_STEP][PASSED] - errorMsg = requiredFieldMsgs.get(field): null

03-03-2025T12:59:26 - [TEST_STEP][PASSED] - msg = verifyTextPresent(errorMsg, false, OPTIONAL): Text 'The city field is required.' is present on page 

03-03-2025T12:59:26 - [MESSAGE][PASSED] - Text 'The city field is required.' is present on page 

03-03-2025T12:59:26 - [TEST_STEP][PASSED] - println(field + ":" + msg): null

03-03-2025T12:59:26 - [TEST_STEP][PASSED] - if (!(msg)): null

03-03-2025T12:59:26 - [TEST_STEP][PASSED] - errorMsg = requiredFieldMsgs.get(field): null

03-03-2025T12:59:26 - [TEST_STEP][PASSED] - msg = verifyTextPresent(errorMsg, false, OPTIONAL): Text 'The state field is required.' is present on page 

03-03-2025T12:59:26 - [MESSAGE][PASSED] - Text 'The state field is required.' is present on page 

03-03-2025T12:59:26 - [TEST_STEP][PASSED] - println(field + ":" + msg): null

03-03-2025T12:59:26 - [TEST_STEP][PASSED] - if (!(msg)): null

03-03-2025T12:59:26 - [TEST_STEP][PASSED] - errorMsg = requiredFieldMsgs.get(field): null

03-03-2025T12:59:26 - [TEST_STEP][PASSED] - msg = verifyTextPresent(errorMsg, false, OPTIONAL): Text 'The post code field is required.' is present on page 

03-03-2025T12:59:26 - [MESSAGE][PASSED] - Text 'The post code field is required.' is present on page 

03-03-2025T12:59:26 - [TEST_STEP][PASSED] - println(field + ":" + msg): null

03-03-2025T12:59:26 - [TEST_STEP][PASSED] - if (!(msg)): null

03-03-2025T12:59:26 - [TEST_STEP][PASSED] - errorMsg = requiredFieldMsgs.get(field): null

03-03-2025T12:59:26 - [TEST_STEP][PASSED] - msg = verifyTextPresent(errorMsg, false, OPTIONAL): Text 'The description field is required.' is present on page 

03-03-2025T12:59:26 - [MESSAGE][PASSED] - Text 'The description field is required.' is present on page 

03-03-2025T12:59:26 - [TEST_STEP][PASSED] - println(field + ":" + msg): null

03-03-2025T12:59:26 - [TEST_STEP][PASSED] - if (!(msg)): null

03-03-2025T12:59:26 - [TEST_STEP][PASSED] - errorMsg = requiredFieldMsgs.get(field): null

03-03-2025T12:59:26 - [TEST_STEP][PASSED] - msg = verifyTextPresent(errorMsg, false, OPTIONAL): Text 'The website address field is required.' is present on page 

03-03-2025T12:59:26 - [MESSAGE][PASSED] - Text 'The website address field is required.' is present on page 

03-03-2025T12:59:26 - [TEST_STEP][PASSED] - println(field + ":" + msg): null

03-03-2025T12:59:26 - [TEST_STEP][PASSED] - if (!(msg)): null

03-03-2025T12:59:26 - [TEST_STEP][PASSED] - errorMsg = requiredFieldMsgs.get(field): null

03-03-2025T12:59:26 - [TEST_STEP][PASSED] - msg = verifyTextPresent(errorMsg, false, OPTIONAL): Text 'The memberships field is required.' is present on page 

03-03-2025T12:59:26 - [MESSAGE][PASSED] - Text 'The memberships field is required.' is present on page 

03-03-2025T12:59:26 - [TEST_STEP][PASSED] - println(field + ":" + msg): null

03-03-2025T12:59:26 - [TEST_STEP][PASSED] - if (!(msg)): null

03-03-2025T12:59:26 - [TEST_STEP][PASSED] - errorMsg = requiredFieldMsgs.get(field): null

03-03-2025T12:59:26 - [TEST_STEP][PASSED] - msg = verifyTextPresent(errorMsg, false, OPTIONAL): Text 'The board of directors field is required.' is present on page 

03-03-2025T12:59:26 - [MESSAGE][PASSED] - Text 'The board of directors field is required.' is present on page 

03-03-2025T12:59:26 - [TEST_STEP][PASSED] - println(field + ":" + msg): null

03-03-2025T12:59:26 - [TEST_STEP][PASSED] - if (!(msg)): null

03-03-2025T12:59:26 - [TEST_STEP][PASSED] - errorMsg = requiredFieldMsgs.get(field): null

03-03-2025T12:59:26 - [TEST_STEP][PASSED] - msg = verifyTextPresent(errorMsg, false, OPTIONAL): Text 'The statement of faith field is required.' is present on page 

03-03-2025T12:59:26 - [MESSAGE][PASSED] - Text 'The statement of faith field is required.' is present on page 

03-03-2025T12:59:26 - [TEST_STEP][PASSED] - println(field + ":" + msg): null

03-03-2025T12:59:26 - [TEST_STEP][PASSED] - if (!(msg)): null

03-03-2025T12:59:26 - [TEST_STEP][PASSED] - errorMsg = requiredFieldMsgs.get(field): null

03-03-2025T12:59:26 - [TEST_STEP][PASSED] - msg = verifyTextPresent(errorMsg, false, OPTIONAL): Text 'The references field is required.' is present on page 

03-03-2025T12:59:26 - [MESSAGE][PASSED] - Text 'The references field is required.' is present on page 

03-03-2025T12:59:26 - [TEST_STEP][PASSED] - println(field + ":" + msg): null

03-03-2025T12:59:26 - [TEST_STEP][PASSED] - if (!(msg)): null

03-03-2025T12:59:26 - [TEST_STEP][PASSED] - errorMsg = requiredFieldMsgs.get(field): null

03-03-2025T12:59:26 - [TEST_STEP][PASSED] - msg = verifyTextPresent(errorMsg, false, OPTIONAL): Text 'The partner agreement field is required.' is present on page 

03-03-2025T12:59:27 - [MESSAGE][PASSED] - Text 'The partner agreement field is required.' is present on page 

03-03-2025T12:59:27 - [TEST_STEP][PASSED] - println(field + ":" + msg): null

03-03-2025T12:59:27 - [TEST_STEP][PASSED] - if (!(msg)): null

03-03-2025T12:59:27 - [TEST_STEP][PASSED] - errorMsg = requiredFieldMsgs.get(field): null

03-03-2025T12:59:27 - [TEST_STEP][PASSED] - msg = verifyTextPresent(errorMsg, false, OPTIONAL): Text 'The terms and conditions field is required.' is present on page 

03-03-2025T12:59:27 - [MESSAGE][PASSED] - Text 'The terms and conditions field is required.' is present on page 

03-03-2025T12:59:27 - [TEST_STEP][PASSED] - println(field + ":" + msg): null

03-03-2025T12:59:27 - [TEST_STEP][PASSED] - if (!(msg)): null

03-03-2025T12:59:27 - [TEST_STEP][PASSED] - delay(fieldTestDelay): Delayed 0 second(s)

03-03-2025T12:59:27 - [MESSAGE][PASSED] - Delayed 0 second(s)

03-03-2025T12:59:27 - [MESSAGE][PASSED] - Call Test Case 'Test Cases/_Functions/Test Field Error Messages' successfully

03-03-2025T12:59:27 - [TEST_STEP][PASSED] - object = "Journey Partner Profile/Register/input_Password": null

03-03-2025T12:59:27 - [TEST_STEP][PASSED] - callTestCase(findTestCase("_Functions/Perform Action"), ["varAction":"setEncryptedText", "varObject":object, "varParm1":password], STOP_ON_FAILURE): Call Test Case 'Test Cases/_Functions/Perform Action' successfully

03-03-2025T12:59:27 - [TEST_CASE][PASSED] - Test Cases/_Functions/Perform Action: Test Cases/_Functions/Perform Action

03-03-2025T12:59:27 - [TEST_STEP][PASSED] - action = varAction: null

03-03-2025T12:59:27 - [TEST_STEP][PASSED] - println(action): null

03-03-2025T12:59:27 - [TEST_STEP][PASSED] - testObject = varObject: null

03-03-2025T12:59:27 - [TEST_STEP][PASSED] - println(testObject): null

03-03-2025T12:59:27 - [TEST_STEP][PASSED] - parm1 = varParm1: null

03-03-2025T12:59:27 - [TEST_STEP][PASSED] - println(parm1): null

03-03-2025T12:59:27 - [TEST_STEP][PASSED] - println("Converting " + testObject + " to web element"): null

03-03-2025T12:59:27 - [TEST_STEP][PASSED] - element = findWebElement(findTestObject(testObject), 1): null

03-03-2025T12:59:27 - [TEST_STEP][PASSED] - loc = element.getLocation(): null

03-03-2025T12:59:27 - [TEST_STEP][PASSED] - y = loc.getY(): null

03-03-2025T12:59:27 - [TEST_STEP][PASSED] - println("Y location is " + y): null

03-03-2025T12:59:27 - [TEST_STEP][PASSED] - top = getViewportTopPosition(): Current viewport's top (y) position is 0

03-03-2025T12:59:27 - [MESSAGE][PASSED] - Current viewport's top (y) position is 0

03-03-2025T12:59:27 - [TEST_STEP][PASSED] - println("Viewport top is " + top): null

03-03-2025T12:59:27 - [TEST_STEP][PASSED] - bottom = top + 600: null

03-03-2025T12:59:27 - [TEST_STEP][PASSED] - if (y - top < 150 || bottom - y < 10): null

03-03-2025T12:59:27 - [TEST_STEP][PASSED] - if (action == "click"): null

03-03-2025T12:59:27 - [TEST_STEP][PASSED] - else if (action == "selectOptionByValue"): null

03-03-2025T12:59:27 - [TEST_STEP][PASSED] - else if (action == "setText"): null

03-03-2025T12:59:27 - [TEST_STEP][PASSED] - else if (action == "setEncryptedText"): Text ****** has been set on object 'Object Repository/Journey Partner Profile/Register/input_Password'

03-03-2025T12:59:27 - [TEST_STEP][PASSED] - println("Setting encrypted text " + parm1): null

03-03-2025T12:59:27 - [TEST_STEP][PASSED] - setEncryptedText(findTestObject(testObject), parm1): Text ****** has been set on object 'Object Repository/Journey Partner Profile/Register/input_Password'

03-03-2025T12:59:27 - [MESSAGE][PASSED] - Text ****** has been set on object 'Object Repository/Journey Partner Profile/Register/input_Password'

03-03-2025T12:59:27 - [MESSAGE][PASSED] - Call Test Case 'Test Cases/_Functions/Perform Action' successfully

03-03-2025T12:59:27 - [TEST_STEP][PASSED] - object = "Object Repository/Journey Partner Profile/Register/input_Organization": null

03-03-2025T12:59:27 - [TEST_STEP][PASSED] - callTestCase(findTestCase("_Functions/Perform Action"), ["varAction":"setText", "varObject":object, "varParm1":organization], STOP_ON_FAILURE): Call Test Case 'Test Cases/_Functions/Perform Action' successfully

03-03-2025T12:59:27 - [TEST_CASE][PASSED] - Test Cases/_Functions/Perform Action: Test Cases/_Functions/Perform Action

03-03-2025T12:59:27 - [TEST_STEP][PASSED] - action = varAction: null

03-03-2025T12:59:27 - [TEST_STEP][PASSED] - println(action): null

03-03-2025T12:59:27 - [TEST_STEP][PASSED] - testObject = varObject: null

03-03-2025T12:59:27 - [TEST_STEP][PASSED] - println(testObject): null

03-03-2025T12:59:27 - [TEST_STEP][PASSED] - parm1 = varParm1: null

03-03-2025T12:59:27 - [TEST_STEP][PASSED] - println(parm1): null

03-03-2025T12:59:27 - [TEST_STEP][PASSED] - println("Converting " + testObject + " to web element"): null

03-03-2025T12:59:27 - [TEST_STEP][PASSED] - element = findWebElement(findTestObject(testObject), 1): null

03-03-2025T12:59:27 - [TEST_STEP][PASSED] - loc = element.getLocation(): null

03-03-2025T12:59:27 - [TEST_STEP][PASSED] - y = loc.getY(): null

03-03-2025T12:59:27 - [TEST_STEP][PASSED] - println("Y location is " + y): null

03-03-2025T12:59:27 - [TEST_STEP][PASSED] - top = getViewportTopPosition(): Current viewport's top (y) position is 0

03-03-2025T12:59:27 - [MESSAGE][PASSED] - Current viewport's top (y) position is 0

03-03-2025T12:59:27 - [TEST_STEP][PASSED] - println("Viewport top is " + top): null

03-03-2025T12:59:27 - [TEST_STEP][PASSED] - bottom = top + 600: null

03-03-2025T12:59:27 - [TEST_STEP][PASSED] - if (y - top < 150 || bottom - y < 10): null

03-03-2025T12:59:27 - [TEST_STEP][PASSED] - if (action == "click"): null

03-03-2025T12:59:27 - [TEST_STEP][PASSED] - else if (action == "selectOptionByValue"): null

03-03-2025T12:59:27 - [TEST_STEP][PASSED] - else if (action == "setText"): Text 'The CCK TEST Journey Partner' is set on object 'Object Repository/Journey Partner Profile/Register/input_Organization'

03-03-2025T12:59:27 - [TEST_STEP][PASSED] - println("Setting text " + parm1): null

03-03-2025T12:59:27 - [TEST_STEP][PASSED] - setText(findTestObject(testObject), parm1): Text 'The CCK TEST Journey Partner' is set on object 'Object Repository/Journey Partner Profile/Register/input_Organization'

03-03-2025T12:59:27 - [MESSAGE][PASSED] - Text 'The CCK TEST Journey Partner' is set on object 'Object Repository/Journey Partner Profile/Register/input_Organization'

03-03-2025T12:59:27 - [MESSAGE][PASSED] - Call Test Case 'Test Cases/_Functions/Perform Action' successfully

03-03-2025T12:59:27 - [TEST_STEP][PASSED] - object = "Journey Partner Profile/Register/input_Abbreviation": null

03-03-2025T12:59:27 - [TEST_STEP][PASSED] - callTestCase(findTestCase("_Functions/Perform Action"), ["varAction":"setText", "varObject":object, "varParm1":abbreviation], STOP_ON_FAILURE): Call Test Case 'Test Cases/_Functions/Perform Action' successfully

03-03-2025T12:59:27 - [TEST_CASE][PASSED] - Test Cases/_Functions/Perform Action: Test Cases/_Functions/Perform Action

03-03-2025T12:59:27 - [TEST_STEP][PASSED] - action = varAction: null

03-03-2025T12:59:27 - [TEST_STEP][PASSED] - println(action): null

03-03-2025T12:59:27 - [TEST_STEP][PASSED] - testObject = varObject: null

03-03-2025T12:59:27 - [TEST_STEP][PASSED] - println(testObject): null

03-03-2025T12:59:27 - [TEST_STEP][PASSED] - parm1 = varParm1: null

03-03-2025T12:59:27 - [TEST_STEP][PASSED] - println(parm1): null

03-03-2025T12:59:27 - [TEST_STEP][PASSED] - println("Converting " + testObject + " to web element"): null

03-03-2025T12:59:27 - [TEST_STEP][PASSED] - element = findWebElement(findTestObject(testObject), 1): null

03-03-2025T12:59:27 - [TEST_STEP][PASSED] - loc = element.getLocation(): null

03-03-2025T12:59:27 - [TEST_STEP][PASSED] - y = loc.getY(): null

03-03-2025T12:59:27 - [TEST_STEP][PASSED] - println("Y location is " + y): null

03-03-2025T12:59:27 - [TEST_STEP][PASSED] - top = getViewportTopPosition(): Current viewport's top (y) position is 0

03-03-2025T12:59:27 - [MESSAGE][PASSED] - Current viewport's top (y) position is 0

03-03-2025T12:59:27 - [TEST_STEP][PASSED] - println("Viewport top is " + top): null

03-03-2025T12:59:27 - [TEST_STEP][PASSED] - bottom = top + 600: null

03-03-2025T12:59:27 - [TEST_STEP][PASSED] - if (y - top < 150 || bottom - y < 10): null

03-03-2025T12:59:27 - [TEST_STEP][PASSED] - if (action == "click"): null

03-03-2025T12:59:27 - [TEST_STEP][PASSED] - else if (action == "selectOptionByValue"): null

03-03-2025T12:59:27 - [TEST_STEP][PASSED] - else if (action == "setText"): Text 'CCK JP' is set on object 'Object Repository/Journey Partner Profile/Register/input_Abbreviation'

03-03-2025T12:59:27 - [TEST_STEP][PASSED] - println("Setting text " + parm1): null

03-03-2025T12:59:27 - [TEST_STEP][PASSED] - setText(findTestObject(testObject), parm1): Text 'CCK JP' is set on object 'Object Repository/Journey Partner Profile/Register/input_Abbreviation'

03-03-2025T12:59:27 - [MESSAGE][PASSED] - Text 'CCK JP' is set on object 'Object Repository/Journey Partner Profile/Register/input_Abbreviation'

03-03-2025T12:59:27 - [MESSAGE][PASSED] - Call Test Case 'Test Cases/_Functions/Perform Action' successfully

03-03-2025T12:59:27 - [TEST_STEP][PASSED] - object = "Journey Partner Profile/Register/input_Key Contact Title": null

03-03-2025T12:59:27 - [TEST_STEP][PASSED] - callTestCase(findTestCase("_Functions/Perform Action"), ["varAction":"setText", "varObject":object, "varParm1":title], STOP_ON_FAILURE): Call Test Case 'Test Cases/_Functions/Perform Action' successfully

03-03-2025T12:59:27 - [TEST_CASE][PASSED] - Test Cases/_Functions/Perform Action: Test Cases/_Functions/Perform Action

03-03-2025T12:59:27 - [TEST_STEP][PASSED] - action = varAction: null

03-03-2025T12:59:27 - [TEST_STEP][PASSED] - println(action): null

03-03-2025T12:59:27 - [TEST_STEP][PASSED] - testObject = varObject: null

03-03-2025T12:59:27 - [TEST_STEP][PASSED] - println(testObject): null

03-03-2025T12:59:27 - [TEST_STEP][PASSED] - parm1 = varParm1: null

03-03-2025T12:59:27 - [TEST_STEP][PASSED] - println(parm1): null

03-03-2025T12:59:27 - [TEST_STEP][PASSED] - println("Converting " + testObject + " to web element"): null

03-03-2025T12:59:27 - [TEST_STEP][PASSED] - element = findWebElement(findTestObject(testObject), 1): null

03-03-2025T12:59:27 - [TEST_STEP][PASSED] - loc = element.getLocation(): null

03-03-2025T12:59:27 - [TEST_STEP][PASSED] - y = loc.getY(): null

03-03-2025T12:59:27 - [TEST_STEP][PASSED] - println("Y location is " + y): null

03-03-2025T12:59:27 - [TEST_STEP][PASSED] - top = getViewportTopPosition(): Current viewport's top (y) position is 0

03-03-2025T12:59:27 - [MESSAGE][PASSED] - Current viewport's top (y) position is 0

03-03-2025T12:59:27 - [TEST_STEP][PASSED] - println("Viewport top is " + top): null

03-03-2025T12:59:27 - [TEST_STEP][PASSED] - bottom = top + 600: null

03-03-2025T12:59:27 - [TEST_STEP][PASSED] - if (y - top < 150 || bottom - y < 10): Delayed 1 second(s)

03-03-2025T12:59:27 - [TEST_STEP][PASSED] - scrollToPosition(0, y - 150): Browser is scrolled to position x = 0, y = 464

03-03-2025T12:59:27 - [MESSAGE][PASSED] - Browser is scrolled to position x = 0, y = 464

03-03-2025T12:59:27 - [TEST_STEP][PASSED] - delay(1): Delayed 1 second(s)

03-03-2025T12:59:28 - [MESSAGE][PASSED] - Delayed 1 second(s)

03-03-2025T12:59:28 - [TEST_STEP][PASSED] - if (action == "click"): null

03-03-2025T12:59:28 - [TEST_STEP][PASSED] - else if (action == "selectOptionByValue"): null

03-03-2025T12:59:28 - [TEST_STEP][PASSED] - else if (action == "setText"): Text 'CTO' is set on object 'Object Repository/Journey Partner Profile/Register/input_Key Contact Title'

03-03-2025T12:59:28 - [TEST_STEP][PASSED] - println("Setting text " + parm1): null

03-03-2025T12:59:28 - [TEST_STEP][PASSED] - setText(findTestObject(testObject), parm1): Text 'CTO' is set on object 'Object Repository/Journey Partner Profile/Register/input_Key Contact Title'

03-03-2025T12:59:28 - [MESSAGE][PASSED] - Text 'CTO' is set on object 'Object Repository/Journey Partner Profile/Register/input_Key Contact Title'

03-03-2025T12:59:28 - [MESSAGE][PASSED] - Call Test Case 'Test Cases/_Functions/Perform Action' successfully

03-03-2025T12:59:28 - [TEST_STEP][PASSED] - object = "Journey Partner Profile/Register/input_Key Contact First Name": null

03-03-2025T12:59:28 - [TEST_STEP][PASSED] - callTestCase(findTestCase("_Functions/Perform Action"), ["varAction":"setText", "varObject":object, "varParm1":first_name], STOP_ON_FAILURE): Call Test Case 'Test Cases/_Functions/Perform Action' successfully

03-03-2025T12:59:28 - [TEST_CASE][PASSED] - Test Cases/_Functions/Perform Action: Test Cases/_Functions/Perform Action

03-03-2025T12:59:28 - [TEST_STEP][PASSED] - action = varAction: null

03-03-2025T12:59:28 - [TEST_STEP][PASSED] - println(action): null

03-03-2025T12:59:28 - [TEST_STEP][PASSED] - testObject = varObject: null

03-03-2025T12:59:28 - [TEST_STEP][PASSED] - println(testObject): null

03-03-2025T12:59:28 - [TEST_STEP][PASSED] - parm1 = varParm1: null

03-03-2025T12:59:28 - [TEST_STEP][PASSED] - println(parm1): null

03-03-2025T12:59:28 - [TEST_STEP][PASSED] - println("Converting " + testObject + " to web element"): null

03-03-2025T12:59:28 - [TEST_STEP][PASSED] - element = findWebElement(findTestObject(testObject), 1): null

03-03-2025T12:59:28 - [TEST_STEP][PASSED] - loc = element.getLocation(): null

03-03-2025T12:59:28 - [TEST_STEP][PASSED] - y = loc.getY(): null

03-03-2025T12:59:28 - [TEST_STEP][PASSED] - println("Y location is " + y): null

03-03-2025T12:59:28 - [TEST_STEP][PASSED] - top = getViewportTopPosition(): Current viewport's top (y) position is 464

03-03-2025T12:59:28 - [MESSAGE][PASSED] - Current viewport's top (y) position is 464

03-03-2025T12:59:28 - [TEST_STEP][PASSED] - println("Viewport top is " + top): null

03-03-2025T12:59:28 - [TEST_STEP][PASSED] - bottom = top + 600: null

03-03-2025T12:59:28 - [TEST_STEP][PASSED] - if (y - top < 150 || bottom - y < 10): null

03-03-2025T12:59:28 - [TEST_STEP][PASSED] - if (action == "click"): null

03-03-2025T12:59:28 - [TEST_STEP][PASSED] - else if (action == "selectOptionByValue"): null

03-03-2025T12:59:28 - [TEST_STEP][PASSED] - else if (action == "setText"): Text 'cktest07jp TEST' is set on object 'Object Repository/Journey Partner Profile/Register/input_Key Contact First Name'

03-03-2025T12:59:28 - [TEST_STEP][PASSED] - println("Setting text " + parm1): null

03-03-2025T12:59:28 - [TEST_STEP][PASSED] - setText(findTestObject(testObject), parm1): Text 'cktest07jp TEST' is set on object 'Object Repository/Journey Partner Profile/Register/input_Key Contact First Name'

03-03-2025T12:59:28 - [MESSAGE][PASSED] - Text 'cktest07jp TEST' is set on object 'Object Repository/Journey Partner Profile/Register/input_Key Contact First Name'

03-03-2025T12:59:28 - [MESSAGE][PASSED] - Call Test Case 'Test Cases/_Functions/Perform Action' successfully

03-03-2025T12:59:28 - [TEST_STEP][PASSED] - object = "Journey Partner Profile/Register/input_Key Contact Last Name": null

03-03-2025T12:59:28 - [TEST_STEP][PASSED] - callTestCase(findTestCase("_Functions/Perform Action"), ["varAction":"setText", "varObject":object, "varParm1":last_name], STOP_ON_FAILURE): Call Test Case 'Test Cases/_Functions/Perform Action' successfully

03-03-2025T12:59:28 - [TEST_CASE][PASSED] - Test Cases/_Functions/Perform Action: Test Cases/_Functions/Perform Action

03-03-2025T12:59:28 - [TEST_STEP][PASSED] - action = varAction: null

03-03-2025T12:59:28 - [TEST_STEP][PASSED] - println(action): null

03-03-2025T12:59:28 - [TEST_STEP][PASSED] - testObject = varObject: null

03-03-2025T12:59:28 - [TEST_STEP][PASSED] - println(testObject): null

03-03-2025T12:59:28 - [TEST_STEP][PASSED] - parm1 = varParm1: null

03-03-2025T12:59:28 - [TEST_STEP][PASSED] - println(parm1): null

03-03-2025T12:59:28 - [TEST_STEP][PASSED] - println("Converting " + testObject + " to web element"): null

03-03-2025T12:59:28 - [TEST_STEP][PASSED] - element = findWebElement(findTestObject(testObject), 1): null

03-03-2025T12:59:28 - [TEST_STEP][PASSED] - loc = element.getLocation(): null

03-03-2025T12:59:28 - [TEST_STEP][PASSED] - y = loc.getY(): null

03-03-2025T12:59:28 - [TEST_STEP][PASSED] - println("Y location is " + y): null

03-03-2025T12:59:28 - [TEST_STEP][PASSED] - top = getViewportTopPosition(): Current viewport's top (y) position is 464

03-03-2025T12:59:28 - [MESSAGE][PASSED] - Current viewport's top (y) position is 464

03-03-2025T12:59:28 - [TEST_STEP][PASSED] - println("Viewport top is " + top): null

03-03-2025T12:59:28 - [TEST_STEP][PASSED] - bottom = top + 600: null

03-03-2025T12:59:28 - [TEST_STEP][PASSED] - if (y - top < 150 || bottom - y < 10): null

03-03-2025T12:59:28 - [TEST_STEP][PASSED] - if (action == "click"): null

03-03-2025T12:59:28 - [TEST_STEP][PASSED] - else if (action == "selectOptionByValue"): null

03-03-2025T12:59:28 - [TEST_STEP][PASSED] - else if (action == "setText"): Text 'Kosieracki' is set on object 'Object Repository/Journey Partner Profile/Register/input_Key Contact Last Name'

03-03-2025T12:59:28 - [TEST_STEP][PASSED] - println("Setting text " + parm1): null

03-03-2025T12:59:28 - [TEST_STEP][PASSED] - setText(findTestObject(testObject), parm1): Text 'Kosieracki' is set on object 'Object Repository/Journey Partner Profile/Register/input_Key Contact Last Name'

03-03-2025T12:59:28 - [MESSAGE][PASSED] - Text 'Kosieracki' is set on object 'Object Repository/Journey Partner Profile/Register/input_Key Contact Last Name'

03-03-2025T12:59:28 - [MESSAGE][PASSED] - Call Test Case 'Test Cases/_Functions/Perform Action' successfully

03-03-2025T12:59:28 - [TEST_STEP][PASSED] - object = "Journey Partner Profile/Register/input_Key Contact Email": null

03-03-2025T12:59:28 - [TEST_STEP][PASSED] - callTestCase(findTestCase("_Functions/Perform Action"), ["varAction":"setText", "varObject":object, "varParm1":email], STOP_ON_FAILURE): Call Test Case 'Test Cases/_Functions/Perform Action' successfully

03-03-2025T12:59:28 - [TEST_CASE][PASSED] - Test Cases/_Functions/Perform Action: Test Cases/_Functions/Perform Action

03-03-2025T12:59:28 - [TEST_STEP][PASSED] - action = varAction: null

03-03-2025T12:59:28 - [TEST_STEP][PASSED] - println(action): null

03-03-2025T12:59:28 - [TEST_STEP][PASSED] - testObject = varObject: null

03-03-2025T12:59:28 - [TEST_STEP][PASSED] - println(testObject): null

03-03-2025T12:59:28 - [TEST_STEP][PASSED] - parm1 = varParm1: null

03-03-2025T12:59:28 - [TEST_STEP][PASSED] - println(parm1): null

03-03-2025T12:59:28 - [TEST_STEP][PASSED] - println("Converting " + testObject + " to web element"): null

03-03-2025T12:59:28 - [TEST_STEP][PASSED] - element = findWebElement(findTestObject(testObject), 1): null

03-03-2025T12:59:28 - [TEST_STEP][PASSED] - loc = element.getLocation(): null

03-03-2025T12:59:28 - [TEST_STEP][PASSED] - y = loc.getY(): null

03-03-2025T12:59:28 - [TEST_STEP][PASSED] - println("Y location is " + y): null

03-03-2025T12:59:28 - [TEST_STEP][PASSED] - top = getViewportTopPosition(): Current viewport's top (y) position is 464

03-03-2025T12:59:28 - [MESSAGE][PASSED] - Current viewport's top (y) position is 464

03-03-2025T12:59:28 - [TEST_STEP][PASSED] - println("Viewport top is " + top): null

03-03-2025T12:59:28 - [TEST_STEP][PASSED] - bottom = top + 600: null

03-03-2025T12:59:28 - [TEST_STEP][PASSED] - if (y - top < 150 || bottom - y < 10): null

03-03-2025T12:59:28 - [TEST_STEP][PASSED] - if (action == "click"): null

03-03-2025T12:59:28 - [TEST_STEP][PASSED] - else if (action == "selectOptionByValue"): null

03-03-2025T12:59:28 - [TEST_STEP][PASSED] - else if (action == "setText"): Text 'cktest07@missionnext.org' is set on object 'Object Repository/Journey Partner Profile/Register/input_Key Contact Email'

03-03-2025T12:59:28 - [TEST_STEP][PASSED] - println("Setting text " + parm1): null

03-03-2025T12:59:28 - [TEST_STEP][PASSED] - setText(findTestObject(testObject), parm1): Text 'cktest07@missionnext.org' is set on object 'Object Repository/Journey Partner Profile/Register/input_Key Contact Email'

03-03-2025T12:59:28 - [MESSAGE][PASSED] - Text 'cktest07@missionnext.org' is set on object 'Object Repository/Journey Partner Profile/Register/input_Key Contact Email'

03-03-2025T12:59:28 - [MESSAGE][PASSED] - Call Test Case 'Test Cases/_Functions/Perform Action' successfully

03-03-2025T12:59:28 - [TEST_STEP][PASSED] - object = "Journey Partner Profile/Register/input_Key Contact Phone": null

03-03-2025T12:59:28 - [TEST_STEP][PASSED] - callTestCase(findTestCase("_Functions/Perform Action"), ["varAction":"setText", "varObject":object, "varParm1":phone_number], STOP_ON_FAILURE): Call Test Case 'Test Cases/_Functions/Perform Action' successfully

03-03-2025T12:59:28 - [TEST_CASE][PASSED] - Test Cases/_Functions/Perform Action: Test Cases/_Functions/Perform Action

03-03-2025T12:59:28 - [TEST_STEP][PASSED] - action = varAction: null

03-03-2025T12:59:28 - [TEST_STEP][PASSED] - println(action): null

03-03-2025T12:59:28 - [TEST_STEP][PASSED] - testObject = varObject: null

03-03-2025T12:59:28 - [TEST_STEP][PASSED] - println(testObject): null

03-03-2025T12:59:28 - [TEST_STEP][PASSED] - parm1 = varParm1: null

03-03-2025T12:59:28 - [TEST_STEP][PASSED] - println(parm1): null

03-03-2025T12:59:28 - [TEST_STEP][PASSED] - println("Converting " + testObject + " to web element"): null

03-03-2025T12:59:28 - [TEST_STEP][PASSED] - element = findWebElement(findTestObject(testObject), 1): null

03-03-2025T12:59:29 - [TEST_STEP][PASSED] - loc = element.getLocation(): null

03-03-2025T12:59:29 - [TEST_STEP][PASSED] - y = loc.getY(): null

03-03-2025T12:59:29 - [TEST_STEP][PASSED] - println("Y location is " + y): null

03-03-2025T12:59:29 - [TEST_STEP][PASSED] - top = getViewportTopPosition(): Current viewport's top (y) position is 464

03-03-2025T12:59:29 - [MESSAGE][PASSED] - Current viewport's top (y) position is 464

03-03-2025T12:59:29 - [TEST_STEP][PASSED] - println("Viewport top is " + top): null

03-03-2025T12:59:29 - [TEST_STEP][PASSED] - bottom = top + 600: null

03-03-2025T12:59:29 - [TEST_STEP][PASSED] - if (y - top < 150 || bottom - y < 10): null

03-03-2025T12:59:29 - [TEST_STEP][PASSED] - if (action == "click"): null

03-03-2025T12:59:29 - [TEST_STEP][PASSED] - else if (action == "selectOptionByValue"): null

03-03-2025T12:59:29 - [TEST_STEP][PASSED] - else if (action == "setText"): Text '952-442-1703' is set on object 'Object Repository/Journey Partner Profile/Register/input_Key Contact Phone'

03-03-2025T12:59:29 - [TEST_STEP][PASSED] - println("Setting text " + parm1): null

03-03-2025T12:59:29 - [TEST_STEP][PASSED] - setText(findTestObject(testObject), parm1): Text '952-442-1703' is set on object 'Object Repository/Journey Partner Profile/Register/input_Key Contact Phone'

03-03-2025T12:59:29 - [MESSAGE][PASSED] - Text '952-442-1703' is set on object 'Object Repository/Journey Partner Profile/Register/input_Key Contact Phone'

03-03-2025T12:59:29 - [MESSAGE][PASSED] - Call Test Case 'Test Cases/_Functions/Perform Action' successfully

03-03-2025T12:59:29 - [TEST_STEP][PASSED] - object = "Journey Partner Profile/Register/select_Tier Level": null

03-03-2025T12:59:29 - [TEST_STEP][PASSED] - callTestCase(findTestCase("_Functions/Perform Action"), ["varAction":"selectOptionByValue", "varObject":object, "varParm1":tier], STOP_ON_FAILURE): Call Test Case 'Test Cases/_Functions/Perform Action' successfully

03-03-2025T12:59:29 - [TEST_CASE][PASSED] - Test Cases/_Functions/Perform Action: Test Cases/_Functions/Perform Action

03-03-2025T12:59:29 - [TEST_STEP][PASSED] - action = varAction: null

03-03-2025T12:59:29 - [TEST_STEP][PASSED] - println(action): null

03-03-2025T12:59:29 - [TEST_STEP][PASSED] - testObject = varObject: null

03-03-2025T12:59:29 - [TEST_STEP][PASSED] - println(testObject): null

03-03-2025T12:59:29 - [TEST_STEP][PASSED] - parm1 = varParm1: null

03-03-2025T12:59:29 - [TEST_STEP][PASSED] - println(parm1): null

03-03-2025T12:59:29 - [TEST_STEP][PASSED] - println("Converting " + testObject + " to web element"): null

03-03-2025T12:59:29 - [TEST_STEP][PASSED] - element = findWebElement(findTestObject(testObject), 1): null

03-03-2025T12:59:29 - [TEST_STEP][PASSED] - loc = element.getLocation(): null

03-03-2025T12:59:29 - [TEST_STEP][PASSED] - y = loc.getY(): null

03-03-2025T12:59:29 - [TEST_STEP][PASSED] - println("Y location is " + y): null

03-03-2025T12:59:29 - [TEST_STEP][PASSED] - top = getViewportTopPosition(): Current viewport's top (y) position is 464

03-03-2025T12:59:29 - [MESSAGE][PASSED] - Current viewport's top (y) position is 464

03-03-2025T12:59:29 - [TEST_STEP][PASSED] - println("Viewport top is " + top): null

03-03-2025T12:59:29 - [TEST_STEP][PASSED] - bottom = top + 600: null

03-03-2025T12:59:29 - [TEST_STEP][PASSED] - if (y - top < 150 || bottom - y < 10): null

03-03-2025T12:59:29 - [TEST_STEP][PASSED] - if (action == "click"): null

03-03-2025T12:59:29 - [TEST_STEP][PASSED] - else if (action == "selectOptionByValue"): All options with value 'Tier 2: $500K to $3M' are selected in object 'Object Repository/Journey Partner Profile/Register/select_Tier Level' 

03-03-2025T12:59:29 - [TEST_STEP][PASSED] - println("Selecting " + parm1): null

03-03-2025T12:59:29 - [TEST_STEP][PASSED] - selectOptionByValue(findTestObject(testObject), parm1, false): All options with value 'Tier 2: $500K to $3M' are selected in object 'Object Repository/Journey Partner Profile/Register/select_Tier Level' 

03-03-2025T12:59:29 - [MESSAGE][PASSED] - All options with value 'Tier 2: $500K to $3M' are selected in object 'Object Repository/Journey Partner Profile/Register/select_Tier Level' 

03-03-2025T12:59:29 - [MESSAGE][PASSED] - Call Test Case 'Test Cases/_Functions/Perform Action' successfully

03-03-2025T12:59:29 - [TEST_STEP][PASSED] - object = "Journey Partner Profile/Register/textarea_Mailing Address": null

03-03-2025T12:59:29 - [TEST_STEP][PASSED] - callTestCase(findTestCase("_Functions/Perform Action"), ["varAction":"setText", "varObject":object, "varParm1":address], STOP_ON_FAILURE): Call Test Case 'Test Cases/_Functions/Perform Action' successfully

03-03-2025T12:59:29 - [TEST_CASE][PASSED] - Test Cases/_Functions/Perform Action: Test Cases/_Functions/Perform Action

03-03-2025T12:59:29 - [TEST_STEP][PASSED] - action = varAction: null

03-03-2025T12:59:29 - [TEST_STEP][PASSED] - println(action): null

03-03-2025T12:59:29 - [TEST_STEP][PASSED] - testObject = varObject: null

03-03-2025T12:59:29 - [TEST_STEP][PASSED] - println(testObject): null

03-03-2025T12:59:29 - [TEST_STEP][PASSED] - parm1 = varParm1: null

03-03-2025T12:59:29 - [TEST_STEP][PASSED] - println(parm1): null

03-03-2025T12:59:29 - [TEST_STEP][PASSED] - println("Converting " + testObject + " to web element"): null

03-03-2025T12:59:29 - [TEST_STEP][PASSED] - element = findWebElement(findTestObject(testObject), 1): null

03-03-2025T12:59:29 - [TEST_STEP][PASSED] - loc = element.getLocation(): null

03-03-2025T12:59:29 - [TEST_STEP][PASSED] - y = loc.getY(): null

03-03-2025T12:59:29 - [TEST_STEP][PASSED] - println("Y location is " + y): null

03-03-2025T12:59:29 - [TEST_STEP][PASSED] - top = getViewportTopPosition(): Current viewport's top (y) position is 464

03-03-2025T12:59:29 - [MESSAGE][PASSED] - Current viewport's top (y) position is 464

03-03-2025T12:59:29 - [TEST_STEP][PASSED] - println("Viewport top is " + top): null

03-03-2025T12:59:29 - [TEST_STEP][PASSED] - bottom = top + 600: null

03-03-2025T12:59:29 - [TEST_STEP][PASSED] - if (y - top < 150 || bottom - y < 10): Delayed 1 second(s)

03-03-2025T12:59:29 - [TEST_STEP][PASSED] - scrollToPosition(0, y - 150): Browser is scrolled to position x = 0, y = 975

03-03-2025T12:59:29 - [MESSAGE][PASSED] - Browser is scrolled to position x = 0, y = 975

03-03-2025T12:59:29 - [TEST_STEP][PASSED] - delay(1): Delayed 1 second(s)

03-03-2025T12:59:30 - [MESSAGE][PASSED] - Delayed 1 second(s)

03-03-2025T12:59:30 - [TEST_STEP][PASSED] - if (action == "click"): null

03-03-2025T12:59:30 - [TEST_STEP][PASSED] - else if (action == "selectOptionByValue"): null

03-03-2025T12:59:30 - [TEST_STEP][PASSED] - else if (action == "setText"): Text '1250 Waconia Pkwy N' is set on object 'Object Repository/Journey Partner Profile/Register/textarea_Mailing Address'

03-03-2025T12:59:30 - [TEST_STEP][PASSED] - println("Setting text " + parm1): null

03-03-2025T12:59:30 - [TEST_STEP][PASSED] - setText(findTestObject(testObject), parm1): Text '1250 Waconia Pkwy N' is set on object 'Object Repository/Journey Partner Profile/Register/textarea_Mailing Address'

03-03-2025T12:59:30 - [MESSAGE][PASSED] - Text '1250 Waconia Pkwy N' is set on object 'Object Repository/Journey Partner Profile/Register/textarea_Mailing Address'

03-03-2025T12:59:30 - [MESSAGE][PASSED] - Call Test Case 'Test Cases/_Functions/Perform Action' successfully

03-03-2025T12:59:30 - [TEST_STEP][PASSED] - object = "Journey Partner Profile/Register/input_City": null

03-03-2025T12:59:30 - [TEST_STEP][PASSED] - callTestCase(findTestCase("_Functions/Perform Action"), ["varAction":"setText", "varObject":object, "varParm1":city], STOP_ON_FAILURE): Call Test Case 'Test Cases/_Functions/Perform Action' successfully

03-03-2025T12:59:30 - [TEST_CASE][PASSED] - Test Cases/_Functions/Perform Action: Test Cases/_Functions/Perform Action

03-03-2025T12:59:30 - [TEST_STEP][PASSED] - action = varAction: null

03-03-2025T12:59:30 - [TEST_STEP][PASSED] - println(action): null

03-03-2025T12:59:30 - [TEST_STEP][PASSED] - testObject = varObject: null

03-03-2025T12:59:30 - [TEST_STEP][PASSED] - println(testObject): null

03-03-2025T12:59:30 - [TEST_STEP][PASSED] - parm1 = varParm1: null

03-03-2025T12:59:30 - [TEST_STEP][PASSED] - println(parm1): null

03-03-2025T12:59:30 - [TEST_STEP][PASSED] - println("Converting " + testObject + " to web element"): null

03-03-2025T12:59:30 - [TEST_STEP][PASSED] - element = findWebElement(findTestObject(testObject), 1): null

03-03-2025T12:59:30 - [TEST_STEP][PASSED] - loc = element.getLocation(): null

03-03-2025T12:59:30 - [TEST_STEP][PASSED] - y = loc.getY(): null

03-03-2025T12:59:30 - [TEST_STEP][PASSED] - println("Y location is " + y): null

03-03-2025T12:59:30 - [TEST_STEP][PASSED] - top = getViewportTopPosition(): Current viewport's top (y) position is 975

03-03-2025T12:59:30 - [MESSAGE][PASSED] - Current viewport's top (y) position is 975

03-03-2025T12:59:30 - [TEST_STEP][PASSED] - println("Viewport top is " + top): null

03-03-2025T12:59:30 - [TEST_STEP][PASSED] - bottom = top + 600: null

03-03-2025T12:59:30 - [TEST_STEP][PASSED] - if (y - top < 150 || bottom - y < 10): null

03-03-2025T12:59:30 - [TEST_STEP][PASSED] - if (action == "click"): null

03-03-2025T12:59:30 - [TEST_STEP][PASSED] - else if (action == "selectOptionByValue"): null

03-03-2025T12:59:30 - [TEST_STEP][PASSED] - else if (action == "setText"): Text 'Waconia' is set on object 'Object Repository/Journey Partner Profile/Register/input_City'

03-03-2025T12:59:30 - [TEST_STEP][PASSED] - println("Setting text " + parm1): null

03-03-2025T12:59:30 - [TEST_STEP][PASSED] - setText(findTestObject(testObject), parm1): Text 'Waconia' is set on object 'Object Repository/Journey Partner Profile/Register/input_City'

03-03-2025T12:59:30 - [MESSAGE][PASSED] - Text 'Waconia' is set on object 'Object Repository/Journey Partner Profile/Register/input_City'

03-03-2025T12:59:30 - [MESSAGE][PASSED] - Call Test Case 'Test Cases/_Functions/Perform Action' successfully

03-03-2025T12:59:30 - [TEST_STEP][PASSED] - object = "Journey Partner Profile/Register/select_State": null

03-03-2025T12:59:30 - [TEST_STEP][PASSED] - callTestCase(findTestCase("_Functions/Perform Action"), ["varAction":"selectOptionByValue", "varObject":object, "varParm1":state], STOP_ON_FAILURE): Call Test Case 'Test Cases/_Functions/Perform Action' successfully

03-03-2025T12:59:30 - [TEST_CASE][PASSED] - Test Cases/_Functions/Perform Action: Test Cases/_Functions/Perform Action

03-03-2025T12:59:30 - [TEST_STEP][PASSED] - action = varAction: null

03-03-2025T12:59:30 - [TEST_STEP][PASSED] - println(action): null

03-03-2025T12:59:30 - [TEST_STEP][PASSED] - testObject = varObject: null

03-03-2025T12:59:30 - [TEST_STEP][PASSED] - println(testObject): null

03-03-2025T12:59:30 - [TEST_STEP][PASSED] - parm1 = varParm1: null

03-03-2025T12:59:30 - [TEST_STEP][PASSED] - println(parm1): null

03-03-2025T12:59:30 - [TEST_STEP][PASSED] - println("Converting " + testObject + " to web element"): null

03-03-2025T12:59:30 - [TEST_STEP][PASSED] - element = findWebElement(findTestObject(testObject), 1): null

03-03-2025T12:59:30 - [TEST_STEP][PASSED] - loc = element.getLocation(): null

03-03-2025T12:59:30 - [TEST_STEP][PASSED] - y = loc.getY(): null

03-03-2025T12:59:30 - [TEST_STEP][PASSED] - println("Y location is " + y): null

03-03-2025T12:59:30 - [TEST_STEP][PASSED] - top = getViewportTopPosition(): Current viewport's top (y) position is 975

03-03-2025T12:59:30 - [MESSAGE][PASSED] - Current viewport's top (y) position is 975

03-03-2025T12:59:30 - [TEST_STEP][PASSED] - println("Viewport top is " + top): null

03-03-2025T12:59:30 - [TEST_STEP][PASSED] - bottom = top + 600: null

03-03-2025T12:59:30 - [TEST_STEP][PASSED] - if (y - top < 150 || bottom - y < 10): null

03-03-2025T12:59:30 - [TEST_STEP][PASSED] - if (action == "click"): null

03-03-2025T12:59:30 - [TEST_STEP][PASSED] - else if (action == "selectOptionByValue"): All options with value 'Minnesota' are selected in object 'Object Repository/Journey Partner Profile/Register/select_State' 

03-03-2025T12:59:30 - [TEST_STEP][PASSED] - println("Selecting " + parm1): null

03-03-2025T12:59:30 - [TEST_STEP][PASSED] - selectOptionByValue(findTestObject(testObject), parm1, false): All options with value 'Minnesota' are selected in object 'Object Repository/Journey Partner Profile/Register/select_State' 

03-03-2025T12:59:30 - [MESSAGE][PASSED] - All options with value 'Minnesota' are selected in object 'Object Repository/Journey Partner Profile/Register/select_State' 

03-03-2025T12:59:30 - [MESSAGE][PASSED] - Call Test Case 'Test Cases/_Functions/Perform Action' successfully

03-03-2025T12:59:30 - [TEST_STEP][PASSED] - object = "Journey Partner Profile/Register/input_PostZip Code": null

03-03-2025T12:59:30 - [TEST_STEP][PASSED] - callTestCase(findTestCase("_Functions/Perform Action"), ["varAction":"setText", "varObject":object, "varParm1":zip], STOP_ON_FAILURE): Call Test Case 'Test Cases/_Functions/Perform Action' successfully

03-03-2025T12:59:30 - [TEST_CASE][PASSED] - Test Cases/_Functions/Perform Action: Test Cases/_Functions/Perform Action

03-03-2025T12:59:30 - [TEST_STEP][PASSED] - action = varAction: null

03-03-2025T12:59:30 - [TEST_STEP][PASSED] - println(action): null

03-03-2025T12:59:30 - [TEST_STEP][PASSED] - testObject = varObject: null

03-03-2025T12:59:30 - [TEST_STEP][PASSED] - println(testObject): null

03-03-2025T12:59:30 - [TEST_STEP][PASSED] - parm1 = varParm1: null

03-03-2025T12:59:30 - [TEST_STEP][PASSED] - println(parm1): null

03-03-2025T12:59:30 - [TEST_STEP][PASSED] - println("Converting " + testObject + " to web element"): null

03-03-2025T12:59:30 - [TEST_STEP][PASSED] - element = findWebElement(findTestObject(testObject), 1): null

03-03-2025T12:59:30 - [TEST_STEP][PASSED] - loc = element.getLocation(): null

03-03-2025T12:59:30 - [TEST_STEP][PASSED] - y = loc.getY(): null

03-03-2025T12:59:30 - [TEST_STEP][PASSED] - println("Y location is " + y): null

03-03-2025T12:59:30 - [TEST_STEP][PASSED] - top = getViewportTopPosition(): Current viewport's top (y) position is 975

03-03-2025T12:59:30 - [MESSAGE][PASSED] - Current viewport's top (y) position is 975

03-03-2025T12:59:30 - [TEST_STEP][PASSED] - println("Viewport top is " + top): null

03-03-2025T12:59:30 - [TEST_STEP][PASSED] - bottom = top + 600: null

03-03-2025T12:59:30 - [TEST_STEP][PASSED] - if (y - top < 150 || bottom - y < 10): null

03-03-2025T12:59:30 - [TEST_STEP][PASSED] - if (action == "click"): null

03-03-2025T12:59:30 - [TEST_STEP][PASSED] - else if (action == "selectOptionByValue"): null

03-03-2025T12:59:30 - [TEST_STEP][PASSED] - else if (action == "setText"): Text '55387' is set on object 'Object Repository/Journey Partner Profile/Register/input_PostZip Code'

03-03-2025T12:59:30 - [TEST_STEP][PASSED] - println("Setting text " + parm1): null

03-03-2025T12:59:30 - [TEST_STEP][PASSED] - setText(findTestObject(testObject), parm1): Text '55387' is set on object 'Object Repository/Journey Partner Profile/Register/input_PostZip Code'

03-03-2025T12:59:30 - [MESSAGE][PASSED] - Text '55387' is set on object 'Object Repository/Journey Partner Profile/Register/input_PostZip Code'

03-03-2025T12:59:30 - [MESSAGE][PASSED] - Call Test Case 'Test Cases/_Functions/Perform Action' successfully

03-03-2025T12:59:30 - [TEST_STEP][PASSED] - object = "Journey Partner Profile/Register/select_Country": null

03-03-2025T12:59:30 - [TEST_STEP][PASSED] - callTestCase(findTestCase("_Functions/Perform Action"), ["varAction":"selectOptionByValue", "varObject":object, "varParm1":country], STOP_ON_FAILURE): Call Test Case 'Test Cases/_Functions/Perform Action' successfully

03-03-2025T12:59:30 - [TEST_CASE][PASSED] - Test Cases/_Functions/Perform Action: Test Cases/_Functions/Perform Action

03-03-2025T12:59:30 - [TEST_STEP][PASSED] - action = varAction: null

03-03-2025T12:59:30 - [TEST_STEP][PASSED] - println(action): null

03-03-2025T12:59:30 - [TEST_STEP][PASSED] - testObject = varObject: null

03-03-2025T12:59:30 - [TEST_STEP][PASSED] - println(testObject): null

03-03-2025T12:59:30 - [TEST_STEP][PASSED] - parm1 = varParm1: null

03-03-2025T12:59:30 - [TEST_STEP][PASSED] - println(parm1): null

03-03-2025T12:59:30 - [TEST_STEP][PASSED] - println("Converting " + testObject + " to web element"): null

03-03-2025T12:59:30 - [TEST_STEP][PASSED] - element = findWebElement(findTestObject(testObject), 1): null

03-03-2025T12:59:30 - [TEST_STEP][PASSED] - loc = element.getLocation(): null

03-03-2025T12:59:30 - [TEST_STEP][PASSED] - y = loc.getY(): null

03-03-2025T12:59:30 - [TEST_STEP][PASSED] - println("Y location is " + y): null

03-03-2025T12:59:30 - [TEST_STEP][PASSED] - top = getViewportTopPosition(): Current viewport's top (y) position is 975

03-03-2025T12:59:30 - [MESSAGE][PASSED] - Current viewport's top (y) position is 975

03-03-2025T12:59:30 - [TEST_STEP][PASSED] - println("Viewport top is " + top): null

03-03-2025T12:59:30 - [TEST_STEP][PASSED] - bottom = top + 600: null

03-03-2025T12:59:30 - [TEST_STEP][PASSED] - if (y - top < 150 || bottom - y < 10): Delayed 1 second(s)

03-03-2025T12:59:30 - [TEST_STEP][PASSED] - scrollToPosition(0, y - 150): Browser is scrolled to position x = 0, y = 917

03-03-2025T12:59:30 - [MESSAGE][PASSED] - Browser is scrolled to position x = 0, y = 917

03-03-2025T12:59:30 - [TEST_STEP][PASSED] - delay(1): Delayed 1 second(s)

03-03-2025T12:59:31 - [MESSAGE][PASSED] - Delayed 1 second(s)

03-03-2025T12:59:31 - [TEST_STEP][PASSED] - if (action == "click"): null

03-03-2025T12:59:31 - [TEST_STEP][PASSED] - else if (action == "selectOptionByValue"): All options with value 'United States' are selected in object 'Object Repository/Journey Partner Profile/Register/select_Country' 

03-03-2025T12:59:31 - [TEST_STEP][PASSED] - println("Selecting " + parm1): null

03-03-2025T12:59:31 - [TEST_STEP][PASSED] - selectOptionByValue(findTestObject(testObject), parm1, false): All options with value 'United States' are selected in object 'Object Repository/Journey Partner Profile/Register/select_Country' 

03-03-2025T12:59:31 - [MESSAGE][PASSED] - All options with value 'United States' are selected in object 'Object Repository/Journey Partner Profile/Register/select_Country' 

03-03-2025T12:59:31 - [MESSAGE][PASSED] - Call Test Case 'Test Cases/_Functions/Perform Action' successfully

03-03-2025T12:59:31 - [TEST_STEP][PASSED] - object = "Journey Partner Profile/Register/textarea_Description": null

03-03-2025T12:59:31 - [TEST_STEP][PASSED] - callTestCase(findTestCase("_Functions/Perform Action"), ["varAction":"setText", "varObject":object, "varParm1":description], STOP_ON_FAILURE): Call Test Case 'Test Cases/_Functions/Perform Action' successfully

03-03-2025T12:59:31 - [TEST_CASE][PASSED] - Test Cases/_Functions/Perform Action: Test Cases/_Functions/Perform Action

03-03-2025T12:59:31 - [TEST_STEP][PASSED] - action = varAction: null

03-03-2025T12:59:31 - [TEST_STEP][PASSED] - println(action): null

03-03-2025T12:59:31 - [TEST_STEP][PASSED] - testObject = varObject: null

03-03-2025T12:59:31 - [TEST_STEP][PASSED] - println(testObject): null

03-03-2025T12:59:31 - [TEST_STEP][PASSED] - parm1 = varParm1: null

03-03-2025T12:59:31 - [TEST_STEP][PASSED] - println(parm1): null

03-03-2025T12:59:31 - [TEST_STEP][PASSED] - println("Converting " + testObject + " to web element"): null

03-03-2025T12:59:31 - [TEST_STEP][PASSED] - element = findWebElement(findTestObject(testObject), 1): null

03-03-2025T12:59:31 - [TEST_STEP][PASSED] - loc = element.getLocation(): null

03-03-2025T12:59:31 - [TEST_STEP][PASSED] - y = loc.getY(): null

03-03-2025T12:59:31 - [TEST_STEP][PASSED] - println("Y location is " + y): null

03-03-2025T12:59:31 - [TEST_STEP][PASSED] - top = getViewportTopPosition(): Current viewport's top (y) position is 917

03-03-2025T12:59:31 - [MESSAGE][PASSED] - Current viewport's top (y) position is 917

03-03-2025T12:59:31 - [TEST_STEP][PASSED] - println("Viewport top is " + top): null

03-03-2025T12:59:31 - [TEST_STEP][PASSED] - bottom = top + 600: null

03-03-2025T12:59:31 - [TEST_STEP][PASSED] - if (y - top < 150 || bottom - y < 10): null

03-03-2025T12:59:31 - [TEST_STEP][PASSED] - if (action == "click"): null

03-03-2025T12:59:31 - [TEST_STEP][PASSED] - else if (action == "selectOptionByValue"): null

03-03-2025T12:59:31 - [TEST_STEP][PASSED] - else if (action == "setText"): Text 'A journey partner ministry' is set on object 'Object Repository/Journey Partner Profile/Register/textarea_Description'

03-03-2025T12:59:31 - [TEST_STEP][PASSED] - println("Setting text " + parm1): null

03-03-2025T12:59:31 - [TEST_STEP][PASSED] - setText(findTestObject(testObject), parm1): Text 'A journey partner ministry' is set on object 'Object Repository/Journey Partner Profile/Register/textarea_Description'

03-03-2025T12:59:31 - [MESSAGE][PASSED] - Text 'A journey partner ministry' is set on object 'Object Repository/Journey Partner Profile/Register/textarea_Description'

03-03-2025T12:59:31 - [MESSAGE][PASSED] - Call Test Case 'Test Cases/_Functions/Perform Action' successfully

03-03-2025T12:59:31 - [TEST_STEP][PASSED] - website = "https://" + domain: null

03-03-2025T12:59:31 - [TEST_STEP][PASSED] - object = "Journey Partner Profile/Register/input_Website Address": null

03-03-2025T12:59:31 - [TEST_STEP][PASSED] - callTestCase(findTestCase("_Functions/Perform Action"), ["varAction":"setText", "varObject":object, "varParm1":website], STOP_ON_FAILURE): Call Test Case 'Test Cases/_Functions/Perform Action' successfully

03-03-2025T12:59:32 - [TEST_CASE][PASSED] - Test Cases/_Functions/Perform Action: Test Cases/_Functions/Perform Action

03-03-2025T12:59:32 - [TEST_STEP][PASSED] - action = varAction: null

03-03-2025T12:59:32 - [TEST_STEP][PASSED] - println(action): null

03-03-2025T12:59:32 - [TEST_STEP][PASSED] - testObject = varObject: null

03-03-2025T12:59:32 - [TEST_STEP][PASSED] - println(testObject): null

03-03-2025T12:59:32 - [TEST_STEP][PASSED] - parm1 = varParm1: null

03-03-2025T12:59:32 - [TEST_STEP][PASSED] - println(parm1): null

03-03-2025T12:59:32 - [TEST_STEP][PASSED] - println("Converting " + testObject + " to web element"): null

03-03-2025T12:59:32 - [TEST_STEP][PASSED] - element = findWebElement(findTestObject(testObject), 1): null

03-03-2025T12:59:32 - [TEST_STEP][PASSED] - loc = element.getLocation(): null

03-03-2025T12:59:32 - [TEST_STEP][PASSED] - y = loc.getY(): null

03-03-2025T12:59:32 - [TEST_STEP][PASSED] - println("Y location is " + y): null

03-03-2025T12:59:32 - [TEST_STEP][PASSED] - top = getViewportTopPosition(): Current viewport's top (y) position is 917

03-03-2025T12:59:32 - [MESSAGE][PASSED] - Current viewport's top (y) position is 917

03-03-2025T12:59:32 - [TEST_STEP][PASSED] - println("Viewport top is " + top): null

03-03-2025T12:59:32 - [TEST_STEP][PASSED] - bottom = top + 600: null

03-03-2025T12:59:32 - [TEST_STEP][PASSED] - if (y - top < 150 || bottom - y < 10): Delayed 1 second(s)

03-03-2025T12:59:32 - [TEST_STEP][PASSED] - scrollToPosition(0, y - 150): Browser is scrolled to position x = 0, y = 1449

03-03-2025T12:59:32 - [MESSAGE][PASSED] - Browser is scrolled to position x = 0, y = 1449

03-03-2025T12:59:32 - [TEST_STEP][PASSED] - delay(1): Delayed 1 second(s)

03-03-2025T12:59:33 - [MESSAGE][PASSED] - Delayed 1 second(s)

03-03-2025T12:59:33 - [TEST_STEP][PASSED] - if (action == "click"): null

03-03-2025T12:59:33 - [TEST_STEP][PASSED] - else if (action == "selectOptionByValue"): null

03-03-2025T12:59:33 - [TEST_STEP][PASSED] - else if (action == "setText"): Text 'https://missionnext.org' is set on object 'Object Repository/Journey Partner Profile/Register/input_Website Address'

03-03-2025T12:59:33 - [TEST_STEP][PASSED] - println("Setting text " + parm1): null

03-03-2025T12:59:33 - [TEST_STEP][PASSED] - setText(findTestObject(testObject), parm1): Text 'https://missionnext.org' is set on object 'Object Repository/Journey Partner Profile/Register/input_Website Address'

03-03-2025T12:59:33 - [MESSAGE][PASSED] - Text 'https://missionnext.org' is set on object 'Object Repository/Journey Partner Profile/Register/input_Website Address'

03-03-2025T12:59:33 - [MESSAGE][PASSED] - Call Test Case 'Test Cases/_Functions/Perform Action' successfully

03-03-2025T12:59:33 - [TEST_STEP][PASSED] - orgs = affiliated_orgs: null

03-03-2025T12:59:33 - [TEST_STEP][PASSED] - for (def org : orgs): Call Test Case 'Test Cases/_Functions/Perform Action' successfully

03-03-2025T12:59:33 - [TEST_STEP][PASSED] - myObject = "Journey Partner Profile/Register/checkbox_" + org: null

03-03-2025T12:59:33 - [TEST_STEP][PASSED] - callTestCase(findTestCase("_Functions/Perform Action"), ["varAction":"click", "varObject":myObject], STOP_ON_FAILURE): Call Test Case 'Test Cases/_Functions/Perform Action' successfully

03-03-2025T12:59:33 - [TEST_CASE][PASSED] - Test Cases/_Functions/Perform Action: Test Cases/_Functions/Perform Action

03-03-2025T12:59:33 - [TEST_STEP][PASSED] - action = varAction: null

03-03-2025T12:59:33 - [TEST_STEP][PASSED] - println(action): null

03-03-2025T12:59:33 - [TEST_STEP][PASSED] - testObject = varObject: null

03-03-2025T12:59:33 - [TEST_STEP][PASSED] - println(testObject): null

03-03-2025T12:59:33 - [TEST_STEP][PASSED] - parm1 = varParm1: null

03-03-2025T12:59:33 - [TEST_STEP][PASSED] - println(parm1): null

03-03-2025T12:59:33 - [TEST_STEP][PASSED] - println("Converting " + testObject + " to web element"): null

03-03-2025T12:59:33 - [TEST_STEP][PASSED] - element = findWebElement(findTestObject(testObject), 1): null

03-03-2025T12:59:33 - [TEST_STEP][PASSED] - loc = element.getLocation(): null

03-03-2025T12:59:33 - [TEST_STEP][PASSED] - y = loc.getY(): null

03-03-2025T12:59:33 - [TEST_STEP][PASSED] - println("Y location is " + y): null

03-03-2025T12:59:33 - [TEST_STEP][PASSED] - top = getViewportTopPosition(): Current viewport's top (y) position is 1449

03-03-2025T12:59:33 - [MESSAGE][PASSED] - Current viewport's top (y) position is 1449

03-03-2025T12:59:33 - [TEST_STEP][PASSED] - println("Viewport top is " + top): null

03-03-2025T12:59:33 - [TEST_STEP][PASSED] - bottom = top + 600: null

03-03-2025T12:59:33 - [TEST_STEP][PASSED] - if (y - top < 150 || bottom - y < 10): null

03-03-2025T12:59:33 - [TEST_STEP][PASSED] - if (action == "click"): Object: 'Object Repository/Journey Partner Profile/Register/checkbox_ECFA' is clicked on

03-03-2025T12:59:33 - [TEST_STEP][PASSED] - println("clicking"): null

03-03-2025T12:59:33 - [TEST_STEP][PASSED] - click(findTestObject(testObject)): Object: 'Object Repository/Journey Partner Profile/Register/checkbox_ECFA' is clicked on

03-03-2025T12:59:33 - [MESSAGE][PASSED] - Object: 'Object Repository/Journey Partner Profile/Register/checkbox_ECFA' is clicked on

03-03-2025T12:59:33 - [MESSAGE][PASSED] - Call Test Case 'Test Cases/_Functions/Perform Action' successfully

03-03-2025T12:59:33 - [TEST_STEP][PASSED] - myObject = "Journey Partner Profile/Register/checkbox_" + org: null

03-03-2025T12:59:33 - [TEST_STEP][PASSED] - callTestCase(findTestCase("_Functions/Perform Action"), ["varAction":"click", "varObject":myObject], STOP_ON_FAILURE): Call Test Case 'Test Cases/_Functions/Perform Action' successfully

03-03-2025T12:59:33 - [TEST_CASE][PASSED] - Test Cases/_Functions/Perform Action: Test Cases/_Functions/Perform Action

03-03-2025T12:59:33 - [TEST_STEP][PASSED] - action = varAction: null

03-03-2025T12:59:33 - [TEST_STEP][PASSED] - println(action): null

03-03-2025T12:59:33 - [TEST_STEP][PASSED] - testObject = varObject: null

03-03-2025T12:59:33 - [TEST_STEP][PASSED] - println(testObject): null

03-03-2025T12:59:33 - [TEST_STEP][PASSED] - parm1 = varParm1: null

03-03-2025T12:59:33 - [TEST_STEP][PASSED] - println(parm1): null

03-03-2025T12:59:33 - [TEST_STEP][PASSED] - println("Converting " + testObject + " to web element"): null

03-03-2025T12:59:33 - [TEST_STEP][PASSED] - element = findWebElement(findTestObject(testObject), 1): null

03-03-2025T12:59:33 - [TEST_STEP][PASSED] - loc = element.getLocation(): null

03-03-2025T12:59:33 - [TEST_STEP][PASSED] - y = loc.getY(): null

03-03-2025T12:59:33 - [TEST_STEP][PASSED] - println("Y location is " + y): null

03-03-2025T12:59:33 - [TEST_STEP][PASSED] - top = getViewportTopPosition(): Current viewport's top (y) position is 1449

03-03-2025T12:59:33 - [MESSAGE][PASSED] - Current viewport's top (y) position is 1449

03-03-2025T12:59:33 - [TEST_STEP][PASSED] - println("Viewport top is " + top): null

03-03-2025T12:59:33 - [TEST_STEP][PASSED] - bottom = top + 600: null

03-03-2025T12:59:33 - [TEST_STEP][PASSED] - if (y - top < 150 || bottom - y < 10): null

03-03-2025T12:59:33 - [TEST_STEP][PASSED] - if (action == "click"): Object: 'Object Repository/Journey Partner Profile/Register/checkbox_AIMS' is clicked on

03-03-2025T12:59:33 - [TEST_STEP][PASSED] - println("clicking"): null

03-03-2025T12:59:33 - [TEST_STEP][PASSED] - click(findTestObject(testObject)): Object: 'Object Repository/Journey Partner Profile/Register/checkbox_AIMS' is clicked on

03-03-2025T12:59:33 - [MESSAGE][PASSED] - Object: 'Object Repository/Journey Partner Profile/Register/checkbox_AIMS' is clicked on

03-03-2025T12:59:33 - [MESSAGE][PASSED] - Call Test Case 'Test Cases/_Functions/Perform Action' successfully

03-03-2025T12:59:33 - [TEST_STEP][PASSED] - myObject = "Journey Partner Profile/Register/checkbox_" + org: null

03-03-2025T12:59:33 - [TEST_STEP][PASSED] - callTestCase(findTestCase("_Functions/Perform Action"), ["varAction":"click", "varObject":myObject], STOP_ON_FAILURE): Call Test Case 'Test Cases/_Functions/Perform Action' successfully

03-03-2025T12:59:33 - [TEST_CASE][PASSED] - Test Cases/_Functions/Perform Action: Test Cases/_Functions/Perform Action

03-03-2025T12:59:33 - [TEST_STEP][PASSED] - action = varAction: null

03-03-2025T12:59:33 - [TEST_STEP][PASSED] - println(action): null

03-03-2025T12:59:33 - [TEST_STEP][PASSED] - testObject = varObject: null

03-03-2025T12:59:33 - [TEST_STEP][PASSED] - println(testObject): null

03-03-2025T12:59:33 - [TEST_STEP][PASSED] - parm1 = varParm1: null

03-03-2025T12:59:33 - [TEST_STEP][PASSED] - println(parm1): null

03-03-2025T12:59:33 - [TEST_STEP][PASSED] - println("Converting " + testObject + " to web element"): null

03-03-2025T12:59:33 - [TEST_STEP][PASSED] - element = findWebElement(findTestObject(testObject), 1): null

03-03-2025T12:59:33 - [TEST_STEP][PASSED] - loc = element.getLocation(): null

03-03-2025T12:59:33 - [TEST_STEP][PASSED] - y = loc.getY(): null

03-03-2025T12:59:33 - [TEST_STEP][PASSED] - println("Y location is " + y): null

03-03-2025T12:59:33 - [TEST_STEP][PASSED] - top = getViewportTopPosition(): Current viewport's top (y) position is 1449

03-03-2025T12:59:33 - [MESSAGE][PASSED] - Current viewport's top (y) position is 1449

03-03-2025T12:59:33 - [TEST_STEP][PASSED] - println("Viewport top is " + top): null

03-03-2025T12:59:33 - [TEST_STEP][PASSED] - bottom = top + 600: null

03-03-2025T12:59:33 - [TEST_STEP][PASSED] - if (y - top < 150 || bottom - y < 10): null

03-03-2025T12:59:33 - [TEST_STEP][PASSED] - if (action == "click"): Object: 'Object Repository/Journey Partner Profile/Register/checkbox_Accord Network' is clicked on

03-03-2025T12:59:33 - [TEST_STEP][PASSED] - println("clicking"): null

03-03-2025T12:59:33 - [TEST_STEP][PASSED] - click(findTestObject(testObject)): Object: 'Object Repository/Journey Partner Profile/Register/checkbox_Accord Network' is clicked on

03-03-2025T12:59:33 - [MESSAGE][PASSED] - Object: 'Object Repository/Journey Partner Profile/Register/checkbox_Accord Network' is clicked on

03-03-2025T12:59:33 - [MESSAGE][PASSED] - Call Test Case 'Test Cases/_Functions/Perform Action' successfully

03-03-2025T12:59:33 - [TEST_STEP][PASSED] - object = "Journey Partner Profile/Register/input_Mission Statement": null

03-03-2025T12:59:33 - [TEST_STEP][PASSED] - callTestCase(findTestCase("_Functions/Perform Action"), ["varAction":"setText", "varObject":object, "varParm1":mission_statement], STOP_ON_FAILURE): Call Test Case 'Test Cases/_Functions/Perform Action' successfully

03-03-2025T12:59:33 - [TEST_CASE][PASSED] - Test Cases/_Functions/Perform Action: Test Cases/_Functions/Perform Action

03-03-2025T12:59:33 - [TEST_STEP][PASSED] - action = varAction: null

03-03-2025T12:59:33 - [TEST_STEP][PASSED] - println(action): null

03-03-2025T12:59:33 - [TEST_STEP][PASSED] - testObject = varObject: null

03-03-2025T12:59:33 - [TEST_STEP][PASSED] - println(testObject): null

03-03-2025T12:59:33 - [TEST_STEP][PASSED] - parm1 = varParm1: null

03-03-2025T12:59:33 - [TEST_STEP][PASSED] - println(parm1): null

03-03-2025T12:59:33 - [TEST_STEP][PASSED] - println("Converting " + testObject + " to web element"): null

03-03-2025T12:59:33 - [TEST_STEP][PASSED] - element = findWebElement(findTestObject(testObject), 1): null

03-03-2025T12:59:33 - [TEST_STEP][PASSED] - loc = element.getLocation(): null

03-03-2025T12:59:33 - [TEST_STEP][PASSED] - y = loc.getY(): null

03-03-2025T12:59:33 - [TEST_STEP][PASSED] - println("Y location is " + y): null

03-03-2025T12:59:33 - [TEST_STEP][PASSED] - top = getViewportTopPosition(): Current viewport's top (y) position is 1449

03-03-2025T12:59:33 - [MESSAGE][PASSED] - Current viewport's top (y) position is 1449

03-03-2025T12:59:33 - [TEST_STEP][PASSED] - println("Viewport top is " + top): null

03-03-2025T12:59:33 - [TEST_STEP][PASSED] - bottom = top + 600: null

03-03-2025T12:59:33 - [TEST_STEP][PASSED] - if (y - top < 150 || bottom - y < 10): null

03-03-2025T12:59:33 - [TEST_STEP][PASSED] - if (action == "click"): null

03-03-2025T12:59:33 - [TEST_STEP][PASSED] - else if (action == "selectOptionByValue"): null

03-03-2025T12:59:33 - [TEST_STEP][PASSED] - else if (action == "setText"): Text 'https://missionnext.org/mission' is set on object 'Object Repository/Journey Partner Profile/Register/input_Mission Statement'

03-03-2025T12:59:33 - [TEST_STEP][PASSED] - println("Setting text " + parm1): null

03-03-2025T12:59:33 - [TEST_STEP][PASSED] - setText(findTestObject(testObject), parm1): Text 'https://missionnext.org/mission' is set on object 'Object Repository/Journey Partner Profile/Register/input_Mission Statement'

03-03-2025T12:59:33 - [MESSAGE][PASSED] - Text 'https://missionnext.org/mission' is set on object 'Object Repository/Journey Partner Profile/Register/input_Mission Statement'

03-03-2025T12:59:33 - [MESSAGE][PASSED] - Call Test Case 'Test Cases/_Functions/Perform Action' successfully

03-03-2025T12:59:33 - [TEST_STEP][PASSED] - object = "Journey Partner Profile/Register/input_Board of Directors": null

03-03-2025T12:59:33 - [TEST_STEP][PASSED] - callTestCase(findTestCase("_Functions/Perform Action"), ["varAction":"setText", "varObject":object, "varParm1":bod], STOP_ON_FAILURE): Call Test Case 'Test Cases/_Functions/Perform Action' successfully

03-03-2025T12:59:33 - [TEST_CASE][PASSED] - Test Cases/_Functions/Perform Action: Test Cases/_Functions/Perform Action

03-03-2025T12:59:33 - [TEST_STEP][PASSED] - action = varAction: null

03-03-2025T12:59:33 - [TEST_STEP][PASSED] - println(action): null

03-03-2025T12:59:33 - [TEST_STEP][PASSED] - testObject = varObject: null

03-03-2025T12:59:33 - [TEST_STEP][PASSED] - println(testObject): null

03-03-2025T12:59:33 - [TEST_STEP][PASSED] - parm1 = varParm1: null

03-03-2025T12:59:33 - [TEST_STEP][PASSED] - println(parm1): null

03-03-2025T12:59:33 - [TEST_STEP][PASSED] - println("Converting " + testObject + " to web element"): null

03-03-2025T12:59:33 - [TEST_STEP][PASSED] - element = findWebElement(findTestObject(testObject), 1): null

03-03-2025T12:59:33 - [TEST_STEP][PASSED] - loc = element.getLocation(): null

03-03-2025T12:59:33 - [TEST_STEP][PASSED] - y = loc.getY(): null

03-03-2025T12:59:33 - [TEST_STEP][PASSED] - println("Y location is " + y): null

03-03-2025T12:59:33 - [TEST_STEP][PASSED] - top = getViewportTopPosition(): Current viewport's top (y) position is 1449

03-03-2025T12:59:33 - [MESSAGE][PASSED] - Current viewport's top (y) position is 1449

03-03-2025T12:59:33 - [TEST_STEP][PASSED] - println("Viewport top is " + top): null

03-03-2025T12:59:33 - [TEST_STEP][PASSED] - bottom = top + 600: null

03-03-2025T12:59:33 - [TEST_STEP][PASSED] - if (y - top < 150 || bottom - y < 10): null

03-03-2025T12:59:33 - [TEST_STEP][PASSED] - if (action == "click"): null

03-03-2025T12:59:33 - [TEST_STEP][PASSED] - else if (action == "selectOptionByValue"): null

03-03-2025T12:59:33 - [TEST_STEP][PASSED] - else if (action == "setText"): Text 'https://missionnext.org/bod' is set on object 'Object Repository/Journey Partner Profile/Register/input_Board of Directors'

03-03-2025T12:59:33 - [TEST_STEP][PASSED] - println("Setting text " + parm1): null

03-03-2025T12:59:33 - [TEST_STEP][PASSED] - setText(findTestObject(testObject), parm1): Text 'https://missionnext.org/bod' is set on object 'Object Repository/Journey Partner Profile/Register/input_Board of Directors'

03-03-2025T12:59:33 - [MESSAGE][PASSED] - Text 'https://missionnext.org/bod' is set on object 'Object Repository/Journey Partner Profile/Register/input_Board of Directors'

03-03-2025T12:59:33 - [MESSAGE][PASSED] - Call Test Case 'Test Cases/_Functions/Perform Action' successfully

03-03-2025T12:59:33 - [TEST_STEP][PASSED] - object = "Journey Partner Profile/Register/input_Statement of Faith": null

03-03-2025T12:59:33 - [TEST_STEP][PASSED] - callTestCase(findTestCase("_Functions/Perform Action"), ["varAction":"setText", "varObject":object, "varParm1":sof], STOP_ON_FAILURE): Call Test Case 'Test Cases/_Functions/Perform Action' successfully

03-03-2025T12:59:33 - [TEST_CASE][PASSED] - Test Cases/_Functions/Perform Action: Test Cases/_Functions/Perform Action

03-03-2025T12:59:33 - [TEST_STEP][PASSED] - action = varAction: null

03-03-2025T12:59:33 - [TEST_STEP][PASSED] - println(action): null

03-03-2025T12:59:33 - [TEST_STEP][PASSED] - testObject = varObject: null

03-03-2025T12:59:33 - [TEST_STEP][PASSED] - println(testObject): null

03-03-2025T12:59:33 - [TEST_STEP][PASSED] - parm1 = varParm1: null

03-03-2025T12:59:33 - [TEST_STEP][PASSED] - println(parm1): null

03-03-2025T12:59:33 - [TEST_STEP][PASSED] - println("Converting " + testObject + " to web element"): null

03-03-2025T12:59:33 - [TEST_STEP][PASSED] - element = findWebElement(findTestObject(testObject), 1): null

03-03-2025T12:59:33 - [TEST_STEP][PASSED] - loc = element.getLocation(): null

03-03-2025T12:59:33 - [TEST_STEP][PASSED] - y = loc.getY(): null

03-03-2025T12:59:33 - [TEST_STEP][PASSED] - println("Y location is " + y): null

03-03-2025T12:59:33 - [TEST_STEP][PASSED] - top = getViewportTopPosition(): Current viewport's top (y) position is 1449

03-03-2025T12:59:33 - [MESSAGE][PASSED] - Current viewport's top (y) position is 1449

03-03-2025T12:59:33 - [TEST_STEP][PASSED] - println("Viewport top is " + top): null

03-03-2025T12:59:33 - [TEST_STEP][PASSED] - bottom = top + 600: null

03-03-2025T12:59:33 - [TEST_STEP][PASSED] - if (y - top < 150 || bottom - y < 10): null

03-03-2025T12:59:33 - [TEST_STEP][PASSED] - if (action == "click"): null

03-03-2025T12:59:33 - [TEST_STEP][PASSED] - else if (action == "selectOptionByValue"): null

03-03-2025T12:59:33 - [TEST_STEP][PASSED] - else if (action == "setText"): Text 'https://missionnext.org/sof' is set on object 'Object Repository/Journey Partner Profile/Register/input_Statement of Faith'

03-03-2025T12:59:33 - [TEST_STEP][PASSED] - println("Setting text " + parm1): null

03-03-2025T12:59:33 - [TEST_STEP][PASSED] - setText(findTestObject(testObject), parm1): Text 'https://missionnext.org/sof' is set on object 'Object Repository/Journey Partner Profile/Register/input_Statement of Faith'

03-03-2025T12:59:33 - [MESSAGE][PASSED] - Text 'https://missionnext.org/sof' is set on object 'Object Repository/Journey Partner Profile/Register/input_Statement of Faith'

03-03-2025T12:59:33 - [MESSAGE][PASSED] - Call Test Case 'Test Cases/_Functions/Perform Action' successfully

03-03-2025T12:59:33 - [TEST_STEP][PASSED] - object = "Journey Partner Profile/Register/textarea_References": null

03-03-2025T12:59:33 - [TEST_STEP][PASSED] - callTestCase(findTestCase("_Functions/Perform Action"), ["varAction":"setText", "varObject":object, "varParm1":references], STOP_ON_FAILURE): Call Test Case 'Test Cases/_Functions/Perform Action' successfully

03-03-2025T12:59:33 - [TEST_CASE][PASSED] - Test Cases/_Functions/Perform Action: Test Cases/_Functions/Perform Action

03-03-2025T12:59:33 - [TEST_STEP][PASSED] - action = varAction: null

03-03-2025T12:59:33 - [TEST_STEP][PASSED] - println(action): null

03-03-2025T12:59:33 - [TEST_STEP][PASSED] - testObject = varObject: null

03-03-2025T12:59:33 - [TEST_STEP][PASSED] - println(testObject): null

03-03-2025T12:59:33 - [TEST_STEP][PASSED] - parm1 = varParm1: null

03-03-2025T12:59:33 - [TEST_STEP][PASSED] - println(parm1): null

03-03-2025T12:59:33 - [TEST_STEP][PASSED] - println("Converting " + testObject + " to web element"): null

03-03-2025T12:59:33 - [TEST_STEP][PASSED] - element = findWebElement(findTestObject(testObject), 1): null

03-03-2025T12:59:33 - [TEST_STEP][PASSED] - loc = element.getLocation(): null

03-03-2025T12:59:33 - [TEST_STEP][PASSED] - y = loc.getY(): null

03-03-2025T12:59:33 - [TEST_STEP][PASSED] - println("Y location is " + y): null

03-03-2025T12:59:33 - [TEST_STEP][PASSED] - top = getViewportTopPosition(): Current viewport's top (y) position is 1449

03-03-2025T12:59:33 - [MESSAGE][PASSED] - Current viewport's top (y) position is 1449

03-03-2025T12:59:33 - [TEST_STEP][PASSED] - println("Viewport top is " + top): null

03-03-2025T12:59:33 - [TEST_STEP][PASSED] - bottom = top + 600: null

03-03-2025T12:59:33 - [TEST_STEP][PASSED] - if (y - top < 150 || bottom - y < 10): null

03-03-2025T12:59:33 - [TEST_STEP][PASSED] - if (action == "click"): null

03-03-2025T12:59:33 - [TEST_STEP][PASSED] - else if (action == "selectOptionByValue"): null

03-03-2025T12:59:33 - [TEST_STEP][PASSED] - else if (action == "setText"): Text 'Brad Benson' is set on object 'Object Repository/Journey Partner Profile/Register/textarea_References'

03-03-2025T12:59:33 - [TEST_STEP][PASSED] - println("Setting text " + parm1): null

03-03-2025T12:59:33 - [TEST_STEP][PASSED] - setText(findTestObject(testObject), parm1): Text 'Brad Benson' is set on object 'Object Repository/Journey Partner Profile/Register/textarea_References'

03-03-2025T12:59:33 - [MESSAGE][PASSED] - Text 'Brad Benson' is set on object 'Object Repository/Journey Partner Profile/Register/textarea_References'

03-03-2025T12:59:33 - [MESSAGE][PASSED] - Call Test Case 'Test Cases/_Functions/Perform Action' successfully

03-03-2025T12:59:33 - [TEST_STEP][PASSED] - object = "Journey Partner Profile/Register/select_Referral": null

03-03-2025T12:59:33 - [TEST_STEP][PASSED] - callTestCase(findTestCase("_Functions/Perform Action"), ["varAction":"selectOptionByValue", "varObject":object, "varParm1":hear_about], STOP_ON_FAILURE): Call Test Case 'Test Cases/_Functions/Perform Action' successfully

03-03-2025T12:59:33 - [TEST_CASE][PASSED] - Test Cases/_Functions/Perform Action: Test Cases/_Functions/Perform Action

03-03-2025T12:59:33 - [TEST_STEP][PASSED] - action = varAction: null

03-03-2025T12:59:33 - [TEST_STEP][PASSED] - println(action): null

03-03-2025T12:59:33 - [TEST_STEP][PASSED] - testObject = varObject: null

03-03-2025T12:59:33 - [TEST_STEP][PASSED] - println(testObject): null

03-03-2025T12:59:33 - [TEST_STEP][PASSED] - parm1 = varParm1: null

03-03-2025T12:59:33 - [TEST_STEP][PASSED] - println(parm1): null

03-03-2025T12:59:33 - [TEST_STEP][PASSED] - println("Converting " + testObject + " to web element"): null

03-03-2025T12:59:33 - [TEST_STEP][PASSED] - element = findWebElement(findTestObject(testObject), 1): null

03-03-2025T12:59:33 - [TEST_STEP][PASSED] - loc = element.getLocation(): null

03-03-2025T12:59:33 - [TEST_STEP][PASSED] - y = loc.getY(): null

03-03-2025T12:59:33 - [TEST_STEP][PASSED] - println("Y location is " + y): null

03-03-2025T12:59:33 - [TEST_STEP][PASSED] - top = getViewportTopPosition(): Current viewport's top (y) position is 1449

03-03-2025T12:59:33 - [MESSAGE][PASSED] - Current viewport's top (y) position is 1449

03-03-2025T12:59:33 - [TEST_STEP][PASSED] - println("Viewport top is " + top): null

03-03-2025T12:59:33 - [TEST_STEP][PASSED] - bottom = top + 600: null

03-03-2025T12:59:33 - [TEST_STEP][PASSED] - if (y - top < 150 || bottom - y < 10): Delayed 1 second(s)

03-03-2025T12:59:33 - [TEST_STEP][PASSED] - scrollToPosition(0, y - 150): Browser is scrolled to position x = 0, y = 1895

03-03-2025T12:59:33 - [MESSAGE][PASSED] - Browser is scrolled to position x = 0, y = 1895

03-03-2025T12:59:33 - [TEST_STEP][PASSED] - delay(1): Delayed 1 second(s)

03-03-2025T12:59:34 - [MESSAGE][PASSED] - Delayed 1 second(s)

03-03-2025T12:59:34 - [TEST_STEP][PASSED] - if (action == "click"): null

03-03-2025T12:59:34 - [TEST_STEP][PASSED] - else if (action == "selectOptionByValue"): All options with value 'My Church' are selected in object 'Object Repository/Journey Partner Profile/Register/select_Referral' 

03-03-2025T12:59:34 - [TEST_STEP][PASSED] - println("Selecting " + parm1): null

03-03-2025T12:59:34 - [TEST_STEP][PASSED] - selectOptionByValue(findTestObject(testObject), parm1, false): All options with value 'My Church' are selected in object 'Object Repository/Journey Partner Profile/Register/select_Referral' 

03-03-2025T12:59:35 - [MESSAGE][PASSED] - All options with value 'My Church' are selected in object 'Object Repository/Journey Partner Profile/Register/select_Referral' 

03-03-2025T12:59:35 - [MESSAGE][PASSED] - Call Test Case 'Test Cases/_Functions/Perform Action' successfully

03-03-2025T12:59:35 - [TEST_STEP][PASSED] - object = "Journey Partner Profile/Register/textarea_Referral or Other Comment": null

03-03-2025T12:59:35 - [TEST_STEP][PASSED] - callTestCase(findTestCase("_Functions/Perform Action"), ["varAction":"setText", "varObject":object, "varParm1":referral], STOP_ON_FAILURE): Call Test Case 'Test Cases/_Functions/Perform Action' successfully

03-03-2025T12:59:35 - [TEST_CASE][PASSED] - Test Cases/_Functions/Perform Action: Test Cases/_Functions/Perform Action

03-03-2025T12:59:35 - [TEST_STEP][PASSED] - action = varAction: null

03-03-2025T12:59:35 - [TEST_STEP][PASSED] - println(action): null

03-03-2025T12:59:35 - [TEST_STEP][PASSED] - testObject = varObject: null

03-03-2025T12:59:35 - [TEST_STEP][PASSED] - println(testObject): null

03-03-2025T12:59:35 - [TEST_STEP][PASSED] - parm1 = varParm1: null

03-03-2025T12:59:35 - [TEST_STEP][PASSED] - println(parm1): null

03-03-2025T12:59:35 - [TEST_STEP][PASSED] - println("Converting " + testObject + " to web element"): null

03-03-2025T12:59:35 - [TEST_STEP][PASSED] - element = findWebElement(findTestObject(testObject), 1): null

03-03-2025T12:59:35 - [TEST_STEP][PASSED] - loc = element.getLocation(): null

03-03-2025T12:59:35 - [TEST_STEP][PASSED] - y = loc.getY(): null

03-03-2025T12:59:35 - [TEST_STEP][PASSED] - println("Y location is " + y): null

03-03-2025T12:59:35 - [TEST_STEP][PASSED] - top = getViewportTopPosition(): Current viewport's top (y) position is 1895

03-03-2025T12:59:35 - [MESSAGE][PASSED] - Current viewport's top (y) position is 1895

03-03-2025T12:59:35 - [TEST_STEP][PASSED] - println("Viewport top is " + top): null

03-03-2025T12:59:35 - [TEST_STEP][PASSED] - bottom = top + 600: null

03-03-2025T12:59:35 - [TEST_STEP][PASSED] - if (y - top < 150 || bottom - y < 10): null

03-03-2025T12:59:35 - [TEST_STEP][PASSED] - if (action == "click"): null

03-03-2025T12:59:35 - [TEST_STEP][PASSED] - else if (action == "selectOptionByValue"): null

03-03-2025T12:59:35 - [TEST_STEP][PASSED] - else if (action == "setText"): Text 'None' is set on object 'Object Repository/Journey Partner Profile/Register/textarea_Referral or Other Comment'

03-03-2025T12:59:35 - [TEST_STEP][PASSED] - println("Setting text " + parm1): null

03-03-2025T12:59:35 - [TEST_STEP][PASSED] - setText(findTestObject(testObject), parm1): Text 'None' is set on object 'Object Repository/Journey Partner Profile/Register/textarea_Referral or Other Comment'

03-03-2025T12:59:35 - [MESSAGE][PASSED] - Text 'None' is set on object 'Object Repository/Journey Partner Profile/Register/textarea_Referral or Other Comment'

03-03-2025T12:59:35 - [MESSAGE][PASSED] - Call Test Case 'Test Cases/_Functions/Perform Action' successfully

03-03-2025T12:59:35 - [TEST_STEP][PASSED] - object = "Journey Partner Profile/Register/checkbox_Partnership Agreement": null

03-03-2025T12:59:35 - [TEST_STEP][PASSED] - callTestCase(findTestCase("_Functions/Perform Action"), ["varAction":"click", "varObject":object], STOP_ON_FAILURE): Call Test Case 'Test Cases/_Functions/Perform Action' successfully

03-03-2025T12:59:35 - [TEST_CASE][PASSED] - Test Cases/_Functions/Perform Action: Test Cases/_Functions/Perform Action

03-03-2025T12:59:35 - [TEST_STEP][PASSED] - action = varAction: null

03-03-2025T12:59:35 - [TEST_STEP][PASSED] - println(action): null

03-03-2025T12:59:35 - [TEST_STEP][PASSED] - testObject = varObject: null

03-03-2025T12:59:35 - [TEST_STEP][PASSED] - println(testObject): null

03-03-2025T12:59:35 - [TEST_STEP][PASSED] - parm1 = varParm1: null

03-03-2025T12:59:35 - [TEST_STEP][PASSED] - println(parm1): null

03-03-2025T12:59:35 - [TEST_STEP][PASSED] - println("Converting " + testObject + " to web element"): null

03-03-2025T12:59:35 - [TEST_STEP][PASSED] - element = findWebElement(findTestObject(testObject), 1): null

03-03-2025T12:59:35 - [TEST_STEP][PASSED] - loc = element.getLocation(): null

03-03-2025T12:59:35 - [TEST_STEP][PASSED] - y = loc.getY(): null

03-03-2025T12:59:35 - [TEST_STEP][PASSED] - println("Y location is " + y): null

03-03-2025T12:59:35 - [TEST_STEP][PASSED] - top = getViewportTopPosition(): Current viewport's top (y) position is 1895

03-03-2025T12:59:35 - [MESSAGE][PASSED] - Current viewport's top (y) position is 1895

03-03-2025T12:59:35 - [TEST_STEP][PASSED] - println("Viewport top is " + top): null

03-03-2025T12:59:35 - [TEST_STEP][PASSED] - bottom = top + 600: null

03-03-2025T12:59:35 - [TEST_STEP][PASSED] - if (y - top < 150 || bottom - y < 10): null

03-03-2025T12:59:35 - [TEST_STEP][PASSED] - if (action == "click"): Object: 'Object Repository/Journey Partner Profile/Register/checkbox_Partnership Agreement' is clicked on

03-03-2025T12:59:35 - [TEST_STEP][PASSED] - println("clicking"): null

03-03-2025T12:59:35 - [TEST_STEP][PASSED] - click(findTestObject(testObject)): Object: 'Object Repository/Journey Partner Profile/Register/checkbox_Partnership Agreement' is clicked on

03-03-2025T12:59:35 - [MESSAGE][PASSED] - Object: 'Object Repository/Journey Partner Profile/Register/checkbox_Partnership Agreement' is clicked on

03-03-2025T12:59:35 - [MESSAGE][PASSED] - Call Test Case 'Test Cases/_Functions/Perform Action' successfully

03-03-2025T12:59:35 - [TEST_STEP][PASSED] - object = "Journey Partner Profile/Register/checkbox_Terms and Conditions": null

03-03-2025T12:59:35 - [TEST_STEP][PASSED] - callTestCase(findTestCase("_Functions/Perform Action"), ["varAction":"click", "varObject":object], STOP_ON_FAILURE): Call Test Case 'Test Cases/_Functions/Perform Action' successfully

03-03-2025T12:59:35 - [TEST_CASE][PASSED] - Test Cases/_Functions/Perform Action: Test Cases/_Functions/Perform Action

03-03-2025T12:59:35 - [TEST_STEP][PASSED] - action = varAction: null

03-03-2025T12:59:35 - [TEST_STEP][PASSED] - println(action): null

03-03-2025T12:59:35 - [TEST_STEP][PASSED] - testObject = varObject: null

03-03-2025T12:59:35 - [TEST_STEP][PASSED] - println(testObject): null

03-03-2025T12:59:35 - [TEST_STEP][PASSED] - parm1 = varParm1: null

03-03-2025T12:59:35 - [TEST_STEP][PASSED] - println(parm1): null

03-03-2025T12:59:35 - [TEST_STEP][PASSED] - println("Converting " + testObject + " to web element"): null

03-03-2025T12:59:35 - [TEST_STEP][PASSED] - element = findWebElement(findTestObject(testObject), 1): null

03-03-2025T12:59:35 - [TEST_STEP][PASSED] - loc = element.getLocation(): null

03-03-2025T12:59:35 - [TEST_STEP][PASSED] - y = loc.getY(): null

03-03-2025T12:59:35 - [TEST_STEP][PASSED] - println("Y location is " + y): null

03-03-2025T12:59:35 - [TEST_STEP][PASSED] - top = getViewportTopPosition(): Current viewport's top (y) position is 1895

03-03-2025T12:59:35 - [MESSAGE][PASSED] - Current viewport's top (y) position is 1895

03-03-2025T12:59:35 - [TEST_STEP][PASSED] - println("Viewport top is " + top): null

03-03-2025T12:59:35 - [TEST_STEP][PASSED] - bottom = top + 600: null

03-03-2025T12:59:35 - [TEST_STEP][PASSED] - if (y - top < 150 || bottom - y < 10): null

03-03-2025T12:59:35 - [TEST_STEP][PASSED] - if (action == "click"): Object: 'Object Repository/Journey Partner Profile/Register/checkbox_Terms and Conditions' is clicked on

03-03-2025T12:59:35 - [TEST_STEP][PASSED] - println("clicking"): null

03-03-2025T12:59:35 - [TEST_STEP][PASSED] - click(findTestObject(testObject)): Object: 'Object Repository/Journey Partner Profile/Register/checkbox_Terms and Conditions' is clicked on

03-03-2025T12:59:35 - [MESSAGE][PASSED] - Object: 'Object Repository/Journey Partner Profile/Register/checkbox_Terms and Conditions' is clicked on

03-03-2025T12:59:35 - [MESSAGE][PASSED] - Call Test Case 'Test Cases/_Functions/Perform Action' successfully

03-03-2025T12:59:35 - [TEST_STEP][PASSED] - object = "Journey Partner Profile/Register/button_Sign up": null

03-03-2025T12:59:35 - [TEST_STEP][PASSED] - callTestCase(findTestCase("_Functions/Perform Action"), ["varAction":"click", "varObject":object], STOP_ON_FAILURE): Call Test Case 'Test Cases/_Functions/Perform Action' successfully

03-03-2025T12:59:35 - [TEST_CASE][PASSED] - Test Cases/_Functions/Perform Action: Test Cases/_Functions/Perform Action

03-03-2025T12:59:35 - [TEST_STEP][PASSED] - action = varAction: null

03-03-2025T12:59:35 - [TEST_STEP][PASSED] - println(action): null

03-03-2025T12:59:35 - [TEST_STEP][PASSED] - testObject = varObject: null

03-03-2025T12:59:35 - [TEST_STEP][PASSED] - println(testObject): null

03-03-2025T12:59:35 - [TEST_STEP][PASSED] - parm1 = varParm1: null

03-03-2025T12:59:35 - [TEST_STEP][PASSED] - println(parm1): null

03-03-2025T12:59:35 - [TEST_STEP][PASSED] - println("Converting " + testObject + " to web element"): null

03-03-2025T12:59:35 - [TEST_STEP][PASSED] - element = findWebElement(findTestObject(testObject), 1): null

03-03-2025T12:59:35 - [TEST_STEP][PASSED] - loc = element.getLocation(): null

03-03-2025T12:59:35 - [TEST_STEP][PASSED] - y = loc.getY(): null

03-03-2025T12:59:35 - [TEST_STEP][PASSED] - println("Y location is " + y): null

03-03-2025T12:59:35 - [TEST_STEP][PASSED] - top = getViewportTopPosition(): Current viewport's top (y) position is 1895

03-03-2025T12:59:35 - [MESSAGE][PASSED] - Current viewport's top (y) position is 1895

03-03-2025T12:59:35 - [TEST_STEP][PASSED] - println("Viewport top is " + top): null

03-03-2025T12:59:35 - [TEST_STEP][PASSED] - bottom = top + 600: null

03-03-2025T12:59:35 - [TEST_STEP][PASSED] - if (y - top < 150 || bottom - y < 10): null

03-03-2025T12:59:35 - [TEST_STEP][PASSED] - if (action == "click"): Object: 'Object Repository/Journey Partner Profile/Register/button_Sign up' is clicked on

03-03-2025T12:59:35 - [TEST_STEP][PASSED] - println("clicking"): null

03-03-2025T12:59:35 - [TEST_STEP][PASSED] - click(findTestObject(testObject)): Object: 'Object Repository/Journey Partner Profile/Register/button_Sign up' is clicked on

03-03-2025T13:00:12 - [MESSAGE][PASSED] - Object: 'Object Repository/Journey Partner Profile/Register/button_Sign up' is clicked on

03-03-2025T13:00:12 - [MESSAGE][PASSED] - Call Test Case 'Test Cases/_Functions/Perform Action' successfully

03-03-2025T13:00:12 - [TEST_STEP][PASSED] - delay(1): Delayed 1 second(s)

03-03-2025T13:00:13 - [MESSAGE][PASSED] - Delayed 1 second(s)

03-03-2025T13:00:13 - [TEST_STEP][PASSED] - waitForPageLoad(10): Wait for page load successfully

03-03-2025T13:00:13 - [MESSAGE][PASSED] - Wait for page load successfully

03-03-2025T13:00:13 - [TEST_STEP][PASSED] - pending = verifyTextPresent("Approval Pending", false, OPTIONAL): Text 'Approval Pending' is not present on page  (Root cause: com.kms.katalon.core.exception.StepFailedException: Text 'Approval Pending' is not present on page 
	at com.kms.katalon.core.webui.keyword.internal.WebUIKeywordMain.stepFailed(WebUIKeywordMain.groovy:117)
	at com.kms.katalon.core.webui.keyword.builtin.VerifyTextPresentKeyword$_verifyTextPresent_closure1.doCall(VerifyTextPresentKeyword.groovy:79)
	at com.kms.katalon.core.webui.keyword.builtin.VerifyTextPresentKeyword$_verifyTextPresent_closure1.call(VerifyTextPresentKeyword.groovy)
	at com.kms.katalon.core.webui.keyword.internal.WebUIKeywordMain.runKeyword(WebUIKeywordMain.groovy:35)
	at com.kms.katalon.core.webui.keyword.builtin.VerifyTextPresentKeyword.verifyTextPresent(VerifyTextPresentKeyword.groovy:83)
	at com.kms.katalon.core.webui.keyword.builtin.VerifyTextPresentKeyword.execute(VerifyTextPresentKeyword.groovy:68)
	at com.kms.katalon.core.keyword.internal.KeywordExecutor.executeKeywordForPlatform(KeywordExecutor.groovy:74)
	at com.kms.katalon.core.webui.keyword.WebUiBuiltInKeywords.verifyTextPresent(WebUiBuiltInKeywords.groovy:1746)
	at Register Journey Partner.run(Register Journey Partner:332)
	at com.kms.katalon.core.main.ScriptEngine.run(ScriptEngine.java:194)
	at com.kms.katalon.core.main.ScriptEngine.runScriptAsRawText(ScriptEngine.java:119)
	at com.kms.katalon.core.main.TestCaseExecutor.runScript(TestCaseExecutor.java:448)
	at com.kms.katalon.core.main.TestCaseExecutor.doExecute(TestCaseExecutor.java:439)
	at com.kms.katalon.core.main.TestCaseExecutor.processExecutionPhase(TestCaseExecutor.java:418)
	at com.kms.katalon.core.main.TestCaseExecutor.accessMainPhase(TestCaseExecutor.java:410)
	at com.kms.katalon.core.main.TestCaseExecutor.execute(TestCaseExecutor.java:285)
	at com.kms.katalon.core.common.CommonExecutor.accessTestCaseMainPhase(CommonExecutor.java:65)
	at com.kms.katalon.core.main.TestSuiteExecutor.accessTestSuiteMainPhase(TestSuiteExecutor.java:150)
	at com.kms.katalon.core.main.TestSuiteExecutor.execute(TestSuiteExecutor.java:106)
	at com.kms.katalon.core.main.TestCaseMain.startTestSuite(TestCaseMain.java:180)
	at TempTestSuite1741028273844.run(TempTestSuite1741028273844.groovy:35)
	at java.base/jdk.internal.reflect.NativeMethodAccessorImpl.invoke0(Native Method)
	at java.base/jdk.internal.reflect.NativeMethodAccessorImpl.invoke(NativeMethodAccessorImpl.java:77)
	at java.base/jdk.internal.reflect.DelegatingMethodAccessorImpl.invoke(DelegatingMethodAccessorImpl.java:43)
)

03-03-2025T13:00:13 - [MESSAGE][WARNING] - Text 'Approval Pending' is not present on page  (Root cause: com.kms.katalon.core.exception.StepFailedException: Text 'Approval Pending' is not present on page 
	at com.kms.katalon.core.webui.keyword.internal.WebUIKeywordMain.stepFailed(WebUIKeywordMain.groovy:117)
	at com.kms.katalon.core.webui.keyword.builtin.VerifyTextPresentKeyword$_verifyTextPresent_closure1.doCall(VerifyTextPresentKeyword.groovy:79)
	at com.kms.katalon.core.webui.keyword.builtin.VerifyTextPresentKeyword$_verifyTextPresent_closure1.call(VerifyTextPresentKeyword.groovy)
	at com.kms.katalon.core.webui.keyword.internal.WebUIKeywordMain.runKeyword(WebUIKeywordMain.groovy:35)
	at com.kms.katalon.core.webui.keyword.builtin.VerifyTextPresentKeyword.verifyTextPresent(VerifyTextPresentKeyword.groovy:83)
	at com.kms.katalon.core.webui.keyword.builtin.VerifyTextPresentKeyword.execute(VerifyTextPresentKeyword.groovy:68)
	at com.kms.katalon.core.keyword.internal.KeywordExecutor.executeKeywordForPlatform(KeywordExecutor.groovy:74)
	at com.kms.katalon.core.webui.keyword.WebUiBuiltInKeywords.verifyTextPresent(WebUiBuiltInKeywords.groovy:1746)
	at Register Journey Partner.run(Register Journey Partner:332)
	at com.kms.katalon.core.main.ScriptEngine.run(ScriptEngine.java:194)
	at com.kms.katalon.core.main.ScriptEngine.runScriptAsRawText(ScriptEngine.java:119)
	at com.kms.katalon.core.main.TestCaseExecutor.runScript(TestCaseExecutor.java:448)
	at com.kms.katalon.core.main.TestCaseExecutor.doExecute(TestCaseExecutor.java:439)
	at com.kms.katalon.core.main.TestCaseExecutor.processExecutionPhase(TestCaseExecutor.java:418)
	at com.kms.katalon.core.main.TestCaseExecutor.accessMainPhase(TestCaseExecutor.java:410)
	at com.kms.katalon.core.main.TestCaseExecutor.execute(TestCaseExecutor.java:285)
	at com.kms.katalon.core.common.CommonExecutor.accessTestCaseMainPhase(CommonExecutor.java:65)
	at com.kms.katalon.core.main.TestSuiteExecutor.accessTestSuiteMainPhase(TestSuiteExecutor.java:150)
	at com.kms.katalon.core.main.TestSuiteExecutor.execute(TestSuiteExecutor.java:106)
	at com.kms.katalon.core.main.TestCaseMain.startTestSuite(TestCaseMain.java:180)
	at TempTestSuite1741028273844.run(TempTestSuite1741028273844.groovy:35)
	at java.base/jdk.internal.reflect.NativeMethodAccessorImpl.invoke0(Native Method)
	at java.base/jdk.internal.reflect.NativeMethodAccessorImpl.invoke(NativeMethodAccessorImpl.java:77)
	at java.base/jdk.internal.reflect.DelegatingMethodAccessorImpl.invoke(DelegatingMethodAccessorImpl.java:43)
)

03-03-2025T13:00:13 - [TEST_STEP][PASSED] - if (pending): null

03-03-2025T13:00:13 - [TEST_STEP][PASSED] - else: null

03-03-2025T13:00:13 - [TEST_STEP][PASSED] - outText = "Failed to find the Approval Pending page.": null

03-03-2025T13:00:13 - [TEST_STEP][PASSED] - println(outText): null

03-03-2025T13:00:13 - [TEST_STEP][PASSED] - outFile.append(outText + "
"): null

03-03-2025T13:00:13 - [TEST_STEP][PASSED] - markError("
" + outText): null

03-03-2025T13:00:13 - [TEST_STEP][PASSED] - callTestCase(findTestCase("_Functions/Generic Wait for Email"), ["varFromKey":"chris.kosieracki@missionnext.org", "varSubjectKey":"Approval request", "varSearchKey":username], STOP_ON_FAILURE): Call Test Case 'Test Cases/_Functions/Generic Wait for Email' successfully

03-03-2025T13:00:13 - [TEST_CASE][PASSED] - Test Cases/_Functions/Generic Wait for Email: Test Cases/_Functions/Generic Wait for Email

03-03-2025T13:00:13 - [TEST_STEP][PASSED] - waitTime = 4: null

03-03-2025T13:00:13 - [TEST_STEP][PASSED] - scriptStart = new java.util.Date(): null

03-03-2025T13:00:13 - [TEST_STEP][PASSED] - scriptInstant = scriptStart.toInstant(): null

03-03-2025T13:00:13 - [TEST_STEP][PASSED] - println(scriptStart): null

03-03-2025T13:00:13 - [TEST_STEP][PASSED] - println(scriptInstant): null

03-03-2025T13:00:13 - [TEST_STEP][PASSED] - returnCode = "": null

03-03-2025T13:00:13 - [TEST_STEP][PASSED] - if (binding.hasVariable("varSearchKey")): null

03-03-2025T13:00:13 - [TEST_STEP][PASSED] - searchKey = varSearchKey: null

03-03-2025T13:00:13 - [TEST_STEP][PASSED] - if (binding.hasVariable("varSubjectKey")): null

03-03-2025T13:00:13 - [TEST_STEP][PASSED] - subjectKey = varSubjectKey: null

03-03-2025T13:00:13 - [TEST_STEP][PASSED] - if (binding.hasVariable("varFromKey")): null

03-03-2025T13:00:13 - [TEST_STEP][PASSED] - fromKey = varFromKey: null

03-03-2025T13:00:13 - [TEST_STEP][PASSED] - isList = false: null

03-03-2025T13:00:13 - [TEST_STEP][PASSED] - if (fromKey instanceof java.util.List): null

03-03-2025T13:00:13 - [TEST_STEP][PASSED] - else: null

03-03-2025T13:00:13 - [TEST_STEP][PASSED] - fromKey = [fromKey]: null

03-03-2025T13:00:13 - [TEST_STEP][PASSED] - subjectKey = [subjectKey]: null

03-03-2025T13:00:13 - [TEST_STEP][PASSED] - searchKey = [searchKey]: null

03-03-2025T13:00:13 - [TEST_STEP][PASSED] - isList = false: null

03-03-2025T13:00:13 - [TEST_STEP][PASSED] - msgCount = fromKey.size(): null

03-03-2025T13:00:13 - [TEST_STEP][PASSED] - println(msgCount): null

03-03-2025T13:00:13 - [TEST_STEP][PASSED] - println(fromKey): null

03-03-2025T13:00:13 - [TEST_STEP][PASSED] - println(subjectKey): null

03-03-2025T13:00:13 - [TEST_STEP][PASSED] - println(searchKey): null

03-03-2025T13:00:13 - [TEST_STEP][PASSED] - writeFile = false: null

03-03-2025T13:00:13 - [TEST_STEP][PASSED] - if (outFile != ""): null

03-03-2025T13:00:13 - [TEST_STEP][PASSED] - myFile = outFile: null

03-03-2025T13:00:13 - [TEST_STEP][PASSED] - println(myFile): null

03-03-2025T13:00:13 - [TEST_STEP][PASSED] - outFile = new java.io.File(myFile): null

03-03-2025T13:00:13 - [TEST_STEP][PASSED] - writeFile = true: null

03-03-2025T13:00:13 - [TEST_STEP][PASSED] - host = "pop.gmail.com": null

03-03-2025T13:00:13 - [TEST_STEP][PASSED] - mailStoreType = "pop3": null

03-03-2025T13:00:13 - [TEST_STEP][PASSED] - username = "cktest01mn@gmail.com": null

03-03-2025T13:00:13 - [TEST_STEP][PASSED] - password = "sfesezftmpqxbbbd": null

03-03-2025T13:00:13 - [TEST_STEP][PASSED] - properties = new java.util.Properties(): null

03-03-2025T13:00:13 - [TEST_STEP][PASSED] - properties.put("mail.pop3.host", host): null

03-03-2025T13:00:13 - [TEST_STEP][PASSED] - properties.put("mail.pop3.port", "995"): null

03-03-2025T13:00:13 - [TEST_STEP][PASSED] - properties.put("mail.pop3.starttls.enable", "true"): null

03-03-2025T13:00:13 - [TEST_STEP][PASSED] - emailSession = Session.getDefaultInstance(properties): null

03-03-2025T13:00:13 - [TEST_STEP][PASSED] - store = emailSession.getStore("pop3s"): null

03-03-2025T13:00:13 - [TEST_STEP][PASSED] - store.connect(host, username, password): null

03-03-2025T13:00:13 - [TEST_STEP][PASSED] - emailFolder = <not implemented yet for class: org.codehaus.groovy.ast.expr.EmptyExpression>: null

03-03-2025T13:00:13 - [TEST_STEP][PASSED] - messages = []: null

03-03-2025T13:00:13 - [TEST_STEP][PASSED] - loopsMax = waitTime * 60 / 5: null

03-03-2025T13:00:13 - [TEST_STEP][PASSED] - emailFolder = store.getFolder("INBOX"): null

03-03-2025T13:00:13 - [TEST_STEP][PASSED] - emailFolder.open(READ_ONLY): null

03-03-2025T13:00:13 - [TEST_STEP][PASSED] - messages = emailFolder.getMessages(): null

03-03-2025T13:00:13 - [TEST_STEP][PASSED] - if (length == 0): null

03-03-2025T13:00:13 - [TEST_STEP][PASSED] - msgFound = false: null

03-03-2025T13:00:13 - [TEST_STEP][PASSED] - msgFoundCount = 0: null

03-03-2025T13:00:13 - [TEST_STEP][PASSED] - loops = 0: null

03-03-2025T13:00:13 - [TEST_STEP][PASSED] - while (length < msgCount && loops <= loopsMax): null

03-03-2025T13:00:13 - [TEST_STEP][PASSED] - outText = "messages.length---" + length: null

03-03-2025T13:00:13 - [TEST_STEP][PASSED] - println(outText): null

03-03-2025T13:00:13 - [TEST_STEP][PASSED] - if (writeFile): null

03-03-2025T13:00:13 - [TEST_STEP][PASSED] - outFile.append(outText + "
"): null

03-03-2025T13:00:13 - [TEST_STEP][PASSED] - emailNumber = 0: null

03-03-2025T13:00:13 - [TEST_STEP][PASSED] - if (length >= msgCount): null

03-03-2025T13:00:13 - [TEST_STEP][PASSED] - for (javax.mail.Message message : messages): null

03-03-2025T13:00:13 - [TEST_STEP][PASSED] - (emailNumber++): null

03-03-2025T13:00:13 - [TEST_STEP][PASSED] - println("
********* Processing email number " + emailNumber): null

03-03-2025T13:00:13 - [TEST_STEP][PASSED] - from = message.getFrom()[0]: null

03-03-2025T13:00:13 - [TEST_STEP][PASSED] - subject = message.getSubject(): null

03-03-2025T13:00:13 - [TEST_STEP][PASSED] - outText = "Found an email from " + from + " with the subject of " + subject + ".": null

03-03-2025T13:00:13 - [TEST_STEP][PASSED] - println(outText): null

03-03-2025T13:00:13 - [TEST_STEP][PASSED] - if (writeFile): null

03-03-2025T13:00:13 - [TEST_STEP][PASSED] - outFile.append(outText + "
"): null

03-03-2025T13:00:13 - [TEST_STEP][PASSED] - content = message.getContent(): null

03-03-2025T13:00:13 - [TEST_STEP][PASSED] - if (content instanceof java.lang.String): null

03-03-2025T13:00:13 - [TEST_STEP][PASSED] - else if (content instanceof javax.mail.Multipart): null

03-03-2025T13:00:13 - [TEST_STEP][PASSED] - println("It is multipart"): null

03-03-2025T13:00:13 - [TEST_STEP][PASSED] - mp = message.getContent(): null

03-03-2025T13:00:13 - [TEST_STEP][PASSED] - p = getBodyPart(0).getContent(): null

03-03-2025T13:00:13 - [TEST_STEP][PASSED] - body = p.toString(): null

03-03-2025T13:00:13 - [TEST_STEP][PASSED] - println("----- Subject is:" + subject): null

03-03-2025T13:00:13 - [TEST_STEP][PASSED] - for ([i = 0, i < msgCount, (i++)]): null

03-03-2025T13:00:13 - [TEST_STEP][PASSED] - println("********* Processing search number " + i): null

03-03-2025T13:00:13 - [TEST_STEP][PASSED] - println("==== subjectKey is:" + subjectKey[i]): null

03-03-2025T13:00:13 - [TEST_STEP][PASSED] - subjectMatch = subject.indexOf(subjectKey[i]): null

03-03-2025T13:00:13 - [TEST_STEP][PASSED] - println(subjectMatch): null

03-03-2025T13:00:13 - [TEST_STEP][PASSED] - if (subjectMatch >= 0): null

03-03-2025T13:00:13 - [TEST_STEP][PASSED] - println("----- From is:" + from): null

03-03-2025T13:00:13 - [TEST_STEP][PASSED] - println("==== fromKey is:" + fromKey[i]): null

03-03-2025T13:00:13 - [TEST_STEP][PASSED] - fromMatch = from.indexOf(fromKey[i]): null

03-03-2025T13:00:13 - [TEST_STEP][PASSED] - println(fromMatch): null

03-03-2025T13:00:13 - [TEST_STEP][PASSED] - if (subjectMatch >= 0 && fromMatch >= 0): null

03-03-2025T13:00:13 - [TEST_STEP][PASSED] - println("     ----- Body:" + body): null

03-03-2025T13:00:13 - [TEST_STEP][PASSED] - sentPos = body.indexOf("Sent:"): null

03-03-2025T13:00:13 - [TEST_STEP][PASSED] - toPos = body.indexOf("To:"): null

03-03-2025T13:00:13 - [TEST_STEP][PASSED] - msgBody = body: null

03-03-2025T13:00:13 - [TEST_STEP][PASSED] - if (searchKey[i] != "NA"): null

03-03-2025T13:00:13 - [TEST_STEP][PASSED] - if (msgBody.indexOf(searchKey[i]) >= 0): null

03-03-2025T13:00:13 - [TEST_STEP][PASSED] - msgFound = true: null

03-03-2025T13:00:13 - [TEST_STEP][PASSED] - outText = ">>>>> SearchKey " + searchKey[i] + " was found in the email.": null

03-03-2025T13:00:13 - [TEST_STEP][PASSED] - println(outText): null

03-03-2025T13:00:13 - [TEST_STEP][PASSED] - if (writeFile): null

03-03-2025T13:00:13 - [TEST_STEP][PASSED] - outFile.append(outText + "
"): null

03-03-2025T13:00:13 - [TEST_STEP][PASSED] - break: null

03-03-2025T13:00:13 - [TEST_STEP][PASSED] - if (msgFound): null

03-03-2025T13:00:13 - [TEST_STEP][PASSED] - (msgFoundCount++): null

03-03-2025T13:00:13 - [TEST_STEP][PASSED] - emailFolder.close(false): null

03-03-2025T13:00:14 - [TEST_STEP][PASSED] - if (msgFoundCount == fromKey.size()): null

03-03-2025T13:00:14 - [TEST_STEP][PASSED] - returnCode = "found": null

03-03-2025T13:00:14 - [TEST_STEP][PASSED] - store.close(): null

03-03-2025T13:00:14 - [MESSAGE][PASSED] - Call Test Case 'Test Cases/_Functions/Generic Wait for Email' successfully

03-03-2025T13:00:14 - [TEST_STEP][FAILED] - if (returnCode == "found"): Unable to call Test Case 'Test Cases/Journey Partner Profile/Complete Journey Partner Profile' (Root cause: com.kms.katalon.core.exception.StepFailedException: Call Test Case 'Test Cases/Journey Partner Profile/Complete Journey Partner Profile' failed
	at com.kms.katalon.core.keyword.builtin.CallTestCaseKeyword$_callTestCase_closure1.doCall(CallTestCaseKeyword.groovy:63)
	at com.kms.katalon.core.keyword.builtin.CallTestCaseKeyword$_callTestCase_closure1.call(CallTestCaseKeyword.groovy)
	at com.kms.katalon.core.keyword.internal.KeywordMain.runKeyword(KeywordMain.groovy:75)
	at com.kms.katalon.core.keyword.builtin.CallTestCaseKeyword.callTestCase(CallTestCaseKeyword.groovy:81)
	at com.kms.katalon.core.keyword.builtin.CallTestCaseKeyword.execute(CallTestCaseKeyword.groovy:44)
	at com.kms.katalon.core.keyword.internal.KeywordExecutor.executeKeywordForPlatform(KeywordExecutor.groovy:74)
	at com.kms.katalon.core.keyword.BuiltinKeywords.callTestCase(BuiltinKeywords.groovy:310)
	at jdk.internal.reflect.GeneratedMethodAccessor16.invoke(Unknown Source)
	at java.base/jdk.internal.reflect.DelegatingMethodAccessorImpl.invoke(DelegatingMethodAccessorImpl.java:43)
	at Register Journey Partner.run(Register Journey Partner:368)
	at com.kms.katalon.core.main.ScriptEngine.run(ScriptEngine.java:194)
	at com.kms.katalon.core.main.ScriptEngine.runScriptAsRawText(ScriptEngine.java:119)
	at com.kms.katalon.core.main.TestCaseExecutor.runScript(TestCaseExecutor.java:448)
	at com.kms.katalon.core.main.TestCaseExecutor.doExecute(TestCaseExecutor.java:439)
	at com.kms.katalon.core.main.TestCaseExecutor.processExecutionPhase(TestCaseExecutor.java:418)
	at com.kms.katalon.core.main.TestCaseExecutor.accessMainPhase(TestCaseExecutor.java:410)
	at com.kms.katalon.core.main.TestCaseExecutor.execute(TestCaseExecutor.java:285)
	at com.kms.katalon.core.common.CommonExecutor.accessTestCaseMainPhase(CommonExecutor.java:65)
	at com.kms.katalon.core.main.TestSuiteExecutor.accessTestSuiteMainPhase(TestSuiteExecutor.java:150)
	at com.kms.katalon.core.main.TestSuiteExecutor.execute(TestSuiteExecutor.java:106)
	at com.kms.katalon.core.main.TestCaseMain.startTestSuite(TestCaseMain.java:180)
	at TempTestSuite1741028273844.run(TempTestSuite1741028273844.groovy:35)
	at java.base/jdk.internal.reflect.NativeMethodAccessorImpl.invoke0(Native Method)
	at java.base/jdk.internal.reflect.NativeMethodAccessorImpl.invoke(NativeMethodAccessorImpl.java:77)
	at java.base/jdk.internal.reflect.DelegatingMethodAccessorImpl.invoke(DelegatingMethodAccessorImpl.java:43)
Caused by: com.kms.katalon.core.exception.StepFailedException: Call Test Case 'Test Cases/Journey Partner Profile/Tabs/Set IT Positions' failed
	at com.kms.katalon.core.keyword.builtin.CallTestCaseKeyword$_callTestCase_closure1.doCall(CallTestCaseKeyword.groovy:63)
	at com.kms.katalon.core.keyword.builtin.CallTestCaseKeyword$_callTestCase_closure1.call(CallTestCaseKeyword.groovy)
	at com.kms.katalon.core.keyword.internal.KeywordMain.runKeyword(KeywordMain.groovy:75)
	at com.kms.katalon.core.keyword.builtin.CallTestCaseKeyword.callTestCase(CallTestCaseKeyword.groovy:81)
	at com.kms.katalon.core.keyword.builtin.CallTestCaseKeyword.execute(CallTestCaseKeyword.groovy:44)
	at com.kms.katalon.core.keyword.internal.KeywordExecutor.executeKeywordForPlatform(KeywordExecutor.groovy:74)
	at com.kms.katalon.core.keyword.BuiltinKeywords.callTestCase(BuiltinKeywords.groovy:310)
	at jdk.internal.reflect.GeneratedMethodAccessor16.invoke(Unknown Source)
	at java.base/jdk.internal.reflect.DelegatingMethodAccessorImpl.invoke(DelegatingMethodAccessorImpl.java:43)
	at Complete Journey Partner Profile.run(Complete Journey Partner Profile:237)
	at com.kms.katalon.core.main.ScriptEngine.run(ScriptEngine.java:194)
	at com.kms.katalon.core.main.ScriptEngine.runScriptAsRawText(ScriptEngine.java:119)
	at com.kms.katalon.core.main.TestCaseExecutor.runScript(TestCaseExecutor.java:448)
	at com.kms.katalon.core.main.TestCaseExecutor.doExecute(TestCaseExecutor.java:439)
	at com.kms.katalon.core.main.TestCaseExecutor.processExecutionPhase(TestCaseExecutor.java:418)
	at com.kms.katalon.core.main.TestCaseExecutor.accessMainPhase(TestCaseExecutor.java:410)
	at com.kms.katalon.core.main.TestCaseExecutor.execute(TestCaseExecutor.java:285)
	at com.kms.katalon.core.main.TestCaseMain.runTestCase(TestCaseMain.java:137)
	at com.kms.katalon.core.keyword.builtin.CallTestCaseKeyword$_callTestCase_closure1.doCall(CallTestCaseKeyword.groovy:59)
	... 24 more
Caused by: com.kms.katalon.core.exception.StepFailedException: Call Test Case 'Test Cases/_Functions/Perform Action' failed
	at com.kms.katalon.core.keyword.builtin.CallTestCaseKeyword$_callTestCase_closure1.doCall(CallTestCaseKeyword.groovy:63)
	at com.kms.katalon.core.keyword.builtin.CallTestCaseKeyword$_callTestCase_closure1.call(CallTestCaseKeyword.groovy)
	at com.kms.katalon.core.keyword.internal.KeywordMain.runKeyword(KeywordMain.groovy:75)
	at com.kms.katalon.core.keyword.builtin.CallTestCaseKeyword.callTestCase(CallTestCaseKeyword.groovy:81)
	at com.kms.katalon.core.keyword.builtin.CallTestCaseKeyword.execute(CallTestCaseKeyword.groovy:44)
	at com.kms.katalon.core.keyword.internal.KeywordExecutor.executeKeywordForPlatform(KeywordExecutor.groovy:74)
	at com.kms.katalon.core.keyword.BuiltinKeywords.callTestCase(BuiltinKeywords.groovy:310)
	at jdk.internal.reflect.GeneratedMethodAccessor16.invoke(Unknown Source)
	at java.base/jdk.internal.reflect.DelegatingMethodAccessorImpl.invoke(DelegatingMethodAccessorImpl.java:43)
	at Set IT Positions.run(Set IT Positions:115)
	at com.kms.katalon.core.main.ScriptEngine.run(ScriptEngine.java:194)
	at com.kms.katalon.core.main.ScriptEngine.runScriptAsRawText(ScriptEngine.java:119)
	at com.kms.katalon.core.main.TestCaseExecutor.runScript(TestCaseExecutor.java:448)
	at com.kms.katalon.core.main.TestCaseExecutor.doExecute(TestCaseExecutor.java:439)
	at com.kms.katalon.core.main.TestCaseExecutor.processExecutionPhase(TestCaseExecutor.java:418)
	at com.kms.katalon.core.main.TestCaseExecutor.accessMainPhase(TestCaseExecutor.java:410)
	at com.kms.katalon.core.main.TestCaseExecutor.execute(TestCaseExecutor.java:285)
	at com.kms.katalon.core.main.TestCaseMain.runTestCase(TestCaseMain.java:137)
	at com.kms.katalon.core.keyword.builtin.CallTestCaseKeyword$_callTestCase_closure1.doCall(CallTestCaseKeyword.groovy:59)
	... 42 more
Caused by: com.kms.katalon.core.exception.StepFailedException: Unable to scroll to position x = 0, y = -150
	at com.kms.katalon.core.webui.keyword.internal.WebUIKeywordMain.stepFailed(WebUIKeywordMain.groovy:117)
	at com.kms.katalon.core.webui.keyword.internal.WebUIKeywordMain.runKeyword(WebUIKeywordMain.groovy:43)
	at com.kms.katalon.core.webui.keyword.builtin.ScrollToPositionKeyword.scrollToPosition(ScrollToPositionKeyword.groovy:85)
	at com.kms.katalon.core.webui.keyword.builtin.ScrollToPositionKeyword.execute(ScrollToPositionKeyword.groovy:68)
	at com.kms.katalon.core.keyword.internal.KeywordExecutor.executeKeywordForPlatform(KeywordExecutor.groovy:74)
	at com.kms.katalon.core.webui.keyword.WebUiBuiltInKeywords.scrollToPosition(WebUiBuiltInKeywords.groovy:4581)
	at Perform Action.run(Perform Action:47)
	at com.kms.katalon.core.main.ScriptEngine.run(ScriptEngine.java:194)
	at com.kms.katalon.core.main.ScriptEngine.runScriptAsRawText(ScriptEngine.java:119)
	at com.kms.katalon.core.main.TestCaseExecutor.runScript(TestCaseExecutor.java:448)
	at com.kms.katalon.core.main.TestCaseExecutor.doExecute(TestCaseExecutor.java:439)
	at com.kms.katalon.core.main.TestCaseExecutor.processExecutionPhase(TestCaseExecutor.java:418)
	at com.kms.katalon.core.main.TestCaseExecutor.accessMainPhase(TestCaseExecutor.java:410)
	at com.kms.katalon.core.main.TestCaseExecutor.execute(TestCaseExecutor.java:285)
	at com.kms.katalon.core.main.TestCaseMain.runTestCase(TestCaseMain.java:137)
	at com.kms.katalon.core.keyword.builtin.CallTestCaseKeyword$_callTestCase_closure1.doCall(CallTestCaseKeyword.groovy:59)
	... 60 more
Caused by: java.lang.IllegalArgumentException: Y must be >= 0
	at com.kms.katalon.core.webui.keyword.builtin.ScrollToPositionKeyword$_scrollToPosition_closure1.doCall(ScrollToPositionKeyword.groovy:80)
	at com.kms.katalon.core.webui.keyword.builtin.ScrollToPositionKeyword$_scrollToPosition_closure1.call(ScrollToPositionKeyword.groovy)
	at com.kms.katalon.core.webui.keyword.internal.WebUIKeywordMain.runKeyword(WebUIKeywordMain.groovy:35)
	... 74 more
)

03-03-2025T13:00:14 - [TEST_STEP][PASSED] - println("Approval request email for " + username + " was found"): null

03-03-2025T13:00:14 - [TEST_STEP][PASSED] - closeBrowser(): Browser is closed

03-03-2025T13:00:14 - [MESSAGE][PASSED] - Browser is closed

03-03-2025T13:00:14 - [TEST_STEP][PASSED] - callTestCase(findTestCase("Admin/Grant Access"), ["varUsername":username], STOP_ON_FAILURE): Call Test Case 'Test Cases/Admin/Grant Access' successfully

03-03-2025T13:00:14 - [TEST_CASE][PASSED] - Test Cases/Admin/Grant Access: Test Cases/Admin/Grant Access

03-03-2025T13:00:14 - [TEST_STEP][PASSED] - if (binding.hasVariable("varUsername")): null

03-03-2025T13:00:14 - [TEST_STEP][PASSED] - username = varUsername: null

03-03-2025T13:00:14 - [TEST_STEP][PASSED] - writeFile = false: null

03-03-2025T13:00:14 - [TEST_STEP][PASSED] - if (outFile != ""): null

03-03-2025T13:00:14 - [TEST_STEP][PASSED] - myFile = outFile: null

03-03-2025T13:00:14 - [TEST_STEP][PASSED] - println(myFile): null

03-03-2025T13:00:14 - [TEST_STEP][PASSED] - outFile = new java.io.File(myFile): null

03-03-2025T13:00:14 - [TEST_STEP][PASSED] - writeFile = true: null

03-03-2025T13:00:14 - [TEST_STEP][PASSED] - domain = domain: null

03-03-2025T13:00:14 - [TEST_STEP][PASSED] - url = "https://api." + domain: null

03-03-2025T13:00:14 - [TEST_STEP][PASSED] - openBrowser(""): Browser is opened with url: ''

03-03-2025T13:00:14 - [MESSAGE][INFO] - Starting 'Chrome' driver

03-03-2025T13:00:14 - [MESSAGE][INFO] - Action delay is set to 0 milliseconds

03-03-2025T13:00:15 - [MESSAGE][PASSED] - Browser is opened with url: ''

03-03-2025T13:00:15 - [TEST_STEP][PASSED] - navigateToUrl(url): Navigate to 'https://api.missionnext.org' successfully

03-03-2025T13:00:15 - [MESSAGE][PASSED] - Navigate to 'https://api.missionnext.org' successfully

03-03-2025T13:00:15 - [TEST_STEP][PASSED] - setText(findTestObject("Admin/API Login/input_username"), "chriskosieracki"): Text 'chriskosieracki' is set on object 'Object Repository/Admin/API Login/input_username'

03-03-2025T13:00:15 - [MESSAGE][PASSED] - Text 'chriskosieracki' is set on object 'Object Repository/Admin/API Login/input_username'

03-03-2025T13:00:15 - [TEST_STEP][PASSED] - setEncryptedText(findTestObject("Admin/API Login/input_password"), "4Q/2PF7UjxevAl0v0kCS+w=="): Text ****** has been set on object 'Object Repository/Admin/API Login/input_password'

03-03-2025T13:00:16 - [MESSAGE][PASSED] - Text ****** has been set on object 'Object Repository/Admin/API Login/input_password'

03-03-2025T13:00:16 - [TEST_STEP][PASSED] - click(findTestObject("Admin/API Login/btn_Sign in")): Object: 'Object Repository/Admin/API Login/btn_Sign in' is clicked on

03-03-2025T13:00:16 - [MESSAGE][PASSED] - Object: 'Object Repository/Admin/API Login/btn_Sign in' is clicked on

03-03-2025T13:00:16 - [TEST_STEP][PASSED] - click(findTestObject("Admin/API Dashboard/a_Users")): Object: 'Object Repository/Admin/API Dashboard/a_Users' is clicked on

03-03-2025T13:00:17 - [MESSAGE][PASSED] - Object: 'Object Repository/Admin/API Dashboard/a_Users' is clicked on

03-03-2025T13:00:17 - [TEST_STEP][PASSED] - setText(findTestObject("Object Repository/Admin/API Dashboard/input_User_search"), username): Text 'cktest07jp' is set on object 'Object Repository/Admin/API Dashboard/input_User_search'

03-03-2025T13:00:17 - [MESSAGE][PASSED] - Text 'cktest07jp' is set on object 'Object Repository/Admin/API Dashboard/input_User_search'

03-03-2025T13:00:17 - [TEST_STEP][PASSED] - delay(5): Delayed 5 second(s)

03-03-2025T13:00:22 - [MESSAGE][PASSED] - Delayed 5 second(s)

03-03-2025T13:00:22 - [TEST_STEP][PASSED] - driver = getWebDriver(): null

03-03-2025T13:00:22 - [TEST_STEP][PASSED] - Table = driver.findElement(By.xpath("//*[@id="default-rezult"]/table")): null

03-03-2025T13:00:22 - [TEST_STEP][PASSED] - Rows = Table.findElements(By.tagName("tr")): null

03-03-2025T13:00:22 - [TEST_STEP][PASSED] - row_count = Rows.size(): null

03-03-2025T13:00:22 - [TEST_STEP][PASSED] - for ([row = 1, row < row_count, (row++)]): null

03-03-2025T13:00:22 - [TEST_STEP][PASSED] - Columns = get(row).findElements(By.tagName("td")): null

03-03-2025T13:00:22 - [TEST_STEP][PASSED] - user = get(1).getText(): null

03-03-2025T13:00:22 - [TEST_STEP][PASSED] - if (user.indexOf(username) >= 0): null

03-03-2025T13:00:22 - [TEST_STEP][PASSED] - get(1).click(): null

03-03-2025T13:00:22 - [TEST_STEP][PASSED] - delay(5): Delayed 5 second(s)

03-03-2025T13:00:27 - [MESSAGE][PASSED] - Delayed 5 second(s)

03-03-2025T13:00:27 - [TEST_STEP][PASSED] - outText = "Granting access to " + username: null

03-03-2025T13:00:27 - [TEST_STEP][PASSED] - println("=====> " + outText): null

03-03-2025T13:00:27 - [TEST_STEP][PASSED] - if (writeFile): null

03-03-2025T13:00:27 - [TEST_STEP][PASSED] - outFile.append(outText + "
"): null

03-03-2025T13:00:27 - [TEST_STEP][PASSED] - click(findTestObject("Object Repository/Admin/API Dashboard/button_Grant Access")): Object: 'Object Repository/Admin/API Dashboard/button_Grant Access' is clicked on

03-03-2025T13:00:27 - [MESSAGE][PASSED] - Object: 'Object Repository/Admin/API Dashboard/button_Grant Access' is clicked on

03-03-2025T13:00:27 - [TEST_STEP][PASSED] - delay(1): Delayed 1 second(s)

03-03-2025T13:00:28 - [MESSAGE][PASSED] - Delayed 1 second(s)

03-03-2025T13:00:28 - [TEST_STEP][PASSED] - granted = false: null

03-03-2025T13:00:28 - [TEST_STEP][PASSED] - loops = 10: null

03-03-2025T13:00:28 - [TEST_STEP][PASSED] - loop = 0: null

03-03-2025T13:00:28 - [TEST_STEP][PASSED] - while (!(granted) && loop < loops): null

03-03-2025T13:00:28 - [TEST_STEP][PASSED] - granted = verifyTextPresent("ACCESS GRANTED", false, OPTIONAL): Text 'ACCESS GRANTED' is not present on page  (Root cause: com.kms.katalon.core.exception.StepFailedException: Text 'ACCESS GRANTED' is not present on page 
	at com.kms.katalon.core.webui.keyword.internal.WebUIKeywordMain.stepFailed(WebUIKeywordMain.groovy:117)
	at com.kms.katalon.core.webui.keyword.builtin.VerifyTextPresentKeyword$_verifyTextPresent_closure1.doCall(VerifyTextPresentKeyword.groovy:79)
	at com.kms.katalon.core.webui.keyword.builtin.VerifyTextPresentKeyword$_verifyTextPresent_closure1.call(VerifyTextPresentKeyword.groovy)
	at com.kms.katalon.core.webui.keyword.internal.WebUIKeywordMain.runKeyword(WebUIKeywordMain.groovy:35)
	at com.kms.katalon.core.webui.keyword.builtin.VerifyTextPresentKeyword.verifyTextPresent(VerifyTextPresentKeyword.groovy:83)
	at com.kms.katalon.core.webui.keyword.builtin.VerifyTextPresentKeyword.execute(VerifyTextPresentKeyword.groovy:68)
	at com.kms.katalon.core.keyword.internal.KeywordExecutor.executeKeywordForPlatform(KeywordExecutor.groovy:74)
	at com.kms.katalon.core.webui.keyword.WebUiBuiltInKeywords.verifyTextPresent(WebUiBuiltInKeywords.groovy:1746)
	at Grant Access.run(Grant Access:98)
	at com.kms.katalon.core.main.ScriptEngine.run(ScriptEngine.java:194)
	at com.kms.katalon.core.main.ScriptEngine.runScriptAsRawText(ScriptEngine.java:119)
	at com.kms.katalon.core.main.TestCaseExecutor.runScript(TestCaseExecutor.java:448)
	at com.kms.katalon.core.main.TestCaseExecutor.doExecute(TestCaseExecutor.java:439)
	at com.kms.katalon.core.main.TestCaseExecutor.processExecutionPhase(TestCaseExecutor.java:418)
	at com.kms.katalon.core.main.TestCaseExecutor.accessMainPhase(TestCaseExecutor.java:410)
	at com.kms.katalon.core.main.TestCaseExecutor.execute(TestCaseExecutor.java:285)
	at com.kms.katalon.core.main.TestCaseMain.runTestCase(TestCaseMain.java:137)
	at com.kms.katalon.core.keyword.builtin.CallTestCaseKeyword$_callTestCase_closure1.doCall(CallTestCaseKeyword.groovy:59)
	at com.kms.katalon.core.keyword.builtin.CallTestCaseKeyword$_callTestCase_closure1.call(CallTestCaseKeyword.groovy)
	at com.kms.katalon.core.keyword.internal.KeywordMain.runKeyword(KeywordMain.groovy:75)
	at com.kms.katalon.core.keyword.builtin.CallTestCaseKeyword.callTestCase(CallTestCaseKeyword.groovy:81)
	at com.kms.katalon.core.keyword.builtin.CallTestCaseKeyword.execute(CallTestCaseKeyword.groovy:44)
	at com.kms.katalon.core.keyword.internal.KeywordExecutor.executeKeywordForPlatform(KeywordExecutor.groovy:74)
	at com.kms.katalon.core.keyword.BuiltinKeywords.callTestCase(BuiltinKeywords.groovy:310)
	at jdk.internal.reflect.GeneratedMethodAccessor16.invoke(Unknown Source)
	at java.base/jdk.internal.reflect.DelegatingMethodAccessorImpl.invoke(DelegatingMethodAccessorImpl.java:43)
	at Register Journey Partner.run(Register Journey Partner:360)
	at com.kms.katalon.core.main.ScriptEngine.run(ScriptEngine.java:194)
	at com.kms.katalon.core.main.ScriptEngine.runScriptAsRawText(ScriptEngine.java:119)
	at com.kms.katalon.core.main.TestCaseExecutor.runScript(TestCaseExecutor.java:448)
	at com.kms.katalon.core.main.TestCaseExecutor.doExecute(TestCaseExecutor.java:439)
	at com.kms.katalon.core.main.TestCaseExecutor.processExecutionPhase(TestCaseExecutor.java:418)
	at com.kms.katalon.core.main.TestCaseExecutor.accessMainPhase(TestCaseExecutor.java:410)
	at com.kms.katalon.core.main.TestCaseExecutor.execute(TestCaseExecutor.java:285)
	at com.kms.katalon.core.common.CommonExecutor.accessTestCaseMainPhase(CommonExecutor.java:65)
	at com.kms.katalon.core.main.TestSuiteExecutor.accessTestSuiteMainPhase(TestSuiteExecutor.java:150)
	at com.kms.katalon.core.main.TestSuiteExecutor.execute(TestSuiteExecutor.java:106)
	at com.kms.katalon.core.main.TestCaseMain.startTestSuite(TestCaseMain.java:180)
	at TempTestSuite1741028273844.run(TempTestSuite1741028273844.groovy:35)
	at java.base/jdk.internal.reflect.NativeMethodAccessorImpl.invoke0(Native Method)
	at java.base/jdk.internal.reflect.NativeMethodAccessorImpl.invoke(NativeMethodAccessorImpl.java:77)
	at java.base/jdk.internal.reflect.DelegatingMethodAccessorImpl.invoke(DelegatingMethodAccessorImpl.java:43)
)

03-03-2025T13:00:28 - [MESSAGE][WARNING] - Text 'ACCESS GRANTED' is not present on page  (Root cause: com.kms.katalon.core.exception.StepFailedException: Text 'ACCESS GRANTED' is not present on page 
	at com.kms.katalon.core.webui.keyword.internal.WebUIKeywordMain.stepFailed(WebUIKeywordMain.groovy:117)
	at com.kms.katalon.core.webui.keyword.builtin.VerifyTextPresentKeyword$_verifyTextPresent_closure1.doCall(VerifyTextPresentKeyword.groovy:79)
	at com.kms.katalon.core.webui.keyword.builtin.VerifyTextPresentKeyword$_verifyTextPresent_closure1.call(VerifyTextPresentKeyword.groovy)
	at com.kms.katalon.core.webui.keyword.internal.WebUIKeywordMain.runKeyword(WebUIKeywordMain.groovy:35)
	at com.kms.katalon.core.webui.keyword.builtin.VerifyTextPresentKeyword.verifyTextPresent(VerifyTextPresentKeyword.groovy:83)
	at com.kms.katalon.core.webui.keyword.builtin.VerifyTextPresentKeyword.execute(VerifyTextPresentKeyword.groovy:68)
	at com.kms.katalon.core.keyword.internal.KeywordExecutor.executeKeywordForPlatform(KeywordExecutor.groovy:74)
	at com.kms.katalon.core.webui.keyword.WebUiBuiltInKeywords.verifyTextPresent(WebUiBuiltInKeywords.groovy:1746)
	at Grant Access.run(Grant Access:98)
	at com.kms.katalon.core.main.ScriptEngine.run(ScriptEngine.java:194)
	at com.kms.katalon.core.main.ScriptEngine.runScriptAsRawText(ScriptEngine.java:119)
	at com.kms.katalon.core.main.TestCaseExecutor.runScript(TestCaseExecutor.java:448)
	at com.kms.katalon.core.main.TestCaseExecutor.doExecute(TestCaseExecutor.java:439)
	at com.kms.katalon.core.main.TestCaseExecutor.processExecutionPhase(TestCaseExecutor.java:418)
	at com.kms.katalon.core.main.TestCaseExecutor.accessMainPhase(TestCaseExecutor.java:410)
	at com.kms.katalon.core.main.TestCaseExecutor.execute(TestCaseExecutor.java:285)
	at com.kms.katalon.core.main.TestCaseMain.runTestCase(TestCaseMain.java:137)
	at com.kms.katalon.core.keyword.builtin.CallTestCaseKeyword$_callTestCase_closure1.doCall(CallTestCaseKeyword.groovy:59)
	at com.kms.katalon.core.keyword.builtin.CallTestCaseKeyword$_callTestCase_closure1.call(CallTestCaseKeyword.groovy)
	at com.kms.katalon.core.keyword.internal.KeywordMain.runKeyword(KeywordMain.groovy:75)
	at com.kms.katalon.core.keyword.builtin.CallTestCaseKeyword.callTestCase(CallTestCaseKeyword.groovy:81)
	at com.kms.katalon.core.keyword.builtin.CallTestCaseKeyword.execute(CallTestCaseKeyword.groovy:44)
	at com.kms.katalon.core.keyword.internal.KeywordExecutor.executeKeywordForPlatform(KeywordExecutor.groovy:74)
	at com.kms.katalon.core.keyword.BuiltinKeywords.callTestCase(BuiltinKeywords.groovy:310)
	at jdk.internal.reflect.GeneratedMethodAccessor16.invoke(Unknown Source)
	at java.base/jdk.internal.reflect.DelegatingMethodAccessorImpl.invoke(DelegatingMethodAccessorImpl.java:43)
	at Register Journey Partner.run(Register Journey Partner:360)
	at com.kms.katalon.core.main.ScriptEngine.run(ScriptEngine.java:194)
	at com.kms.katalon.core.main.ScriptEngine.runScriptAsRawText(ScriptEngine.java:119)
	at com.kms.katalon.core.main.TestCaseExecutor.runScript(TestCaseExecutor.java:448)
	at com.kms.katalon.core.main.TestCaseExecutor.doExecute(TestCaseExecutor.java:439)
	at com.kms.katalon.core.main.TestCaseExecutor.processExecutionPhase(TestCaseExecutor.java:418)
	at com.kms.katalon.core.main.TestCaseExecutor.accessMainPhase(TestCaseExecutor.java:410)
	at com.kms.katalon.core.main.TestCaseExecutor.execute(TestCaseExecutor.java:285)
	at com.kms.katalon.core.common.CommonExecutor.accessTestCaseMainPhase(CommonExecutor.java:65)
	at com.kms.katalon.core.main.TestSuiteExecutor.accessTestSuiteMainPhase(TestSuiteExecutor.java:150)
	at com.kms.katalon.core.main.TestSuiteExecutor.execute(TestSuiteExecutor.java:106)
	at com.kms.katalon.core.main.TestCaseMain.startTestSuite(TestCaseMain.java:180)
	at TempTestSuite1741028273844.run(TempTestSuite1741028273844.groovy:35)
	at java.base/jdk.internal.reflect.NativeMethodAccessorImpl.invoke0(Native Method)
	at java.base/jdk.internal.reflect.NativeMethodAccessorImpl.invoke(NativeMethodAccessorImpl.java:77)
	at java.base/jdk.internal.reflect.DelegatingMethodAccessorImpl.invoke(DelegatingMethodAccessorImpl.java:43)
)

03-03-2025T13:00:28 - [TEST_STEP][PASSED] - delay(2): Delayed 2 second(s)

03-03-2025T13:00:30 - [MESSAGE][PASSED] - Delayed 2 second(s)

03-03-2025T13:00:30 - [TEST_STEP][PASSED] - (loop++): null

03-03-2025T13:00:30 - [TEST_STEP][PASSED] - granted = verifyTextPresent("ACCESS GRANTED", false, OPTIONAL): Text 'ACCESS GRANTED' is present on page 

03-03-2025T13:00:30 - [MESSAGE][PASSED] - Text 'ACCESS GRANTED' is present on page 

03-03-2025T13:00:30 - [TEST_STEP][PASSED] - delay(2): Delayed 2 second(s)

03-03-2025T13:00:32 - [MESSAGE][PASSED] - Delayed 2 second(s)

03-03-2025T13:00:32 - [TEST_STEP][PASSED] - (loop++): null

03-03-2025T13:00:32 - [TEST_STEP][PASSED] - if (granted): null

03-03-2025T13:00:32 - [TEST_STEP][PASSED] - outText = "Access granted to " + username: null

03-03-2025T13:00:32 - [TEST_STEP][PASSED] - println("=====> " + outText): null

03-03-2025T13:00:32 - [TEST_STEP][PASSED] - if (writeFile): null

03-03-2025T13:00:32 - [TEST_STEP][PASSED] - outFile.append(outText + "
"): null

03-03-2025T13:00:32 - [TEST_STEP][PASSED] - click(findTestObject("Object Repository/Admin/API Dashboard/a_Logout")): Object: 'Object Repository/Admin/API Dashboard/a_Logout' is clicked on

03-03-2025T13:00:32 - [MESSAGE][PASSED] - Object: 'Object Repository/Admin/API Dashboard/a_Logout' is clicked on

03-03-2025T13:00:32 - [TEST_STEP][PASSED] - break: null

03-03-2025T13:00:32 - [TEST_STEP][PASSED] - closeBrowser(): Browser is closed

03-03-2025T13:00:33 - [MESSAGE][PASSED] - Browser is closed

03-03-2025T13:00:33 - [MESSAGE][PASSED] - Call Test Case 'Test Cases/Admin/Grant Access' successfully

03-03-2025T13:00:33 - [TEST_STEP][PASSED] - callTestCase(findTestCase("Admin/Create Subscription"), ["varUsername":username, "varType":"Journey", "varRole":"Organization"], STOP_ON_FAILURE): Call Test Case 'Test Cases/Admin/Create Subscription' successfully

03-03-2025T13:00:33 - [TEST_CASE][PASSED] - Test Cases/Admin/Create Subscription: Test Cases/Admin/Create Subscription

03-03-2025T13:00:33 - [TEST_STEP][PASSED] - if (binding.hasVariable("varUsername")): null

03-03-2025T13:00:33 - [TEST_STEP][PASSED] - username = varUsername: null

03-03-2025T13:00:33 - [TEST_STEP][PASSED] - if (binding.hasVariable("varType")): null

03-03-2025T13:00:33 - [TEST_STEP][PASSED] - type = varType: null

03-03-2025T13:00:33 - [TEST_STEP][PASSED] - if (binding.hasVariable("varRole")): null

03-03-2025T13:00:33 - [TEST_STEP][PASSED] - role = varRole: null

03-03-2025T13:00:33 - [TEST_STEP][PASSED] - println("username is " + username): null

03-03-2025T13:00:33 - [TEST_STEP][PASSED] - println("type is " + type): null

03-03-2025T13:00:33 - [TEST_STEP][PASSED] - println("role is " + role): null

03-03-2025T13:00:33 - [TEST_STEP][PASSED] - writeFile = false: null

03-03-2025T13:00:33 - [TEST_STEP][PASSED] - if (outFile != ""): null

03-03-2025T13:00:33 - [TEST_STEP][PASSED] - myFile = outFile: null

03-03-2025T13:00:33 - [TEST_STEP][PASSED] - println(myFile): null

03-03-2025T13:00:33 - [TEST_STEP][PASSED] - outFile = new java.io.File(myFile): null

03-03-2025T13:00:33 - [TEST_STEP][PASSED] - writeFile = true: null

03-03-2025T13:00:33 - [TEST_STEP][PASSED] - domain = domain: null

03-03-2025T13:00:33 - [TEST_STEP][PASSED] - url = "https://ad." + domain: null

03-03-2025T13:00:33 - [TEST_STEP][PASSED] - openBrowser(""): Browser is opened with url: ''

03-03-2025T13:00:33 - [MESSAGE][INFO] - Starting 'Chrome' driver

03-03-2025T13:00:33 - [MESSAGE][INFO] - Action delay is set to 0 milliseconds

03-03-2025T13:00:33 - [MESSAGE][PASSED] - Browser is opened with url: ''

03-03-2025T13:00:33 - [TEST_STEP][PASSED] - navigateToUrl(url): Navigate to 'https://ad.missionnext.org' successfully

03-03-2025T13:00:34 - [MESSAGE][PASSED] - Navigate to 'https://ad.missionnext.org' successfully

03-03-2025T13:00:34 - [TEST_STEP][PASSED] - setText(findTestObject("Admin/Ad Login/input_Username"), "chriskosieracki"): Text 'chriskosieracki' is set on object 'Object Repository/Admin/Ad Login/input_Username'

03-03-2025T13:00:34 - [MESSAGE][PASSED] - Text 'chriskosieracki' is set on object 'Object Repository/Admin/Ad Login/input_Username'

03-03-2025T13:00:34 - [TEST_STEP][PASSED] - setEncryptedText(findTestObject("Admin/Ad Login/input_Password"), "fAJOXt1JExHva3VUYg96Og=="): Text ****** has been set on object 'Object Repository/Admin/Ad Login/input_Password'

03-03-2025T13:00:34 - [MESSAGE][PASSED] - Text ****** has been set on object 'Object Repository/Admin/Ad Login/input_Password'

03-03-2025T13:00:34 - [TEST_STEP][PASSED] - click(findTestObject("Admin/Ad Login/btn_Submit")): Object: 'Object Repository/Admin/Ad Login/btn_Submit' is clicked on

03-03-2025T13:00:34 - [MESSAGE][PASSED] - Object: 'Object Repository/Admin/Ad Login/btn_Submit' is clicked on

03-03-2025T13:00:34 - [TEST_STEP][PASSED] - click(findTestObject("Object Repository/Admin/Ad Subscription Utility/a_Subscription Information  Administration")): Object: 'Object Repository/Admin/Ad Subscription Utility/a_Subscription Information  Administration' is clicked on

03-03-2025T13:00:36 - [MESSAGE][PASSED] - Object: 'Object Repository/Admin/Ad Subscription Utility/a_Subscription Information  Administration' is clicked on

03-03-2025T13:00:36 - [TEST_STEP][PASSED] - click(findTestObject("Admin/Ad Subscription Utility/select_Website")): Object: 'Object Repository/Admin/Ad Subscription Utility/select_Website' is clicked on

03-03-2025T13:00:36 - [MESSAGE][PASSED] - Object: 'Object Repository/Admin/Ad Subscription Utility/select_Website' is clicked on

03-03-2025T13:00:36 - [TEST_STEP][PASSED] - delay(1): Delayed 1 second(s)

03-03-2025T13:00:37 - [MESSAGE][PASSED] - Delayed 1 second(s)

03-03-2025T13:00:37 - [TEST_STEP][PASSED] - selectOptionByLabel(findTestObject("Object Repository/Admin/Ad Subscription Utility/select_Website"), type, false): All options with label 'Journey' are selected in object 'Object Repository/Admin/Ad Subscription Utility/select_Website' 

03-03-2025T13:00:37 - [MESSAGE][PASSED] - All options with label 'Journey' are selected in object 'Object Repository/Admin/Ad Subscription Utility/select_Website' 

03-03-2025T13:00:37 - [TEST_STEP][PASSED] - selectOptionByLabel(findTestObject("Object Repository/Admin/Ad Subscription Utility/select_Role"), role, false): All options with label 'Organization' are selected in object 'Object Repository/Admin/Ad Subscription Utility/select_Role' 

03-03-2025T13:00:37 - [MESSAGE][PASSED] - All options with label 'Organization' are selected in object 'Object Repository/Admin/Ad Subscription Utility/select_Role' 

03-03-2025T13:00:37 - [TEST_STEP][PASSED] - delay(1): Delayed 1 second(s)

03-03-2025T13:00:38 - [MESSAGE][PASSED] - Delayed 1 second(s)

03-03-2025T13:00:38 - [TEST_STEP][PASSED] - click(findTestObject("Admin/Ad Subscription Utility/option_" + role)): Object: 'Object Repository/Admin/Ad Subscription Utility/option_Organization' is clicked on

03-03-2025T13:00:38 - [MESSAGE][PASSED] - Object: 'Object Repository/Admin/Ad Subscription Utility/option_Organization' is clicked on

03-03-2025T13:00:38 - [TEST_STEP][PASSED] - click(findTestObject("Admin/Ad Subscription Utility/btn_Add Subscription Entry")): Object: 'Object Repository/Admin/Ad Subscription Utility/btn_Add Subscription Entry' is clicked on

03-03-2025T13:00:39 - [MESSAGE][PASSED] - Object: 'Object Repository/Admin/Ad Subscription Utility/btn_Add Subscription Entry' is clicked on

03-03-2025T13:00:39 - [TEST_STEP][PASSED] - delay(2): Delayed 2 second(s)

03-03-2025T13:00:41 - [MESSAGE][PASSED] - Delayed 2 second(s)

03-03-2025T13:00:41 - [TEST_STEP][PASSED] - driver = getWebDriver(): null

03-03-2025T13:00:41 - [TEST_STEP][PASSED] - Table = driver.findElement(By.xpath("//p[4]/table")): null

03-03-2025T13:00:41 - [TEST_STEP][PASSED] - Rows = Table.findElements(By.tagName("tr")): null

03-03-2025T13:00:41 - [TEST_STEP][PASSED] - row_count = Rows.size(): null

03-03-2025T13:00:41 - [TEST_STEP][PASSED] - found = false: null

03-03-2025T13:00:41 - [TEST_STEP][PASSED] - for ([row = 1, row < row_count, (row++)]): null

03-03-2025T13:00:41 - [TEST_STEP][PASSED] - Columns = get(row).findElements(By.tagName("td")): null

03-03-2025T13:00:41 - [TEST_STEP][PASSED] - user = get(8).getText(): null

03-03-2025T13:00:41 - [TEST_STEP][PASSED] - if (user.indexOf(username) >= 0): null

03-03-2025T13:00:41 - [TEST_STEP][PASSED] - Columns = get(row).findElements(By.tagName("td")): null

03-03-2025T13:00:41 - [TEST_STEP][PASSED] - user = get(8).getText(): null

03-03-2025T13:00:41 - [TEST_STEP][PASSED] - if (user.indexOf(username) >= 0): null

03-03-2025T13:00:41 - [TEST_STEP][PASSED] - Columns = get(row).findElements(By.tagName("td")): null

03-03-2025T13:00:41 - [TEST_STEP][PASSED] - user = get(8).getText(): null

03-03-2025T13:00:41 - [TEST_STEP][PASSED] - if (user.indexOf(username) >= 0): null

03-03-2025T13:00:41 - [TEST_STEP][PASSED] - Columns = get(row).findElements(By.tagName("td")): null

03-03-2025T13:00:41 - [TEST_STEP][PASSED] - user = get(8).getText(): null

03-03-2025T13:00:41 - [TEST_STEP][PASSED] - if (user.indexOf(username) >= 0): null

03-03-2025T13:00:41 - [TEST_STEP][PASSED] - Columns = get(row).findElements(By.tagName("td")): null

03-03-2025T13:00:41 - [TEST_STEP][PASSED] - user = get(8).getText(): null

03-03-2025T13:00:41 - [TEST_STEP][PASSED] - if (user.indexOf(username) >= 0): null

03-03-2025T13:00:41 - [TEST_STEP][PASSED] - Columns = get(row).findElements(By.tagName("td")): null

03-03-2025T13:00:41 - [TEST_STEP][PASSED] - user = get(8).getText(): null

03-03-2025T13:00:41 - [TEST_STEP][PASSED] - if (user.indexOf(username) >= 0): null

03-03-2025T13:00:41 - [TEST_STEP][PASSED] - Columns = get(row).findElements(By.tagName("td")): null

03-03-2025T13:00:41 - [TEST_STEP][PASSED] - user = get(8).getText(): null

03-03-2025T13:00:41 - [TEST_STEP][PASSED] - if (user.indexOf(username) >= 0): null

03-03-2025T13:00:41 - [TEST_STEP][PASSED] - Columns = get(row).findElements(By.tagName("td")): null

03-03-2025T13:00:41 - [TEST_STEP][PASSED] - user = get(8).getText(): null

03-03-2025T13:00:41 - [TEST_STEP][PASSED] - if (user.indexOf(username) >= 0): null

03-03-2025T13:00:41 - [TEST_STEP][PASSED] - Columns = get(row).findElements(By.tagName("td")): null

03-03-2025T13:00:41 - [TEST_STEP][PASSED] - user = get(8).getText(): null

03-03-2025T13:00:41 - [TEST_STEP][PASSED] - if (user.indexOf(username) >= 0): null

03-03-2025T13:00:41 - [TEST_STEP][PASSED] - Columns = get(row).findElements(By.tagName("td")): null

03-03-2025T13:00:41 - [TEST_STEP][PASSED] - user = get(8).getText(): null

03-03-2025T13:00:41 - [TEST_STEP][PASSED] - if (user.indexOf(username) >= 0): null

03-03-2025T13:00:41 - [TEST_STEP][PASSED] - Columns = get(row).findElements(By.tagName("td")): null

03-03-2025T13:00:41 - [TEST_STEP][PASSED] - user = get(8).getText(): null

03-03-2025T13:00:41 - [TEST_STEP][PASSED] - if (user.indexOf(username) >= 0): null

03-03-2025T13:00:41 - [TEST_STEP][PASSED] - Columns = get(row).findElements(By.tagName("td")): null

03-03-2025T13:00:41 - [TEST_STEP][PASSED] - user = get(8).getText(): null

03-03-2025T13:00:41 - [TEST_STEP][PASSED] - if (user.indexOf(username) >= 0): null

03-03-2025T13:00:41 - [TEST_STEP][PASSED] - Columns = get(row).findElements(By.tagName("td")): null

03-03-2025T13:00:41 - [TEST_STEP][PASSED] - user = get(8).getText(): null

03-03-2025T13:00:41 - [TEST_STEP][PASSED] - if (user.indexOf(username) >= 0): null

03-03-2025T13:00:41 - [TEST_STEP][PASSED] - Columns = get(row).findElements(By.tagName("td")): null

03-03-2025T13:00:41 - [TEST_STEP][PASSED] - user = get(8).getText(): null

03-03-2025T13:00:41 - [TEST_STEP][PASSED] - if (user.indexOf(username) >= 0): null

03-03-2025T13:00:41 - [TEST_STEP][PASSED] - Columns = get(row).findElements(By.tagName("td")): null

03-03-2025T13:00:41 - [TEST_STEP][PASSED] - user = get(8).getText(): null

03-03-2025T13:00:41 - [TEST_STEP][PASSED] - if (user.indexOf(username) >= 0): null

03-03-2025T13:00:41 - [TEST_STEP][PASSED] - Columns = get(row).findElements(By.tagName("td")): null

03-03-2025T13:00:41 - [TEST_STEP][PASSED] - user = get(8).getText(): null

03-03-2025T13:00:41 - [TEST_STEP][PASSED] - if (user.indexOf(username) >= 0): null

03-03-2025T13:00:41 - [TEST_STEP][PASSED] - Columns = get(row).findElements(By.tagName("td")): null

03-03-2025T13:00:41 - [TEST_STEP][PASSED] - user = get(8).getText(): null

03-03-2025T13:00:41 - [TEST_STEP][PASSED] - if (user.indexOf(username) >= 0): null

03-03-2025T13:00:41 - [TEST_STEP][PASSED] - Columns = get(row).findElements(By.tagName("td")): null

03-03-2025T13:00:41 - [TEST_STEP][PASSED] - user = get(8).getText(): null

03-03-2025T13:00:41 - [TEST_STEP][PASSED] - if (user.indexOf(username) >= 0): null

03-03-2025T13:00:41 - [TEST_STEP][PASSED] - Columns = get(row).findElements(By.tagName("td")): null

03-03-2025T13:00:41 - [TEST_STEP][PASSED] - user = get(8).getText(): null

03-03-2025T13:00:41 - [TEST_STEP][PASSED] - if (user.indexOf(username) >= 0): null

03-03-2025T13:00:41 - [TEST_STEP][PASSED] - Columns = get(row).findElements(By.tagName("td")): null

03-03-2025T13:00:41 - [TEST_STEP][PASSED] - user = get(8).getText(): null

03-03-2025T13:00:41 - [TEST_STEP][PASSED] - if (user.indexOf(username) >= 0): null

03-03-2025T13:00:41 - [TEST_STEP][PASSED] - Columns = get(row).findElements(By.tagName("td")): null

03-03-2025T13:00:41 - [TEST_STEP][PASSED] - user = get(8).getText(): null

03-03-2025T13:00:41 - [TEST_STEP][PASSED] - if (user.indexOf(username) >= 0): null

03-03-2025T13:00:41 - [TEST_STEP][PASSED] - Columns = get(row).findElements(By.tagName("td")): null

03-03-2025T13:00:41 - [TEST_STEP][PASSED] - user = get(8).getText(): null

03-03-2025T13:00:41 - [TEST_STEP][PASSED] - if (user.indexOf(username) >= 0): null

03-03-2025T13:00:41 - [TEST_STEP][PASSED] - Columns = get(row).findElements(By.tagName("td")): null

03-03-2025T13:00:41 - [TEST_STEP][PASSED] - user = get(8).getText(): null

03-03-2025T13:00:41 - [TEST_STEP][PASSED] - if (user.indexOf(username) >= 0): null

03-03-2025T13:00:41 - [TEST_STEP][PASSED] - Columns = get(row).findElements(By.tagName("td")): null

03-03-2025T13:00:41 - [TEST_STEP][PASSED] - user = get(8).getText(): null

03-03-2025T13:00:41 - [TEST_STEP][PASSED] - if (user.indexOf(username) >= 0): null

03-03-2025T13:00:41 - [TEST_STEP][PASSED] - Columns = get(row).findElements(By.tagName("td")): null

03-03-2025T13:00:41 - [TEST_STEP][PASSED] - user = get(8).getText(): null

03-03-2025T13:00:41 - [TEST_STEP][PASSED] - if (user.indexOf(username) >= 0): null

03-03-2025T13:00:41 - [TEST_STEP][PASSED] - Columns = get(row).findElements(By.tagName("td")): null

03-03-2025T13:00:41 - [TEST_STEP][PASSED] - user = get(8).getText(): null

03-03-2025T13:00:41 - [TEST_STEP][PASSED] - if (user.indexOf(username) >= 0): null

03-03-2025T13:00:41 - [TEST_STEP][PASSED] - Columns = get(row).findElements(By.tagName("td")): null

03-03-2025T13:00:41 - [TEST_STEP][PASSED] - user = get(8).getText(): null

03-03-2025T13:00:41 - [TEST_STEP][PASSED] - if (user.indexOf(username) >= 0): null

03-03-2025T13:00:41 - [TEST_STEP][PASSED] - Columns = get(row).findElements(By.tagName("td")): null

03-03-2025T13:00:41 - [TEST_STEP][PASSED] - user = get(8).getText(): null

03-03-2025T13:00:41 - [TEST_STEP][PASSED] - if (user.indexOf(username) >= 0): null

03-03-2025T13:00:41 - [TEST_STEP][PASSED] - Columns = get(row).findElements(By.tagName("td")): null

03-03-2025T13:00:41 - [TEST_STEP][PASSED] - user = get(8).getText(): null

03-03-2025T13:00:41 - [TEST_STEP][PASSED] - if (user.indexOf(username) >= 0): null

03-03-2025T13:00:41 - [TEST_STEP][PASSED] - Columns = get(row).findElements(By.tagName("td")): null

03-03-2025T13:00:41 - [TEST_STEP][PASSED] - user = get(8).getText(): null

03-03-2025T13:00:41 - [TEST_STEP][PASSED] - if (user.indexOf(username) >= 0): null

03-03-2025T13:00:41 - [TEST_STEP][PASSED] - Columns = get(row).findElements(By.tagName("td")): null

03-03-2025T13:00:41 - [TEST_STEP][PASSED] - user = get(8).getText(): null

03-03-2025T13:00:41 - [TEST_STEP][PASSED] - if (user.indexOf(username) >= 0): null

03-03-2025T13:00:41 - [TEST_STEP][PASSED] - Columns = get(row).findElements(By.tagName("td")): null

03-03-2025T13:00:41 - [TEST_STEP][PASSED] - user = get(8).getText(): null

03-03-2025T13:00:41 - [TEST_STEP][PASSED] - if (user.indexOf(username) >= 0): null

03-03-2025T13:00:41 - [TEST_STEP][PASSED] - Columns = get(row).findElements(By.tagName("td")): null

03-03-2025T13:00:41 - [TEST_STEP][PASSED] - user = get(8).getText(): null

03-03-2025T13:00:41 - [TEST_STEP][PASSED] - if (user.indexOf(username) >= 0): null

03-03-2025T13:00:41 - [TEST_STEP][PASSED] - Columns = get(row).findElements(By.tagName("td")): null

03-03-2025T13:00:41 - [TEST_STEP][PASSED] - user = get(8).getText(): null

03-03-2025T13:00:41 - [TEST_STEP][PASSED] - if (user.indexOf(username) >= 0): null

03-03-2025T13:00:41 - [TEST_STEP][PASSED] - Columns = get(row).findElements(By.tagName("td")): null

03-03-2025T13:00:41 - [TEST_STEP][PASSED] - user = get(8).getText(): null

03-03-2025T13:00:41 - [TEST_STEP][PASSED] - if (user.indexOf(username) >= 0): null

03-03-2025T13:00:41 - [TEST_STEP][PASSED] - Columns = get(row).findElements(By.tagName("td")): null

03-03-2025T13:00:41 - [TEST_STEP][PASSED] - user = get(8).getText(): null

03-03-2025T13:00:41 - [TEST_STEP][PASSED] - if (user.indexOf(username) >= 0): null

03-03-2025T13:00:41 - [TEST_STEP][PASSED] - Columns = get(row).findElements(By.tagName("td")): null

03-03-2025T13:00:41 - [TEST_STEP][PASSED] - user = get(8).getText(): null

03-03-2025T13:00:41 - [TEST_STEP][PASSED] - if (user.indexOf(username) >= 0): null

03-03-2025T13:00:41 - [TEST_STEP][PASSED] - Columns = get(row).findElements(By.tagName("td")): null

03-03-2025T13:00:41 - [TEST_STEP][PASSED] - user = get(8).getText(): null

03-03-2025T13:00:41 - [TEST_STEP][PASSED] - if (user.indexOf(username) >= 0): null

03-03-2025T13:00:41 - [TEST_STEP][PASSED] - Columns = get(row).findElements(By.tagName("td")): null

03-03-2025T13:00:41 - [TEST_STEP][PASSED] - user = get(8).getText(): null

03-03-2025T13:00:41 - [TEST_STEP][PASSED] - if (user.indexOf(username) >= 0): null

03-03-2025T13:00:41 - [TEST_STEP][PASSED] - Columns = get(row).findElements(By.tagName("td")): null

03-03-2025T13:00:41 - [TEST_STEP][PASSED] - user = get(8).getText(): null

03-03-2025T13:00:41 - [TEST_STEP][PASSED] - if (user.indexOf(username) >= 0): null

03-03-2025T13:00:41 - [TEST_STEP][PASSED] - Columns = get(row).findElements(By.tagName("td")): null

03-03-2025T13:00:41 - [TEST_STEP][PASSED] - user = get(8).getText(): null

03-03-2025T13:00:41 - [TEST_STEP][PASSED] - if (user.indexOf(username) >= 0): null

03-03-2025T13:00:41 - [TEST_STEP][PASSED] - found = true: null

03-03-2025T13:00:41 - [TEST_STEP][PASSED] - outText = "Creating subscription for " + username: null

03-03-2025T13:00:41 - [TEST_STEP][PASSED] - println("=====> " + outText): null

03-03-2025T13:00:41 - [TEST_STEP][PASSED] - if (writeFile): null

03-03-2025T13:00:41 - [TEST_STEP][PASSED] - outFile.append(outText + "
"): null

03-03-2025T13:00:41 - [TEST_STEP][PASSED] - get(4).click(): null

03-03-2025T13:00:43 - [TEST_STEP][PASSED] - delay(2): Delayed 2 second(s)

03-03-2025T13:00:45 - [MESSAGE][PASSED] - Delayed 2 second(s)

03-03-2025T13:00:45 - [TEST_STEP][PASSED] - click(findTestObject("Admin/Ad Subscription Utility/a_Add a subscription record")): Object: 'Object Repository/Admin/Ad Subscription Utility/a_Add a subscription record' is clicked on

03-03-2025T13:00:45 - [MESSAGE][PASSED] - Object: 'Object Repository/Admin/Ad Subscription Utility/a_Add a subscription record' is clicked on

03-03-2025T13:00:45 - [TEST_STEP][PASSED] - delay(2): Delayed 2 second(s)

03-03-2025T13:00:47 - [MESSAGE][PASSED] - Delayed 2 second(s)

03-03-2025T13:00:47 - [TEST_STEP][PASSED] - if (type == "Education"): null

03-03-2025T13:00:47 - [TEST_STEP][PASSED] - else: Object: 'Object Repository/Admin/Ad Subscription Utility/Subscription Edit/radio_Journey app' is clicked on

03-03-2025T13:00:47 - [TEST_STEP][PASSED] - if (type == "Journey"): Object: 'Object Repository/Admin/Ad Subscription Utility/Subscription Edit/radio_Journey app' is clicked on

03-03-2025T13:00:47 - [TEST_STEP][PASSED] - click(findTestObject("Object Repository/Admin/Ad Subscription Utility/Subscription Edit/radio_Journey app")): Object: 'Object Repository/Admin/Ad Subscription Utility/Subscription Edit/radio_Journey app' is clicked on

03-03-2025T13:00:47 - [MESSAGE][PASSED] - Object: 'Object Repository/Admin/Ad Subscription Utility/Subscription Edit/radio_Journey app' is clicked on

03-03-2025T13:00:47 - [TEST_STEP][PASSED] - date = new java.util.Date(): null

03-03-2025T13:00:47 - [TEST_STEP][PASSED] - start = date.format("yyyy-MM-dd"): null

03-03-2025T13:00:47 - [TEST_STEP][PASSED] - year = start.substring(0, 4): null

03-03-2025T13:00:47 - [TEST_STEP][PASSED] - month = start.substring(5, 7): null

03-03-2025T13:00:47 - [TEST_STEP][PASSED] - day = start.substring(8): null

03-03-2025T13:00:47 - [TEST_STEP][PASSED] - if (role == "Candidate"): null

03-03-2025T13:00:47 - [TEST_STEP][PASSED] - else: null

03-03-2025T13:00:47 - [TEST_STEP][PASSED] - endYear = year.toInteger() + 1: null

03-03-2025T13:00:47 - [TEST_STEP][PASSED] - end = endYear + "-" + month + "-" + day: null

03-03-2025T13:00:47 - [TEST_STEP][PASSED] - setText(findTestObject("Object Repository/Admin/Ad Subscription Utility/input_YYYY-MM-DD_start_date"), start): Text '2025-03-03' is set on object 'Object Repository/Admin/Ad Subscription Utility/input_YYYY-MM-DD_start_date'

03-03-2025T13:00:47 - [MESSAGE][PASSED] - Text '2025-03-03' is set on object 'Object Repository/Admin/Ad Subscription Utility/input_YYYY-MM-DD_start_date'

03-03-2025T13:00:47 - [TEST_STEP][PASSED] - setText(findTestObject("Object Repository/Admin/Ad Subscription Utility/input_YYYY-MM-DD_end_date"), end): Text '2026-03-03' is set on object 'Object Repository/Admin/Ad Subscription Utility/input_YYYY-MM-DD_end_date'

03-03-2025T13:00:47 - [MESSAGE][PASSED] - Text '2026-03-03' is set on object 'Object Repository/Admin/Ad Subscription Utility/input_YYYY-MM-DD_end_date'

03-03-2025T13:00:47 - [TEST_STEP][PASSED] - click(findTestObject("Object Repository/Admin/Ad Subscription Utility/btn_Add Subscription Entry")): Object: 'Object Repository/Admin/Ad Subscription Utility/btn_Add Subscription Entry' is clicked on

03-03-2025T13:00:47 - [MESSAGE][PASSED] - Object: 'Object Repository/Admin/Ad Subscription Utility/btn_Add Subscription Entry' is clicked on

03-03-2025T13:00:47 - [TEST_STEP][PASSED] - delay(2): Delayed 2 second(s)

03-03-2025T13:00:49 - [MESSAGE][PASSED] - Delayed 2 second(s)

03-03-2025T13:00:49 - [TEST_STEP][PASSED] - created = verifyElementVisible(findTestObject("Object Repository/Admin/Ad Subscription Utility/li_Record is successfully added"), STOP_ON_FAILURE): Object 'Object Repository/Admin/Ad Subscription Utility/li_Record is successfully added' is visible

03-03-2025T13:00:49 - [MESSAGE][PASSED] - Object 'Object Repository/Admin/Ad Subscription Utility/li_Record is successfully added' is visible

03-03-2025T13:00:49 - [TEST_STEP][PASSED] - if (created): null

03-03-2025T13:00:49 - [TEST_STEP][PASSED] - outText = "Subscription created for " + username: null

03-03-2025T13:00:49 - [TEST_STEP][PASSED] - println("=====> " + outText): null

03-03-2025T13:00:49 - [TEST_STEP][PASSED] - if (writeFile): null

03-03-2025T13:00:49 - [TEST_STEP][PASSED] - outFile.append(outText + "
"): null

03-03-2025T13:00:49 - [TEST_STEP][PASSED] - break: null

03-03-2025T13:00:49 - [TEST_STEP][PASSED] - if (!(found)): null

03-03-2025T13:00:49 - [TEST_STEP][PASSED] - closeBrowser(): Browser is closed

03-03-2025T13:00:49 - [MESSAGE][PASSED] - Browser is closed

03-03-2025T13:00:49 - [MESSAGE][PASSED] - Call Test Case 'Test Cases/Admin/Create Subscription' successfully

03-03-2025T13:00:49 - [TEST_STEP][FAILED] - if (!(registerOnly)): Unable to call Test Case 'Test Cases/Journey Partner Profile/Complete Journey Partner Profile' (Root cause: com.kms.katalon.core.exception.StepFailedException: Call Test Case 'Test Cases/Journey Partner Profile/Complete Journey Partner Profile' failed
	at com.kms.katalon.core.keyword.builtin.CallTestCaseKeyword$_callTestCase_closure1.doCall(CallTestCaseKeyword.groovy:63)
	at com.kms.katalon.core.keyword.builtin.CallTestCaseKeyword$_callTestCase_closure1.call(CallTestCaseKeyword.groovy)
	at com.kms.katalon.core.keyword.internal.KeywordMain.runKeyword(KeywordMain.groovy:75)
	at com.kms.katalon.core.keyword.builtin.CallTestCaseKeyword.callTestCase(CallTestCaseKeyword.groovy:81)
	at com.kms.katalon.core.keyword.builtin.CallTestCaseKeyword.execute(CallTestCaseKeyword.groovy:44)
	at com.kms.katalon.core.keyword.internal.KeywordExecutor.executeKeywordForPlatform(KeywordExecutor.groovy:74)
	at com.kms.katalon.core.keyword.BuiltinKeywords.callTestCase(BuiltinKeywords.groovy:310)
	at jdk.internal.reflect.GeneratedMethodAccessor16.invoke(Unknown Source)
	at java.base/jdk.internal.reflect.DelegatingMethodAccessorImpl.invoke(DelegatingMethodAccessorImpl.java:43)
	at Register Journey Partner.run(Register Journey Partner:368)
	at com.kms.katalon.core.main.ScriptEngine.run(ScriptEngine.java:194)
	at com.kms.katalon.core.main.ScriptEngine.runScriptAsRawText(ScriptEngine.java:119)
	at com.kms.katalon.core.main.TestCaseExecutor.runScript(TestCaseExecutor.java:448)
	at com.kms.katalon.core.main.TestCaseExecutor.doExecute(TestCaseExecutor.java:439)
	at com.kms.katalon.core.main.TestCaseExecutor.processExecutionPhase(TestCaseExecutor.java:418)
	at com.kms.katalon.core.main.TestCaseExecutor.accessMainPhase(TestCaseExecutor.java:410)
	at com.kms.katalon.core.main.TestCaseExecutor.execute(TestCaseExecutor.java:285)
	at com.kms.katalon.core.common.CommonExecutor.accessTestCaseMainPhase(CommonExecutor.java:65)
	at com.kms.katalon.core.main.TestSuiteExecutor.accessTestSuiteMainPhase(TestSuiteExecutor.java:150)
	at com.kms.katalon.core.main.TestSuiteExecutor.execute(TestSuiteExecutor.java:106)
	at com.kms.katalon.core.main.TestCaseMain.startTestSuite(TestCaseMain.java:180)
	at TempTestSuite1741028273844.run(TempTestSuite1741028273844.groovy:35)
	at java.base/jdk.internal.reflect.NativeMethodAccessorImpl.invoke0(Native Method)
	at java.base/jdk.internal.reflect.NativeMethodAccessorImpl.invoke(NativeMethodAccessorImpl.java:77)
	at java.base/jdk.internal.reflect.DelegatingMethodAccessorImpl.invoke(DelegatingMethodAccessorImpl.java:43)
Caused by: com.kms.katalon.core.exception.StepFailedException: Call Test Case 'Test Cases/Journey Partner Profile/Tabs/Set IT Positions' failed
	at com.kms.katalon.core.keyword.builtin.CallTestCaseKeyword$_callTestCase_closure1.doCall(CallTestCaseKeyword.groovy:63)
	at com.kms.katalon.core.keyword.builtin.CallTestCaseKeyword$_callTestCase_closure1.call(CallTestCaseKeyword.groovy)
	at com.kms.katalon.core.keyword.internal.KeywordMain.runKeyword(KeywordMain.groovy:75)
	at com.kms.katalon.core.keyword.builtin.CallTestCaseKeyword.callTestCase(CallTestCaseKeyword.groovy:81)
	at com.kms.katalon.core.keyword.builtin.CallTestCaseKeyword.execute(CallTestCaseKeyword.groovy:44)
	at com.kms.katalon.core.keyword.internal.KeywordExecutor.executeKeywordForPlatform(KeywordExecutor.groovy:74)
	at com.kms.katalon.core.keyword.BuiltinKeywords.callTestCase(BuiltinKeywords.groovy:310)
	at jdk.internal.reflect.GeneratedMethodAccessor16.invoke(Unknown Source)
	at java.base/jdk.internal.reflect.DelegatingMethodAccessorImpl.invoke(DelegatingMethodAccessorImpl.java:43)
	at Complete Journey Partner Profile.run(Complete Journey Partner Profile:237)
	at com.kms.katalon.core.main.ScriptEngine.run(ScriptEngine.java:194)
	at com.kms.katalon.core.main.ScriptEngine.runScriptAsRawText(ScriptEngine.java:119)
	at com.kms.katalon.core.main.TestCaseExecutor.runScript(TestCaseExecutor.java:448)
	at com.kms.katalon.core.main.TestCaseExecutor.doExecute(TestCaseExecutor.java:439)
	at com.kms.katalon.core.main.TestCaseExecutor.processExecutionPhase(TestCaseExecutor.java:418)
	at com.kms.katalon.core.main.TestCaseExecutor.accessMainPhase(TestCaseExecutor.java:410)
	at com.kms.katalon.core.main.TestCaseExecutor.execute(TestCaseExecutor.java:285)
	at com.kms.katalon.core.main.TestCaseMain.runTestCase(TestCaseMain.java:137)
	at com.kms.katalon.core.keyword.builtin.CallTestCaseKeyword$_callTestCase_closure1.doCall(CallTestCaseKeyword.groovy:59)
	... 24 more
Caused by: com.kms.katalon.core.exception.StepFailedException: Call Test Case 'Test Cases/_Functions/Perform Action' failed
	at com.kms.katalon.core.keyword.builtin.CallTestCaseKeyword$_callTestCase_closure1.doCall(CallTestCaseKeyword.groovy:63)
	at com.kms.katalon.core.keyword.builtin.CallTestCaseKeyword$_callTestCase_closure1.call(CallTestCaseKeyword.groovy)
	at com.kms.katalon.core.keyword.internal.KeywordMain.runKeyword(KeywordMain.groovy:75)
	at com.kms.katalon.core.keyword.builtin.CallTestCaseKeyword.callTestCase(CallTestCaseKeyword.groovy:81)
	at com.kms.katalon.core.keyword.builtin.CallTestCaseKeyword.execute(CallTestCaseKeyword.groovy:44)
	at com.kms.katalon.core.keyword.internal.KeywordExecutor.executeKeywordForPlatform(KeywordExecutor.groovy:74)
	at com.kms.katalon.core.keyword.BuiltinKeywords.callTestCase(BuiltinKeywords.groovy:310)
	at jdk.internal.reflect.GeneratedMethodAccessor16.invoke(Unknown Source)
	at java.base/jdk.internal.reflect.DelegatingMethodAccessorImpl.invoke(DelegatingMethodAccessorImpl.java:43)
	at Set IT Positions.run(Set IT Positions:115)
	at com.kms.katalon.core.main.ScriptEngine.run(ScriptEngine.java:194)
	at com.kms.katalon.core.main.ScriptEngine.runScriptAsRawText(ScriptEngine.java:119)
	at com.kms.katalon.core.main.TestCaseExecutor.runScript(TestCaseExecutor.java:448)
	at com.kms.katalon.core.main.TestCaseExecutor.doExecute(TestCaseExecutor.java:439)
	at com.kms.katalon.core.main.TestCaseExecutor.processExecutionPhase(TestCaseExecutor.java:418)
	at com.kms.katalon.core.main.TestCaseExecutor.accessMainPhase(TestCaseExecutor.java:410)
	at com.kms.katalon.core.main.TestCaseExecutor.execute(TestCaseExecutor.java:285)
	at com.kms.katalon.core.main.TestCaseMain.runTestCase(TestCaseMain.java:137)
	at com.kms.katalon.core.keyword.builtin.CallTestCaseKeyword$_callTestCase_closure1.doCall(CallTestCaseKeyword.groovy:59)
	... 42 more
Caused by: com.kms.katalon.core.exception.StepFailedException: Unable to scroll to position x = 0, y = -150
	at com.kms.katalon.core.webui.keyword.internal.WebUIKeywordMain.stepFailed(WebUIKeywordMain.groovy:117)
	at com.kms.katalon.core.webui.keyword.internal.WebUIKeywordMain.runKeyword(WebUIKeywordMain.groovy:43)
	at com.kms.katalon.core.webui.keyword.builtin.ScrollToPositionKeyword.scrollToPosition(ScrollToPositionKeyword.groovy:85)
	at com.kms.katalon.core.webui.keyword.builtin.ScrollToPositionKeyword.execute(ScrollToPositionKeyword.groovy:68)
	at com.kms.katalon.core.keyword.internal.KeywordExecutor.executeKeywordForPlatform(KeywordExecutor.groovy:74)
	at com.kms.katalon.core.webui.keyword.WebUiBuiltInKeywords.scrollToPosition(WebUiBuiltInKeywords.groovy:4581)
	at Perform Action.run(Perform Action:47)
	at com.kms.katalon.core.main.ScriptEngine.run(ScriptEngine.java:194)
	at com.kms.katalon.core.main.ScriptEngine.runScriptAsRawText(ScriptEngine.java:119)
	at com.kms.katalon.core.main.TestCaseExecutor.runScript(TestCaseExecutor.java:448)
	at com.kms.katalon.core.main.TestCaseExecutor.doExecute(TestCaseExecutor.java:439)
	at com.kms.katalon.core.main.TestCaseExecutor.processExecutionPhase(TestCaseExecutor.java:418)
	at com.kms.katalon.core.main.TestCaseExecutor.accessMainPhase(TestCaseExecutor.java:410)
	at com.kms.katalon.core.main.TestCaseExecutor.execute(TestCaseExecutor.java:285)
	at com.kms.katalon.core.main.TestCaseMain.runTestCase(TestCaseMain.java:137)
	at com.kms.katalon.core.keyword.builtin.CallTestCaseKeyword$_callTestCase_closure1.doCall(CallTestCaseKeyword.groovy:59)
	... 60 more
Caused by: java.lang.IllegalArgumentException: Y must be >= 0
	at com.kms.katalon.core.webui.keyword.builtin.ScrollToPositionKeyword$_scrollToPosition_closure1.doCall(ScrollToPositionKeyword.groovy:80)
	at com.kms.katalon.core.webui.keyword.builtin.ScrollToPositionKeyword$_scrollToPosition_closure1.call(ScrollToPositionKeyword.groovy)
	at com.kms.katalon.core.webui.keyword.internal.WebUIKeywordMain.runKeyword(WebUIKeywordMain.groovy:35)
	... 74 more
)

03-03-2025T13:00:49 - [TEST_STEP][FAILED] - callTestCase(findTestCase("Journey Partner Profile/Complete Journey Partner Profile"), [:], STOP_ON_FAILURE): Unable to call Test Case 'Test Cases/Journey Partner Profile/Complete Journey Partner Profile' (Root cause: com.kms.katalon.core.exception.StepFailedException: Call Test Case 'Test Cases/Journey Partner Profile/Complete Journey Partner Profile' failed
	at com.kms.katalon.core.keyword.builtin.CallTestCaseKeyword$_callTestCase_closure1.doCall(CallTestCaseKeyword.groovy:63)
	at com.kms.katalon.core.keyword.builtin.CallTestCaseKeyword$_callTestCase_closure1.call(CallTestCaseKeyword.groovy)
	at com.kms.katalon.core.keyword.internal.KeywordMain.runKeyword(KeywordMain.groovy:75)
	at com.kms.katalon.core.keyword.builtin.CallTestCaseKeyword.callTestCase(CallTestCaseKeyword.groovy:81)
	at com.kms.katalon.core.keyword.builtin.CallTestCaseKeyword.execute(CallTestCaseKeyword.groovy:44)
	at com.kms.katalon.core.keyword.internal.KeywordExecutor.executeKeywordForPlatform(KeywordExecutor.groovy:74)
	at com.kms.katalon.core.keyword.BuiltinKeywords.callTestCase(BuiltinKeywords.groovy:310)
	at jdk.internal.reflect.GeneratedMethodAccessor16.invoke(Unknown Source)
	at java.base/jdk.internal.reflect.DelegatingMethodAccessorImpl.invoke(DelegatingMethodAccessorImpl.java:43)
	at Register Journey Partner.run(Register Journey Partner:368)
	at com.kms.katalon.core.main.ScriptEngine.run(ScriptEngine.java:194)
	at com.kms.katalon.core.main.ScriptEngine.runScriptAsRawText(ScriptEngine.java:119)
	at com.kms.katalon.core.main.TestCaseExecutor.runScript(TestCaseExecutor.java:448)
	at com.kms.katalon.core.main.TestCaseExecutor.doExecute(TestCaseExecutor.java:439)
	at com.kms.katalon.core.main.TestCaseExecutor.processExecutionPhase(TestCaseExecutor.java:418)
	at com.kms.katalon.core.main.TestCaseExecutor.accessMainPhase(TestCaseExecutor.java:410)
	at com.kms.katalon.core.main.TestCaseExecutor.execute(TestCaseExecutor.java:285)
	at com.kms.katalon.core.common.CommonExecutor.accessTestCaseMainPhase(CommonExecutor.java:65)
	at com.kms.katalon.core.main.TestSuiteExecutor.accessTestSuiteMainPhase(TestSuiteExecutor.java:150)
	at com.kms.katalon.core.main.TestSuiteExecutor.execute(TestSuiteExecutor.java:106)
	at com.kms.katalon.core.main.TestCaseMain.startTestSuite(TestCaseMain.java:180)
	at TempTestSuite1741028273844.run(TempTestSuite1741028273844.groovy:35)
	at java.base/jdk.internal.reflect.NativeMethodAccessorImpl.invoke0(Native Method)
	at java.base/jdk.internal.reflect.NativeMethodAccessorImpl.invoke(NativeMethodAccessorImpl.java:77)
	at java.base/jdk.internal.reflect.DelegatingMethodAccessorImpl.invoke(DelegatingMethodAccessorImpl.java:43)
Caused by: com.kms.katalon.core.exception.StepFailedException: Call Test Case 'Test Cases/Journey Partner Profile/Tabs/Set IT Positions' failed
	at com.kms.katalon.core.keyword.builtin.CallTestCaseKeyword$_callTestCase_closure1.doCall(CallTestCaseKeyword.groovy:63)
	at com.kms.katalon.core.keyword.builtin.CallTestCaseKeyword$_callTestCase_closure1.call(CallTestCaseKeyword.groovy)
	at com.kms.katalon.core.keyword.internal.KeywordMain.runKeyword(KeywordMain.groovy:75)
	at com.kms.katalon.core.keyword.builtin.CallTestCaseKeyword.callTestCase(CallTestCaseKeyword.groovy:81)
	at com.kms.katalon.core.keyword.builtin.CallTestCaseKeyword.execute(CallTestCaseKeyword.groovy:44)
	at com.kms.katalon.core.keyword.internal.KeywordExecutor.executeKeywordForPlatform(KeywordExecutor.groovy:74)
	at com.kms.katalon.core.keyword.BuiltinKeywords.callTestCase(BuiltinKeywords.groovy:310)
	at jdk.internal.reflect.GeneratedMethodAccessor16.invoke(Unknown Source)
	at java.base/jdk.internal.reflect.DelegatingMethodAccessorImpl.invoke(DelegatingMethodAccessorImpl.java:43)
	at Complete Journey Partner Profile.run(Complete Journey Partner Profile:237)
	at com.kms.katalon.core.main.ScriptEngine.run(ScriptEngine.java:194)
	at com.kms.katalon.core.main.ScriptEngine.runScriptAsRawText(ScriptEngine.java:119)
	at com.kms.katalon.core.main.TestCaseExecutor.runScript(TestCaseExecutor.java:448)
	at com.kms.katalon.core.main.TestCaseExecutor.doExecute(TestCaseExecutor.java:439)
	at com.kms.katalon.core.main.TestCaseExecutor.processExecutionPhase(TestCaseExecutor.java:418)
	at com.kms.katalon.core.main.TestCaseExecutor.accessMainPhase(TestCaseExecutor.java:410)
	at com.kms.katalon.core.main.TestCaseExecutor.execute(TestCaseExecutor.java:285)
	at com.kms.katalon.core.main.TestCaseMain.runTestCase(TestCaseMain.java:137)
	at com.kms.katalon.core.keyword.builtin.CallTestCaseKeyword$_callTestCase_closure1.doCall(CallTestCaseKeyword.groovy:59)
	... 24 more
Caused by: com.kms.katalon.core.exception.StepFailedException: Call Test Case 'Test Cases/_Functions/Perform Action' failed
	at com.kms.katalon.core.keyword.builtin.CallTestCaseKeyword$_callTestCase_closure1.doCall(CallTestCaseKeyword.groovy:63)
	at com.kms.katalon.core.keyword.builtin.CallTestCaseKeyword$_callTestCase_closure1.call(CallTestCaseKeyword.groovy)
	at com.kms.katalon.core.keyword.internal.KeywordMain.runKeyword(KeywordMain.groovy:75)
	at com.kms.katalon.core.keyword.builtin.CallTestCaseKeyword.callTestCase(CallTestCaseKeyword.groovy:81)
	at com.kms.katalon.core.keyword.builtin.CallTestCaseKeyword.execute(CallTestCaseKeyword.groovy:44)
	at com.kms.katalon.core.keyword.internal.KeywordExecutor.executeKeywordForPlatform(KeywordExecutor.groovy:74)
	at com.kms.katalon.core.keyword.BuiltinKeywords.callTestCase(BuiltinKeywords.groovy:310)
	at jdk.internal.reflect.GeneratedMethodAccessor16.invoke(Unknown Source)
	at java.base/jdk.internal.reflect.DelegatingMethodAccessorImpl.invoke(DelegatingMethodAccessorImpl.java:43)
	at Set IT Positions.run(Set IT Positions:115)
	at com.kms.katalon.core.main.ScriptEngine.run(ScriptEngine.java:194)
	at com.kms.katalon.core.main.ScriptEngine.runScriptAsRawText(ScriptEngine.java:119)
	at com.kms.katalon.core.main.TestCaseExecutor.runScript(TestCaseExecutor.java:448)
	at com.kms.katalon.core.main.TestCaseExecutor.doExecute(TestCaseExecutor.java:439)
	at com.kms.katalon.core.main.TestCaseExecutor.processExecutionPhase(TestCaseExecutor.java:418)
	at com.kms.katalon.core.main.TestCaseExecutor.accessMainPhase(TestCaseExecutor.java:410)
	at com.kms.katalon.core.main.TestCaseExecutor.execute(TestCaseExecutor.java:285)
	at com.kms.katalon.core.main.TestCaseMain.runTestCase(TestCaseMain.java:137)
	at com.kms.katalon.core.keyword.builtin.CallTestCaseKeyword$_callTestCase_closure1.doCall(CallTestCaseKeyword.groovy:59)
	... 42 more
Caused by: com.kms.katalon.core.exception.StepFailedException: Unable to scroll to position x = 0, y = -150
	at com.kms.katalon.core.webui.keyword.internal.WebUIKeywordMain.stepFailed(WebUIKeywordMain.groovy:117)
	at com.kms.katalon.core.webui.keyword.internal.WebUIKeywordMain.runKeyword(WebUIKeywordMain.groovy:43)
	at com.kms.katalon.core.webui.keyword.builtin.ScrollToPositionKeyword.scrollToPosition(ScrollToPositionKeyword.groovy:85)
	at com.kms.katalon.core.webui.keyword.builtin.ScrollToPositionKeyword.execute(ScrollToPositionKeyword.groovy:68)
	at com.kms.katalon.core.keyword.internal.KeywordExecutor.executeKeywordForPlatform(KeywordExecutor.groovy:74)
	at com.kms.katalon.core.webui.keyword.WebUiBuiltInKeywords.scrollToPosition(WebUiBuiltInKeywords.groovy:4581)
	at Perform Action.run(Perform Action:47)
	at com.kms.katalon.core.main.ScriptEngine.run(ScriptEngine.java:194)
	at com.kms.katalon.core.main.ScriptEngine.runScriptAsRawText(ScriptEngine.java:119)
	at com.kms.katalon.core.main.TestCaseExecutor.runScript(TestCaseExecutor.java:448)
	at com.kms.katalon.core.main.TestCaseExecutor.doExecute(TestCaseExecutor.java:439)
	at com.kms.katalon.core.main.TestCaseExecutor.processExecutionPhase(TestCaseExecutor.java:418)
	at com.kms.katalon.core.main.TestCaseExecutor.accessMainPhase(TestCaseExecutor.java:410)
	at com.kms.katalon.core.main.TestCaseExecutor.execute(TestCaseExecutor.java:285)
	at com.kms.katalon.core.main.TestCaseMain.runTestCase(TestCaseMain.java:137)
	at com.kms.katalon.core.keyword.builtin.CallTestCaseKeyword$_callTestCase_closure1.doCall(CallTestCaseKeyword.groovy:59)
	... 60 more
Caused by: java.lang.IllegalArgumentException: Y must be >= 0
	at com.kms.katalon.core.webui.keyword.builtin.ScrollToPositionKeyword$_scrollToPosition_closure1.doCall(ScrollToPositionKeyword.groovy:80)
	at com.kms.katalon.core.webui.keyword.builtin.ScrollToPositionKeyword$_scrollToPosition_closure1.call(ScrollToPositionKeyword.groovy)
	at com.kms.katalon.core.webui.keyword.internal.WebUIKeywordMain.runKeyword(WebUIKeywordMain.groovy:35)
	... 74 more
)

03-03-2025T13:00:49 - [TEST_CASE][FAILED] - Test Cases/Journey Partner Profile/Complete Journey Partner Profile: Test Cases/Journey Partner Profile/Complete Journey Partner Profile FAILED.
Reason:
com.kms.katalon.core.exception.StepFailedException: Call Test Case 'Test Cases/Journey Partner Profile/Tabs/Set IT Positions' failed
	at com.kms.katalon.core.keyword.builtin.CallTestCaseKeyword$_callTestCase_closure1.doCall(CallTestCaseKeyword.groovy:63)
	at com.kms.katalon.core.keyword.builtin.CallTestCaseKeyword$_callTestCase_closure1.call(CallTestCaseKeyword.groovy)
	at com.kms.katalon.core.keyword.internal.KeywordMain.runKeyword(KeywordMain.groovy:75)
	at com.kms.katalon.core.keyword.builtin.CallTestCaseKeyword.callTestCase(CallTestCaseKeyword.groovy:81)
	at com.kms.katalon.core.keyword.builtin.CallTestCaseKeyword.execute(CallTestCaseKeyword.groovy:44)
	at com.kms.katalon.core.keyword.internal.KeywordExecutor.executeKeywordForPlatform(KeywordExecutor.groovy:74)
	at com.kms.katalon.core.keyword.BuiltinKeywords.callTestCase(BuiltinKeywords.groovy:310)
	at jdk.internal.reflect.GeneratedMethodAccessor16.invoke(Unknown Source)
	at java.base/jdk.internal.reflect.DelegatingMethodAccessorImpl.invoke(DelegatingMethodAccessorImpl.java:43)
	at Complete Journey Partner Profile.run(Complete Journey Partner Profile:237)
	at com.kms.katalon.core.main.ScriptEngine.run(ScriptEngine.java:194)
	at com.kms.katalon.core.main.ScriptEngine.runScriptAsRawText(ScriptEngine.java:119)
	at com.kms.katalon.core.main.TestCaseExecutor.runScript(TestCaseExecutor.java:448)
	at com.kms.katalon.core.main.TestCaseExecutor.doExecute(TestCaseExecutor.java:439)
	at com.kms.katalon.core.main.TestCaseExecutor.processExecutionPhase(TestCaseExecutor.java:418)
	at com.kms.katalon.core.main.TestCaseExecutor.accessMainPhase(TestCaseExecutor.java:410)
	at com.kms.katalon.core.main.TestCaseExecutor.execute(TestCaseExecutor.java:285)
	at com.kms.katalon.core.main.TestCaseMain.runTestCase(TestCaseMain.java:137)
	at com.kms.katalon.core.keyword.builtin.CallTestCaseKeyword$_callTestCase_closure1.doCall(CallTestCaseKeyword.groovy:59)
	at com.kms.katalon.core.keyword.builtin.CallTestCaseKeyword$_callTestCase_closure1.call(CallTestCaseKeyword.groovy)
	at com.kms.katalon.core.keyword.internal.KeywordMain.runKeyword(KeywordMain.groovy:75)
	at com.kms.katalon.core.keyword.builtin.CallTestCaseKeyword.callTestCase(CallTestCaseKeyword.groovy:81)
	at com.kms.katalon.core.keyword.builtin.CallTestCaseKeyword.execute(CallTestCaseKeyword.groovy:44)
	at com.kms.katalon.core.keyword.internal.KeywordExecutor.executeKeywordForPlatform(KeywordExecutor.groovy:74)
	at com.kms.katalon.core.keyword.BuiltinKeywords.callTestCase(BuiltinKeywords.groovy:310)
	at jdk.internal.reflect.GeneratedMethodAccessor16.invoke(Unknown Source)
	at java.base/jdk.internal.reflect.DelegatingMethodAccessorImpl.invoke(DelegatingMethodAccessorImpl.java:43)
	at Register Journey Partner.run(Register Journey Partner:368)
	at com.kms.katalon.core.main.ScriptEngine.run(ScriptEngine.java:194)
	at com.kms.katalon.core.main.ScriptEngine.runScriptAsRawText(ScriptEngine.java:119)
	at com.kms.katalon.core.main.TestCaseExecutor.runScript(TestCaseExecutor.java:448)
	at com.kms.katalon.core.main.TestCaseExecutor.doExecute(TestCaseExecutor.java:439)
	at com.kms.katalon.core.main.TestCaseExecutor.processExecutionPhase(TestCaseExecutor.java:418)
	at com.kms.katalon.core.main.TestCaseExecutor.accessMainPhase(TestCaseExecutor.java:410)
	at com.kms.katalon.core.main.TestCaseExecutor.execute(TestCaseExecutor.java:285)
	at com.kms.katalon.core.common.CommonExecutor.accessTestCaseMainPhase(CommonExecutor.java:65)
	at com.kms.katalon.core.main.TestSuiteExecutor.accessTestSuiteMainPhase(TestSuiteExecutor.java:150)
	at com.kms.katalon.core.main.TestSuiteExecutor.execute(TestSuiteExecutor.java:106)
	at com.kms.katalon.core.main.TestCaseMain.startTestSuite(TestCaseMain.java:180)
	at TempTestSuite1741028273844.run(TempTestSuite1741028273844.groovy:35)
	at java.base/jdk.internal.reflect.NativeMethodAccessorImpl.invoke0(Native Method)
	at java.base/jdk.internal.reflect.NativeMethodAccessorImpl.invoke(NativeMethodAccessorImpl.java:77)
	at java.base/jdk.internal.reflect.DelegatingMethodAccessorImpl.invoke(DelegatingMethodAccessorImpl.java:43)
Caused by: com.kms.katalon.core.exception.StepFailedException: Call Test Case 'Test Cases/_Functions/Perform Action' failed
	at com.kms.katalon.core.keyword.builtin.CallTestCaseKeyword$_callTestCase_closure1.doCall(CallTestCaseKeyword.groovy:63)
	at com.kms.katalon.core.keyword.builtin.CallTestCaseKeyword$_callTestCase_closure1.call(CallTestCaseKeyword.groovy)
	at com.kms.katalon.core.keyword.internal.KeywordMain.runKeyword(KeywordMain.groovy:75)
	at com.kms.katalon.core.keyword.builtin.CallTestCaseKeyword.callTestCase(CallTestCaseKeyword.groovy:81)
	at com.kms.katalon.core.keyword.builtin.CallTestCaseKeyword.execute(CallTestCaseKeyword.groovy:44)
	at com.kms.katalon.core.keyword.internal.KeywordExecutor.executeKeywordForPlatform(KeywordExecutor.groovy:74)
	at com.kms.katalon.core.keyword.BuiltinKeywords.callTestCase(BuiltinKeywords.groovy:310)
	at jdk.internal.reflect.GeneratedMethodAccessor16.invoke(Unknown Source)
	at java.base/jdk.internal.reflect.DelegatingMethodAccessorImpl.invoke(DelegatingMethodAccessorImpl.java:43)
	at Set IT Positions.run(Set IT Positions:115)
	at com.kms.katalon.core.main.ScriptEngine.run(ScriptEngine.java:194)
	at com.kms.katalon.core.main.ScriptEngine.runScriptAsRawText(ScriptEngine.java:119)
	at com.kms.katalon.core.main.TestCaseExecutor.runScript(TestCaseExecutor.java:448)
	at com.kms.katalon.core.main.TestCaseExecutor.doExecute(TestCaseExecutor.java:439)
	at com.kms.katalon.core.main.TestCaseExecutor.processExecutionPhase(TestCaseExecutor.java:418)
	at com.kms.katalon.core.main.TestCaseExecutor.accessMainPhase(TestCaseExecutor.java:410)
	at com.kms.katalon.core.main.TestCaseExecutor.execute(TestCaseExecutor.java:285)
	at com.kms.katalon.core.main.TestCaseMain.runTestCase(TestCaseMain.java:137)
	at com.kms.katalon.core.keyword.builtin.CallTestCaseKeyword$_callTestCase_closure1.doCall(CallTestCaseKeyword.groovy:59)
	... 42 more
Caused by: com.kms.katalon.core.exception.StepFailedException: Unable to scroll to position x = 0, y = -150
	at com.kms.katalon.core.webui.keyword.internal.WebUIKeywordMain.stepFailed(WebUIKeywordMain.groovy:117)
	at com.kms.katalon.core.webui.keyword.internal.WebUIKeywordMain.runKeyword(WebUIKeywordMain.groovy:43)
	at com.kms.katalon.core.webui.keyword.builtin.ScrollToPositionKeyword.scrollToPosition(ScrollToPositionKeyword.groovy:85)
	at com.kms.katalon.core.webui.keyword.builtin.ScrollToPositionKeyword.execute(ScrollToPositionKeyword.groovy:68)
	at com.kms.katalon.core.keyword.internal.KeywordExecutor.executeKeywordForPlatform(KeywordExecutor.groovy:74)
	at com.kms.katalon.core.webui.keyword.WebUiBuiltInKeywords.scrollToPosition(WebUiBuiltInKeywords.groovy:4581)
	at Perform Action.run(Perform Action:47)
	at com.kms.katalon.core.main.ScriptEngine.run(ScriptEngine.java:194)
	at com.kms.katalon.core.main.ScriptEngine.runScriptAsRawText(ScriptEngine.java:119)
	at com.kms.katalon.core.main.TestCaseExecutor.runScript(TestCaseExecutor.java:448)
	at com.kms.katalon.core.main.TestCaseExecutor.doExecute(TestCaseExecutor.java:439)
	at com.kms.katalon.core.main.TestCaseExecutor.processExecutionPhase(TestCaseExecutor.java:418)
	at com.kms.katalon.core.main.TestCaseExecutor.accessMainPhase(TestCaseExecutor.java:410)
	at com.kms.katalon.core.main.TestCaseExecutor.execute(TestCaseExecutor.java:285)
	at com.kms.katalon.core.main.TestCaseMain.runTestCase(TestCaseMain.java:137)
	at com.kms.katalon.core.keyword.builtin.CallTestCaseKeyword$_callTestCase_closure1.doCall(CallTestCaseKeyword.groovy:59)
	... 60 more
Caused by: java.lang.IllegalArgumentException: Y must be >= 0
	at com.kms.katalon.core.webui.keyword.builtin.ScrollToPositionKeyword$_scrollToPosition_closure1.doCall(ScrollToPositionKeyword.groovy:80)
	at com.kms.katalon.core.webui.keyword.builtin.ScrollToPositionKeyword$_scrollToPosition_closure1.call(ScrollToPositionKeyword.groovy)
	at com.kms.katalon.core.webui.keyword.internal.WebUIKeywordMain.runKeyword(WebUIKeywordMain.groovy:35)
	... 74 more


03-03-2025T13:00:49 - [TEST_STEP][PASSED] - pages = []: null

03-03-2025T13:00:49 - [TEST_STEP][PASSED] - username = username: null

03-03-2025T13:00:49 - [TEST_STEP][PASSED] - if (username != "cktest07jp" && username != "cktest02jp"): null

03-03-2025T13:00:49 - [TEST_STEP][PASSED] - domain = domain: null

03-03-2025T13:00:49 - [TEST_STEP][PASSED] - called = false: null

03-03-2025T13:00:49 - [TEST_STEP][PASSED] - if (binding.hasVariable("varCalled")): null

03-03-2025T13:00:49 - [TEST_STEP][PASSED] - writeFile = false: null

03-03-2025T13:00:49 - [TEST_STEP][PASSED] - if (outFile != ""): null

03-03-2025T13:00:49 - [TEST_STEP][PASSED] - myFile = outFile: null

03-03-2025T13:00:49 - [TEST_STEP][PASSED] - println(myFile): null

03-03-2025T13:00:49 - [TEST_STEP][PASSED] - outFile = new java.io.File(myFile): null

03-03-2025T13:00:49 - [TEST_STEP][PASSED] - writeFile = true: null

03-03-2025T13:00:49 - [TEST_STEP][PASSED] - if (!(writeFile)): null

03-03-2025T13:00:49 - [TEST_STEP][PASSED] - else: null

03-03-2025T13:00:49 - [TEST_STEP][PASSED] - outFile.append("
Testing Complete Journey Partner Profile on " + domain + "
"): null

03-03-2025T13:00:49 - [TEST_STEP][PASSED] - url = getUrl(OPTIONAL): Unable to get the url of the current window (Root cause: com.kms.katalon.core.exception.StepFailedException: Unable to get the url of the current window
	at com.kms.katalon.core.webui.keyword.internal.WebUIKeywordMain.stepFailed(WebUIKeywordMain.groovy:117)
	at com.kms.katalon.core.webui.keyword.internal.WebUIKeywordMain.runKeyword(WebUIKeywordMain.groovy:43)
	at com.kms.katalon.core.webui.keyword.builtin.GetUrlKeyword.getUrl(GetUrlKeyword.groovy:76)
	at com.kms.katalon.core.webui.keyword.builtin.GetUrlKeyword.execute(GetUrlKeyword.groovy:66)
	at com.kms.katalon.core.keyword.internal.KeywordExecutor.executeKeywordForPlatform(KeywordExecutor.groovy:74)
	at com.kms.katalon.core.webui.keyword.WebUiBuiltInKeywords.getUrl(WebUiBuiltInKeywords.groovy:264)
	at Complete Journey Partner Profile.run(Complete Journey Partner Profile:70)
	at com.kms.katalon.core.main.ScriptEngine.run(ScriptEngine.java:194)
	at com.kms.katalon.core.main.ScriptEngine.runScriptAsRawText(ScriptEngine.java:119)
	at com.kms.katalon.core.main.TestCaseExecutor.runScript(TestCaseExecutor.java:448)
	at com.kms.katalon.core.main.TestCaseExecutor.doExecute(TestCaseExecutor.java:439)
	at com.kms.katalon.core.main.TestCaseExecutor.processExecutionPhase(TestCaseExecutor.java:418)
	at com.kms.katalon.core.main.TestCaseExecutor.accessMainPhase(TestCaseExecutor.java:410)
	at com.kms.katalon.core.main.TestCaseExecutor.execute(TestCaseExecutor.java:285)
	at com.kms.katalon.core.main.TestCaseMain.runTestCase(TestCaseMain.java:137)
	at com.kms.katalon.core.keyword.builtin.CallTestCaseKeyword$_callTestCase_closure1.doCall(CallTestCaseKeyword.groovy:59)
	at com.kms.katalon.core.keyword.builtin.CallTestCaseKeyword$_callTestCase_closure1.call(CallTestCaseKeyword.groovy)
	at com.kms.katalon.core.keyword.internal.KeywordMain.runKeyword(KeywordMain.groovy:75)
	at com.kms.katalon.core.keyword.builtin.CallTestCaseKeyword.callTestCase(CallTestCaseKeyword.groovy:81)
	at com.kms.katalon.core.keyword.builtin.CallTestCaseKeyword.execute(CallTestCaseKeyword.groovy:44)
	at com.kms.katalon.core.keyword.internal.KeywordExecutor.executeKeywordForPlatform(KeywordExecutor.groovy:74)
	at com.kms.katalon.core.keyword.BuiltinKeywords.callTestCase(BuiltinKeywords.groovy:310)
	at jdk.internal.reflect.GeneratedMethodAccessor16.invoke(Unknown Source)
	at java.base/jdk.internal.reflect.DelegatingMethodAccessorImpl.invoke(DelegatingMethodAccessorImpl.java:43)
	at Register Journey Partner.run(Register Journey Partner:368)
	at com.kms.katalon.core.main.ScriptEngine.run(ScriptEngine.java:194)
	at com.kms.katalon.core.main.ScriptEngine.runScriptAsRawText(ScriptEngine.java:119)
	at com.kms.katalon.core.main.TestCaseExecutor.runScript(TestCaseExecutor.java:448)
	at com.kms.katalon.core.main.TestCaseExecutor.doExecute(TestCaseExecutor.java:439)
	at com.kms.katalon.core.main.TestCaseExecutor.processExecutionPhase(TestCaseExecutor.java:418)
	at com.kms.katalon.core.main.TestCaseExecutor.accessMainPhase(TestCaseExecutor.java:410)
	at com.kms.katalon.core.main.TestCaseExecutor.execute(TestCaseExecutor.java:285)
	at com.kms.katalon.core.common.CommonExecutor.accessTestCaseMainPhase(CommonExecutor.java:65)
	at com.kms.katalon.core.main.TestSuiteExecutor.accessTestSuiteMainPhase(TestSuiteExecutor.java:150)
	at com.kms.katalon.core.main.TestSuiteExecutor.execute(TestSuiteExecutor.java:106)
	at com.kms.katalon.core.main.TestCaseMain.startTestSuite(TestCaseMain.java:180)
	at TempTestSuite1741028273844.run(TempTestSuite1741028273844.groovy:35)
	at java.base/jdk.internal.reflect.NativeMethodAccessorImpl.invoke0(Native Method)
	at java.base/jdk.internal.reflect.NativeMethodAccessorImpl.invoke(NativeMethodAccessorImpl.java:77)
	at java.base/jdk.internal.reflect.DelegatingMethodAccessorImpl.invoke(DelegatingMethodAccessorImpl.java:43)
Caused by: org.openqa.selenium.NoSuchSessionException: Session ID is null. Using WebDriver after calling quit()?
Build info: version: '3.141.59', revision: 'unknown', time: 'unknown'
System info: host: 'MacBook-Pro.local', ip: 'fdc1:b939:2fc6:38cc:1017:fa65:eb20:50e5%en0', os.name: 'Mac OS X', os.arch: 'aarch64', os.version: '15.1.1', java.version: '17.0.7'
Driver info: driver.version: RemoteWebDriver
	at org.openqa.selenium.remote.HttpCommandExecutor.execute(HttpCommandExecutor.java:125)
	at org.openqa.selenium.remote.service.DriverCommandExecutor.execute(DriverCommandExecutor.java:83)
	at org.openqa.selenium.remote.RemoteWebDriver.execute(RemoteWebDriver.java:552)
	at com.kms.katalon.selenium.driver.CChromeDriver.execute(CChromeDriver.java:19)
	at org.openqa.selenium.remote.RemoteWebDriver.execute(RemoteWebDriver.java:609)
	at org.openqa.selenium.remote.RemoteWebDriver.getCurrentUrl(RemoteWebDriver.java:287)
	at com.kms.katalon.core.webui.keyword.builtin.GetUrlKeyword$_getUrl_closure1.doCall(GetUrlKeyword.groovy:73)
	at com.kms.katalon.core.webui.keyword.builtin.GetUrlKeyword$_getUrl_closure1.call(GetUrlKeyword.groovy)
	at com.kms.katalon.core.webui.keyword.internal.WebUIKeywordMain.runKeyword(WebUIKeywordMain.groovy:35)
	at com.kms.katalon.core.webui.keyword.builtin.GetUrlKeyword.getUrl(GetUrlKeyword.groovy:76)
	at com.kms.katalon.core.webui.keyword.builtin.GetUrlKeyword.execute(GetUrlKeyword.groovy:66)
	at com.kms.katalon.core.keyword.internal.KeywordExecutor.executeKeywordForPlatform(KeywordExecutor.groovy:74)
	at com.kms.katalon.core.webui.keyword.WebUiBuiltInKeywords.getUrl(WebUiBuiltInKeywords.groovy:264)
	at Script1736481870666.run(Script1736481870666.groovy:70)
	at com.kms.katalon.core.main.ScriptEngine.run(ScriptEngine.java:194)
	at com.kms.katalon.core.main.ScriptEngine.runScriptAsRawText(ScriptEngine.java:119)
	at com.kms.katalon.core.main.TestCaseExecutor.runScript(TestCaseExecutor.java:448)
	at com.kms.katalon.core.main.TestCaseExecutor.doExecute(TestCaseExecutor.java:439)
	at com.kms.katalon.core.main.TestCaseExecutor.processExecutionPhase(TestCaseExecutor.java:418)
	at com.kms.katalon.core.main.TestCaseExecutor.accessMainPhase(TestCaseExecutor.java:410)
	at com.kms.katalon.core.main.TestCaseExecutor.execute(TestCaseExecutor.java:285)
	at com.kms.katalon.core.main.TestCaseMain.runTestCase(TestCaseMain.java:137)
	at com.kms.katalon.core.keyword.builtin.CallTestCaseKeyword$_callTestCase_closure1.doCall(CallTestCaseKeyword.groovy:59)
	at com.kms.katalon.core.keyword.builtin.CallTestCaseKeyword$_callTestCase_closure1.call(CallTestCaseKeyword.groovy)
	at com.kms.katalon.core.keyword.internal.KeywordMain.runKeyword(KeywordMain.groovy:75)
	at com.kms.katalon.core.keyword.builtin.CallTestCaseKeyword.callTestCase(CallTestCaseKeyword.groovy:81)
	at com.kms.katalon.core.keyword.builtin.CallTestCaseKeyword.execute(CallTestCaseKeyword.groovy:44)
	at com.kms.katalon.core.keyword.internal.KeywordExecutor.executeKeywordForPlatform(KeywordExecutor.groovy:74)
	at com.kms.katalon.core.keyword.BuiltinKeywords.callTestCase(BuiltinKeywords.groovy:310)
	at jdk.internal.reflect.GeneratedMethodAccessor16.invoke(Unknown Source)
	at java.base/jdk.internal.reflect.DelegatingMethodAccessorImpl.invoke(DelegatingMethodAccessorImpl.java:43)
	at Script1732656886348.run(Script1732656886348.groovy:368)
	... 15 more
)

03-03-2025T13:00:49 - [MESSAGE][WARNING] - Cannot take screenshot

03-03-2025T13:00:49 - [MESSAGE][WARNING] - Unable to get the url of the current window (Root cause: com.kms.katalon.core.exception.StepFailedException: Unable to get the url of the current window
	at com.kms.katalon.core.webui.keyword.internal.WebUIKeywordMain.stepFailed(WebUIKeywordMain.groovy:117)
	at com.kms.katalon.core.webui.keyword.internal.WebUIKeywordMain.runKeyword(WebUIKeywordMain.groovy:43)
	at com.kms.katalon.core.webui.keyword.builtin.GetUrlKeyword.getUrl(GetUrlKeyword.groovy:76)
	at com.kms.katalon.core.webui.keyword.builtin.GetUrlKeyword.execute(GetUrlKeyword.groovy:66)
	at com.kms.katalon.core.keyword.internal.KeywordExecutor.executeKeywordForPlatform(KeywordExecutor.groovy:74)
	at com.kms.katalon.core.webui.keyword.WebUiBuiltInKeywords.getUrl(WebUiBuiltInKeywords.groovy:264)
	at Complete Journey Partner Profile.run(Complete Journey Partner Profile:70)
	at com.kms.katalon.core.main.ScriptEngine.run(ScriptEngine.java:194)
	at com.kms.katalon.core.main.ScriptEngine.runScriptAsRawText(ScriptEngine.java:119)
	at com.kms.katalon.core.main.TestCaseExecutor.runScript(TestCaseExecutor.java:448)
	at com.kms.katalon.core.main.TestCaseExecutor.doExecute(TestCaseExecutor.java:439)
	at com.kms.katalon.core.main.TestCaseExecutor.processExecutionPhase(TestCaseExecutor.java:418)
	at com.kms.katalon.core.main.TestCaseExecutor.accessMainPhase(TestCaseExecutor.java:410)
	at com.kms.katalon.core.main.TestCaseExecutor.execute(TestCaseExecutor.java:285)
	at com.kms.katalon.core.main.TestCaseMain.runTestCase(TestCaseMain.java:137)
	at com.kms.katalon.core.keyword.builtin.CallTestCaseKeyword$_callTestCase_closure1.doCall(CallTestCaseKeyword.groovy:59)
	at com.kms.katalon.core.keyword.builtin.CallTestCaseKeyword$_callTestCase_closure1.call(CallTestCaseKeyword.groovy)
	at com.kms.katalon.core.keyword.internal.KeywordMain.runKeyword(KeywordMain.groovy:75)
	at com.kms.katalon.core.keyword.builtin.CallTestCaseKeyword.callTestCase(CallTestCaseKeyword.groovy:81)
	at com.kms.katalon.core.keyword.builtin.CallTestCaseKeyword.execute(CallTestCaseKeyword.groovy:44)
	at com.kms.katalon.core.keyword.internal.KeywordExecutor.executeKeywordForPlatform(KeywordExecutor.groovy:74)
	at com.kms.katalon.core.keyword.BuiltinKeywords.callTestCase(BuiltinKeywords.groovy:310)
	at jdk.internal.reflect.GeneratedMethodAccessor16.invoke(Unknown Source)
	at java.base/jdk.internal.reflect.DelegatingMethodAccessorImpl.invoke(DelegatingMethodAccessorImpl.java:43)
	at Register Journey Partner.run(Register Journey Partner:368)
	at com.kms.katalon.core.main.ScriptEngine.run(ScriptEngine.java:194)
	at com.kms.katalon.core.main.ScriptEngine.runScriptAsRawText(ScriptEngine.java:119)
	at com.kms.katalon.core.main.TestCaseExecutor.runScript(TestCaseExecutor.java:448)
	at com.kms.katalon.core.main.TestCaseExecutor.doExecute(TestCaseExecutor.java:439)
	at com.kms.katalon.core.main.TestCaseExecutor.processExecutionPhase(TestCaseExecutor.java:418)
	at com.kms.katalon.core.main.TestCaseExecutor.accessMainPhase(TestCaseExecutor.java:410)
	at com.kms.katalon.core.main.TestCaseExecutor.execute(TestCaseExecutor.java:285)
	at com.kms.katalon.core.common.CommonExecutor.accessTestCaseMainPhase(CommonExecutor.java:65)
	at com.kms.katalon.core.main.TestSuiteExecutor.accessTestSuiteMainPhase(TestSuiteExecutor.java:150)
	at com.kms.katalon.core.main.TestSuiteExecutor.execute(TestSuiteExecutor.java:106)
	at com.kms.katalon.core.main.TestCaseMain.startTestSuite(TestCaseMain.java:180)
	at TempTestSuite1741028273844.run(TempTestSuite1741028273844.groovy:35)
	at java.base/jdk.internal.reflect.NativeMethodAccessorImpl.invoke0(Native Method)
	at java.base/jdk.internal.reflect.NativeMethodAccessorImpl.invoke(NativeMethodAccessorImpl.java:77)
	at java.base/jdk.internal.reflect.DelegatingMethodAccessorImpl.invoke(DelegatingMethodAccessorImpl.java:43)
Caused by: org.openqa.selenium.NoSuchSessionException: Session ID is null. Using WebDriver after calling quit()?
Build info: version: '3.141.59', revision: 'unknown', time: 'unknown'
System info: host: 'MacBook-Pro.local', ip: 'fdc1:b939:2fc6:38cc:1017:fa65:eb20:50e5%en0', os.name: 'Mac OS X', os.arch: 'aarch64', os.version: '15.1.1', java.version: '17.0.7'
Driver info: driver.version: RemoteWebDriver
	at org.openqa.selenium.remote.HttpCommandExecutor.execute(HttpCommandExecutor.java:125)
	at org.openqa.selenium.remote.service.DriverCommandExecutor.execute(DriverCommandExecutor.java:83)
	at org.openqa.selenium.remote.RemoteWebDriver.execute(RemoteWebDriver.java:552)
	at com.kms.katalon.selenium.driver.CChromeDriver.execute(CChromeDriver.java:19)
	at org.openqa.selenium.remote.RemoteWebDriver.execute(RemoteWebDriver.java:609)
	at org.openqa.selenium.remote.RemoteWebDriver.getCurrentUrl(RemoteWebDriver.java:287)
	at com.kms.katalon.core.webui.keyword.builtin.GetUrlKeyword$_getUrl_closure1.doCall(GetUrlKeyword.groovy:73)
	at com.kms.katalon.core.webui.keyword.builtin.GetUrlKeyword$_getUrl_closure1.call(GetUrlKeyword.groovy)
	at com.kms.katalon.core.webui.keyword.internal.WebUIKeywordMain.runKeyword(WebUIKeywordMain.groovy:35)
	at com.kms.katalon.core.webui.keyword.builtin.GetUrlKeyword.getUrl(GetUrlKeyword.groovy:76)
	at com.kms.katalon.core.webui.keyword.builtin.GetUrlKeyword.execute(GetUrlKeyword.groovy:66)
	at com.kms.katalon.core.keyword.internal.KeywordExecutor.executeKeywordForPlatform(KeywordExecutor.groovy:74)
	at com.kms.katalon.core.webui.keyword.WebUiBuiltInKeywords.getUrl(WebUiBuiltInKeywords.groovy:264)
	at Script1736481870666.run(Script1736481870666.groovy:70)
	at com.kms.katalon.core.main.ScriptEngine.run(ScriptEngine.java:194)
	at com.kms.katalon.core.main.ScriptEngine.runScriptAsRawText(ScriptEngine.java:119)
	at com.kms.katalon.core.main.TestCaseExecutor.runScript(TestCaseExecutor.java:448)
	at com.kms.katalon.core.main.TestCaseExecutor.doExecute(TestCaseExecutor.java:439)
	at com.kms.katalon.core.main.TestCaseExecutor.processExecutionPhase(TestCaseExecutor.java:418)
	at com.kms.katalon.core.main.TestCaseExecutor.accessMainPhase(TestCaseExecutor.java:410)
	at com.kms.katalon.core.main.TestCaseExecutor.execute(TestCaseExecutor.java:285)
	at com.kms.katalon.core.main.TestCaseMain.runTestCase(TestCaseMain.java:137)
	at com.kms.katalon.core.keyword.builtin.CallTestCaseKeyword$_callTestCase_closure1.doCall(CallTestCaseKeyword.groovy:59)
	at com.kms.katalon.core.keyword.builtin.CallTestCaseKeyword$_callTestCase_closure1.call(CallTestCaseKeyword.groovy)
	at com.kms.katalon.core.keyword.internal.KeywordMain.runKeyword(KeywordMain.groovy:75)
	at com.kms.katalon.core.keyword.builtin.CallTestCaseKeyword.callTestCase(CallTestCaseKeyword.groovy:81)
	at com.kms.katalon.core.keyword.builtin.CallTestCaseKeyword.execute(CallTestCaseKeyword.groovy:44)
	at com.kms.katalon.core.keyword.internal.KeywordExecutor.executeKeywordForPlatform(KeywordExecutor.groovy:74)
	at com.kms.katalon.core.keyword.BuiltinKeywords.callTestCase(BuiltinKeywords.groovy:310)
	at jdk.internal.reflect.GeneratedMethodAccessor16.invoke(Unknown Source)
	at java.base/jdk.internal.reflect.DelegatingMethodAccessorImpl.invoke(DelegatingMethodAccessorImpl.java:43)
	at Script1732656886348.run(Script1732656886348.groovy:368)
	... 15 more
)

03-03-2025T13:00:49 - [TEST_STEP][PASSED] - println(url): null

03-03-2025T13:00:49 - [TEST_STEP][PASSED] - if (url == null): Call Test Case 'Test Cases/_Functions/Journey Partner Login' successfully

03-03-2025T13:00:49 - [TEST_STEP][PASSED] - callTestCase(findTestCase("_Functions/Journey Partner Login"), [:], STOP_ON_FAILURE): Call Test Case 'Test Cases/_Functions/Journey Partner Login' successfully

03-03-2025T13:00:49 - [TEST_CASE][PASSED] - Test Cases/_Functions/Journey Partner Login: Test Cases/_Functions/Journey Partner Login

03-03-2025T13:00:49 - [TEST_STEP][PASSED] - username = username: null

03-03-2025T13:00:49 - [TEST_STEP][PASSED] - if (username != "cktest07jp" && username != "cktest02jp"): null

03-03-2025T13:00:49 - [TEST_STEP][PASSED] - openBrowser(""): Browser is opened with url: ''

03-03-2025T13:00:49 - [MESSAGE][INFO] - Starting 'Chrome' driver

03-03-2025T13:00:49 - [MESSAGE][INFO] - Action delay is set to 0 milliseconds

03-03-2025T13:00:50 - [MESSAGE][PASSED] - Browser is opened with url: ''

03-03-2025T13:00:50 - [TEST_STEP][PASSED] - maximizeWindow(): Current window maximized

03-03-2025T13:00:50 - [MESSAGE][PASSED] - Current window maximized

03-03-2025T13:00:50 - [TEST_STEP][PASSED] - navigateToUrl("https://journey." + domain + "/journey-home/login-here/"): Navigate to 'https://journey.missionnext.org/journey-home/login-here/' successfully

03-03-2025T13:00:54 - [MESSAGE][PASSED] - Navigate to 'https://journey.missionnext.org/journey-home/login-here/' successfully

03-03-2025T13:00:54 - [TEST_STEP][PASSED] - setText(findTestObject("Object Repository/Journey Partner Profile/Login/input_Username"), username): Text 'cktest07jp' is set on object 'Object Repository/Journey Partner Profile/Login/input_Username'

03-03-2025T13:00:55 - [MESSAGE][PASSED] - Text 'cktest07jp' is set on object 'Object Repository/Journey Partner Profile/Login/input_Username'

03-03-2025T13:00:55 - [TEST_STEP][PASSED] - setEncryptedText(findTestObject("Object Repository/Journey Partner Profile/Login/input_Password"), password): Text ****** has been set on object 'Object Repository/Journey Partner Profile/Login/input_Password'

03-03-2025T13:00:55 - [MESSAGE][PASSED] - Text ****** has been set on object 'Object Repository/Journey Partner Profile/Login/input_Password'

03-03-2025T13:00:55 - [TEST_STEP][PASSED] - click(findTestObject("Object Repository/Journey Partner Profile/Login/button_Log In")): Object: 'Object Repository/Journey Partner Profile/Login/button_Log In' is clicked on

03-03-2025T13:00:58 - [MESSAGE][PASSED] - Object: 'Object Repository/Journey Partner Profile/Login/button_Log In' is clicked on

03-03-2025T13:00:58 - [MESSAGE][PASSED] - Call Test Case 'Test Cases/_Functions/Journey Partner Login' successfully

03-03-2025T13:00:58 - [TEST_STEP][PASSED] - dashboard = verifyElementPresent(findTestObject("Journey Partner Profile/Dashboard/a_My Profile"), 2, OPTIONAL): Unable to verify object is present (Root cause: com.kms.katalon.core.exception.StepFailedException: Unable to verify object is present
	at com.kms.katalon.core.webui.keyword.internal.WebUIKeywordMain.stepFailed(WebUIKeywordMain.groovy:117)
	at com.kms.katalon.core.webui.keyword.internal.WebUIKeywordMain.runKeyword(WebUIKeywordMain.groovy:43)
	at com.kms.katalon.core.webui.keyword.builtin.VerifyElementPresentKeyword.verifyElementPresent(VerifyElementPresentKeyword.groovy:92)
	at com.kms.katalon.core.webui.keyword.builtin.VerifyElementPresentKeyword.execute(VerifyElementPresentKeyword.groovy:68)
	at com.kms.katalon.core.keyword.internal.KeywordExecutor.executeKeywordForPlatform(KeywordExecutor.groovy:74)
	at com.kms.katalon.core.webui.keyword.WebUiBuiltInKeywords.verifyElementPresent(WebUiBuiltInKeywords.groovy:1487)
	at Complete Journey Partner Profile.run(Complete Journey Partner Profile:87)
	at com.kms.katalon.core.main.ScriptEngine.run(ScriptEngine.java:194)
	at com.kms.katalon.core.main.ScriptEngine.runScriptAsRawText(ScriptEngine.java:119)
	at com.kms.katalon.core.main.TestCaseExecutor.runScript(TestCaseExecutor.java:448)
	at com.kms.katalon.core.main.TestCaseExecutor.doExecute(TestCaseExecutor.java:439)
	at com.kms.katalon.core.main.TestCaseExecutor.processExecutionPhase(TestCaseExecutor.java:418)
	at com.kms.katalon.core.main.TestCaseExecutor.accessMainPhase(TestCaseExecutor.java:410)
	at com.kms.katalon.core.main.TestCaseExecutor.execute(TestCaseExecutor.java:285)
	at com.kms.katalon.core.main.TestCaseMain.runTestCase(TestCaseMain.java:137)
	at com.kms.katalon.core.keyword.builtin.CallTestCaseKeyword$_callTestCase_closure1.doCall(CallTestCaseKeyword.groovy:59)
	at com.kms.katalon.core.keyword.builtin.CallTestCaseKeyword$_callTestCase_closure1.call(CallTestCaseKeyword.groovy)
	at com.kms.katalon.core.keyword.internal.KeywordMain.runKeyword(KeywordMain.groovy:75)
	at com.kms.katalon.core.keyword.builtin.CallTestCaseKeyword.callTestCase(CallTestCaseKeyword.groovy:81)
	at com.kms.katalon.core.keyword.builtin.CallTestCaseKeyword.execute(CallTestCaseKeyword.groovy:44)
	at com.kms.katalon.core.keyword.internal.KeywordExecutor.executeKeywordForPlatform(KeywordExecutor.groovy:74)
	at com.kms.katalon.core.keyword.BuiltinKeywords.callTestCase(BuiltinKeywords.groovy:310)
	at jdk.internal.reflect.GeneratedMethodAccessor16.invoke(Unknown Source)
	at java.base/jdk.internal.reflect.DelegatingMethodAccessorImpl.invoke(DelegatingMethodAccessorImpl.java:43)
	at Register Journey Partner.run(Register Journey Partner:368)
	at com.kms.katalon.core.main.ScriptEngine.run(ScriptEngine.java:194)
	at com.kms.katalon.core.main.ScriptEngine.runScriptAsRawText(ScriptEngine.java:119)
	at com.kms.katalon.core.main.TestCaseExecutor.runScript(TestCaseExecutor.java:448)
	at com.kms.katalon.core.main.TestCaseExecutor.doExecute(TestCaseExecutor.java:439)
	at com.kms.katalon.core.main.TestCaseExecutor.processExecutionPhase(TestCaseExecutor.java:418)
	at com.kms.katalon.core.main.TestCaseExecutor.accessMainPhase(TestCaseExecutor.java:410)
	at com.kms.katalon.core.main.TestCaseExecutor.execute(TestCaseExecutor.java:285)
	at com.kms.katalon.core.common.CommonExecutor.accessTestCaseMainPhase(CommonExecutor.java:65)
	at com.kms.katalon.core.main.TestSuiteExecutor.accessTestSuiteMainPhase(TestSuiteExecutor.java:150)
	at com.kms.katalon.core.main.TestSuiteExecutor.execute(TestSuiteExecutor.java:106)
	at com.kms.katalon.core.main.TestCaseMain.startTestSuite(TestCaseMain.java:180)
	at TempTestSuite1741028273844.run(TempTestSuite1741028273844.groovy:35)
	at java.base/jdk.internal.reflect.NativeMethodAccessorImpl.invoke0(Native Method)
	at java.base/jdk.internal.reflect.NativeMethodAccessorImpl.invoke(NativeMethodAccessorImpl.java:77)
	at java.base/jdk.internal.reflect.DelegatingMethodAccessorImpl.invoke(DelegatingMethodAccessorImpl.java:43)
Caused by: java.lang.IllegalArgumentException: Object is null
	at com.kms.katalon.core.helper.KeywordHelper.checkTestObjectParameter(KeywordHelper.java:33)
	at com.kms.katalon.core.webui.keyword.builtin.VerifyElementPresentKeyword$_verifyElementPresent_closure1.doCall(VerifyElementPresentKeyword.groovy:76)
	at com.kms.katalon.core.webui.keyword.builtin.VerifyElementPresentKeyword$_verifyElementPresent_closure1.call(VerifyElementPresentKeyword.groovy)
	at com.kms.katalon.core.webui.keyword.internal.WebUIKeywordMain.runKeyword(WebUIKeywordMain.groovy:35)
	at com.kms.katalon.core.webui.keyword.builtin.VerifyElementPresentKeyword.verifyElementPresent(VerifyElementPresentKeyword.groovy:92)
	at com.kms.katalon.core.webui.keyword.builtin.VerifyElementPresentKeyword.execute(VerifyElementPresentKeyword.groovy:68)
	at com.kms.katalon.core.keyword.internal.KeywordExecutor.executeKeywordForPlatform(KeywordExecutor.groovy:74)
	at com.kms.katalon.core.webui.keyword.WebUiBuiltInKeywords.verifyElementPresent(WebUiBuiltInKeywords.groovy:1487)
	at Script1736481870666.run(Script1736481870666.groovy:87)
	at com.kms.katalon.core.main.ScriptEngine.run(ScriptEngine.java:194)
	at com.kms.katalon.core.main.ScriptEngine.runScriptAsRawText(ScriptEngine.java:119)
	at com.kms.katalon.core.main.TestCaseExecutor.runScript(TestCaseExecutor.java:448)
	at com.kms.katalon.core.main.TestCaseExecutor.doExecute(TestCaseExecutor.java:439)
	at com.kms.katalon.core.main.TestCaseExecutor.processExecutionPhase(TestCaseExecutor.java:418)
	at com.kms.katalon.core.main.TestCaseExecutor.accessMainPhase(TestCaseExecutor.java:410)
	at com.kms.katalon.core.main.TestCaseExecutor.execute(TestCaseExecutor.java:285)
	at com.kms.katalon.core.main.TestCaseMain.runTestCase(TestCaseMain.java:137)
	at com.kms.katalon.core.keyword.builtin.CallTestCaseKeyword$_callTestCase_closure1.doCall(CallTestCaseKeyword.groovy:59)
	at com.kms.katalon.core.keyword.builtin.CallTestCaseKeyword$_callTestCase_closure1.call(CallTestCaseKeyword.groovy)
	at com.kms.katalon.core.keyword.internal.KeywordMain.runKeyword(KeywordMain.groovy:75)
	at com.kms.katalon.core.keyword.builtin.CallTestCaseKeyword.callTestCase(CallTestCaseKeyword.groovy:81)
	at com.kms.katalon.core.keyword.builtin.CallTestCaseKeyword.execute(CallTestCaseKeyword.groovy:44)
	at com.kms.katalon.core.keyword.internal.KeywordExecutor.executeKeywordForPlatform(KeywordExecutor.groovy:74)
	at com.kms.katalon.core.keyword.BuiltinKeywords.callTestCase(BuiltinKeywords.groovy:310)
	at jdk.internal.reflect.GeneratedMethodAccessor16.invoke(Unknown Source)
	at java.base/jdk.internal.reflect.DelegatingMethodAccessorImpl.invoke(DelegatingMethodAccessorImpl.java:43)
	at Script1732656886348.run(Script1732656886348.groovy:368)
	... 15 more
)

03-03-2025T13:00:58 - [MESSAGE][WARNING] - Test object with id 'Object Repository/Journey Partner Profile/Dashboard/a_My Profile' does not exist

03-03-2025T13:00:58 - [MESSAGE][WARNING] - Test object with id 'Object Repository/' does not exist

03-03-2025T13:00:59 - [MESSAGE][WARNING] - Unable to verify object is present (Root cause: com.kms.katalon.core.exception.StepFailedException: Unable to verify object is present
	at com.kms.katalon.core.webui.keyword.internal.WebUIKeywordMain.stepFailed(WebUIKeywordMain.groovy:117)
	at com.kms.katalon.core.webui.keyword.internal.WebUIKeywordMain.runKeyword(WebUIKeywordMain.groovy:43)
	at com.kms.katalon.core.webui.keyword.builtin.VerifyElementPresentKeyword.verifyElementPresent(VerifyElementPresentKeyword.groovy:92)
	at com.kms.katalon.core.webui.keyword.builtin.VerifyElementPresentKeyword.execute(VerifyElementPresentKeyword.groovy:68)
	at com.kms.katalon.core.keyword.internal.KeywordExecutor.executeKeywordForPlatform(KeywordExecutor.groovy:74)
	at com.kms.katalon.core.webui.keyword.WebUiBuiltInKeywords.verifyElementPresent(WebUiBuiltInKeywords.groovy:1487)
	at Complete Journey Partner Profile.run(Complete Journey Partner Profile:87)
	at com.kms.katalon.core.main.ScriptEngine.run(ScriptEngine.java:194)
	at com.kms.katalon.core.main.ScriptEngine.runScriptAsRawText(ScriptEngine.java:119)
	at com.kms.katalon.core.main.TestCaseExecutor.runScript(TestCaseExecutor.java:448)
	at com.kms.katalon.core.main.TestCaseExecutor.doExecute(TestCaseExecutor.java:439)
	at com.kms.katalon.core.main.TestCaseExecutor.processExecutionPhase(TestCaseExecutor.java:418)
	at com.kms.katalon.core.main.TestCaseExecutor.accessMainPhase(TestCaseExecutor.java:410)
	at com.kms.katalon.core.main.TestCaseExecutor.execute(TestCaseExecutor.java:285)
	at com.kms.katalon.core.main.TestCaseMain.runTestCase(TestCaseMain.java:137)
	at com.kms.katalon.core.keyword.builtin.CallTestCaseKeyword$_callTestCase_closure1.doCall(CallTestCaseKeyword.groovy:59)
	at com.kms.katalon.core.keyword.builtin.CallTestCaseKeyword$_callTestCase_closure1.call(CallTestCaseKeyword.groovy)
	at com.kms.katalon.core.keyword.internal.KeywordMain.runKeyword(KeywordMain.groovy:75)
	at com.kms.katalon.core.keyword.builtin.CallTestCaseKeyword.callTestCase(CallTestCaseKeyword.groovy:81)
	at com.kms.katalon.core.keyword.builtin.CallTestCaseKeyword.execute(CallTestCaseKeyword.groovy:44)
	at com.kms.katalon.core.keyword.internal.KeywordExecutor.executeKeywordForPlatform(KeywordExecutor.groovy:74)
	at com.kms.katalon.core.keyword.BuiltinKeywords.callTestCase(BuiltinKeywords.groovy:310)
	at jdk.internal.reflect.GeneratedMethodAccessor16.invoke(Unknown Source)
	at java.base/jdk.internal.reflect.DelegatingMethodAccessorImpl.invoke(DelegatingMethodAccessorImpl.java:43)
	at Register Journey Partner.run(Register Journey Partner:368)
	at com.kms.katalon.core.main.ScriptEngine.run(ScriptEngine.java:194)
	at com.kms.katalon.core.main.ScriptEngine.runScriptAsRawText(ScriptEngine.java:119)
	at com.kms.katalon.core.main.TestCaseExecutor.runScript(TestCaseExecutor.java:448)
	at com.kms.katalon.core.main.TestCaseExecutor.doExecute(TestCaseExecutor.java:439)
	at com.kms.katalon.core.main.TestCaseExecutor.processExecutionPhase(TestCaseExecutor.java:418)
	at com.kms.katalon.core.main.TestCaseExecutor.accessMainPhase(TestCaseExecutor.java:410)
	at com.kms.katalon.core.main.TestCaseExecutor.execute(TestCaseExecutor.java:285)
	at com.kms.katalon.core.common.CommonExecutor.accessTestCaseMainPhase(CommonExecutor.java:65)
	at com.kms.katalon.core.main.TestSuiteExecutor.accessTestSuiteMainPhase(TestSuiteExecutor.java:150)
	at com.kms.katalon.core.main.TestSuiteExecutor.execute(TestSuiteExecutor.java:106)
	at com.kms.katalon.core.main.TestCaseMain.startTestSuite(TestCaseMain.java:180)
	at TempTestSuite1741028273844.run(TempTestSuite1741028273844.groovy:35)
	at java.base/jdk.internal.reflect.NativeMethodAccessorImpl.invoke0(Native Method)
	at java.base/jdk.internal.reflect.NativeMethodAccessorImpl.invoke(NativeMethodAccessorImpl.java:77)
	at java.base/jdk.internal.reflect.DelegatingMethodAccessorImpl.invoke(DelegatingMethodAccessorImpl.java:43)
Caused by: java.lang.IllegalArgumentException: Object is null
	at com.kms.katalon.core.helper.KeywordHelper.checkTestObjectParameter(KeywordHelper.java:33)
	at com.kms.katalon.core.webui.keyword.builtin.VerifyElementPresentKeyword$_verifyElementPresent_closure1.doCall(VerifyElementPresentKeyword.groovy:76)
	at com.kms.katalon.core.webui.keyword.builtin.VerifyElementPresentKeyword$_verifyElementPresent_closure1.call(VerifyElementPresentKeyword.groovy)
	at com.kms.katalon.core.webui.keyword.internal.WebUIKeywordMain.runKeyword(WebUIKeywordMain.groovy:35)
	at com.kms.katalon.core.webui.keyword.builtin.VerifyElementPresentKeyword.verifyElementPresent(VerifyElementPresentKeyword.groovy:92)
	at com.kms.katalon.core.webui.keyword.builtin.VerifyElementPresentKeyword.execute(VerifyElementPresentKeyword.groovy:68)
	at com.kms.katalon.core.keyword.internal.KeywordExecutor.executeKeywordForPlatform(KeywordExecutor.groovy:74)
	at com.kms.katalon.core.webui.keyword.WebUiBuiltInKeywords.verifyElementPresent(WebUiBuiltInKeywords.groovy:1487)
	at Script1736481870666.run(Script1736481870666.groovy:87)
	at com.kms.katalon.core.main.ScriptEngine.run(ScriptEngine.java:194)
	at com.kms.katalon.core.main.ScriptEngine.runScriptAsRawText(ScriptEngine.java:119)
	at com.kms.katalon.core.main.TestCaseExecutor.runScript(TestCaseExecutor.java:448)
	at com.kms.katalon.core.main.TestCaseExecutor.doExecute(TestCaseExecutor.java:439)
	at com.kms.katalon.core.main.TestCaseExecutor.processExecutionPhase(TestCaseExecutor.java:418)
	at com.kms.katalon.core.main.TestCaseExecutor.accessMainPhase(TestCaseExecutor.java:410)
	at com.kms.katalon.core.main.TestCaseExecutor.execute(TestCaseExecutor.java:285)
	at com.kms.katalon.core.main.TestCaseMain.runTestCase(TestCaseMain.java:137)
	at com.kms.katalon.core.keyword.builtin.CallTestCaseKeyword$_callTestCase_closure1.doCall(CallTestCaseKeyword.groovy:59)
	at com.kms.katalon.core.keyword.builtin.CallTestCaseKeyword$_callTestCase_closure1.call(CallTestCaseKeyword.groovy)
	at com.kms.katalon.core.keyword.internal.KeywordMain.runKeyword(KeywordMain.groovy:75)
	at com.kms.katalon.core.keyword.builtin.CallTestCaseKeyword.callTestCase(CallTestCaseKeyword.groovy:81)
	at com.kms.katalon.core.keyword.builtin.CallTestCaseKeyword.execute(CallTestCaseKeyword.groovy:44)
	at com.kms.katalon.core.keyword.internal.KeywordExecutor.executeKeywordForPlatform(KeywordExecutor.groovy:74)
	at com.kms.katalon.core.keyword.BuiltinKeywords.callTestCase(BuiltinKeywords.groovy:310)
	at jdk.internal.reflect.GeneratedMethodAccessor16.invoke(Unknown Source)
	at java.base/jdk.internal.reflect.DelegatingMethodAccessorImpl.invoke(DelegatingMethodAccessorImpl.java:43)
	at Script1732656886348.run(Script1732656886348.groovy:368)
	... 15 more
)
[[ATTACHMENT|/Users/cckozie/git/MissionNext-Katalon-Koz/Reports/20250303_125746/Journey Partner Profile Test Suite/20250303_125753/1741028458959.png]]

03-03-2025T13:00:59 - [TEST_STEP][PASSED] - if (dashboard): null

03-03-2025T13:00:59 - [TEST_STEP][PASSED] - if (pages.size() == 0 || "All" in pages || "Contact Info" in pages): Call Test Case 'Test Cases/Journey Partner Profile/Tabs/Set Contact Info' successfully

03-03-2025T13:00:59 - [TEST_STEP][PASSED] - key_contact_phone = "952-442-1703": null

03-03-2025T13:00:59 - [TEST_STEP][PASSED] - organization_phone = "612-209-9611": null

03-03-2025T13:00:59 - [TEST_STEP][PASSED] - organization_city = "Waconia": null

03-03-2025T13:00:59 - [TEST_STEP][PASSED] - province_state_region = "Minnesota": null

03-03-2025T13:00:59 - [TEST_STEP][PASSED] - country = "United States": null

03-03-2025T13:00:59 - [TEST_STEP][PASSED] - callTestCase(findTestCase("Journey Partner Profile/Tabs/Set Contact Info"), ["varKey_contact_phone":key_contact_phone, "varOrganization_phone":organization_phone, "varOrganization_city":organization_city, ... ], STOP_ON_FAILURE): Call Test Case 'Test Cases/Journey Partner Profile/Tabs/Set Contact Info' successfully

03-03-2025T13:00:59 - [TEST_CASE][PASSED] - Test Cases/Journey Partner Profile/Tabs/Set Contact Info: Test Cases/Journey Partner Profile/Tabs/Set Contact Info

03-03-2025T13:00:59 - [TEST_STEP][PASSED] - username = username: null

03-03-2025T13:00:59 - [TEST_STEP][PASSED] - if (username != "cktest07jp" && username != "cktest02jp"): null

03-03-2025T13:00:59 - [TEST_STEP][PASSED] - domain = domain: null

03-03-2025T13:00:59 - [TEST_STEP][PASSED] - writeFile = false: null

03-03-2025T13:00:59 - [TEST_STEP][PASSED] - testName = "Journey Partner Contact Info Tab": null

03-03-2025T13:00:59 - [TEST_STEP][PASSED] - outFile = callTestCase(findTestCase("_Functions/Set Output File"), ["varTestName":testName], STOP_ON_FAILURE): Call Test Case 'Test Cases/_Functions/Set Output File' successfully

03-03-2025T13:00:59 - [TEST_CASE][PASSED] - Test Cases/_Functions/Set Output File: Test Cases/_Functions/Set Output File

03-03-2025T13:00:59 - [TEST_STEP][PASSED] - testName = varTestName: null

03-03-2025T13:00:59 - [TEST_STEP][PASSED] - domain = domain: null

03-03-2025T13:00:59 - [TEST_STEP][PASSED] - writeFile = false: null

03-03-2025T13:00:59 - [TEST_STEP][PASSED] - if (outFile != ""): null

03-03-2025T13:00:59 - [TEST_STEP][PASSED] - myFile = outFile: null

03-03-2025T13:00:59 - [TEST_STEP][PASSED] - println(myFile): null

03-03-2025T13:00:59 - [TEST_STEP][PASSED] - outFile = new java.io.File(myFile): null

03-03-2025T13:00:59 - [TEST_STEP][PASSED] - writeFile = true: null

03-03-2025T13:00:59 - [TEST_STEP][PASSED] - if (!(writeFile)): null

03-03-2025T13:00:59 - [TEST_STEP][PASSED] - else: null

03-03-2025T13:00:59 - [TEST_STEP][PASSED] - outFile.append("
Testing " + testName + " on " + domain + ".
"): null

03-03-2025T13:00:59 - [TEST_STEP][PASSED] - return outFile: null

03-03-2025T13:00:59 - [MESSAGE][PASSED] - Call Test Case 'Test Cases/_Functions/Set Output File' successfully

03-03-2025T13:00:59 - [TEST_STEP][PASSED] - tooltipImagePath = "/Users/cckozie/git/MissionNext-Katalon-Koz/images/journey partner/": null

03-03-2025T13:00:59 - [TEST_STEP][PASSED] - testObjectFolder = "Journey partner Profile/Tabs/Contact Info/": null

03-03-2025T13:00:59 - [TEST_STEP][PASSED] - tooltips = ["dummy":"dummy", "Organization":"img_Organization_field-tooltip", "Abbreviation":"img_Abbreviation_field-tooltip", "PostZip Code":"img_PostZip Code_field-tooltip", ... ]: null

03-03-2025T13:00:59 - [TEST_STEP][PASSED] - tooltipText = ["Organization":"Name of your Organization.(Shorten, if too long to fit in field)", "Abbreviation":"Generally, the first initials of your organization name; this is used in some displays.", ... ]: null

03-03-2025T13:00:59 - [TEST_STEP][PASSED] - requiredFieldMsgs = ["Organization Phone":"The agency phone field is required."]: null

03-03-2025T13:00:59 - [TEST_STEP][PASSED] - pageLinks = [:]: null

03-03-2025T13:00:59 - [TEST_STEP][PASSED] - click(findTestObject("Journey Partner Profile/Tabs/a_Contact Info")): Object: 'Object Repository/Journey Partner Profile/Tabs/a_Contact Info' is clicked on

03-03-2025T13:00:59 - [MESSAGE][PASSED] - Object: 'Object Repository/Journey Partner Profile/Tabs/a_Contact Info' is clicked on

03-03-2025T13:00:59 - [TEST_STEP][PASSED] - tooltipTextMap = callTestCase(findTestCase("_Functions/Get Screenshot and Tooltip Text"), ["varExtension":testName], STOP_ON_FAILURE): Call Test Case 'Test Cases/_Functions/Get Screenshot and Tooltip Text' successfully

03-03-2025T13:00:59 - [TEST_CASE][PASSED] - Test Cases/_Functions/Get Screenshot and Tooltip Text: Test Cases/_Functions/Get Screenshot and Tooltip Text

03-03-2025T13:00:59 - [TEST_STEP][PASSED] - if (fastPath): null

03-03-2025T13:00:59 - [TEST_STEP][PASSED] - return null: null

03-03-2025T13:00:59 - [MESSAGE][PASSED] - Call Test Case 'Test Cases/_Functions/Get Screenshot and Tooltip Text' successfully

03-03-2025T13:00:59 - [TEST_STEP][PASSED] - callTestCase(findTestCase("_Functions/Test Tooltips"), ["varTooltipImagePath":tooltipImagePath, "varTooltips":tooltips, "varTooltipText":tooltipText, "varTestObjectFolder":testObjectFolder, ... ], OPTIONAL): Unable to call Test Case 'Test Cases/_Functions/Test Tooltips' (Root cause: com.kms.katalon.core.exception.StepErrorException: Call Test Case 'Test Cases/_Functions/Test Tooltips' failed because of error(s)
	at com.kms.katalon.core.keyword.builtin.CallTestCaseKeyword$_callTestCase_closure1.doCall(CallTestCaseKeyword.groovy:66)
	at com.kms.katalon.core.keyword.builtin.CallTestCaseKeyword$_callTestCase_closure1.call(CallTestCaseKeyword.groovy)
	at com.kms.katalon.core.keyword.internal.KeywordMain.runKeyword(KeywordMain.groovy:75)
	at com.kms.katalon.core.keyword.builtin.CallTestCaseKeyword.callTestCase(CallTestCaseKeyword.groovy:81)
	at com.kms.katalon.core.keyword.builtin.CallTestCaseKeyword.execute(CallTestCaseKeyword.groovy:44)
	at com.kms.katalon.core.keyword.internal.KeywordExecutor.executeKeywordForPlatform(KeywordExecutor.groovy:74)
	at com.kms.katalon.core.keyword.BuiltinKeywords.callTestCase(BuiltinKeywords.groovy:310)
	at jdk.internal.reflect.GeneratedMethodAccessor16.invoke(Unknown Source)
	at java.base/jdk.internal.reflect.DelegatingMethodAccessorImpl.invoke(DelegatingMethodAccessorImpl.java:43)
	at Set Contact Info.run(Set Contact Info:88)
	at com.kms.katalon.core.main.ScriptEngine.run(ScriptEngine.java:194)
	at com.kms.katalon.core.main.ScriptEngine.runScriptAsRawText(ScriptEngine.java:119)
	at com.kms.katalon.core.main.TestCaseExecutor.runScript(TestCaseExecutor.java:448)
	at com.kms.katalon.core.main.TestCaseExecutor.doExecute(TestCaseExecutor.java:439)
	at com.kms.katalon.core.main.TestCaseExecutor.processExecutionPhase(TestCaseExecutor.java:418)
	at com.kms.katalon.core.main.TestCaseExecutor.accessMainPhase(TestCaseExecutor.java:410)
	at com.kms.katalon.core.main.TestCaseExecutor.execute(TestCaseExecutor.java:285)
	at com.kms.katalon.core.main.TestCaseMain.runTestCase(TestCaseMain.java:137)
	at com.kms.katalon.core.keyword.builtin.CallTestCaseKeyword$_callTestCase_closure1.doCall(CallTestCaseKeyword.groovy:59)
	at com.kms.katalon.core.keyword.builtin.CallTestCaseKeyword$_callTestCase_closure1.call(CallTestCaseKeyword.groovy)
	at com.kms.katalon.core.keyword.internal.KeywordMain.runKeyword(KeywordMain.groovy:75)
	at com.kms.katalon.core.keyword.builtin.CallTestCaseKeyword.callTestCase(CallTestCaseKeyword.groovy:81)
	at com.kms.katalon.core.keyword.builtin.CallTestCaseKeyword.execute(CallTestCaseKeyword.groovy:44)
	at com.kms.katalon.core.keyword.internal.KeywordExecutor.executeKeywordForPlatform(KeywordExecutor.groovy:74)
	at com.kms.katalon.core.keyword.BuiltinKeywords.callTestCase(BuiltinKeywords.groovy:310)
	at jdk.internal.reflect.GeneratedMethodAccessor16.invoke(Unknown Source)
	at java.base/jdk.internal.reflect.DelegatingMethodAccessorImpl.invoke(DelegatingMethodAccessorImpl.java:43)
	at Complete Journey Partner Profile.run(Complete Journey Partner Profile:107)
	at com.kms.katalon.core.main.ScriptEngine.run(ScriptEngine.java:194)
	at com.kms.katalon.core.main.ScriptEngine.runScriptAsRawText(ScriptEngine.java:119)
	at com.kms.katalon.core.main.TestCaseExecutor.runScript(TestCaseExecutor.java:448)
	at com.kms.katalon.core.main.TestCaseExecutor.doExecute(TestCaseExecutor.java:439)
	at com.kms.katalon.core.main.TestCaseExecutor.processExecutionPhase(TestCaseExecutor.java:418)
	at com.kms.katalon.core.main.TestCaseExecutor.accessMainPhase(TestCaseExecutor.java:410)
	at com.kms.katalon.core.main.TestCaseExecutor.execute(TestCaseExecutor.java:285)
	at com.kms.katalon.core.main.TestCaseMain.runTestCase(TestCaseMain.java:137)
	at com.kms.katalon.core.keyword.builtin.CallTestCaseKeyword$_callTestCase_closure1.doCall(CallTestCaseKeyword.groovy:59)
	at com.kms.katalon.core.keyword.builtin.CallTestCaseKeyword$_callTestCase_closure1.call(CallTestCaseKeyword.groovy)
	at com.kms.katalon.core.keyword.internal.KeywordMain.runKeyword(KeywordMain.groovy:75)
	at com.kms.katalon.core.keyword.builtin.CallTestCaseKeyword.callTestCase(CallTestCaseKeyword.groovy:81)
	at com.kms.katalon.core.keyword.builtin.CallTestCaseKeyword.execute(CallTestCaseKeyword.groovy:44)
	at com.kms.katalon.core.keyword.internal.KeywordExecutor.executeKeywordForPlatform(KeywordExecutor.groovy:74)
	at com.kms.katalon.core.keyword.BuiltinKeywords.callTestCase(BuiltinKeywords.groovy:310)
	at jdk.internal.reflect.GeneratedMethodAccessor16.invoke(Unknown Source)
	at java.base/jdk.internal.reflect.DelegatingMethodAccessorImpl.invoke(DelegatingMethodAccessorImpl.java:43)
	at Register Journey Partner.run(Register Journey Partner:368)
	at com.kms.katalon.core.main.ScriptEngine.run(ScriptEngine.java:194)
	at com.kms.katalon.core.main.ScriptEngine.runScriptAsRawText(ScriptEngine.java:119)
	at com.kms.katalon.core.main.TestCaseExecutor.runScript(TestCaseExecutor.java:448)
	at com.kms.katalon.core.main.TestCaseExecutor.doExecute(TestCaseExecutor.java:439)
	at com.kms.katalon.core.main.TestCaseExecutor.processExecutionPhase(TestCaseExecutor.java:418)
	at com.kms.katalon.core.main.TestCaseExecutor.accessMainPhase(TestCaseExecutor.java:410)
	at com.kms.katalon.core.main.TestCaseExecutor.execute(TestCaseExecutor.java:285)
	at com.kms.katalon.core.common.CommonExecutor.accessTestCaseMainPhase(CommonExecutor.java:65)
	at com.kms.katalon.core.main.TestSuiteExecutor.accessTestSuiteMainPhase(TestSuiteExecutor.java:150)
	at com.kms.katalon.core.main.TestSuiteExecutor.execute(TestSuiteExecutor.java:106)
	at com.kms.katalon.core.main.TestCaseMain.startTestSuite(TestCaseMain.java:180)
	at TempTestSuite1741028273844.run(TempTestSuite1741028273844.groovy:35)
	at java.base/jdk.internal.reflect.NativeMethodAccessorImpl.invoke0(Native Method)
	at java.base/jdk.internal.reflect.NativeMethodAccessorImpl.invoke(NativeMethodAccessorImpl.java:77)
	at java.base/jdk.internal.reflect.DelegatingMethodAccessorImpl.invoke(DelegatingMethodAccessorImpl.java:43)
Caused by: org.codehaus.groovy.control.MultipleCompilationErrorsException: startup failed:
file:/Users/cckozie/git/MissionNext-Katalon-Koz/Scripts/_Functions/Test%20Tooltips/Script1736959727538.groovy: 66: unable to resolve class Screen
 @ line 66, column 8.
   Screen s = new Screen()
          ^

file:/Users/cckozie/git/MissionNext-Katalon-Koz/Scripts/_Functions/Test%20Tooltips/Script1736959727538.groovy: 66: unable to resolve class Screen
 @ line 66, column 12.
   Screen s = new Screen()
              ^

file:/Users/cckozie/git/MissionNext-Katalon-Koz/Scripts/_Functions/Test%20Tooltips/Script1736959727538.groovy: 104: unable to resolve class Pattern
 @ line 104, column 17.
           Pattern icn = new Pattern(myImage).similar(0.10)
                   ^

file:/Users/cckozie/git/MissionNext-Katalon-Koz/Scripts/_Functions/Test%20Tooltips/Script1736959727538.groovy: 104: unable to resolve class Pattern
 @ line 104, column 23.
           Pattern icn = new Pattern(myImage).similar(0.10)
                         ^

4 errors

	at com.kms.katalon.core.main.ScriptEngine.getScript(ScriptEngine.java:199)
	at com.kms.katalon.core.main.ScriptEngine.run(ScriptEngine.java:194)
	at com.kms.katalon.core.main.ScriptEngine.runScriptAsRawText(ScriptEngine.java:119)
	at com.kms.katalon.core.main.TestCaseExecutor.runScript(TestCaseExecutor.java:448)
	at com.kms.katalon.core.main.TestCaseExecutor.doExecute(TestCaseExecutor.java:439)
	at com.kms.katalon.core.main.TestCaseExecutor.processExecutionPhase(TestCaseExecutor.java:418)
	at com.kms.katalon.core.main.TestCaseExecutor.accessMainPhase(TestCaseExecutor.java:410)
	at com.kms.katalon.core.main.TestCaseExecutor.execute(TestCaseExecutor.java:285)
	at com.kms.katalon.core.main.TestCaseMain.runTestCase(TestCaseMain.java:137)
	at com.kms.katalon.core.keyword.builtin.CallTestCaseKeyword$_callTestCase_closure1.doCall(CallTestCaseKeyword.groovy:59)
	... 60 more
)

03-03-2025T13:00:59 - [TEST_CASE][ERROR] - Test Cases/_Functions/Test Tooltips: Test Cases/_Functions/Test Tooltips FAILED.
Reason:
org.codehaus.groovy.control.MultipleCompilationErrorsException: startup failed:
file:/Users/cckozie/git/MissionNext-Katalon-Koz/Scripts/_Functions/Test%20Tooltips/Script1736959727538.groovy: 66: unable to resolve class Screen
 @ line 66, column 8.
   Screen s = new Screen()
          ^

file:/Users/cckozie/git/MissionNext-Katalon-Koz/Scripts/_Functions/Test%20Tooltips/Script1736959727538.groovy: 66: unable to resolve class Screen
 @ line 66, column 12.
   Screen s = new Screen()
              ^

file:/Users/cckozie/git/MissionNext-Katalon-Koz/Scripts/_Functions/Test%20Tooltips/Script1736959727538.groovy: 104: unable to resolve class Pattern
 @ line 104, column 17.
           Pattern icn = new Pattern(myImage).similar(0.10)
                   ^

file:/Users/cckozie/git/MissionNext-Katalon-Koz/Scripts/_Functions/Test%20Tooltips/Script1736959727538.groovy: 104: unable to resolve class Pattern
 @ line 104, column 23.
           Pattern icn = new Pattern(myImage).similar(0.10)
                         ^

4 errors

	at com.kms.katalon.core.main.ScriptEngine.getScript(ScriptEngine.java:199)
	at com.kms.katalon.core.main.ScriptEngine.run(ScriptEngine.java:194)
	at com.kms.katalon.core.main.ScriptEngine.runScriptAsRawText(ScriptEngine.java:119)
	at com.kms.katalon.core.main.TestCaseExecutor.runScript(TestCaseExecutor.java:448)
	at com.kms.katalon.core.main.TestCaseExecutor.doExecute(TestCaseExecutor.java:439)
	at com.kms.katalon.core.main.TestCaseExecutor.processExecutionPhase(TestCaseExecutor.java:418)
	at com.kms.katalon.core.main.TestCaseExecutor.accessMainPhase(TestCaseExecutor.java:410)
	at com.kms.katalon.core.main.TestCaseExecutor.execute(TestCaseExecutor.java:285)
	at com.kms.katalon.core.main.TestCaseMain.runTestCase(TestCaseMain.java:137)
	at com.kms.katalon.core.keyword.builtin.CallTestCaseKeyword$_callTestCase_closure1.doCall(CallTestCaseKeyword.groovy:59)
	at com.kms.katalon.core.keyword.builtin.CallTestCaseKeyword$_callTestCase_closure1.call(CallTestCaseKeyword.groovy)
	at com.kms.katalon.core.keyword.internal.KeywordMain.runKeyword(KeywordMain.groovy:75)
	at com.kms.katalon.core.keyword.builtin.CallTestCaseKeyword.callTestCase(CallTestCaseKeyword.groovy:81)
	at com.kms.katalon.core.keyword.builtin.CallTestCaseKeyword.execute(CallTestCaseKeyword.groovy:44)
	at com.kms.katalon.core.keyword.internal.KeywordExecutor.executeKeywordForPlatform(KeywordExecutor.groovy:74)
	at com.kms.katalon.core.keyword.BuiltinKeywords.callTestCase(BuiltinKeywords.groovy:310)
	at jdk.internal.reflect.GeneratedMethodAccessor16.invoke(Unknown Source)
	at java.base/jdk.internal.reflect.DelegatingMethodAccessorImpl.invoke(DelegatingMethodAccessorImpl.java:43)
	at Set Contact Info.run(Set Contact Info:88)
	at com.kms.katalon.core.main.ScriptEngine.run(ScriptEngine.java:194)
	at com.kms.katalon.core.main.ScriptEngine.runScriptAsRawText(ScriptEngine.java:119)
	at com.kms.katalon.core.main.TestCaseExecutor.runScript(TestCaseExecutor.java:448)
	at com.kms.katalon.core.main.TestCaseExecutor.doExecute(TestCaseExecutor.java:439)
	at com.kms.katalon.core.main.TestCaseExecutor.processExecutionPhase(TestCaseExecutor.java:418)
	at com.kms.katalon.core.main.TestCaseExecutor.accessMainPhase(TestCaseExecutor.java:410)
	at com.kms.katalon.core.main.TestCaseExecutor.execute(TestCaseExecutor.java:285)
	at com.kms.katalon.core.main.TestCaseMain.runTestCase(TestCaseMain.java:137)
	at com.kms.katalon.core.keyword.builtin.CallTestCaseKeyword$_callTestCase_closure1.doCall(CallTestCaseKeyword.groovy:59)
	at com.kms.katalon.core.keyword.builtin.CallTestCaseKeyword$_callTestCase_closure1.call(CallTestCaseKeyword.groovy)
	at com.kms.katalon.core.keyword.internal.KeywordMain.runKeyword(KeywordMain.groovy:75)
	at com.kms.katalon.core.keyword.builtin.CallTestCaseKeyword.callTestCase(CallTestCaseKeyword.groovy:81)
	at com.kms.katalon.core.keyword.builtin.CallTestCaseKeyword.execute(CallTestCaseKeyword.groovy:44)
	at com.kms.katalon.core.keyword.internal.KeywordExecutor.executeKeywordForPlatform(KeywordExecutor.groovy:74)
	at com.kms.katalon.core.keyword.BuiltinKeywords.callTestCase(BuiltinKeywords.groovy:310)
	at jdk.internal.reflect.GeneratedMethodAccessor16.invoke(Unknown Source)
	at java.base/jdk.internal.reflect.DelegatingMethodAccessorImpl.invoke(DelegatingMethodAccessorImpl.java:43)
	at Complete Journey Partner Profile.run(Complete Journey Partner Profile:107)
	at com.kms.katalon.core.main.ScriptEngine.run(ScriptEngine.java:194)
	at com.kms.katalon.core.main.ScriptEngine.runScriptAsRawText(ScriptEngine.java:119)
	at com.kms.katalon.core.main.TestCaseExecutor.runScript(TestCaseExecutor.java:448)
	at com.kms.katalon.core.main.TestCaseExecutor.doExecute(TestCaseExecutor.java:439)
	at com.kms.katalon.core.main.TestCaseExecutor.processExecutionPhase(TestCaseExecutor.java:418)
	at com.kms.katalon.core.main.TestCaseExecutor.accessMainPhase(TestCaseExecutor.java:410)
	at com.kms.katalon.core.main.TestCaseExecutor.execute(TestCaseExecutor.java:285)
	at com.kms.katalon.core.main.TestCaseMain.runTestCase(TestCaseMain.java:137)
	at com.kms.katalon.core.keyword.builtin.CallTestCaseKeyword$_callTestCase_closure1.doCall(CallTestCaseKeyword.groovy:59)
	at com.kms.katalon.core.keyword.builtin.CallTestCaseKeyword$_callTestCase_closure1.call(CallTestCaseKeyword.groovy)
	at com.kms.katalon.core.keyword.internal.KeywordMain.runKeyword(KeywordMain.groovy:75)
	at com.kms.katalon.core.keyword.builtin.CallTestCaseKeyword.callTestCase(CallTestCaseKeyword.groovy:81)
	at com.kms.katalon.core.keyword.builtin.CallTestCaseKeyword.execute(CallTestCaseKeyword.groovy:44)
	at com.kms.katalon.core.keyword.internal.KeywordExecutor.executeKeywordForPlatform(KeywordExecutor.groovy:74)
	at com.kms.katalon.core.keyword.BuiltinKeywords.callTestCase(BuiltinKeywords.groovy:310)
	at jdk.internal.reflect.GeneratedMethodAccessor16.invoke(Unknown Source)
	at java.base/jdk.internal.reflect.DelegatingMethodAccessorImpl.invoke(DelegatingMethodAccessorImpl.java:43)
	at Register Journey Partner.run(Register Journey Partner:368)
	at com.kms.katalon.core.main.ScriptEngine.run(ScriptEngine.java:194)
	at com.kms.katalon.core.main.ScriptEngine.runScriptAsRawText(ScriptEngine.java:119)
	at com.kms.katalon.core.main.TestCaseExecutor.runScript(TestCaseExecutor.java:448)
	at com.kms.katalon.core.main.TestCaseExecutor.doExecute(TestCaseExecutor.java:439)
	at com.kms.katalon.core.main.TestCaseExecutor.processExecutionPhase(TestCaseExecutor.java:418)
	at com.kms.katalon.core.main.TestCaseExecutor.accessMainPhase(TestCaseExecutor.java:410)
	at com.kms.katalon.core.main.TestCaseExecutor.execute(TestCaseExecutor.java:285)
	at com.kms.katalon.core.common.CommonExecutor.accessTestCaseMainPhase(CommonExecutor.java:65)
	at com.kms.katalon.core.main.TestSuiteExecutor.accessTestSuiteMainPhase(TestSuiteExecutor.java:150)
	at com.kms.katalon.core.main.TestSuiteExecutor.execute(TestSuiteExecutor.java:106)
	at com.kms.katalon.core.main.TestCaseMain.startTestSuite(TestCaseMain.java:180)
	at TempTestSuite1741028273844.run(TempTestSuite1741028273844.groovy:35)
	at java.base/jdk.internal.reflect.NativeMethodAccessorImpl.invoke0(Native Method)
	at java.base/jdk.internal.reflect.NativeMethodAccessorImpl.invoke(NativeMethodAccessorImpl.java:77)
	at java.base/jdk.internal.reflect.DelegatingMethodAccessorImpl.invoke(DelegatingMethodAccessorImpl.java:43)


03-03-2025T13:00:59 - [MESSAGE][WARNING] - Unable to call Test Case 'Test Cases/_Functions/Test Tooltips' (Root cause: com.kms.katalon.core.exception.StepErrorException: Call Test Case 'Test Cases/_Functions/Test Tooltips' failed because of error(s)
	at com.kms.katalon.core.keyword.builtin.CallTestCaseKeyword$_callTestCase_closure1.doCall(CallTestCaseKeyword.groovy:66)
	at com.kms.katalon.core.keyword.builtin.CallTestCaseKeyword$_callTestCase_closure1.call(CallTestCaseKeyword.groovy)
	at com.kms.katalon.core.keyword.internal.KeywordMain.runKeyword(KeywordMain.groovy:75)
	at com.kms.katalon.core.keyword.builtin.CallTestCaseKeyword.callTestCase(CallTestCaseKeyword.groovy:81)
	at com.kms.katalon.core.keyword.builtin.CallTestCaseKeyword.execute(CallTestCaseKeyword.groovy:44)
	at com.kms.katalon.core.keyword.internal.KeywordExecutor.executeKeywordForPlatform(KeywordExecutor.groovy:74)
	at com.kms.katalon.core.keyword.BuiltinKeywords.callTestCase(BuiltinKeywords.groovy:310)
	at jdk.internal.reflect.GeneratedMethodAccessor16.invoke(Unknown Source)
	at java.base/jdk.internal.reflect.DelegatingMethodAccessorImpl.invoke(DelegatingMethodAccessorImpl.java:43)
	at Set Contact Info.run(Set Contact Info:88)
	at com.kms.katalon.core.main.ScriptEngine.run(ScriptEngine.java:194)
	at com.kms.katalon.core.main.ScriptEngine.runScriptAsRawText(ScriptEngine.java:119)
	at com.kms.katalon.core.main.TestCaseExecutor.runScript(TestCaseExecutor.java:448)
	at com.kms.katalon.core.main.TestCaseExecutor.doExecute(TestCaseExecutor.java:439)
	at com.kms.katalon.core.main.TestCaseExecutor.processExecutionPhase(TestCaseExecutor.java:418)
	at com.kms.katalon.core.main.TestCaseExecutor.accessMainPhase(TestCaseExecutor.java:410)
	at com.kms.katalon.core.main.TestCaseExecutor.execute(TestCaseExecutor.java:285)
	at com.kms.katalon.core.main.TestCaseMain.runTestCase(TestCaseMain.java:137)
	at com.kms.katalon.core.keyword.builtin.CallTestCaseKeyword$_callTestCase_closure1.doCall(CallTestCaseKeyword.groovy:59)
	at com.kms.katalon.core.keyword.builtin.CallTestCaseKeyword$_callTestCase_closure1.call(CallTestCaseKeyword.groovy)
	at com.kms.katalon.core.keyword.internal.KeywordMain.runKeyword(KeywordMain.groovy:75)
	at com.kms.katalon.core.keyword.builtin.CallTestCaseKeyword.callTestCase(CallTestCaseKeyword.groovy:81)
	at com.kms.katalon.core.keyword.builtin.CallTestCaseKeyword.execute(CallTestCaseKeyword.groovy:44)
	at com.kms.katalon.core.keyword.internal.KeywordExecutor.executeKeywordForPlatform(KeywordExecutor.groovy:74)
	at com.kms.katalon.core.keyword.BuiltinKeywords.callTestCase(BuiltinKeywords.groovy:310)
	at jdk.internal.reflect.GeneratedMethodAccessor16.invoke(Unknown Source)
	at java.base/jdk.internal.reflect.DelegatingMethodAccessorImpl.invoke(DelegatingMethodAccessorImpl.java:43)
	at Complete Journey Partner Profile.run(Complete Journey Partner Profile:107)
	at com.kms.katalon.core.main.ScriptEngine.run(ScriptEngine.java:194)
	at com.kms.katalon.core.main.ScriptEngine.runScriptAsRawText(ScriptEngine.java:119)
	at com.kms.katalon.core.main.TestCaseExecutor.runScript(TestCaseExecutor.java:448)
	at com.kms.katalon.core.main.TestCaseExecutor.doExecute(TestCaseExecutor.java:439)
	at com.kms.katalon.core.main.TestCaseExecutor.processExecutionPhase(TestCaseExecutor.java:418)
	at com.kms.katalon.core.main.TestCaseExecutor.accessMainPhase(TestCaseExecutor.java:410)
	at com.kms.katalon.core.main.TestCaseExecutor.execute(TestCaseExecutor.java:285)
	at com.kms.katalon.core.main.TestCaseMain.runTestCase(TestCaseMain.java:137)
	at com.kms.katalon.core.keyword.builtin.CallTestCaseKeyword$_callTestCase_closure1.doCall(CallTestCaseKeyword.groovy:59)
	at com.kms.katalon.core.keyword.builtin.CallTestCaseKeyword$_callTestCase_closure1.call(CallTestCaseKeyword.groovy)
	at com.kms.katalon.core.keyword.internal.KeywordMain.runKeyword(KeywordMain.groovy:75)
	at com.kms.katalon.core.keyword.builtin.CallTestCaseKeyword.callTestCase(CallTestCaseKeyword.groovy:81)
	at com.kms.katalon.core.keyword.builtin.CallTestCaseKeyword.execute(CallTestCaseKeyword.groovy:44)
	at com.kms.katalon.core.keyword.internal.KeywordExecutor.executeKeywordForPlatform(KeywordExecutor.groovy:74)
	at com.kms.katalon.core.keyword.BuiltinKeywords.callTestCase(BuiltinKeywords.groovy:310)
	at jdk.internal.reflect.GeneratedMethodAccessor16.invoke(Unknown Source)
	at java.base/jdk.internal.reflect.DelegatingMethodAccessorImpl.invoke(DelegatingMethodAccessorImpl.java:43)
	at Register Journey Partner.run(Register Journey Partner:368)
	at com.kms.katalon.core.main.ScriptEngine.run(ScriptEngine.java:194)
	at com.kms.katalon.core.main.ScriptEngine.runScriptAsRawText(ScriptEngine.java:119)
	at com.kms.katalon.core.main.TestCaseExecutor.runScript(TestCaseExecutor.java:448)
	at com.kms.katalon.core.main.TestCaseExecutor.doExecute(TestCaseExecutor.java:439)
	at com.kms.katalon.core.main.TestCaseExecutor.processExecutionPhase(TestCaseExecutor.java:418)
	at com.kms.katalon.core.main.TestCaseExecutor.accessMainPhase(TestCaseExecutor.java:410)
	at com.kms.katalon.core.main.TestCaseExecutor.execute(TestCaseExecutor.java:285)
	at com.kms.katalon.core.common.CommonExecutor.accessTestCaseMainPhase(CommonExecutor.java:65)
	at com.kms.katalon.core.main.TestSuiteExecutor.accessTestSuiteMainPhase(TestSuiteExecutor.java:150)
	at com.kms.katalon.core.main.TestSuiteExecutor.execute(TestSuiteExecutor.java:106)
	at com.kms.katalon.core.main.TestCaseMain.startTestSuite(TestCaseMain.java:180)
	at TempTestSuite1741028273844.run(TempTestSuite1741028273844.groovy:35)
	at java.base/jdk.internal.reflect.NativeMethodAccessorImpl.invoke0(Native Method)
	at java.base/jdk.internal.reflect.NativeMethodAccessorImpl.invoke(NativeMethodAccessorImpl.java:77)
	at java.base/jdk.internal.reflect.DelegatingMethodAccessorImpl.invoke(DelegatingMethodAccessorImpl.java:43)
Caused by: org.codehaus.groovy.control.MultipleCompilationErrorsException: startup failed:
file:/Users/cckozie/git/MissionNext-Katalon-Koz/Scripts/_Functions/Test%20Tooltips/Script1736959727538.groovy: 66: unable to resolve class Screen
 @ line 66, column 8.
   Screen s = new Screen()
          ^

file:/Users/cckozie/git/MissionNext-Katalon-Koz/Scripts/_Functions/Test%20Tooltips/Script1736959727538.groovy: 66: unable to resolve class Screen
 @ line 66, column 12.
   Screen s = new Screen()
              ^

file:/Users/cckozie/git/MissionNext-Katalon-Koz/Scripts/_Functions/Test%20Tooltips/Script1736959727538.groovy: 104: unable to resolve class Pattern
 @ line 104, column 17.
           Pattern icn = new Pattern(myImage).similar(0.10)
                   ^

file:/Users/cckozie/git/MissionNext-Katalon-Koz/Scripts/_Functions/Test%20Tooltips/Script1736959727538.groovy: 104: unable to resolve class Pattern
 @ line 104, column 23.
           Pattern icn = new Pattern(myImage).similar(0.10)
                         ^

4 errors

	at com.kms.katalon.core.main.ScriptEngine.getScript(ScriptEngine.java:199)
	at com.kms.katalon.core.main.ScriptEngine.run(ScriptEngine.java:194)
	at com.kms.katalon.core.main.ScriptEngine.runScriptAsRawText(ScriptEngine.java:119)
	at com.kms.katalon.core.main.TestCaseExecutor.runScript(TestCaseExecutor.java:448)
	at com.kms.katalon.core.main.TestCaseExecutor.doExecute(TestCaseExecutor.java:439)
	at com.kms.katalon.core.main.TestCaseExecutor.processExecutionPhase(TestCaseExecutor.java:418)
	at com.kms.katalon.core.main.TestCaseExecutor.accessMainPhase(TestCaseExecutor.java:410)
	at com.kms.katalon.core.main.TestCaseExecutor.execute(TestCaseExecutor.java:285)
	at com.kms.katalon.core.main.TestCaseMain.runTestCase(TestCaseMain.java:137)
	at com.kms.katalon.core.keyword.builtin.CallTestCaseKeyword$_callTestCase_closure1.doCall(CallTestCaseKeyword.groovy:59)
	... 60 more
)

03-03-2025T13:00:59 - [TEST_STEP][PASSED] - outText = "Verifying the required field messages.
": null

03-03-2025T13:00:59 - [TEST_STEP][PASSED] - outFile.append(outText): null

03-03-2025T13:00:59 - [TEST_STEP][PASSED] - fieldList = []: null

03-03-2025T13:00:59 - [TEST_STEP][PASSED] - requiredFieldMsgs.each({ -> ... }): null

03-03-2025T13:00:59 - [TEST_STEP][PASSED] - callTestCase(findTestCase("_Functions/Test Field Error Messages"), ["varFieldList":fieldList, "varRequiredFieldMsgs":requiredFieldMsgs], STOP_ON_FAILURE): Call Test Case 'Test Cases/_Functions/Test Field Error Messages' successfully

03-03-2025T13:00:59 - [TEST_CASE][PASSED] - Test Cases/_Functions/Test Field Error Messages: Test Cases/_Functions/Test Field Error Messages

03-03-2025T13:00:59 - [TEST_STEP][PASSED] - count = callTestCase(findTestCase("_Functions/Find error messages"), ["varFunction":"count"], STOP_ON_FAILURE): Call Test Case 'Test Cases/_Functions/Find error messages' successfully

03-03-2025T13:00:59 - [TEST_CASE][PASSED] - Test Cases/_Functions/Find error messages: Test Cases/_Functions/Find error messages

03-03-2025T13:00:59 - [TEST_STEP][PASSED] - function = "count": null

03-03-2025T13:00:59 - [TEST_STEP][PASSED] - if (binding.hasVariable("varFunction")): null

03-03-2025T13:00:59 - [TEST_STEP][PASSED] - function = varFunction: null

03-03-2025T13:00:59 - [TEST_STEP][PASSED] - title = getWindowTitle(): Current window's title is: 'Journey'

03-03-2025T13:00:59 - [MESSAGE][PASSED] - Current window's title is: 'Journey'

03-03-2025T13:00:59 - [TEST_STEP][PASSED] - println("Page title is " + title): null

03-03-2025T13:00:59 - [TEST_STEP][PASSED] - driver = getWebDriver(): null

03-03-2025T13:00:59 - [TEST_STEP][PASSED] - elements = driver.findElements(By.xpath("//div[@class='col-sm-offset-3 col-sm-9 text-danger']")): null

03-03-2025T13:00:59 - [TEST_STEP][PASSED] - if (function == "count"): null

03-03-2025T13:00:59 - [TEST_STEP][PASSED] - return elements.size(): null

03-03-2025T13:00:59 - [MESSAGE][PASSED] - Call Test Case 'Test Cases/_Functions/Find error messages' successfully

03-03-2025T13:00:59 - [TEST_STEP][PASSED] - outFile = outFile: null

03-03-2025T13:00:59 - [TEST_STEP][PASSED] - if (count == 0): null

03-03-2025T13:00:59 - [TEST_STEP][PASSED] - else: Delayed 0 second(s)

03-03-2025T13:00:59 - [TEST_STEP][PASSED] - fieldList = varFieldList: null

03-03-2025T13:00:59 - [TEST_STEP][PASSED] - requiredFieldMsgs = varRequiredFieldMsgs: null

03-03-2025T13:00:59 - [TEST_STEP][PASSED] - outText = "Verifying error messages for fields " + fieldList: null

03-03-2025T13:00:59 - [TEST_STEP][PASSED] - for (def field : fieldList): null

03-03-2025T13:00:59 - [TEST_STEP][PASSED] - errorMsg = requiredFieldMsgs.get(field): null

03-03-2025T13:00:59 - [TEST_STEP][PASSED] - msg = verifyTextPresent(errorMsg, false, OPTIONAL): Text 'The agency phone field is required.' is present on page 

03-03-2025T13:00:59 - [MESSAGE][PASSED] - Text 'The agency phone field is required.' is present on page 

03-03-2025T13:00:59 - [TEST_STEP][PASSED] - println(field + ":" + msg): null

03-03-2025T13:00:59 - [TEST_STEP][PASSED] - if (!(msg)): null

03-03-2025T13:00:59 - [TEST_STEP][PASSED] - delay(fieldTestDelay): Delayed 0 second(s)

03-03-2025T13:00:59 - [MESSAGE][PASSED] - Delayed 0 second(s)

03-03-2025T13:00:59 - [MESSAGE][PASSED] - Call Test Case 'Test Cases/_Functions/Test Field Error Messages' successfully

03-03-2025T13:00:59 - [TEST_STEP][PASSED] - if (varKey_contact_phone != null): Call Test Case 'Test Cases/_Functions/Perform Action' successfully

03-03-2025T13:00:59 - [TEST_STEP][PASSED] - object = "Object Repository/Journey Partner Profile/Tabs/Contact Info/input_Key Contact Phone": null

03-03-2025T13:00:59 - [TEST_STEP][PASSED] - callTestCase(findTestCase("_Functions/Perform Action"), ["varAction":"setText", "varObject":object, "varParm1":varKey_contact_phone], STOP_ON_FAILURE): Call Test Case 'Test Cases/_Functions/Perform Action' successfully

03-03-2025T13:00:59 - [TEST_CASE][PASSED] - Test Cases/_Functions/Perform Action: Test Cases/_Functions/Perform Action

03-03-2025T13:00:59 - [TEST_STEP][PASSED] - action = varAction: null

03-03-2025T13:00:59 - [TEST_STEP][PASSED] - println(action): null

03-03-2025T13:00:59 - [TEST_STEP][PASSED] - testObject = varObject: null

03-03-2025T13:00:59 - [TEST_STEP][PASSED] - println(testObject): null

03-03-2025T13:00:59 - [TEST_STEP][PASSED] - parm1 = varParm1: null

03-03-2025T13:00:59 - [TEST_STEP][PASSED] - println(parm1): null

03-03-2025T13:00:59 - [TEST_STEP][PASSED] - println("Converting " + testObject + " to web element"): null

03-03-2025T13:00:59 - [TEST_STEP][PASSED] - element = findWebElement(findTestObject(testObject), 1): null

03-03-2025T13:00:59 - [TEST_STEP][PASSED] - loc = element.getLocation(): null

03-03-2025T13:00:59 - [TEST_STEP][PASSED] - y = loc.getY(): null

03-03-2025T13:00:59 - [TEST_STEP][PASSED] - println("Y location is " + y): null

03-03-2025T13:00:59 - [TEST_STEP][PASSED] - top = getViewportTopPosition(): Current viewport's top (y) position is 0

03-03-2025T13:00:59 - [MESSAGE][PASSED] - Current viewport's top (y) position is 0

03-03-2025T13:00:59 - [TEST_STEP][PASSED] - println("Viewport top is " + top): null

03-03-2025T13:00:59 - [TEST_STEP][PASSED] - bottom = top + 600: null

03-03-2025T13:00:59 - [TEST_STEP][PASSED] - if (y - top < 150 || bottom - y < 10): Delayed 1 second(s)

03-03-2025T13:00:59 - [TEST_STEP][PASSED] - scrollToPosition(0, y - 150): Browser is scrolled to position x = 0, y = 923

03-03-2025T13:00:59 - [MESSAGE][PASSED] - Browser is scrolled to position x = 0, y = 923

03-03-2025T13:00:59 - [TEST_STEP][PASSED] - delay(1): Delayed 1 second(s)

03-03-2025T13:01:00 - [MESSAGE][PASSED] - Delayed 1 second(s)

03-03-2025T13:01:00 - [TEST_STEP][PASSED] - if (action == "click"): null

03-03-2025T13:01:00 - [TEST_STEP][PASSED] - else if (action == "selectOptionByValue"): null

03-03-2025T13:01:00 - [TEST_STEP][PASSED] - else if (action == "setText"): Text '952-442-1703' is set on object 'Object Repository/Journey Partner Profile/Tabs/Contact Info/input_Key Contact Phone'

03-03-2025T13:01:00 - [TEST_STEP][PASSED] - println("Setting text " + parm1): null

03-03-2025T13:01:00 - [TEST_STEP][PASSED] - setText(findTestObject(testObject), parm1): Text '952-442-1703' is set on object 'Object Repository/Journey Partner Profile/Tabs/Contact Info/input_Key Contact Phone'

03-03-2025T13:01:00 - [MESSAGE][PASSED] - Text '952-442-1703' is set on object 'Object Repository/Journey Partner Profile/Tabs/Contact Info/input_Key Contact Phone'

03-03-2025T13:01:00 - [MESSAGE][PASSED] - Call Test Case 'Test Cases/_Functions/Perform Action' successfully

03-03-2025T13:01:00 - [TEST_STEP][PASSED] - if (varOrganization_phone != null): Call Test Case 'Test Cases/_Functions/Perform Action' successfully

03-03-2025T13:01:00 - [TEST_STEP][PASSED] - object = "Object Repository/Journey Partner Profile/Tabs/Contact Info/input_Organization Phone": null

03-03-2025T13:01:00 - [TEST_STEP][PASSED] - callTestCase(findTestCase("_Functions/Perform Action"), ["varAction":"setText", "varObject":object, "varParm1":varOrganization_phone], STOP_ON_FAILURE): Call Test Case 'Test Cases/_Functions/Perform Action' successfully

03-03-2025T13:01:01 - [TEST_CASE][PASSED] - Test Cases/_Functions/Perform Action: Test Cases/_Functions/Perform Action

03-03-2025T13:01:01 - [TEST_STEP][PASSED] - action = varAction: null

03-03-2025T13:01:01 - [TEST_STEP][PASSED] - println(action): null

03-03-2025T13:01:01 - [TEST_STEP][PASSED] - testObject = varObject: null

03-03-2025T13:01:01 - [TEST_STEP][PASSED] - println(testObject): null

03-03-2025T13:01:01 - [TEST_STEP][PASSED] - parm1 = varParm1: null

03-03-2025T13:01:01 - [TEST_STEP][PASSED] - println(parm1): null

03-03-2025T13:01:01 - [TEST_STEP][PASSED] - println("Converting " + testObject + " to web element"): null

03-03-2025T13:01:01 - [TEST_STEP][PASSED] - element = findWebElement(findTestObject(testObject), 1): null

03-03-2025T13:01:01 - [TEST_STEP][PASSED] - loc = element.getLocation(): null

03-03-2025T13:01:01 - [TEST_STEP][PASSED] - y = loc.getY(): null

03-03-2025T13:01:01 - [TEST_STEP][PASSED] - println("Y location is " + y): null

03-03-2025T13:01:01 - [TEST_STEP][PASSED] - top = getViewportTopPosition(): Current viewport's top (y) position is 923

03-03-2025T13:01:01 - [MESSAGE][PASSED] - Current viewport's top (y) position is 923

03-03-2025T13:01:01 - [TEST_STEP][PASSED] - println("Viewport top is " + top): null

03-03-2025T13:01:01 - [TEST_STEP][PASSED] - bottom = top + 600: null

03-03-2025T13:01:01 - [TEST_STEP][PASSED] - if (y - top < 150 || bottom - y < 10): Delayed 1 second(s)

03-03-2025T13:01:01 - [TEST_STEP][PASSED] - scrollToPosition(0, y - 150): Browser is scrolled to position x = 0, y = 702

03-03-2025T13:01:01 - [MESSAGE][PASSED] - Browser is scrolled to position x = 0, y = 702

03-03-2025T13:01:01 - [TEST_STEP][PASSED] - delay(1): Delayed 1 second(s)

03-03-2025T13:01:02 - [MESSAGE][PASSED] - Delayed 1 second(s)

03-03-2025T13:01:02 - [TEST_STEP][PASSED] - if (action == "click"): null

03-03-2025T13:01:02 - [TEST_STEP][PASSED] - else if (action == "selectOptionByValue"): null

03-03-2025T13:01:02 - [TEST_STEP][PASSED] - else if (action == "setText"): Text '612-209-9611' is set on object 'Object Repository/Journey Partner Profile/Tabs/Contact Info/input_Organization Phone'

03-03-2025T13:01:02 - [TEST_STEP][PASSED] - println("Setting text " + parm1): null

03-03-2025T13:01:02 - [TEST_STEP][PASSED] - setText(findTestObject(testObject), parm1): Text '612-209-9611' is set on object 'Object Repository/Journey Partner Profile/Tabs/Contact Info/input_Organization Phone'

03-03-2025T13:01:02 - [MESSAGE][PASSED] - Text '612-209-9611' is set on object 'Object Repository/Journey Partner Profile/Tabs/Contact Info/input_Organization Phone'

03-03-2025T13:01:02 - [MESSAGE][PASSED] - Call Test Case 'Test Cases/_Functions/Perform Action' successfully

03-03-2025T13:01:02 - [TEST_STEP][PASSED] - if (varOrganization_city != null): Call Test Case 'Test Cases/_Functions/Perform Action' successfully

03-03-2025T13:01:02 - [TEST_STEP][PASSED] - object = "Object Repository/Journey Partner Profile/Tabs/Contact Info/input_Organization City": null

03-03-2025T13:01:02 - [TEST_STEP][PASSED] - callTestCase(findTestCase("_Functions/Perform Action"), ["varAction":"setText", "varObject":object, "varParm1":varOrganization_city], STOP_ON_FAILURE): Call Test Case 'Test Cases/_Functions/Perform Action' successfully

03-03-2025T13:01:02 - [TEST_CASE][PASSED] - Test Cases/_Functions/Perform Action: Test Cases/_Functions/Perform Action

03-03-2025T13:01:02 - [TEST_STEP][PASSED] - action = varAction: null

03-03-2025T13:01:02 - [TEST_STEP][PASSED] - println(action): null

03-03-2025T13:01:02 - [TEST_STEP][PASSED] - testObject = varObject: null

03-03-2025T13:01:02 - [TEST_STEP][PASSED] - println(testObject): null

03-03-2025T13:01:02 - [TEST_STEP][PASSED] - parm1 = varParm1: null

03-03-2025T13:01:02 - [TEST_STEP][PASSED] - println(parm1): null

03-03-2025T13:01:02 - [TEST_STEP][PASSED] - println("Converting " + testObject + " to web element"): null

03-03-2025T13:01:02 - [TEST_STEP][PASSED] - element = findWebElement(findTestObject(testObject), 1): null

03-03-2025T13:01:02 - [TEST_STEP][PASSED] - loc = element.getLocation(): null

03-03-2025T13:01:02 - [TEST_STEP][PASSED] - y = loc.getY(): null

03-03-2025T13:01:02 - [TEST_STEP][PASSED] - println("Y location is " + y): null

03-03-2025T13:01:02 - [TEST_STEP][PASSED] - top = getViewportTopPosition(): Current viewport's top (y) position is 702

03-03-2025T13:01:02 - [MESSAGE][PASSED] - Current viewport's top (y) position is 702

03-03-2025T13:01:02 - [TEST_STEP][PASSED] - println("Viewport top is " + top): null

03-03-2025T13:01:02 - [TEST_STEP][PASSED] - bottom = top + 600: null

03-03-2025T13:01:02 - [TEST_STEP][PASSED] - if (y - top < 150 || bottom - y < 10): Delayed 1 second(s)

03-03-2025T13:01:02 - [TEST_STEP][PASSED] - scrollToPosition(0, y - 150): Browser is scrolled to position x = 0, y = 524

03-03-2025T13:01:02 - [MESSAGE][PASSED] - Browser is scrolled to position x = 0, y = 524

03-03-2025T13:01:02 - [TEST_STEP][PASSED] - delay(1): Delayed 1 second(s)

03-03-2025T13:01:03 - [MESSAGE][PASSED] - Delayed 1 second(s)

03-03-2025T13:01:03 - [TEST_STEP][PASSED] - if (action == "click"): null

03-03-2025T13:01:03 - [TEST_STEP][PASSED] - else if (action == "selectOptionByValue"): null

03-03-2025T13:01:03 - [TEST_STEP][PASSED] - else if (action == "setText"): Text 'Waconia' is set on object 'Object Repository/Journey Partner Profile/Tabs/Contact Info/input_Organization City'

03-03-2025T13:01:03 - [TEST_STEP][PASSED] - println("Setting text " + parm1): null

03-03-2025T13:01:03 - [TEST_STEP][PASSED] - setText(findTestObject(testObject), parm1): Text 'Waconia' is set on object 'Object Repository/Journey Partner Profile/Tabs/Contact Info/input_Organization City'

03-03-2025T13:01:03 - [MESSAGE][PASSED] - Text 'Waconia' is set on object 'Object Repository/Journey Partner Profile/Tabs/Contact Info/input_Organization City'

03-03-2025T13:01:03 - [MESSAGE][PASSED] - Call Test Case 'Test Cases/_Functions/Perform Action' successfully

03-03-2025T13:01:03 - [TEST_STEP][PASSED] - if (varProvince_state_region != null): Call Test Case 'Test Cases/_Functions/Perform Action' successfully

03-03-2025T13:01:03 - [TEST_STEP][PASSED] - object = "Object Repository/Journey Partner Profile/Tabs/Contact Info/select_State": null

03-03-2025T13:01:03 - [TEST_STEP][PASSED] - callTestCase(findTestCase("_Functions/Perform Action"), ["varAction":"selectOptionByValue", "varObject":object, "varParm1":varProvince_state_region], STOP_ON_FAILURE): Call Test Case 'Test Cases/_Functions/Perform Action' successfully

03-03-2025T13:01:03 - [TEST_CASE][PASSED] - Test Cases/_Functions/Perform Action: Test Cases/_Functions/Perform Action

03-03-2025T13:01:03 - [TEST_STEP][PASSED] - action = varAction: null

03-03-2025T13:01:03 - [TEST_STEP][PASSED] - println(action): null

03-03-2025T13:01:03 - [TEST_STEP][PASSED] - testObject = varObject: null

03-03-2025T13:01:03 - [TEST_STEP][PASSED] - println(testObject): null

03-03-2025T13:01:03 - [TEST_STEP][PASSED] - parm1 = varParm1: null

03-03-2025T13:01:03 - [TEST_STEP][PASSED] - println(parm1): null

03-03-2025T13:01:03 - [TEST_STEP][PASSED] - println("Converting " + testObject + " to web element"): null

03-03-2025T13:01:03 - [TEST_STEP][PASSED] - element = findWebElement(findTestObject(testObject), 1): null

03-03-2025T13:01:03 - [TEST_STEP][PASSED] - loc = element.getLocation(): null

03-03-2025T13:01:03 - [TEST_STEP][PASSED] - y = loc.getY(): null

03-03-2025T13:01:03 - [TEST_STEP][PASSED] - println("Y location is " + y): null

03-03-2025T13:01:03 - [TEST_STEP][PASSED] - top = getViewportTopPosition(): Current viewport's top (y) position is 524

03-03-2025T13:01:03 - [MESSAGE][PASSED] - Current viewport's top (y) position is 524

03-03-2025T13:01:03 - [TEST_STEP][PASSED] - println("Viewport top is " + top): null

03-03-2025T13:01:03 - [TEST_STEP][PASSED] - bottom = top + 600: null

03-03-2025T13:01:03 - [TEST_STEP][PASSED] - if (y - top < 150 || bottom - y < 10): null

03-03-2025T13:01:03 - [TEST_STEP][PASSED] - if (action == "click"): null

03-03-2025T13:01:03 - [TEST_STEP][PASSED] - else if (action == "selectOptionByValue"): All options with value 'Minnesota' are selected in object 'Object Repository/Journey Partner Profile/Tabs/Contact Info/select_State' 

03-03-2025T13:01:03 - [TEST_STEP][PASSED] - println("Selecting " + parm1): null

03-03-2025T13:01:03 - [TEST_STEP][PASSED] - selectOptionByValue(findTestObject(testObject), parm1, false): All options with value 'Minnesota' are selected in object 'Object Repository/Journey Partner Profile/Tabs/Contact Info/select_State' 

03-03-2025T13:01:03 - [MESSAGE][PASSED] - All options with value 'Minnesota' are selected in object 'Object Repository/Journey Partner Profile/Tabs/Contact Info/select_State' 

03-03-2025T13:01:03 - [MESSAGE][PASSED] - Call Test Case 'Test Cases/_Functions/Perform Action' successfully

03-03-2025T13:01:03 - [TEST_STEP][PASSED] - if (varProvince_state_region != null): Call Test Case 'Test Cases/_Functions/Perform Action' successfully

03-03-2025T13:01:03 - [TEST_STEP][PASSED] - object = "Object Repository/Journey Partner Profile/Tabs/Contact Info/input_ProvinceStateRegion": null

03-03-2025T13:01:03 - [TEST_STEP][PASSED] - callTestCase(findTestCase("_Functions/Perform Action"), ["varAction":"setText", "varObject":object, "varParm1":varProvince_state_region], STOP_ON_FAILURE): Call Test Case 'Test Cases/_Functions/Perform Action' successfully

03-03-2025T13:01:03 - [TEST_CASE][PASSED] - Test Cases/_Functions/Perform Action: Test Cases/_Functions/Perform Action

03-03-2025T13:01:03 - [TEST_STEP][PASSED] - action = varAction: null

03-03-2025T13:01:03 - [TEST_STEP][PASSED] - println(action): null

03-03-2025T13:01:03 - [TEST_STEP][PASSED] - testObject = varObject: null

03-03-2025T13:01:03 - [TEST_STEP][PASSED] - println(testObject): null

03-03-2025T13:01:03 - [TEST_STEP][PASSED] - parm1 = varParm1: null

03-03-2025T13:01:03 - [TEST_STEP][PASSED] - println(parm1): null

03-03-2025T13:01:03 - [TEST_STEP][PASSED] - println("Converting " + testObject + " to web element"): null

03-03-2025T13:01:03 - [TEST_STEP][PASSED] - element = findWebElement(findTestObject(testObject), 1): null

03-03-2025T13:01:03 - [TEST_STEP][PASSED] - loc = element.getLocation(): null

03-03-2025T13:01:03 - [TEST_STEP][PASSED] - y = loc.getY(): null

03-03-2025T13:01:03 - [TEST_STEP][PASSED] - println("Y location is " + y): null

03-03-2025T13:01:03 - [TEST_STEP][PASSED] - top = getViewportTopPosition(): Current viewport's top (y) position is 524

03-03-2025T13:01:03 - [MESSAGE][PASSED] - Current viewport's top (y) position is 524

03-03-2025T13:01:03 - [TEST_STEP][PASSED] - println("Viewport top is " + top): null

03-03-2025T13:01:03 - [TEST_STEP][PASSED] - bottom = top + 600: null

03-03-2025T13:01:03 - [TEST_STEP][PASSED] - if (y - top < 150 || bottom - y < 10): null

03-03-2025T13:01:03 - [TEST_STEP][PASSED] - if (action == "click"): null

03-03-2025T13:01:03 - [TEST_STEP][PASSED] - else if (action == "selectOptionByValue"): null

03-03-2025T13:01:03 - [TEST_STEP][PASSED] - else if (action == "setText"): Text 'Minnesota' is set on object 'Object Repository/Journey Partner Profile/Tabs/Contact Info/input_ProvinceStateRegion'

03-03-2025T13:01:03 - [TEST_STEP][PASSED] - println("Setting text " + parm1): null

03-03-2025T13:01:03 - [TEST_STEP][PASSED] - setText(findTestObject(testObject), parm1): Text 'Minnesota' is set on object 'Object Repository/Journey Partner Profile/Tabs/Contact Info/input_ProvinceStateRegion'

03-03-2025T13:01:03 - [MESSAGE][PASSED] - Text 'Minnesota' is set on object 'Object Repository/Journey Partner Profile/Tabs/Contact Info/input_ProvinceStateRegion'

03-03-2025T13:01:03 - [MESSAGE][PASSED] - Call Test Case 'Test Cases/_Functions/Perform Action' successfully

03-03-2025T13:01:03 - [TEST_STEP][PASSED] - if (varCountry != null): Call Test Case 'Test Cases/_Functions/Perform Action' successfully

03-03-2025T13:01:03 - [TEST_STEP][PASSED] - object = "Object Repository/Journey Partner Profile/Tabs/Contact Info/select_Country": null

03-03-2025T13:01:03 - [TEST_STEP][PASSED] - callTestCase(findTestCase("_Functions/Perform Action"), ["varAction":"selectOptionByValue", "varObject":object, "varParm1":varCountry], STOP_ON_FAILURE): Call Test Case 'Test Cases/_Functions/Perform Action' successfully

03-03-2025T13:01:03 - [TEST_CASE][PASSED] - Test Cases/_Functions/Perform Action: Test Cases/_Functions/Perform Action

03-03-2025T13:01:03 - [TEST_STEP][PASSED] - action = varAction: null

03-03-2025T13:01:03 - [TEST_STEP][PASSED] - println(action): null

03-03-2025T13:01:03 - [TEST_STEP][PASSED] - testObject = varObject: null

03-03-2025T13:01:03 - [TEST_STEP][PASSED] - println(testObject): null

03-03-2025T13:01:03 - [TEST_STEP][PASSED] - parm1 = varParm1: null

03-03-2025T13:01:03 - [TEST_STEP][PASSED] - println(parm1): null

03-03-2025T13:01:03 - [TEST_STEP][PASSED] - println("Converting " + testObject + " to web element"): null

03-03-2025T13:01:03 - [TEST_STEP][PASSED] - element = findWebElement(findTestObject(testObject), 1): null

03-03-2025T13:01:03 - [TEST_STEP][PASSED] - loc = element.getLocation(): null

03-03-2025T13:01:03 - [TEST_STEP][PASSED] - y = loc.getY(): null

03-03-2025T13:01:03 - [TEST_STEP][PASSED] - println("Y location is " + y): null

03-03-2025T13:01:03 - [TEST_STEP][PASSED] - top = getViewportTopPosition(): Current viewport's top (y) position is 524

03-03-2025T13:01:03 - [MESSAGE][PASSED] - Current viewport's top (y) position is 524

03-03-2025T13:01:03 - [TEST_STEP][PASSED] - println("Viewport top is " + top): null

03-03-2025T13:01:03 - [TEST_STEP][PASSED] - bottom = top + 600: null

03-03-2025T13:01:03 - [TEST_STEP][PASSED] - if (y - top < 150 || bottom - y < 10): Delayed 1 second(s)

03-03-2025T13:01:03 - [TEST_STEP][PASSED] - scrollToPosition(0, y - 150): Browser is scrolled to position x = 0, y = 484

03-03-2025T13:01:03 - [MESSAGE][PASSED] - Browser is scrolled to position x = 0, y = 484

03-03-2025T13:01:03 - [TEST_STEP][PASSED] - delay(1): Delayed 1 second(s)

03-03-2025T13:01:04 - [MESSAGE][PASSED] - Delayed 1 second(s)

03-03-2025T13:01:04 - [TEST_STEP][PASSED] - if (action == "click"): null

03-03-2025T13:01:04 - [TEST_STEP][PASSED] - else if (action == "selectOptionByValue"): All options with value 'United States' are selected in object 'Object Repository/Journey Partner Profile/Tabs/Contact Info/select_Country' 

03-03-2025T13:01:04 - [TEST_STEP][PASSED] - println("Selecting " + parm1): null

03-03-2025T13:01:04 - [TEST_STEP][PASSED] - selectOptionByValue(findTestObject(testObject), parm1, false): All options with value 'United States' are selected in object 'Object Repository/Journey Partner Profile/Tabs/Contact Info/select_Country' 

03-03-2025T13:01:04 - [MESSAGE][PASSED] - All options with value 'United States' are selected in object 'Object Repository/Journey Partner Profile/Tabs/Contact Info/select_Country' 

03-03-2025T13:01:04 - [MESSAGE][PASSED] - Call Test Case 'Test Cases/_Functions/Perform Action' successfully

03-03-2025T13:01:04 - [TEST_STEP][PASSED] - callTestCase(findTestCase("_Functions/Test External Links"), ["varPageLinks":pageLinks, "varObjectPath":"Object Repository/Journey Candidate Profile/Tabs/Contact Info/"], OPTIONAL): Call Test Case 'Test Cases/_Functions/Test External Links' successfully

03-03-2025T13:01:04 - [TEST_CASE][PASSED] - Test Cases/_Functions/Test External Links: Test Cases/_Functions/Test External Links

03-03-2025T13:01:04 - [TEST_STEP][PASSED] - if (fastPath): null

03-03-2025T13:01:04 - [TEST_STEP][PASSED] - return null: null

03-03-2025T13:01:04 - [MESSAGE][PASSED] - Call Test Case 'Test Cases/_Functions/Test External Links' successfully

03-03-2025T13:01:04 - [TEST_STEP][PASSED] - object = "Journey Partner Profile/Tabs/btn_Complete Submit": null

03-03-2025T13:01:04 - [TEST_STEP][PASSED] - callTestCase(findTestCase("_Functions/Perform Action"), ["varAction":"click", "varObject":object, "varParm1":null], STOP_ON_FAILURE): Call Test Case 'Test Cases/_Functions/Perform Action' successfully

03-03-2025T13:01:04 - [TEST_CASE][PASSED] - Test Cases/_Functions/Perform Action: Test Cases/_Functions/Perform Action

03-03-2025T13:01:04 - [TEST_STEP][PASSED] - action = varAction: null

03-03-2025T13:01:04 - [TEST_STEP][PASSED] - println(action): null

03-03-2025T13:01:04 - [TEST_STEP][PASSED] - testObject = varObject: null

03-03-2025T13:01:04 - [TEST_STEP][PASSED] - println(testObject): null

03-03-2025T13:01:04 - [TEST_STEP][PASSED] - parm1 = varParm1: null

03-03-2025T13:01:04 - [TEST_STEP][PASSED] - println(parm1): null

03-03-2025T13:01:04 - [TEST_STEP][PASSED] - println("Converting " + testObject + " to web element"): null

03-03-2025T13:01:04 - [TEST_STEP][PASSED] - element = findWebElement(findTestObject(testObject), 1): null

03-03-2025T13:01:04 - [TEST_STEP][PASSED] - loc = element.getLocation(): null

03-03-2025T13:01:04 - [TEST_STEP][PASSED] - y = loc.getY(): null

03-03-2025T13:01:04 - [TEST_STEP][PASSED] - println("Y location is " + y): null

03-03-2025T13:01:04 - [TEST_STEP][PASSED] - top = getViewportTopPosition(): Current viewport's top (y) position is 484

03-03-2025T13:01:04 - [MESSAGE][PASSED] - Current viewport's top (y) position is 484

03-03-2025T13:01:04 - [TEST_STEP][PASSED] - println("Viewport top is " + top): null

03-03-2025T13:01:04 - [TEST_STEP][PASSED] - bottom = top + 600: null

03-03-2025T13:01:04 - [TEST_STEP][PASSED] - if (y - top < 150 || bottom - y < 10): Delayed 1 second(s)

03-03-2025T13:01:04 - [TEST_STEP][PASSED] - scrollToPosition(0, y - 150): Browser is scrolled to position x = 0, y = 1228

03-03-2025T13:01:04 - [MESSAGE][PASSED] - Browser is scrolled to position x = 0, y = 1228

03-03-2025T13:01:04 - [TEST_STEP][PASSED] - delay(1): Delayed 1 second(s)

03-03-2025T13:01:05 - [MESSAGE][PASSED] - Delayed 1 second(s)

03-03-2025T13:01:05 - [TEST_STEP][PASSED] - if (action == "click"): Object: 'Object Repository/Journey Partner Profile/Tabs/btn_Complete Submit' is clicked on

03-03-2025T13:01:05 - [TEST_STEP][PASSED] - println("clicking"): null

03-03-2025T13:01:05 - [TEST_STEP][PASSED] - click(findTestObject(testObject)): Object: 'Object Repository/Journey Partner Profile/Tabs/btn_Complete Submit' is clicked on

03-03-2025T13:01:07 - [MESSAGE][PASSED] - Object: 'Object Repository/Journey Partner Profile/Tabs/btn_Complete Submit' is clicked on

03-03-2025T13:01:07 - [MESSAGE][PASSED] - Call Test Case 'Test Cases/_Functions/Perform Action' successfully

03-03-2025T13:01:07 - [MESSAGE][PASSED] - Call Test Case 'Test Cases/Journey Partner Profile/Tabs/Set Contact Info' successfully

03-03-2025T13:01:07 - [TEST_STEP][PASSED] - if (pages.size() == 0 || "All" in pages || "Organization Info" in pages): Call Test Case 'Test Cases/Journey Partner Profile/Tabs/Set Organization Info' successfully

03-03-2025T13:01:07 - [TEST_STEP][PASSED] - year_founded = "2012": null

03-03-2025T13:01:07 - [TEST_STEP][PASSED] - link_back_url = "http://myjourneypartner.org": null

03-03-2025T13:01:07 - [TEST_STEP][PASSED] - organization_city = "Waconia": null

03-03-2025T13:01:07 - [TEST_STEP][PASSED] - hide_listing = "Yes": null

03-03-2025T13:01:07 - [TEST_STEP][PASSED] - security_explanation = "Creative access country.": null

03-03-2025T13:01:07 - [TEST_STEP][PASSED] - callTestCase(findTestCase("Journey Partner Profile/Tabs/Set Organization Info"), ["varYear_founded":year_founded, "varLink_back_url":link_back_url, "varHide_listing":hide_listing, "varSecurity_explanation":security_explanation], STOP_ON_FAILURE): Call Test Case 'Test Cases/Journey Partner Profile/Tabs/Set Organization Info' successfully

03-03-2025T13:01:07 - [TEST_CASE][PASSED] - Test Cases/Journey Partner Profile/Tabs/Set Organization Info: Test Cases/Journey Partner Profile/Tabs/Set Organization Info

03-03-2025T13:01:07 - [TEST_STEP][PASSED] - username = username: null

03-03-2025T13:01:07 - [TEST_STEP][PASSED] - if (username != "cktest07jp" && username != "cktest02jp"): null

03-03-2025T13:01:07 - [TEST_STEP][PASSED] - domain = domain: null

03-03-2025T13:01:07 - [TEST_STEP][PASSED] - writeFile = false: null

03-03-2025T13:01:07 - [TEST_STEP][PASSED] - testName = "Journey Partner Organization Info Tab": null

03-03-2025T13:01:07 - [TEST_STEP][PASSED] - outFile = callTestCase(findTestCase("_Functions/Set Output File"), ["varTestName":testName], STOP_ON_FAILURE): Call Test Case 'Test Cases/_Functions/Set Output File' successfully

03-03-2025T13:01:07 - [TEST_CASE][PASSED] - Test Cases/_Functions/Set Output File: Test Cases/_Functions/Set Output File

03-03-2025T13:01:07 - [TEST_STEP][PASSED] - testName = varTestName: null

03-03-2025T13:01:07 - [TEST_STEP][PASSED] - domain = domain: null

03-03-2025T13:01:07 - [TEST_STEP][PASSED] - writeFile = false: null

03-03-2025T13:01:07 - [TEST_STEP][PASSED] - if (outFile != ""): null

03-03-2025T13:01:07 - [TEST_STEP][PASSED] - myFile = outFile: null

03-03-2025T13:01:07 - [TEST_STEP][PASSED] - println(myFile): null

03-03-2025T13:01:07 - [TEST_STEP][PASSED] - outFile = new java.io.File(myFile): null

03-03-2025T13:01:07 - [TEST_STEP][PASSED] - writeFile = true: null

03-03-2025T13:01:07 - [TEST_STEP][PASSED] - if (!(writeFile)): null

03-03-2025T13:01:07 - [TEST_STEP][PASSED] - else: null

03-03-2025T13:01:07 - [TEST_STEP][PASSED] - outFile.append("
Testing " + testName + " on " + domain + ".
"): null

03-03-2025T13:01:07 - [TEST_STEP][PASSED] - return outFile: null

03-03-2025T13:01:07 - [MESSAGE][PASSED] - Call Test Case 'Test Cases/_Functions/Set Output File' successfully

03-03-2025T13:01:07 - [TEST_STEP][PASSED] - tooltipImagePath = "/Users/cckozie/git/MissionNext-Katalon-Koz/images/journey partner/": null

03-03-2025T13:01:07 - [TEST_STEP][PASSED] - testObjectFolder = "Journey partner Profile/Tabs/Organization Info/": null

03-03-2025T13:01:07 - [TEST_STEP][PASSED] - tooltips = ["dummy":"dummy", "Tier Level":"img_Tier Level_field-tooltip", "Mission Statement":"img_Mission Statement_field-tooltip", "Statement of Faith":"img_Statement of Faith_field-tooltip", ... ]: null

03-03-2025T13:01:07 - [TEST_STEP][PASSED] - tooltipText = ["Tier Level":"Select Tier level based on size of your organization's Annual Revenue.", "Mission Statement":"Add web address from website where the mission statement is displayed.", ... ]: null

03-03-2025T13:01:07 - [TEST_STEP][PASSED] - requiredFieldMsgs = [:]: null

03-03-2025T13:01:07 - [TEST_STEP][PASSED] - pageLinks = [:]: null

03-03-2025T13:01:07 - [TEST_STEP][PASSED] - click(findTestObject("Journey Partner Profile/Tabs/a_Organization Info")): Object: 'Object Repository/Journey Partner Profile/Tabs/a_Organization Info' is clicked on

03-03-2025T13:01:08 - [MESSAGE][PASSED] - Object: 'Object Repository/Journey Partner Profile/Tabs/a_Organization Info' is clicked on

03-03-2025T13:01:08 - [TEST_STEP][PASSED] - tooltipTextMap = callTestCase(findTestCase("_Functions/Get Screenshot and Tooltip Text"), ["varExtension":testName], STOP_ON_FAILURE): Call Test Case 'Test Cases/_Functions/Get Screenshot and Tooltip Text' successfully

03-03-2025T13:01:08 - [TEST_CASE][PASSED] - Test Cases/_Functions/Get Screenshot and Tooltip Text: Test Cases/_Functions/Get Screenshot and Tooltip Text

03-03-2025T13:01:08 - [TEST_STEP][PASSED] - if (fastPath): null

03-03-2025T13:01:08 - [TEST_STEP][PASSED] - return null: null

03-03-2025T13:01:08 - [MESSAGE][PASSED] - Call Test Case 'Test Cases/_Functions/Get Screenshot and Tooltip Text' successfully

03-03-2025T13:01:08 - [TEST_STEP][PASSED] - callTestCase(findTestCase("_Functions/Test Tooltips"), ["varTooltipImagePath":tooltipImagePath, "varTooltips":tooltips, "varTooltipText":tooltipText, "varTestObjectFolder":testObjectFolder, ... ], OPTIONAL): Unable to call Test Case 'Test Cases/_Functions/Test Tooltips' (Root cause: com.kms.katalon.core.exception.StepErrorException: Call Test Case 'Test Cases/_Functions/Test Tooltips' failed because of error(s)
	at com.kms.katalon.core.keyword.builtin.CallTestCaseKeyword$_callTestCase_closure1.doCall(CallTestCaseKeyword.groovy:66)
	at com.kms.katalon.core.keyword.builtin.CallTestCaseKeyword$_callTestCase_closure1.call(CallTestCaseKeyword.groovy)
	at com.kms.katalon.core.keyword.internal.KeywordMain.runKeyword(KeywordMain.groovy:75)
	at com.kms.katalon.core.keyword.builtin.CallTestCaseKeyword.callTestCase(CallTestCaseKeyword.groovy:81)
	at com.kms.katalon.core.keyword.builtin.CallTestCaseKeyword.execute(CallTestCaseKeyword.groovy:44)
	at com.kms.katalon.core.keyword.internal.KeywordExecutor.executeKeywordForPlatform(KeywordExecutor.groovy:74)
	at com.kms.katalon.core.keyword.BuiltinKeywords.callTestCase(BuiltinKeywords.groovy:310)
	at jdk.internal.reflect.GeneratedMethodAccessor16.invoke(Unknown Source)
	at java.base/jdk.internal.reflect.DelegatingMethodAccessorImpl.invoke(DelegatingMethodAccessorImpl.java:43)
	at Set Organization Info.run(Set Organization Info:94)
	at com.kms.katalon.core.main.ScriptEngine.run(ScriptEngine.java:194)
	at com.kms.katalon.core.main.ScriptEngine.runScriptAsRawText(ScriptEngine.java:119)
	at com.kms.katalon.core.main.TestCaseExecutor.runScript(TestCaseExecutor.java:448)
	at com.kms.katalon.core.main.TestCaseExecutor.doExecute(TestCaseExecutor.java:439)
	at com.kms.katalon.core.main.TestCaseExecutor.processExecutionPhase(TestCaseExecutor.java:418)
	at com.kms.katalon.core.main.TestCaseExecutor.accessMainPhase(TestCaseExecutor.java:410)
	at com.kms.katalon.core.main.TestCaseExecutor.execute(TestCaseExecutor.java:285)
	at com.kms.katalon.core.main.TestCaseMain.runTestCase(TestCaseMain.java:137)
	at com.kms.katalon.core.keyword.builtin.CallTestCaseKeyword$_callTestCase_closure1.doCall(CallTestCaseKeyword.groovy:59)
	at com.kms.katalon.core.keyword.builtin.CallTestCaseKeyword$_callTestCase_closure1.call(CallTestCaseKeyword.groovy)
	at com.kms.katalon.core.keyword.internal.KeywordMain.runKeyword(KeywordMain.groovy:75)
	at com.kms.katalon.core.keyword.builtin.CallTestCaseKeyword.callTestCase(CallTestCaseKeyword.groovy:81)
	at com.kms.katalon.core.keyword.builtin.CallTestCaseKeyword.execute(CallTestCaseKeyword.groovy:44)
	at com.kms.katalon.core.keyword.internal.KeywordExecutor.executeKeywordForPlatform(KeywordExecutor.groovy:74)
	at com.kms.katalon.core.keyword.BuiltinKeywords.callTestCase(BuiltinKeywords.groovy:310)
	at jdk.internal.reflect.GeneratedMethodAccessor16.invoke(Unknown Source)
	at java.base/jdk.internal.reflect.DelegatingMethodAccessorImpl.invoke(DelegatingMethodAccessorImpl.java:43)
	at Complete Journey Partner Profile.run(Complete Journey Partner Profile:126)
	at com.kms.katalon.core.main.ScriptEngine.run(ScriptEngine.java:194)
	at com.kms.katalon.core.main.ScriptEngine.runScriptAsRawText(ScriptEngine.java:119)
	at com.kms.katalon.core.main.TestCaseExecutor.runScript(TestCaseExecutor.java:448)
	at com.kms.katalon.core.main.TestCaseExecutor.doExecute(TestCaseExecutor.java:439)
	at com.kms.katalon.core.main.TestCaseExecutor.processExecutionPhase(TestCaseExecutor.java:418)
	at com.kms.katalon.core.main.TestCaseExecutor.accessMainPhase(TestCaseExecutor.java:410)
	at com.kms.katalon.core.main.TestCaseExecutor.execute(TestCaseExecutor.java:285)
	at com.kms.katalon.core.main.TestCaseMain.runTestCase(TestCaseMain.java:137)
	at com.kms.katalon.core.keyword.builtin.CallTestCaseKeyword$_callTestCase_closure1.doCall(CallTestCaseKeyword.groovy:59)
	at com.kms.katalon.core.keyword.builtin.CallTestCaseKeyword$_callTestCase_closure1.call(CallTestCaseKeyword.groovy)
	at com.kms.katalon.core.keyword.internal.KeywordMain.runKeyword(KeywordMain.groovy:75)
	at com.kms.katalon.core.keyword.builtin.CallTestCaseKeyword.callTestCase(CallTestCaseKeyword.groovy:81)
	at com.kms.katalon.core.keyword.builtin.CallTestCaseKeyword.execute(CallTestCaseKeyword.groovy:44)
	at com.kms.katalon.core.keyword.internal.KeywordExecutor.executeKeywordForPlatform(KeywordExecutor.groovy:74)
	at com.kms.katalon.core.keyword.BuiltinKeywords.callTestCase(BuiltinKeywords.groovy:310)
	at jdk.internal.reflect.GeneratedMethodAccessor16.invoke(Unknown Source)
	at java.base/jdk.internal.reflect.DelegatingMethodAccessorImpl.invoke(DelegatingMethodAccessorImpl.java:43)
	at Register Journey Partner.run(Register Journey Partner:368)
	at com.kms.katalon.core.main.ScriptEngine.run(ScriptEngine.java:194)
	at com.kms.katalon.core.main.ScriptEngine.runScriptAsRawText(ScriptEngine.java:119)
	at com.kms.katalon.core.main.TestCaseExecutor.runScript(TestCaseExecutor.java:448)
	at com.kms.katalon.core.main.TestCaseExecutor.doExecute(TestCaseExecutor.java:439)
	at com.kms.katalon.core.main.TestCaseExecutor.processExecutionPhase(TestCaseExecutor.java:418)
	at com.kms.katalon.core.main.TestCaseExecutor.accessMainPhase(TestCaseExecutor.java:410)
	at com.kms.katalon.core.main.TestCaseExecutor.execute(TestCaseExecutor.java:285)
	at com.kms.katalon.core.common.CommonExecutor.accessTestCaseMainPhase(CommonExecutor.java:65)
	at com.kms.katalon.core.main.TestSuiteExecutor.accessTestSuiteMainPhase(TestSuiteExecutor.java:150)
	at com.kms.katalon.core.main.TestSuiteExecutor.execute(TestSuiteExecutor.java:106)
	at com.kms.katalon.core.main.TestCaseMain.startTestSuite(TestCaseMain.java:180)
	at TempTestSuite1741028273844.run(TempTestSuite1741028273844.groovy:35)
	at java.base/jdk.internal.reflect.NativeMethodAccessorImpl.invoke0(Native Method)
	at java.base/jdk.internal.reflect.NativeMethodAccessorImpl.invoke(NativeMethodAccessorImpl.java:77)
	at java.base/jdk.internal.reflect.DelegatingMethodAccessorImpl.invoke(DelegatingMethodAccessorImpl.java:43)
Caused by: org.codehaus.groovy.control.MultipleCompilationErrorsException: startup failed:
file:/Users/cckozie/git/MissionNext-Katalon-Koz/Scripts/_Functions/Test%20Tooltips/Script1736959727538.groovy: 66: unable to resolve class Screen
 @ line 66, column 8.
   Screen s = new Screen()
          ^

file:/Users/cckozie/git/MissionNext-Katalon-Koz/Scripts/_Functions/Test%20Tooltips/Script1736959727538.groovy: 66: unable to resolve class Screen
 @ line 66, column 12.
   Screen s = new Screen()
              ^

file:/Users/cckozie/git/MissionNext-Katalon-Koz/Scripts/_Functions/Test%20Tooltips/Script1736959727538.groovy: 104: unable to resolve class Pattern
 @ line 104, column 17.
           Pattern icn = new Pattern(myImage).similar(0.10)
                   ^

file:/Users/cckozie/git/MissionNext-Katalon-Koz/Scripts/_Functions/Test%20Tooltips/Script1736959727538.groovy: 104: unable to resolve class Pattern
 @ line 104, column 23.
           Pattern icn = new Pattern(myImage).similar(0.10)
                         ^

4 errors

	at com.kms.katalon.core.main.ScriptEngine.getScript(ScriptEngine.java:199)
	at com.kms.katalon.core.main.ScriptEngine.run(ScriptEngine.java:194)
	at com.kms.katalon.core.main.ScriptEngine.runScriptAsRawText(ScriptEngine.java:119)
	at com.kms.katalon.core.main.TestCaseExecutor.runScript(TestCaseExecutor.java:448)
	at com.kms.katalon.core.main.TestCaseExecutor.doExecute(TestCaseExecutor.java:439)
	at com.kms.katalon.core.main.TestCaseExecutor.processExecutionPhase(TestCaseExecutor.java:418)
	at com.kms.katalon.core.main.TestCaseExecutor.accessMainPhase(TestCaseExecutor.java:410)
	at com.kms.katalon.core.main.TestCaseExecutor.execute(TestCaseExecutor.java:285)
	at com.kms.katalon.core.main.TestCaseMain.runTestCase(TestCaseMain.java:137)
	at com.kms.katalon.core.keyword.builtin.CallTestCaseKeyword$_callTestCase_closure1.doCall(CallTestCaseKeyword.groovy:59)
	... 60 more
)

03-03-2025T13:01:08 - [TEST_CASE][ERROR] - Test Cases/_Functions/Test Tooltips: Test Cases/_Functions/Test Tooltips FAILED.
Reason:
org.codehaus.groovy.control.MultipleCompilationErrorsException: startup failed:
file:/Users/cckozie/git/MissionNext-Katalon-Koz/Scripts/_Functions/Test%20Tooltips/Script1736959727538.groovy: 66: unable to resolve class Screen
 @ line 66, column 8.
   Screen s = new Screen()
          ^

file:/Users/cckozie/git/MissionNext-Katalon-Koz/Scripts/_Functions/Test%20Tooltips/Script1736959727538.groovy: 66: unable to resolve class Screen
 @ line 66, column 12.
   Screen s = new Screen()
              ^

file:/Users/cckozie/git/MissionNext-Katalon-Koz/Scripts/_Functions/Test%20Tooltips/Script1736959727538.groovy: 104: unable to resolve class Pattern
 @ line 104, column 17.
           Pattern icn = new Pattern(myImage).similar(0.10)
                   ^

file:/Users/cckozie/git/MissionNext-Katalon-Koz/Scripts/_Functions/Test%20Tooltips/Script1736959727538.groovy: 104: unable to resolve class Pattern
 @ line 104, column 23.
           Pattern icn = new Pattern(myImage).similar(0.10)
                         ^

4 errors

	at com.kms.katalon.core.main.ScriptEngine.getScript(ScriptEngine.java:199)
	at com.kms.katalon.core.main.ScriptEngine.run(ScriptEngine.java:194)
	at com.kms.katalon.core.main.ScriptEngine.runScriptAsRawText(ScriptEngine.java:119)
	at com.kms.katalon.core.main.TestCaseExecutor.runScript(TestCaseExecutor.java:448)
	at com.kms.katalon.core.main.TestCaseExecutor.doExecute(TestCaseExecutor.java:439)
	at com.kms.katalon.core.main.TestCaseExecutor.processExecutionPhase(TestCaseExecutor.java:418)
	at com.kms.katalon.core.main.TestCaseExecutor.accessMainPhase(TestCaseExecutor.java:410)
	at com.kms.katalon.core.main.TestCaseExecutor.execute(TestCaseExecutor.java:285)
	at com.kms.katalon.core.main.TestCaseMain.runTestCase(TestCaseMain.java:137)
	at com.kms.katalon.core.keyword.builtin.CallTestCaseKeyword$_callTestCase_closure1.doCall(CallTestCaseKeyword.groovy:59)
	at com.kms.katalon.core.keyword.builtin.CallTestCaseKeyword$_callTestCase_closure1.call(CallTestCaseKeyword.groovy)
	at com.kms.katalon.core.keyword.internal.KeywordMain.runKeyword(KeywordMain.groovy:75)
	at com.kms.katalon.core.keyword.builtin.CallTestCaseKeyword.callTestCase(CallTestCaseKeyword.groovy:81)
	at com.kms.katalon.core.keyword.builtin.CallTestCaseKeyword.execute(CallTestCaseKeyword.groovy:44)
	at com.kms.katalon.core.keyword.internal.KeywordExecutor.executeKeywordForPlatform(KeywordExecutor.groovy:74)
	at com.kms.katalon.core.keyword.BuiltinKeywords.callTestCase(BuiltinKeywords.groovy:310)
	at jdk.internal.reflect.GeneratedMethodAccessor16.invoke(Unknown Source)
	at java.base/jdk.internal.reflect.DelegatingMethodAccessorImpl.invoke(DelegatingMethodAccessorImpl.java:43)
	at Set Organization Info.run(Set Organization Info:94)
	at com.kms.katalon.core.main.ScriptEngine.run(ScriptEngine.java:194)
	at com.kms.katalon.core.main.ScriptEngine.runScriptAsRawText(ScriptEngine.java:119)
	at com.kms.katalon.core.main.TestCaseExecutor.runScript(TestCaseExecutor.java:448)
	at com.kms.katalon.core.main.TestCaseExecutor.doExecute(TestCaseExecutor.java:439)
	at com.kms.katalon.core.main.TestCaseExecutor.processExecutionPhase(TestCaseExecutor.java:418)
	at com.kms.katalon.core.main.TestCaseExecutor.accessMainPhase(TestCaseExecutor.java:410)
	at com.kms.katalon.core.main.TestCaseExecutor.execute(TestCaseExecutor.java:285)
	at com.kms.katalon.core.main.TestCaseMain.runTestCase(TestCaseMain.java:137)
	at com.kms.katalon.core.keyword.builtin.CallTestCaseKeyword$_callTestCase_closure1.doCall(CallTestCaseKeyword.groovy:59)
	at com.kms.katalon.core.keyword.builtin.CallTestCaseKeyword$_callTestCase_closure1.call(CallTestCaseKeyword.groovy)
	at com.kms.katalon.core.keyword.internal.KeywordMain.runKeyword(KeywordMain.groovy:75)
	at com.kms.katalon.core.keyword.builtin.CallTestCaseKeyword.callTestCase(CallTestCaseKeyword.groovy:81)
	at com.kms.katalon.core.keyword.builtin.CallTestCaseKeyword.execute(CallTestCaseKeyword.groovy:44)
	at com.kms.katalon.core.keyword.internal.KeywordExecutor.executeKeywordForPlatform(KeywordExecutor.groovy:74)
	at com.kms.katalon.core.keyword.BuiltinKeywords.callTestCase(BuiltinKeywords.groovy:310)
	at jdk.internal.reflect.GeneratedMethodAccessor16.invoke(Unknown Source)
	at java.base/jdk.internal.reflect.DelegatingMethodAccessorImpl.invoke(DelegatingMethodAccessorImpl.java:43)
	at Complete Journey Partner Profile.run(Complete Journey Partner Profile:126)
	at com.kms.katalon.core.main.ScriptEngine.run(ScriptEngine.java:194)
	at com.kms.katalon.core.main.ScriptEngine.runScriptAsRawText(ScriptEngine.java:119)
	at com.kms.katalon.core.main.TestCaseExecutor.runScript(TestCaseExecutor.java:448)
	at com.kms.katalon.core.main.TestCaseExecutor.doExecute(TestCaseExecutor.java:439)
	at com.kms.katalon.core.main.TestCaseExecutor.processExecutionPhase(TestCaseExecutor.java:418)
	at com.kms.katalon.core.main.TestCaseExecutor.accessMainPhase(TestCaseExecutor.java:410)
	at com.kms.katalon.core.main.TestCaseExecutor.execute(TestCaseExecutor.java:285)
	at com.kms.katalon.core.main.TestCaseMain.runTestCase(TestCaseMain.java:137)
	at com.kms.katalon.core.keyword.builtin.CallTestCaseKeyword$_callTestCase_closure1.doCall(CallTestCaseKeyword.groovy:59)
	at com.kms.katalon.core.keyword.builtin.CallTestCaseKeyword$_callTestCase_closure1.call(CallTestCaseKeyword.groovy)
	at com.kms.katalon.core.keyword.internal.KeywordMain.runKeyword(KeywordMain.groovy:75)
	at com.kms.katalon.core.keyword.builtin.CallTestCaseKeyword.callTestCase(CallTestCaseKeyword.groovy:81)
	at com.kms.katalon.core.keyword.builtin.CallTestCaseKeyword.execute(CallTestCaseKeyword.groovy:44)
	at com.kms.katalon.core.keyword.internal.KeywordExecutor.executeKeywordForPlatform(KeywordExecutor.groovy:74)
	at com.kms.katalon.core.keyword.BuiltinKeywords.callTestCase(BuiltinKeywords.groovy:310)
	at jdk.internal.reflect.GeneratedMethodAccessor16.invoke(Unknown Source)
	at java.base/jdk.internal.reflect.DelegatingMethodAccessorImpl.invoke(DelegatingMethodAccessorImpl.java:43)
	at Register Journey Partner.run(Register Journey Partner:368)
	at com.kms.katalon.core.main.ScriptEngine.run(ScriptEngine.java:194)
	at com.kms.katalon.core.main.ScriptEngine.runScriptAsRawText(ScriptEngine.java:119)
	at com.kms.katalon.core.main.TestCaseExecutor.runScript(TestCaseExecutor.java:448)
	at com.kms.katalon.core.main.TestCaseExecutor.doExecute(TestCaseExecutor.java:439)
	at com.kms.katalon.core.main.TestCaseExecutor.processExecutionPhase(TestCaseExecutor.java:418)
	at com.kms.katalon.core.main.TestCaseExecutor.accessMainPhase(TestCaseExecutor.java:410)
	at com.kms.katalon.core.main.TestCaseExecutor.execute(TestCaseExecutor.java:285)
	at com.kms.katalon.core.common.CommonExecutor.accessTestCaseMainPhase(CommonExecutor.java:65)
	at com.kms.katalon.core.main.TestSuiteExecutor.accessTestSuiteMainPhase(TestSuiteExecutor.java:150)
	at com.kms.katalon.core.main.TestSuiteExecutor.execute(TestSuiteExecutor.java:106)
	at com.kms.katalon.core.main.TestCaseMain.startTestSuite(TestCaseMain.java:180)
	at TempTestSuite1741028273844.run(TempTestSuite1741028273844.groovy:35)
	at java.base/jdk.internal.reflect.NativeMethodAccessorImpl.invoke0(Native Method)
	at java.base/jdk.internal.reflect.NativeMethodAccessorImpl.invoke(NativeMethodAccessorImpl.java:77)
	at java.base/jdk.internal.reflect.DelegatingMethodAccessorImpl.invoke(DelegatingMethodAccessorImpl.java:43)


03-03-2025T13:01:08 - [MESSAGE][WARNING] - Unable to call Test Case 'Test Cases/_Functions/Test Tooltips' (Root cause: com.kms.katalon.core.exception.StepErrorException: Call Test Case 'Test Cases/_Functions/Test Tooltips' failed because of error(s)
	at com.kms.katalon.core.keyword.builtin.CallTestCaseKeyword$_callTestCase_closure1.doCall(CallTestCaseKeyword.groovy:66)
	at com.kms.katalon.core.keyword.builtin.CallTestCaseKeyword$_callTestCase_closure1.call(CallTestCaseKeyword.groovy)
	at com.kms.katalon.core.keyword.internal.KeywordMain.runKeyword(KeywordMain.groovy:75)
	at com.kms.katalon.core.keyword.builtin.CallTestCaseKeyword.callTestCase(CallTestCaseKeyword.groovy:81)
	at com.kms.katalon.core.keyword.builtin.CallTestCaseKeyword.execute(CallTestCaseKeyword.groovy:44)
	at com.kms.katalon.core.keyword.internal.KeywordExecutor.executeKeywordForPlatform(KeywordExecutor.groovy:74)
	at com.kms.katalon.core.keyword.BuiltinKeywords.callTestCase(BuiltinKeywords.groovy:310)
	at jdk.internal.reflect.GeneratedMethodAccessor16.invoke(Unknown Source)
	at java.base/jdk.internal.reflect.DelegatingMethodAccessorImpl.invoke(DelegatingMethodAccessorImpl.java:43)
	at Set Organization Info.run(Set Organization Info:94)
	at com.kms.katalon.core.main.ScriptEngine.run(ScriptEngine.java:194)
	at com.kms.katalon.core.main.ScriptEngine.runScriptAsRawText(ScriptEngine.java:119)
	at com.kms.katalon.core.main.TestCaseExecutor.runScript(TestCaseExecutor.java:448)
	at com.kms.katalon.core.main.TestCaseExecutor.doExecute(TestCaseExecutor.java:439)
	at com.kms.katalon.core.main.TestCaseExecutor.processExecutionPhase(TestCaseExecutor.java:418)
	at com.kms.katalon.core.main.TestCaseExecutor.accessMainPhase(TestCaseExecutor.java:410)
	at com.kms.katalon.core.main.TestCaseExecutor.execute(TestCaseExecutor.java:285)
	at com.kms.katalon.core.main.TestCaseMain.runTestCase(TestCaseMain.java:137)
	at com.kms.katalon.core.keyword.builtin.CallTestCaseKeyword$_callTestCase_closure1.doCall(CallTestCaseKeyword.groovy:59)
	at com.kms.katalon.core.keyword.builtin.CallTestCaseKeyword$_callTestCase_closure1.call(CallTestCaseKeyword.groovy)
	at com.kms.katalon.core.keyword.internal.KeywordMain.runKeyword(KeywordMain.groovy:75)
	at com.kms.katalon.core.keyword.builtin.CallTestCaseKeyword.callTestCase(CallTestCaseKeyword.groovy:81)
	at com.kms.katalon.core.keyword.builtin.CallTestCaseKeyword.execute(CallTestCaseKeyword.groovy:44)
	at com.kms.katalon.core.keyword.internal.KeywordExecutor.executeKeywordForPlatform(KeywordExecutor.groovy:74)
	at com.kms.katalon.core.keyword.BuiltinKeywords.callTestCase(BuiltinKeywords.groovy:310)
	at jdk.internal.reflect.GeneratedMethodAccessor16.invoke(Unknown Source)
	at java.base/jdk.internal.reflect.DelegatingMethodAccessorImpl.invoke(DelegatingMethodAccessorImpl.java:43)
	at Complete Journey Partner Profile.run(Complete Journey Partner Profile:126)
	at com.kms.katalon.core.main.ScriptEngine.run(ScriptEngine.java:194)
	at com.kms.katalon.core.main.ScriptEngine.runScriptAsRawText(ScriptEngine.java:119)
	at com.kms.katalon.core.main.TestCaseExecutor.runScript(TestCaseExecutor.java:448)
	at com.kms.katalon.core.main.TestCaseExecutor.doExecute(TestCaseExecutor.java:439)
	at com.kms.katalon.core.main.TestCaseExecutor.processExecutionPhase(TestCaseExecutor.java:418)
	at com.kms.katalon.core.main.TestCaseExecutor.accessMainPhase(TestCaseExecutor.java:410)
	at com.kms.katalon.core.main.TestCaseExecutor.execute(TestCaseExecutor.java:285)
	at com.kms.katalon.core.main.TestCaseMain.runTestCase(TestCaseMain.java:137)
	at com.kms.katalon.core.keyword.builtin.CallTestCaseKeyword$_callTestCase_closure1.doCall(CallTestCaseKeyword.groovy:59)
	at com.kms.katalon.core.keyword.builtin.CallTestCaseKeyword$_callTestCase_closure1.call(CallTestCaseKeyword.groovy)
	at com.kms.katalon.core.keyword.internal.KeywordMain.runKeyword(KeywordMain.groovy:75)
	at com.kms.katalon.core.keyword.builtin.CallTestCaseKeyword.callTestCase(CallTestCaseKeyword.groovy:81)
	at com.kms.katalon.core.keyword.builtin.CallTestCaseKeyword.execute(CallTestCaseKeyword.groovy:44)
	at com.kms.katalon.core.keyword.internal.KeywordExecutor.executeKeywordForPlatform(KeywordExecutor.groovy:74)
	at com.kms.katalon.core.keyword.BuiltinKeywords.callTestCase(BuiltinKeywords.groovy:310)
	at jdk.internal.reflect.GeneratedMethodAccessor16.invoke(Unknown Source)
	at java.base/jdk.internal.reflect.DelegatingMethodAccessorImpl.invoke(DelegatingMethodAccessorImpl.java:43)
	at Register Journey Partner.run(Register Journey Partner:368)
	at com.kms.katalon.core.main.ScriptEngine.run(ScriptEngine.java:194)
	at com.kms.katalon.core.main.ScriptEngine.runScriptAsRawText(ScriptEngine.java:119)
	at com.kms.katalon.core.main.TestCaseExecutor.runScript(TestCaseExecutor.java:448)
	at com.kms.katalon.core.main.TestCaseExecutor.doExecute(TestCaseExecutor.java:439)
	at com.kms.katalon.core.main.TestCaseExecutor.processExecutionPhase(TestCaseExecutor.java:418)
	at com.kms.katalon.core.main.TestCaseExecutor.accessMainPhase(TestCaseExecutor.java:410)
	at com.kms.katalon.core.main.TestCaseExecutor.execute(TestCaseExecutor.java:285)
	at com.kms.katalon.core.common.CommonExecutor.accessTestCaseMainPhase(CommonExecutor.java:65)
	at com.kms.katalon.core.main.TestSuiteExecutor.accessTestSuiteMainPhase(TestSuiteExecutor.java:150)
	at com.kms.katalon.core.main.TestSuiteExecutor.execute(TestSuiteExecutor.java:106)
	at com.kms.katalon.core.main.TestCaseMain.startTestSuite(TestCaseMain.java:180)
	at TempTestSuite1741028273844.run(TempTestSuite1741028273844.groovy:35)
	at java.base/jdk.internal.reflect.NativeMethodAccessorImpl.invoke0(Native Method)
	at java.base/jdk.internal.reflect.NativeMethodAccessorImpl.invoke(NativeMethodAccessorImpl.java:77)
	at java.base/jdk.internal.reflect.DelegatingMethodAccessorImpl.invoke(DelegatingMethodAccessorImpl.java:43)
Caused by: org.codehaus.groovy.control.MultipleCompilationErrorsException: startup failed:
file:/Users/cckozie/git/MissionNext-Katalon-Koz/Scripts/_Functions/Test%20Tooltips/Script1736959727538.groovy: 66: unable to resolve class Screen
 @ line 66, column 8.
   Screen s = new Screen()
          ^

file:/Users/cckozie/git/MissionNext-Katalon-Koz/Scripts/_Functions/Test%20Tooltips/Script1736959727538.groovy: 66: unable to resolve class Screen
 @ line 66, column 12.
   Screen s = new Screen()
              ^

file:/Users/cckozie/git/MissionNext-Katalon-Koz/Scripts/_Functions/Test%20Tooltips/Script1736959727538.groovy: 104: unable to resolve class Pattern
 @ line 104, column 17.
           Pattern icn = new Pattern(myImage).similar(0.10)
                   ^

file:/Users/cckozie/git/MissionNext-Katalon-Koz/Scripts/_Functions/Test%20Tooltips/Script1736959727538.groovy: 104: unable to resolve class Pattern
 @ line 104, column 23.
           Pattern icn = new Pattern(myImage).similar(0.10)
                         ^

4 errors

	at com.kms.katalon.core.main.ScriptEngine.getScript(ScriptEngine.java:199)
	at com.kms.katalon.core.main.ScriptEngine.run(ScriptEngine.java:194)
	at com.kms.katalon.core.main.ScriptEngine.runScriptAsRawText(ScriptEngine.java:119)
	at com.kms.katalon.core.main.TestCaseExecutor.runScript(TestCaseExecutor.java:448)
	at com.kms.katalon.core.main.TestCaseExecutor.doExecute(TestCaseExecutor.java:439)
	at com.kms.katalon.core.main.TestCaseExecutor.processExecutionPhase(TestCaseExecutor.java:418)
	at com.kms.katalon.core.main.TestCaseExecutor.accessMainPhase(TestCaseExecutor.java:410)
	at com.kms.katalon.core.main.TestCaseExecutor.execute(TestCaseExecutor.java:285)
	at com.kms.katalon.core.main.TestCaseMain.runTestCase(TestCaseMain.java:137)
	at com.kms.katalon.core.keyword.builtin.CallTestCaseKeyword$_callTestCase_closure1.doCall(CallTestCaseKeyword.groovy:59)
	... 60 more
)

03-03-2025T13:01:08 - [TEST_STEP][PASSED] - outText = "Verifying the required field messages.
": null

03-03-2025T13:01:08 - [TEST_STEP][PASSED] - outFile.append(outText): null

03-03-2025T13:01:08 - [TEST_STEP][PASSED] - fieldList = []: null

03-03-2025T13:01:08 - [TEST_STEP][PASSED] - requiredFieldMsgs.each({ -> ... }): null

03-03-2025T13:01:08 - [TEST_STEP][PASSED] - if (varYear_founded != null): Call Test Case 'Test Cases/_Functions/Perform Action' successfully

03-03-2025T13:01:08 - [TEST_STEP][PASSED] - object = "Object Repository/Journey Partner Profile/Tabs/Organization Info/input_Year Founded": null

03-03-2025T13:01:08 - [TEST_STEP][PASSED] - callTestCase(findTestCase("_Functions/Perform Action"), ["varAction":"setText", "varObject":object, "varParm1":varYear_founded], STOP_ON_FAILURE): Call Test Case 'Test Cases/_Functions/Perform Action' successfully

03-03-2025T13:01:08 - [TEST_CASE][PASSED] - Test Cases/_Functions/Perform Action: Test Cases/_Functions/Perform Action

03-03-2025T13:01:08 - [TEST_STEP][PASSED] - action = varAction: null

03-03-2025T13:01:08 - [TEST_STEP][PASSED] - println(action): null

03-03-2025T13:01:08 - [TEST_STEP][PASSED] - testObject = varObject: null

03-03-2025T13:01:08 - [TEST_STEP][PASSED] - println(testObject): null

03-03-2025T13:01:08 - [TEST_STEP][PASSED] - parm1 = varParm1: null

03-03-2025T13:01:08 - [TEST_STEP][PASSED] - println(parm1): null

03-03-2025T13:01:08 - [TEST_STEP][PASSED] - println("Converting " + testObject + " to web element"): null

03-03-2025T13:01:08 - [TEST_STEP][PASSED] - element = findWebElement(findTestObject(testObject), 1): null

03-03-2025T13:01:08 - [TEST_STEP][PASSED] - loc = element.getLocation(): null

03-03-2025T13:01:08 - [TEST_STEP][PASSED] - y = loc.getY(): null

03-03-2025T13:01:08 - [TEST_STEP][PASSED] - println("Y location is " + y): null

03-03-2025T13:01:08 - [TEST_STEP][PASSED] - top = getViewportTopPosition(): Current viewport's top (y) position is 0

03-03-2025T13:01:08 - [MESSAGE][PASSED] - Current viewport's top (y) position is 0

03-03-2025T13:01:08 - [TEST_STEP][PASSED] - println("Viewport top is " + top): null

03-03-2025T13:01:08 - [TEST_STEP][PASSED] - bottom = top + 600: null

03-03-2025T13:01:08 - [TEST_STEP][PASSED] - if (y - top < 150 || bottom - y < 10): Delayed 1 second(s)

03-03-2025T13:01:08 - [TEST_STEP][PASSED] - scrollToPosition(0, y - 150): Browser is scrolled to position x = 0, y = 612

03-03-2025T13:01:08 - [MESSAGE][PASSED] - Browser is scrolled to position x = 0, y = 612

03-03-2025T13:01:08 - [TEST_STEP][PASSED] - delay(1): Delayed 1 second(s)

03-03-2025T13:01:09 - [MESSAGE][PASSED] - Delayed 1 second(s)

03-03-2025T13:01:09 - [TEST_STEP][PASSED] - if (action == "click"): null

03-03-2025T13:01:09 - [TEST_STEP][PASSED] - else if (action == "selectOptionByValue"): null

03-03-2025T13:01:09 - [TEST_STEP][PASSED] - else if (action == "setText"): Text '2012' is set on object 'Object Repository/Journey Partner Profile/Tabs/Organization Info/input_Year Founded'

03-03-2025T13:01:09 - [TEST_STEP][PASSED] - println("Setting text " + parm1): null

03-03-2025T13:01:09 - [TEST_STEP][PASSED] - setText(findTestObject(testObject), parm1): Text '2012' is set on object 'Object Repository/Journey Partner Profile/Tabs/Organization Info/input_Year Founded'

03-03-2025T13:01:09 - [MESSAGE][PASSED] - Text '2012' is set on object 'Object Repository/Journey Partner Profile/Tabs/Organization Info/input_Year Founded'

03-03-2025T13:01:09 - [MESSAGE][PASSED] - Call Test Case 'Test Cases/_Functions/Perform Action' successfully

03-03-2025T13:01:09 - [TEST_STEP][PASSED] - if (varLink_back_url != null): Call Test Case 'Test Cases/_Functions/Perform Action' successfully

03-03-2025T13:01:09 - [TEST_STEP][PASSED] - object = "Object Repository/Journey Partner Profile/Tabs/Organization Info/input_Link back URL": null

03-03-2025T13:01:09 - [TEST_STEP][PASSED] - callTestCase(findTestCase("_Functions/Perform Action"), ["varAction":"setText", "varObject":object, "varParm1":varLink_back_url], STOP_ON_FAILURE): Call Test Case 'Test Cases/_Functions/Perform Action' successfully

03-03-2025T13:01:09 - [TEST_CASE][PASSED] - Test Cases/_Functions/Perform Action: Test Cases/_Functions/Perform Action

03-03-2025T13:01:09 - [TEST_STEP][PASSED] - action = varAction: null

03-03-2025T13:01:09 - [TEST_STEP][PASSED] - println(action): null

03-03-2025T13:01:09 - [TEST_STEP][PASSED] - testObject = varObject: null

03-03-2025T13:01:09 - [TEST_STEP][PASSED] - println(testObject): null

03-03-2025T13:01:09 - [TEST_STEP][PASSED] - parm1 = varParm1: null

03-03-2025T13:01:09 - [TEST_STEP][PASSED] - println(parm1): null

03-03-2025T13:01:09 - [TEST_STEP][PASSED] - println("Converting " + testObject + " to web element"): null

03-03-2025T13:01:09 - [TEST_STEP][PASSED] - element = findWebElement(findTestObject(testObject), 1): null

03-03-2025T13:01:09 - [TEST_STEP][PASSED] - loc = element.getLocation(): null

03-03-2025T13:01:09 - [TEST_STEP][PASSED] - y = loc.getY(): null

03-03-2025T13:01:09 - [TEST_STEP][PASSED] - println("Y location is " + y): null

03-03-2025T13:01:09 - [TEST_STEP][PASSED] - top = getViewportTopPosition(): Current viewport's top (y) position is 612

03-03-2025T13:01:09 - [MESSAGE][PASSED] - Current viewport's top (y) position is 612

03-03-2025T13:01:09 - [TEST_STEP][PASSED] - println("Viewport top is " + top): null

03-03-2025T13:01:09 - [TEST_STEP][PASSED] - bottom = top + 600: null

03-03-2025T13:01:09 - [TEST_STEP][PASSED] - if (y - top < 150 || bottom - y < 10): null

03-03-2025T13:01:09 - [TEST_STEP][PASSED] - if (action == "click"): null

03-03-2025T13:01:09 - [TEST_STEP][PASSED] - else if (action == "selectOptionByValue"): null

03-03-2025T13:01:09 - [TEST_STEP][PASSED] - else if (action == "setText"): Text 'http://myjourneypartner.org' is set on object 'Object Repository/Journey Partner Profile/Tabs/Organization Info/input_Link back URL'

03-03-2025T13:01:09 - [TEST_STEP][PASSED] - println("Setting text " + parm1): null

03-03-2025T13:01:09 - [TEST_STEP][PASSED] - setText(findTestObject(testObject), parm1): Text 'http://myjourneypartner.org' is set on object 'Object Repository/Journey Partner Profile/Tabs/Organization Info/input_Link back URL'

03-03-2025T13:01:09 - [MESSAGE][PASSED] - Text 'http://myjourneypartner.org' is set on object 'Object Repository/Journey Partner Profile/Tabs/Organization Info/input_Link back URL'

03-03-2025T13:01:09 - [MESSAGE][PASSED] - Call Test Case 'Test Cases/_Functions/Perform Action' successfully

03-03-2025T13:01:09 - [TEST_STEP][PASSED] - if (varHide_listing != null): Call Test Case 'Test Cases/_Functions/Perform Action' successfully

03-03-2025T13:01:09 - [TEST_STEP][PASSED] - driver = getWebDriver(): null

03-03-2025T13:01:09 - [TEST_STEP][PASSED] - object = "Object Repository/Journey Partner Profile/Tabs/Organization Info/input_Hide Listing": null

03-03-2025T13:01:09 - [TEST_STEP][PASSED] - element = findWebElement(findTestObject(object), 1): null

03-03-2025T13:01:09 - [TEST_STEP][PASSED] - myStatus = element.isSelected(): null

03-03-2025T13:01:09 - [TEST_STEP][PASSED] - if (varHide_listing == "Yes" && !(myStatus) || varHide_list == "No" && myStatus): Delayed 1 second(s)

03-03-2025T13:01:09 - [TEST_STEP][PASSED] - callTestCase(findTestCase("_Functions/Perform Action"), ["varAction":"click", "varObject":object, "varParm1":null], STOP_ON_FAILURE): Call Test Case 'Test Cases/_Functions/Perform Action' successfully

03-03-2025T13:01:09 - [TEST_CASE][PASSED] - Test Cases/_Functions/Perform Action: Test Cases/_Functions/Perform Action

03-03-2025T13:01:09 - [TEST_STEP][PASSED] - action = varAction: null

03-03-2025T13:01:09 - [TEST_STEP][PASSED] - println(action): null

03-03-2025T13:01:09 - [TEST_STEP][PASSED] - testObject = varObject: null

03-03-2025T13:01:09 - [TEST_STEP][PASSED] - println(testObject): null

03-03-2025T13:01:09 - [TEST_STEP][PASSED] - parm1 = varParm1: null

03-03-2025T13:01:09 - [TEST_STEP][PASSED] - println(parm1): null

03-03-2025T13:01:09 - [TEST_STEP][PASSED] - println("Converting " + testObject + " to web element"): null

03-03-2025T13:01:09 - [TEST_STEP][PASSED] - element = findWebElement(findTestObject(testObject), 1): null

03-03-2025T13:01:09 - [TEST_STEP][PASSED] - loc = element.getLocation(): null

03-03-2025T13:01:09 - [TEST_STEP][PASSED] - y = loc.getY(): null

03-03-2025T13:01:09 - [TEST_STEP][PASSED] - println("Y location is " + y): null

03-03-2025T13:01:09 - [TEST_STEP][PASSED] - top = getViewportTopPosition(): Current viewport's top (y) position is 612

03-03-2025T13:01:09 - [MESSAGE][PASSED] - Current viewport's top (y) position is 612

03-03-2025T13:01:09 - [TEST_STEP][PASSED] - println("Viewport top is " + top): null

03-03-2025T13:01:09 - [TEST_STEP][PASSED] - bottom = top + 600: null

03-03-2025T13:01:09 - [TEST_STEP][PASSED] - if (y - top < 150 || bottom - y < 10): null

03-03-2025T13:01:09 - [TEST_STEP][PASSED] - if (action == "click"): Object: 'Object Repository/Journey Partner Profile/Tabs/Organization Info/input_Hide Listing' is clicked on

03-03-2025T13:01:09 - [TEST_STEP][PASSED] - println("clicking"): null

03-03-2025T13:01:09 - [TEST_STEP][PASSED] - click(findTestObject(testObject)): Object: 'Object Repository/Journey Partner Profile/Tabs/Organization Info/input_Hide Listing' is clicked on

03-03-2025T13:01:09 - [MESSAGE][PASSED] - Object: 'Object Repository/Journey Partner Profile/Tabs/Organization Info/input_Hide Listing' is clicked on

03-03-2025T13:01:09 - [MESSAGE][PASSED] - Call Test Case 'Test Cases/_Functions/Perform Action' successfully

03-03-2025T13:01:09 - [TEST_STEP][PASSED] - delay(1): Delayed 1 second(s)

03-03-2025T13:01:10 - [MESSAGE][PASSED] - Delayed 1 second(s)

03-03-2025T13:01:10 - [TEST_STEP][PASSED] - if (varHide_listing == "Yes" && varSecurity_explanation != null): Call Test Case 'Test Cases/_Functions/Perform Action' successfully

03-03-2025T13:01:10 - [TEST_STEP][PASSED] - object = "Object Repository/Journey Partner Profile/Tabs/Organization Info/textarea_Security Explanation": null

03-03-2025T13:01:10 - [TEST_STEP][PASSED] - callTestCase(findTestCase("_Functions/Perform Action"), ["varAction":"setText", "varObject":object, "varParm1":varSecurity_explanation], STOP_ON_FAILURE): Call Test Case 'Test Cases/_Functions/Perform Action' successfully

03-03-2025T13:01:10 - [TEST_CASE][PASSED] - Test Cases/_Functions/Perform Action: Test Cases/_Functions/Perform Action

03-03-2025T13:01:10 - [TEST_STEP][PASSED] - action = varAction: null

03-03-2025T13:01:10 - [TEST_STEP][PASSED] - println(action): null

03-03-2025T13:01:10 - [TEST_STEP][PASSED] - testObject = varObject: null

03-03-2025T13:01:10 - [TEST_STEP][PASSED] - println(testObject): null

03-03-2025T13:01:10 - [TEST_STEP][PASSED] - parm1 = varParm1: null

03-03-2025T13:01:10 - [TEST_STEP][PASSED] - println(parm1): null

03-03-2025T13:01:10 - [TEST_STEP][PASSED] - println("Converting " + testObject + " to web element"): null

03-03-2025T13:01:10 - [TEST_STEP][PASSED] - element = findWebElement(findTestObject(testObject), 1): null

03-03-2025T13:01:10 - [TEST_STEP][PASSED] - loc = element.getLocation(): null

03-03-2025T13:01:10 - [TEST_STEP][PASSED] - y = loc.getY(): null

03-03-2025T13:01:10 - [TEST_STEP][PASSED] - println("Y location is " + y): null

03-03-2025T13:01:10 - [TEST_STEP][PASSED] - top = getViewportTopPosition(): Current viewport's top (y) position is 612

03-03-2025T13:01:10 - [MESSAGE][PASSED] - Current viewport's top (y) position is 612

03-03-2025T13:01:10 - [TEST_STEP][PASSED] - println("Viewport top is " + top): null

03-03-2025T13:01:10 - [TEST_STEP][PASSED] - bottom = top + 600: null

03-03-2025T13:01:10 - [TEST_STEP][PASSED] - if (y - top < 150 || bottom - y < 10): null

03-03-2025T13:01:10 - [TEST_STEP][PASSED] - if (action == "click"): null

03-03-2025T13:01:10 - [TEST_STEP][PASSED] - else if (action == "selectOptionByValue"): null

03-03-2025T13:01:10 - [TEST_STEP][PASSED] - else if (action == "setText"): Text 'Creative access country.' is set on object 'Object Repository/Journey Partner Profile/Tabs/Organization Info/textarea_Security Explanation'

03-03-2025T13:01:10 - [TEST_STEP][PASSED] - println("Setting text " + parm1): null

03-03-2025T13:01:10 - [TEST_STEP][PASSED] - setText(findTestObject(testObject), parm1): Text 'Creative access country.' is set on object 'Object Repository/Journey Partner Profile/Tabs/Organization Info/textarea_Security Explanation'

03-03-2025T13:01:10 - [MESSAGE][PASSED] - Text 'Creative access country.' is set on object 'Object Repository/Journey Partner Profile/Tabs/Organization Info/textarea_Security Explanation'

03-03-2025T13:01:10 - [MESSAGE][PASSED] - Call Test Case 'Test Cases/_Functions/Perform Action' successfully

03-03-2025T13:01:10 - [TEST_STEP][PASSED] - callTestCase(findTestCase("_Functions/Test External Links"), ["varPageLinks":pageLinks, "varObjectPath":"Object Repository/Journey Candidate Profile/Tabs/Organization Info/"], OPTIONAL): Call Test Case 'Test Cases/_Functions/Test External Links' successfully

03-03-2025T13:01:10 - [TEST_CASE][PASSED] - Test Cases/_Functions/Test External Links: Test Cases/_Functions/Test External Links

03-03-2025T13:01:10 - [TEST_STEP][PASSED] - if (fastPath): null

03-03-2025T13:01:10 - [TEST_STEP][PASSED] - return null: null

03-03-2025T13:01:10 - [MESSAGE][PASSED] - Call Test Case 'Test Cases/_Functions/Test External Links' successfully

03-03-2025T13:01:10 - [TEST_STEP][PASSED] - object = "Journey Partner Profile/Tabs/btn_Complete Submit": null

03-03-2025T13:01:10 - [TEST_STEP][PASSED] - callTestCase(findTestCase("_Functions/Perform Action"), ["varAction":"click", "varObject":object, "varParm1":null], STOP_ON_FAILURE): Call Test Case 'Test Cases/_Functions/Perform Action' successfully

03-03-2025T13:01:10 - [TEST_CASE][PASSED] - Test Cases/_Functions/Perform Action: Test Cases/_Functions/Perform Action

03-03-2025T13:01:10 - [TEST_STEP][PASSED] - action = varAction: null

03-03-2025T13:01:10 - [TEST_STEP][PASSED] - println(action): null

03-03-2025T13:01:10 - [TEST_STEP][PASSED] - testObject = varObject: null

03-03-2025T13:01:10 - [TEST_STEP][PASSED] - println(testObject): null

03-03-2025T13:01:10 - [TEST_STEP][PASSED] - parm1 = varParm1: null

03-03-2025T13:01:10 - [TEST_STEP][PASSED] - println(parm1): null

03-03-2025T13:01:10 - [TEST_STEP][PASSED] - println("Converting " + testObject + " to web element"): null

03-03-2025T13:01:10 - [TEST_STEP][PASSED] - element = findWebElement(findTestObject(testObject), 1): null

03-03-2025T13:01:10 - [TEST_STEP][PASSED] - loc = element.getLocation(): null

03-03-2025T13:01:10 - [TEST_STEP][PASSED] - y = loc.getY(): null

03-03-2025T13:01:10 - [TEST_STEP][PASSED] - println("Y location is " + y): null

03-03-2025T13:01:10 - [TEST_STEP][PASSED] - top = getViewportTopPosition(): Current viewport's top (y) position is 612

03-03-2025T13:01:10 - [MESSAGE][PASSED] - Current viewport's top (y) position is 612

03-03-2025T13:01:10 - [TEST_STEP][PASSED] - println("Viewport top is " + top): null

03-03-2025T13:01:10 - [TEST_STEP][PASSED] - bottom = top + 600: null

03-03-2025T13:01:10 - [TEST_STEP][PASSED] - if (y - top < 150 || bottom - y < 10): Delayed 1 second(s)

03-03-2025T13:01:10 - [TEST_STEP][PASSED] - scrollToPosition(0, y - 150): Browser is scrolled to position x = 0, y = 1167

03-03-2025T13:01:10 - [MESSAGE][PASSED] - Browser is scrolled to position x = 0, y = 1167

03-03-2025T13:01:10 - [TEST_STEP][PASSED] - delay(1): Delayed 1 second(s)

03-03-2025T13:01:11 - [MESSAGE][PASSED] - Delayed 1 second(s)

03-03-2025T13:01:11 - [TEST_STEP][PASSED] - if (action == "click"): Object: 'Object Repository/Journey Partner Profile/Tabs/btn_Complete Submit' is clicked on

03-03-2025T13:01:11 - [TEST_STEP][PASSED] - println("clicking"): null

03-03-2025T13:01:11 - [TEST_STEP][PASSED] - click(findTestObject(testObject)): Object: 'Object Repository/Journey Partner Profile/Tabs/btn_Complete Submit' is clicked on

03-03-2025T13:01:14 - [MESSAGE][PASSED] - Object: 'Object Repository/Journey Partner Profile/Tabs/btn_Complete Submit' is clicked on

03-03-2025T13:01:14 - [MESSAGE][PASSED] - Call Test Case 'Test Cases/_Functions/Perform Action' successfully

03-03-2025T13:01:14 - [MESSAGE][PASSED] - Call Test Case 'Test Cases/Journey Partner Profile/Tabs/Set Organization Info' successfully

03-03-2025T13:01:14 - [TEST_STEP][PASSED] - if (pages.size() == 0 || "All" in pages || "Service Options" in pages): Call Test Case 'Test Cases/Journey Partner Profile/Tabs/Set Service Options' successfully

03-03-2025T13:01:14 - [TEST_STEP][PASSED] - time_commitments = ["One year to two years", "Long Term"]: null

03-03-2025T13:01:14 - [TEST_STEP][PASSED] - available_start_options = "In one to two years": null

03-03-2025T13:01:14 - [TEST_STEP][PASSED] - travel_options = "Travel funding negotiated": null

03-03-2025T13:01:14 - [TEST_STEP][PASSED] - time_hours_needed = ["Part Time ~ 20 Hours/Week", "Part of Each Year", "Summer Opportunities"]: null

03-03-2025T13:01:14 - [TEST_STEP][PASSED] - awareness_trip = "Yes": null

03-03-2025T13:01:14 - [TEST_STEP][PASSED] - awareness_trip_description = "Awareness trips to North Africa": null

03-03-2025T13:01:14 - [TEST_STEP][PASSED] - vision_trip = "Yes": null

03-03-2025T13:01:14 - [TEST_STEP][PASSED] - vision_trip_description = "Several vision trip options": null

03-03-2025T13:01:14 - [TEST_STEP][PASSED] - need_candidates_for_short_term_assignments = "Yes": null

03-03-2025T13:01:14 - [TEST_STEP][PASSED] - short_term_trip_length = ["Two Weeks", "3-4 Weeks", "A few months"]: null

03-03-2025T13:01:14 - [TEST_STEP][PASSED] - short_term_availability = ["Summer", "Fall"]: null

03-03-2025T13:01:14 - [TEST_STEP][PASSED] - short_term_objective = ["Explore opportunities in missions to find a good fit", "Gain first-hand exposure to missions"]: null

03-03-2025T13:01:14 - [TEST_STEP][PASSED] - short_term_statement = "Many short-term opportunities.": null

03-03-2025T13:01:14 - [TEST_STEP][PASSED] - preferred_regions = ["Southeast Asia", "Central America", "Europe, West", "North America", "Central America"]: null

03-03-2025T13:01:14 - [TEST_STEP][PASSED] - languages = ["English is a native language", "Other"]: null

03-03-2025T13:01:14 - [TEST_STEP][PASSED] - other_languages = "Polish": null

03-03-2025T13:01:14 - [TEST_STEP][PASSED] - callTestCase(findTestCase("Journey Partner Profile/Tabs/Set Service Options"), ["varTime_commitments":time_commitments, "varAvailable_start_options":available_start_options, "varTravel_options":travel_options, ... ], STOP_ON_FAILURE): Call Test Case 'Test Cases/Journey Partner Profile/Tabs/Set Service Options' successfully

03-03-2025T13:01:14 - [TEST_CASE][PASSED] - Test Cases/Journey Partner Profile/Tabs/Set Service Options: Test Cases/Journey Partner Profile/Tabs/Set Service Options

03-03-2025T13:01:14 - [TEST_STEP][PASSED] - username = username: null

03-03-2025T13:01:14 - [TEST_STEP][PASSED] - if (username != "cktest07jp" && username != "cktest02jp"): null

03-03-2025T13:01:14 - [TEST_STEP][PASSED] - testName = "Journey Partner Service Options Tab": null

03-03-2025T13:01:14 - [TEST_STEP][PASSED] - outFile = callTestCase(findTestCase("_Functions/Set Output File"), ["varTestName":testName], STOP_ON_FAILURE): Call Test Case 'Test Cases/_Functions/Set Output File' successfully

03-03-2025T13:01:14 - [TEST_CASE][PASSED] - Test Cases/_Functions/Set Output File: Test Cases/_Functions/Set Output File

03-03-2025T13:01:14 - [TEST_STEP][PASSED] - testName = varTestName: null

03-03-2025T13:01:14 - [TEST_STEP][PASSED] - domain = domain: null

03-03-2025T13:01:14 - [TEST_STEP][PASSED] - writeFile = false: null

03-03-2025T13:01:14 - [TEST_STEP][PASSED] - if (outFile != ""): null

03-03-2025T13:01:14 - [TEST_STEP][PASSED] - myFile = outFile: null

03-03-2025T13:01:14 - [TEST_STEP][PASSED] - println(myFile): null

03-03-2025T13:01:14 - [TEST_STEP][PASSED] - outFile = new java.io.File(myFile): null

03-03-2025T13:01:14 - [TEST_STEP][PASSED] - writeFile = true: null

03-03-2025T13:01:14 - [TEST_STEP][PASSED] - if (!(writeFile)): null

03-03-2025T13:01:14 - [TEST_STEP][PASSED] - else: null

03-03-2025T13:01:14 - [TEST_STEP][PASSED] - outFile.append("
Testing " + testName + " on " + domain + ".
"): null

03-03-2025T13:01:14 - [TEST_STEP][PASSED] - return outFile: null

03-03-2025T13:01:14 - [MESSAGE][PASSED] - Call Test Case 'Test Cases/_Functions/Set Output File' successfully

03-03-2025T13:01:14 - [TEST_STEP][PASSED] - lastY = -100: null

03-03-2025T13:01:14 - [TEST_STEP][PASSED] - parms = [varTime_commitments, varAvailable_start_options, varTravel_options, varTime_hours_needed, varAwareness_trip, varVision_trip, varPreferred_regions, varLanguages]: null

03-03-2025T13:01:14 - [TEST_STEP][PASSED] - time_commitments = "//input[@id='profile_group-1446521622.636_time_commitments']": null

03-03-2025T13:01:14 - [TEST_STEP][PASSED] - available_start_options = "//input[@id='profile_group-1446521622.636_available_start_options']": null

03-03-2025T13:01:14 - [TEST_STEP][PASSED] - travel_options = "//input[@id='profile_group-1446521622.636_travel_support']": null

03-03-2025T13:01:14 - [TEST_STEP][PASSED] - time_hours_needed = "//input[@id='profile_group-1446521622.636_time_availability']": null

03-03-2025T13:01:14 - [TEST_STEP][PASSED] - awareness_trip = "//input[@name='profile[group-1446521622.636][awareness_trip]']": null

03-03-2025T13:01:14 - [TEST_STEP][PASSED] - vision_trip = "//input[@name='profile[group-1446521622.636][vision_trip]']": null

03-03-2025T13:01:14 - [TEST_STEP][PASSED] - need_candidates_for_short_term_assignments = "//input[@id='profile_group-1446521622.636_need_positions_in_short-term_specifically']": null

03-03-2025T13:01:14 - [TEST_STEP][PASSED] - short_term_trip_length = "//input[@id='profile_group-1694885436.586_trip_lengths']": null

03-03-2025T13:01:14 - [TEST_STEP][PASSED] - short_term_availability = "//input[@id='profile_group-1694885436.586_short-term_availability']": null

03-03-2025T13:01:14 - [TEST_STEP][PASSED] - short_term_objective = "//input[@id='profile_group-1694885436.586_short-term_objective']": null

03-03-2025T13:01:14 - [TEST_STEP][PASSED] - preferred_regions = "//input[@id='profile_group-1446521622.636_regions_of_the_world']": null

03-03-2025T13:01:14 - [TEST_STEP][PASSED] - languages = "//input[@id='profile_group-1446521622.636_languages']": null

03-03-2025T13:01:14 - [TEST_STEP][PASSED] - xpaths = [time_commitments, available_start_options, travel_options, time_hours_needed, awareness_trip, vision_trip, preferred_regions, languages]: null

03-03-2025T13:01:14 - [TEST_STEP][PASSED] - tooltipImagePath = "/Users/cckozie/git/MissionNext-Katalon-Koz/images/Journey Partner/": null

03-03-2025T13:01:14 - [TEST_STEP][PASSED] - testObjectFolder = "Journey Partner Profile/Tabs/Service Options/": null

03-03-2025T13:01:14 - [TEST_STEP][PASSED] - tooltips = ["dummy":"dummy", "Time Commitments":"img_Time Commitments_field-tooltip", "TimeHours Needed":"img_TimeHours Needed_field-tooltip", ... ]: null

03-03-2025T13:01:14 - [TEST_STEP][PASSED] - tooltipText = ["Time Commitments":"Check all that generally apply. Open will match all candidates.", "Time/Hours Needed":"Check all that generally apply for your assignments.", ... ]: null

03-03-2025T13:01:14 - [TEST_STEP][PASSED] - requiredFieldMsgs = ["Time Commitments":"The time commitments field is required.", "Available Start Options":"The available start options field is required.", ... ]: null

03-03-2025T13:01:14 - [TEST_STEP][PASSED] - click(findTestObject("Object Repository/Journey Partner Profile/Tabs/a_Service Options")): Object: 'Object Repository/Journey Partner Profile/Tabs/a_Service Options' is clicked on

03-03-2025T13:01:14 - [MESSAGE][PASSED] - Object: 'Object Repository/Journey Partner Profile/Tabs/a_Service Options' is clicked on

03-03-2025T13:01:14 - [TEST_STEP][PASSED] - object = "Object Repository/Journey Partner Profile/Tabs/Service Options/input_Awareness Trip": null

03-03-2025T13:01:14 - [TEST_STEP][PASSED] - callTestCase(findTestCase("_Functions/Perform Action"), ["varAction":"click", "varObject":object, "varParm1":null], STOP_ON_FAILURE): Call Test Case 'Test Cases/_Functions/Perform Action' successfully

03-03-2025T13:01:14 - [TEST_CASE][PASSED] - Test Cases/_Functions/Perform Action: Test Cases/_Functions/Perform Action

03-03-2025T13:01:14 - [TEST_STEP][PASSED] - action = varAction: null

03-03-2025T13:01:14 - [TEST_STEP][PASSED] - println(action): null

03-03-2025T13:01:14 - [TEST_STEP][PASSED] - testObject = varObject: null

03-03-2025T13:01:14 - [TEST_STEP][PASSED] - println(testObject): null

03-03-2025T13:01:14 - [TEST_STEP][PASSED] - parm1 = varParm1: null

03-03-2025T13:01:14 - [TEST_STEP][PASSED] - println(parm1): null

03-03-2025T13:01:14 - [TEST_STEP][PASSED] - println("Converting " + testObject + " to web element"): null

03-03-2025T13:01:14 - [TEST_STEP][PASSED] - element = findWebElement(findTestObject(testObject), 1): null

03-03-2025T13:01:14 - [TEST_STEP][PASSED] - loc = element.getLocation(): null

03-03-2025T13:01:14 - [TEST_STEP][PASSED] - y = loc.getY(): null

03-03-2025T13:01:14 - [TEST_STEP][PASSED] - println("Y location is " + y): null

03-03-2025T13:01:14 - [TEST_STEP][PASSED] - top = getViewportTopPosition(): Current viewport's top (y) position is 0

03-03-2025T13:01:14 - [MESSAGE][PASSED] - Current viewport's top (y) position is 0

03-03-2025T13:01:14 - [TEST_STEP][PASSED] - println("Viewport top is " + top): null

03-03-2025T13:01:14 - [TEST_STEP][PASSED] - bottom = top + 600: null

03-03-2025T13:01:14 - [TEST_STEP][PASSED] - if (y - top < 150 || bottom - y < 10): Delayed 1 second(s)

03-03-2025T13:01:14 - [TEST_STEP][PASSED] - scrollToPosition(0, y - 150): Browser is scrolled to position x = 0, y = 651

03-03-2025T13:01:14 - [MESSAGE][PASSED] - Browser is scrolled to position x = 0, y = 651

03-03-2025T13:01:14 - [TEST_STEP][PASSED] - delay(1): Delayed 1 second(s)

03-03-2025T13:01:15 - [MESSAGE][PASSED] - Delayed 1 second(s)

03-03-2025T13:01:15 - [TEST_STEP][PASSED] - if (action == "click"): Object: 'Object Repository/Journey Partner Profile/Tabs/Service Options/input_Awareness Trip' is clicked on

03-03-2025T13:01:15 - [TEST_STEP][PASSED] - println("clicking"): null

03-03-2025T13:01:15 - [TEST_STEP][PASSED] - click(findTestObject(testObject)): Object: 'Object Repository/Journey Partner Profile/Tabs/Service Options/input_Awareness Trip' is clicked on

03-03-2025T13:01:15 - [MESSAGE][PASSED] - Object: 'Object Repository/Journey Partner Profile/Tabs/Service Options/input_Awareness Trip' is clicked on

03-03-2025T13:01:15 - [MESSAGE][PASSED] - Call Test Case 'Test Cases/_Functions/Perform Action' successfully

03-03-2025T13:01:15 - [TEST_STEP][PASSED] - object = "Object Repository/Journey Partner Profile/Tabs/Service Options/input_Vision Trip": null

03-03-2025T13:01:15 - [TEST_STEP][PASSED] - callTestCase(findTestCase("_Functions/Perform Action"), ["varAction":"click", "varObject":object, "varParm1":null], STOP_ON_FAILURE): Call Test Case 'Test Cases/_Functions/Perform Action' successfully

03-03-2025T13:01:15 - [TEST_CASE][PASSED] - Test Cases/_Functions/Perform Action: Test Cases/_Functions/Perform Action

03-03-2025T13:01:15 - [TEST_STEP][PASSED] - action = varAction: null

03-03-2025T13:01:15 - [TEST_STEP][PASSED] - println(action): null

03-03-2025T13:01:15 - [TEST_STEP][PASSED] - testObject = varObject: null

03-03-2025T13:01:15 - [TEST_STEP][PASSED] - println(testObject): null

03-03-2025T13:01:15 - [TEST_STEP][PASSED] - parm1 = varParm1: null

03-03-2025T13:01:15 - [TEST_STEP][PASSED] - println(parm1): null

03-03-2025T13:01:15 - [TEST_STEP][PASSED] - println("Converting " + testObject + " to web element"): null

03-03-2025T13:01:15 - [TEST_STEP][PASSED] - element = findWebElement(findTestObject(testObject), 1): null

03-03-2025T13:01:15 - [TEST_STEP][PASSED] - loc = element.getLocation(): null

03-03-2025T13:01:15 - [TEST_STEP][PASSED] - y = loc.getY(): null

03-03-2025T13:01:15 - [TEST_STEP][PASSED] - println("Y location is " + y): null

03-03-2025T13:01:15 - [TEST_STEP][PASSED] - top = getViewportTopPosition(): Current viewport's top (y) position is 651

03-03-2025T13:01:15 - [MESSAGE][PASSED] - Current viewport's top (y) position is 651

03-03-2025T13:01:15 - [TEST_STEP][PASSED] - println("Viewport top is " + top): null

03-03-2025T13:01:15 - [TEST_STEP][PASSED] - bottom = top + 600: null

03-03-2025T13:01:15 - [TEST_STEP][PASSED] - if (y - top < 150 || bottom - y < 10): null

03-03-2025T13:01:15 - [TEST_STEP][PASSED] - if (action == "click"): Object: 'Object Repository/Journey Partner Profile/Tabs/Service Options/input_Vision Trip' is clicked on

03-03-2025T13:01:15 - [TEST_STEP][PASSED] - println("clicking"): null

03-03-2025T13:01:15 - [TEST_STEP][PASSED] - click(findTestObject(testObject)): Object: 'Object Repository/Journey Partner Profile/Tabs/Service Options/input_Vision Trip' is clicked on

03-03-2025T13:01:15 - [MESSAGE][PASSED] - Object: 'Object Repository/Journey Partner Profile/Tabs/Service Options/input_Vision Trip' is clicked on

03-03-2025T13:01:15 - [MESSAGE][PASSED] - Call Test Case 'Test Cases/_Functions/Perform Action' successfully

03-03-2025T13:01:15 - [TEST_STEP][PASSED] - object = "Object Repository/Journey Partner Profile/Tabs/Service Options/input_Need Candidates for Short-Term Assignments": null

03-03-2025T13:01:15 - [TEST_STEP][PASSED] - callTestCase(findTestCase("_Functions/Perform Action"), ["varAction":"click", "varObject":object, "varParm1":null], STOP_ON_FAILURE): Call Test Case 'Test Cases/_Functions/Perform Action' successfully

03-03-2025T13:01:15 - [TEST_CASE][PASSED] - Test Cases/_Functions/Perform Action: Test Cases/_Functions/Perform Action

03-03-2025T13:01:15 - [TEST_STEP][PASSED] - action = varAction: null

03-03-2025T13:01:15 - [TEST_STEP][PASSED] - println(action): null

03-03-2025T13:01:15 - [TEST_STEP][PASSED] - testObject = varObject: null

03-03-2025T13:01:15 - [TEST_STEP][PASSED] - println(testObject): null

03-03-2025T13:01:15 - [TEST_STEP][PASSED] - parm1 = varParm1: null

03-03-2025T13:01:15 - [TEST_STEP][PASSED] - println(parm1): null

03-03-2025T13:01:15 - [TEST_STEP][PASSED] - println("Converting " + testObject + " to web element"): null

03-03-2025T13:01:15 - [TEST_STEP][PASSED] - element = findWebElement(findTestObject(testObject), 1): null

03-03-2025T13:01:15 - [TEST_STEP][PASSED] - loc = element.getLocation(): null

03-03-2025T13:01:15 - [TEST_STEP][PASSED] - y = loc.getY(): null

03-03-2025T13:01:15 - [TEST_STEP][PASSED] - println("Y location is " + y): null

03-03-2025T13:01:15 - [TEST_STEP][PASSED] - top = getViewportTopPosition(): Current viewport's top (y) position is 651

03-03-2025T13:01:15 - [MESSAGE][PASSED] - Current viewport's top (y) position is 651

03-03-2025T13:01:15 - [TEST_STEP][PASSED] - println("Viewport top is " + top): null

03-03-2025T13:01:15 - [TEST_STEP][PASSED] - bottom = top + 600: null

03-03-2025T13:01:15 - [TEST_STEP][PASSED] - if (y - top < 150 || bottom - y < 10): null

03-03-2025T13:01:15 - [TEST_STEP][PASSED] - if (action == "click"): Object: 'Object Repository/Journey Partner Profile/Tabs/Service Options/input_Need Candidates for Short-Term Assignments' is clicked on

03-03-2025T13:01:15 - [TEST_STEP][PASSED] - println("clicking"): null

03-03-2025T13:01:15 - [TEST_STEP][PASSED] - click(findTestObject(testObject)): Object: 'Object Repository/Journey Partner Profile/Tabs/Service Options/input_Need Candidates for Short-Term Assignments' is clicked on

03-03-2025T13:01:15 - [MESSAGE][PASSED] - Object: 'Object Repository/Journey Partner Profile/Tabs/Service Options/input_Need Candidates for Short-Term Assignments' is clicked on

03-03-2025T13:01:15 - [MESSAGE][PASSED] - Call Test Case 'Test Cases/_Functions/Perform Action' successfully

03-03-2025T13:01:15 - [TEST_STEP][PASSED] - tooltipTextMap = callTestCase(findTestCase("_Functions/Get Screenshot and Tooltip Text"), ["varExtension":testName], STOP_ON_FAILURE): Call Test Case 'Test Cases/_Functions/Get Screenshot and Tooltip Text' successfully

03-03-2025T13:01:15 - [TEST_CASE][PASSED] - Test Cases/_Functions/Get Screenshot and Tooltip Text: Test Cases/_Functions/Get Screenshot and Tooltip Text

03-03-2025T13:01:15 - [TEST_STEP][PASSED] - if (fastPath): null

03-03-2025T13:01:15 - [TEST_STEP][PASSED] - return null: null

03-03-2025T13:01:15 - [MESSAGE][PASSED] - Call Test Case 'Test Cases/_Functions/Get Screenshot and Tooltip Text' successfully

03-03-2025T13:01:15 - [TEST_STEP][PASSED] - callTestCase(findTestCase("_Functions/Test Tooltips"), ["varTooltipImagePath":tooltipImagePath, "varTooltips":tooltips, "varTooltipText":tooltipText, "varTestObjectFolder":testObjectFolder, ... ], OPTIONAL): Unable to call Test Case 'Test Cases/_Functions/Test Tooltips' (Root cause: com.kms.katalon.core.exception.StepErrorException: Call Test Case 'Test Cases/_Functions/Test Tooltips' failed because of error(s)
	at com.kms.katalon.core.keyword.builtin.CallTestCaseKeyword$_callTestCase_closure1.doCall(CallTestCaseKeyword.groovy:66)
	at com.kms.katalon.core.keyword.builtin.CallTestCaseKeyword$_callTestCase_closure1.call(CallTestCaseKeyword.groovy)
	at com.kms.katalon.core.keyword.internal.KeywordMain.runKeyword(KeywordMain.groovy:75)
	at com.kms.katalon.core.keyword.builtin.CallTestCaseKeyword.callTestCase(CallTestCaseKeyword.groovy:81)
	at com.kms.katalon.core.keyword.builtin.CallTestCaseKeyword.execute(CallTestCaseKeyword.groovy:44)
	at com.kms.katalon.core.keyword.internal.KeywordExecutor.executeKeywordForPlatform(KeywordExecutor.groovy:74)
	at com.kms.katalon.core.keyword.BuiltinKeywords.callTestCase(BuiltinKeywords.groovy:310)
	at jdk.internal.reflect.GeneratedMethodAccessor16.invoke(Unknown Source)
	at java.base/jdk.internal.reflect.DelegatingMethodAccessorImpl.invoke(DelegatingMethodAccessorImpl.java:43)
	at Set Service Options.run(Set Service Options:153)
	at com.kms.katalon.core.main.ScriptEngine.run(ScriptEngine.java:194)
	at com.kms.katalon.core.main.ScriptEngine.runScriptAsRawText(ScriptEngine.java:119)
	at com.kms.katalon.core.main.TestCaseExecutor.runScript(TestCaseExecutor.java:448)
	at com.kms.katalon.core.main.TestCaseExecutor.doExecute(TestCaseExecutor.java:439)
	at com.kms.katalon.core.main.TestCaseExecutor.processExecutionPhase(TestCaseExecutor.java:418)
	at com.kms.katalon.core.main.TestCaseExecutor.accessMainPhase(TestCaseExecutor.java:410)
	at com.kms.katalon.core.main.TestCaseExecutor.execute(TestCaseExecutor.java:285)
	at com.kms.katalon.core.main.TestCaseMain.runTestCase(TestCaseMain.java:137)
	at com.kms.katalon.core.keyword.builtin.CallTestCaseKeyword$_callTestCase_closure1.doCall(CallTestCaseKeyword.groovy:59)
	at com.kms.katalon.core.keyword.builtin.CallTestCaseKeyword$_callTestCase_closure1.call(CallTestCaseKeyword.groovy)
	at com.kms.katalon.core.keyword.internal.KeywordMain.runKeyword(KeywordMain.groovy:75)
	at com.kms.katalon.core.keyword.builtin.CallTestCaseKeyword.callTestCase(CallTestCaseKeyword.groovy:81)
	at com.kms.katalon.core.keyword.builtin.CallTestCaseKeyword.execute(CallTestCaseKeyword.groovy:44)
	at com.kms.katalon.core.keyword.internal.KeywordExecutor.executeKeywordForPlatform(KeywordExecutor.groovy:74)
	at com.kms.katalon.core.keyword.BuiltinKeywords.callTestCase(BuiltinKeywords.groovy:310)
	at jdk.internal.reflect.GeneratedMethodAccessor16.invoke(Unknown Source)
	at java.base/jdk.internal.reflect.DelegatingMethodAccessorImpl.invoke(DelegatingMethodAccessorImpl.java:43)
	at Complete Journey Partner Profile.run(Complete Journey Partner Profile:166)
	at com.kms.katalon.core.main.ScriptEngine.run(ScriptEngine.java:194)
	at com.kms.katalon.core.main.ScriptEngine.runScriptAsRawText(ScriptEngine.java:119)
	at com.kms.katalon.core.main.TestCaseExecutor.runScript(TestCaseExecutor.java:448)
	at com.kms.katalon.core.main.TestCaseExecutor.doExecute(TestCaseExecutor.java:439)
	at com.kms.katalon.core.main.TestCaseExecutor.processExecutionPhase(TestCaseExecutor.java:418)
	at com.kms.katalon.core.main.TestCaseExecutor.accessMainPhase(TestCaseExecutor.java:410)
	at com.kms.katalon.core.main.TestCaseExecutor.execute(TestCaseExecutor.java:285)
	at com.kms.katalon.core.main.TestCaseMain.runTestCase(TestCaseMain.java:137)
	at com.kms.katalon.core.keyword.builtin.CallTestCaseKeyword$_callTestCase_closure1.doCall(CallTestCaseKeyword.groovy:59)
	at com.kms.katalon.core.keyword.builtin.CallTestCaseKeyword$_callTestCase_closure1.call(CallTestCaseKeyword.groovy)
	at com.kms.katalon.core.keyword.internal.KeywordMain.runKeyword(KeywordMain.groovy:75)
	at com.kms.katalon.core.keyword.builtin.CallTestCaseKeyword.callTestCase(CallTestCaseKeyword.groovy:81)
	at com.kms.katalon.core.keyword.builtin.CallTestCaseKeyword.execute(CallTestCaseKeyword.groovy:44)
	at com.kms.katalon.core.keyword.internal.KeywordExecutor.executeKeywordForPlatform(KeywordExecutor.groovy:74)
	at com.kms.katalon.core.keyword.BuiltinKeywords.callTestCase(BuiltinKeywords.groovy:310)
	at jdk.internal.reflect.GeneratedMethodAccessor16.invoke(Unknown Source)
	at java.base/jdk.internal.reflect.DelegatingMethodAccessorImpl.invoke(DelegatingMethodAccessorImpl.java:43)
	at Register Journey Partner.run(Register Journey Partner:368)
	at com.kms.katalon.core.main.ScriptEngine.run(ScriptEngine.java:194)
	at com.kms.katalon.core.main.ScriptEngine.runScriptAsRawText(ScriptEngine.java:119)
	at com.kms.katalon.core.main.TestCaseExecutor.runScript(TestCaseExecutor.java:448)
	at com.kms.katalon.core.main.TestCaseExecutor.doExecute(TestCaseExecutor.java:439)
	at com.kms.katalon.core.main.TestCaseExecutor.processExecutionPhase(TestCaseExecutor.java:418)
	at com.kms.katalon.core.main.TestCaseExecutor.accessMainPhase(TestCaseExecutor.java:410)
	at com.kms.katalon.core.main.TestCaseExecutor.execute(TestCaseExecutor.java:285)
	at com.kms.katalon.core.common.CommonExecutor.accessTestCaseMainPhase(CommonExecutor.java:65)
	at com.kms.katalon.core.main.TestSuiteExecutor.accessTestSuiteMainPhase(TestSuiteExecutor.java:150)
	at com.kms.katalon.core.main.TestSuiteExecutor.execute(TestSuiteExecutor.java:106)
	at com.kms.katalon.core.main.TestCaseMain.startTestSuite(TestCaseMain.java:180)
	at TempTestSuite1741028273844.run(TempTestSuite1741028273844.groovy:35)
	at java.base/jdk.internal.reflect.NativeMethodAccessorImpl.invoke0(Native Method)
	at java.base/jdk.internal.reflect.NativeMethodAccessorImpl.invoke(NativeMethodAccessorImpl.java:77)
	at java.base/jdk.internal.reflect.DelegatingMethodAccessorImpl.invoke(DelegatingMethodAccessorImpl.java:43)
Caused by: org.codehaus.groovy.control.MultipleCompilationErrorsException: startup failed:
file:/Users/cckozie/git/MissionNext-Katalon-Koz/Scripts/_Functions/Test%20Tooltips/Script1736959727538.groovy: 66: unable to resolve class Screen
 @ line 66, column 8.
   Screen s = new Screen()
          ^

file:/Users/cckozie/git/MissionNext-Katalon-Koz/Scripts/_Functions/Test%20Tooltips/Script1736959727538.groovy: 66: unable to resolve class Screen
 @ line 66, column 12.
   Screen s = new Screen()
              ^

file:/Users/cckozie/git/MissionNext-Katalon-Koz/Scripts/_Functions/Test%20Tooltips/Script1736959727538.groovy: 104: unable to resolve class Pattern
 @ line 104, column 17.
           Pattern icn = new Pattern(myImage).similar(0.10)
                   ^

file:/Users/cckozie/git/MissionNext-Katalon-Koz/Scripts/_Functions/Test%20Tooltips/Script1736959727538.groovy: 104: unable to resolve class Pattern
 @ line 104, column 23.
           Pattern icn = new Pattern(myImage).similar(0.10)
                         ^

4 errors

	at com.kms.katalon.core.main.ScriptEngine.getScript(ScriptEngine.java:199)
	at com.kms.katalon.core.main.ScriptEngine.run(ScriptEngine.java:194)
	at com.kms.katalon.core.main.ScriptEngine.runScriptAsRawText(ScriptEngine.java:119)
	at com.kms.katalon.core.main.TestCaseExecutor.runScript(TestCaseExecutor.java:448)
	at com.kms.katalon.core.main.TestCaseExecutor.doExecute(TestCaseExecutor.java:439)
	at com.kms.katalon.core.main.TestCaseExecutor.processExecutionPhase(TestCaseExecutor.java:418)
	at com.kms.katalon.core.main.TestCaseExecutor.accessMainPhase(TestCaseExecutor.java:410)
	at com.kms.katalon.core.main.TestCaseExecutor.execute(TestCaseExecutor.java:285)
	at com.kms.katalon.core.main.TestCaseMain.runTestCase(TestCaseMain.java:137)
	at com.kms.katalon.core.keyword.builtin.CallTestCaseKeyword$_callTestCase_closure1.doCall(CallTestCaseKeyword.groovy:59)
	... 60 more
)

03-03-2025T13:01:15 - [TEST_CASE][ERROR] - Test Cases/_Functions/Test Tooltips: Test Cases/_Functions/Test Tooltips FAILED.
Reason:
org.codehaus.groovy.control.MultipleCompilationErrorsException: startup failed:
file:/Users/cckozie/git/MissionNext-Katalon-Koz/Scripts/_Functions/Test%20Tooltips/Script1736959727538.groovy: 66: unable to resolve class Screen
 @ line 66, column 8.
   Screen s = new Screen()
          ^

file:/Users/cckozie/git/MissionNext-Katalon-Koz/Scripts/_Functions/Test%20Tooltips/Script1736959727538.groovy: 66: unable to resolve class Screen
 @ line 66, column 12.
   Screen s = new Screen()
              ^

file:/Users/cckozie/git/MissionNext-Katalon-Koz/Scripts/_Functions/Test%20Tooltips/Script1736959727538.groovy: 104: unable to resolve class Pattern
 @ line 104, column 17.
           Pattern icn = new Pattern(myImage).similar(0.10)
                   ^

file:/Users/cckozie/git/MissionNext-Katalon-Koz/Scripts/_Functions/Test%20Tooltips/Script1736959727538.groovy: 104: unable to resolve class Pattern
 @ line 104, column 23.
           Pattern icn = new Pattern(myImage).similar(0.10)
                         ^

4 errors

	at com.kms.katalon.core.main.ScriptEngine.getScript(ScriptEngine.java:199)
	at com.kms.katalon.core.main.ScriptEngine.run(ScriptEngine.java:194)
	at com.kms.katalon.core.main.ScriptEngine.runScriptAsRawText(ScriptEngine.java:119)
	at com.kms.katalon.core.main.TestCaseExecutor.runScript(TestCaseExecutor.java:448)
	at com.kms.katalon.core.main.TestCaseExecutor.doExecute(TestCaseExecutor.java:439)
	at com.kms.katalon.core.main.TestCaseExecutor.processExecutionPhase(TestCaseExecutor.java:418)
	at com.kms.katalon.core.main.TestCaseExecutor.accessMainPhase(TestCaseExecutor.java:410)
	at com.kms.katalon.core.main.TestCaseExecutor.execute(TestCaseExecutor.java:285)
	at com.kms.katalon.core.main.TestCaseMain.runTestCase(TestCaseMain.java:137)
	at com.kms.katalon.core.keyword.builtin.CallTestCaseKeyword$_callTestCase_closure1.doCall(CallTestCaseKeyword.groovy:59)
	at com.kms.katalon.core.keyword.builtin.CallTestCaseKeyword$_callTestCase_closure1.call(CallTestCaseKeyword.groovy)
	at com.kms.katalon.core.keyword.internal.KeywordMain.runKeyword(KeywordMain.groovy:75)
	at com.kms.katalon.core.keyword.builtin.CallTestCaseKeyword.callTestCase(CallTestCaseKeyword.groovy:81)
	at com.kms.katalon.core.keyword.builtin.CallTestCaseKeyword.execute(CallTestCaseKeyword.groovy:44)
	at com.kms.katalon.core.keyword.internal.KeywordExecutor.executeKeywordForPlatform(KeywordExecutor.groovy:74)
	at com.kms.katalon.core.keyword.BuiltinKeywords.callTestCase(BuiltinKeywords.groovy:310)
	at jdk.internal.reflect.GeneratedMethodAccessor16.invoke(Unknown Source)
	at java.base/jdk.internal.reflect.DelegatingMethodAccessorImpl.invoke(DelegatingMethodAccessorImpl.java:43)
	at Set Service Options.run(Set Service Options:153)
	at com.kms.katalon.core.main.ScriptEngine.run(ScriptEngine.java:194)
	at com.kms.katalon.core.main.ScriptEngine.runScriptAsRawText(ScriptEngine.java:119)
	at com.kms.katalon.core.main.TestCaseExecutor.runScript(TestCaseExecutor.java:448)
	at com.kms.katalon.core.main.TestCaseExecutor.doExecute(TestCaseExecutor.java:439)
	at com.kms.katalon.core.main.TestCaseExecutor.processExecutionPhase(TestCaseExecutor.java:418)
	at com.kms.katalon.core.main.TestCaseExecutor.accessMainPhase(TestCaseExecutor.java:410)
	at com.kms.katalon.core.main.TestCaseExecutor.execute(TestCaseExecutor.java:285)
	at com.kms.katalon.core.main.TestCaseMain.runTestCase(TestCaseMain.java:137)
	at com.kms.katalon.core.keyword.builtin.CallTestCaseKeyword$_callTestCase_closure1.doCall(CallTestCaseKeyword.groovy:59)
	at com.kms.katalon.core.keyword.builtin.CallTestCaseKeyword$_callTestCase_closure1.call(CallTestCaseKeyword.groovy)
	at com.kms.katalon.core.keyword.internal.KeywordMain.runKeyword(KeywordMain.groovy:75)
	at com.kms.katalon.core.keyword.builtin.CallTestCaseKeyword.callTestCase(CallTestCaseKeyword.groovy:81)
	at com.kms.katalon.core.keyword.builtin.CallTestCaseKeyword.execute(CallTestCaseKeyword.groovy:44)
	at com.kms.katalon.core.keyword.internal.KeywordExecutor.executeKeywordForPlatform(KeywordExecutor.groovy:74)
	at com.kms.katalon.core.keyword.BuiltinKeywords.callTestCase(BuiltinKeywords.groovy:310)
	at jdk.internal.reflect.GeneratedMethodAccessor16.invoke(Unknown Source)
	at java.base/jdk.internal.reflect.DelegatingMethodAccessorImpl.invoke(DelegatingMethodAccessorImpl.java:43)
	at Complete Journey Partner Profile.run(Complete Journey Partner Profile:166)
	at com.kms.katalon.core.main.ScriptEngine.run(ScriptEngine.java:194)
	at com.kms.katalon.core.main.ScriptEngine.runScriptAsRawText(ScriptEngine.java:119)
	at com.kms.katalon.core.main.TestCaseExecutor.runScript(TestCaseExecutor.java:448)
	at com.kms.katalon.core.main.TestCaseExecutor.doExecute(TestCaseExecutor.java:439)
	at com.kms.katalon.core.main.TestCaseExecutor.processExecutionPhase(TestCaseExecutor.java:418)
	at com.kms.katalon.core.main.TestCaseExecutor.accessMainPhase(TestCaseExecutor.java:410)
	at com.kms.katalon.core.main.TestCaseExecutor.execute(TestCaseExecutor.java:285)
	at com.kms.katalon.core.main.TestCaseMain.runTestCase(TestCaseMain.java:137)
	at com.kms.katalon.core.keyword.builtin.CallTestCaseKeyword$_callTestCase_closure1.doCall(CallTestCaseKeyword.groovy:59)
	at com.kms.katalon.core.keyword.builtin.CallTestCaseKeyword$_callTestCase_closure1.call(CallTestCaseKeyword.groovy)
	at com.kms.katalon.core.keyword.internal.KeywordMain.runKeyword(KeywordMain.groovy:75)
	at com.kms.katalon.core.keyword.builtin.CallTestCaseKeyword.callTestCase(CallTestCaseKeyword.groovy:81)
	at com.kms.katalon.core.keyword.builtin.CallTestCaseKeyword.execute(CallTestCaseKeyword.groovy:44)
	at com.kms.katalon.core.keyword.internal.KeywordExecutor.executeKeywordForPlatform(KeywordExecutor.groovy:74)
	at com.kms.katalon.core.keyword.BuiltinKeywords.callTestCase(BuiltinKeywords.groovy:310)
	at jdk.internal.reflect.GeneratedMethodAccessor16.invoke(Unknown Source)
	at java.base/jdk.internal.reflect.DelegatingMethodAccessorImpl.invoke(DelegatingMethodAccessorImpl.java:43)
	at Register Journey Partner.run(Register Journey Partner:368)
	at com.kms.katalon.core.main.ScriptEngine.run(ScriptEngine.java:194)
	at com.kms.katalon.core.main.ScriptEngine.runScriptAsRawText(ScriptEngine.java:119)
	at com.kms.katalon.core.main.TestCaseExecutor.runScript(TestCaseExecutor.java:448)
	at com.kms.katalon.core.main.TestCaseExecutor.doExecute(TestCaseExecutor.java:439)
	at com.kms.katalon.core.main.TestCaseExecutor.processExecutionPhase(TestCaseExecutor.java:418)
	at com.kms.katalon.core.main.TestCaseExecutor.accessMainPhase(TestCaseExecutor.java:410)
	at com.kms.katalon.core.main.TestCaseExecutor.execute(TestCaseExecutor.java:285)
	at com.kms.katalon.core.common.CommonExecutor.accessTestCaseMainPhase(CommonExecutor.java:65)
	at com.kms.katalon.core.main.TestSuiteExecutor.accessTestSuiteMainPhase(TestSuiteExecutor.java:150)
	at com.kms.katalon.core.main.TestSuiteExecutor.execute(TestSuiteExecutor.java:106)
	at com.kms.katalon.core.main.TestCaseMain.startTestSuite(TestCaseMain.java:180)
	at TempTestSuite1741028273844.run(TempTestSuite1741028273844.groovy:35)
	at java.base/jdk.internal.reflect.NativeMethodAccessorImpl.invoke0(Native Method)
	at java.base/jdk.internal.reflect.NativeMethodAccessorImpl.invoke(NativeMethodAccessorImpl.java:77)
	at java.base/jdk.internal.reflect.DelegatingMethodAccessorImpl.invoke(DelegatingMethodAccessorImpl.java:43)


03-03-2025T13:01:15 - [MESSAGE][WARNING] - Unable to call Test Case 'Test Cases/_Functions/Test Tooltips' (Root cause: com.kms.katalon.core.exception.StepErrorException: Call Test Case 'Test Cases/_Functions/Test Tooltips' failed because of error(s)
	at com.kms.katalon.core.keyword.builtin.CallTestCaseKeyword$_callTestCase_closure1.doCall(CallTestCaseKeyword.groovy:66)
	at com.kms.katalon.core.keyword.builtin.CallTestCaseKeyword$_callTestCase_closure1.call(CallTestCaseKeyword.groovy)
	at com.kms.katalon.core.keyword.internal.KeywordMain.runKeyword(KeywordMain.groovy:75)
	at com.kms.katalon.core.keyword.builtin.CallTestCaseKeyword.callTestCase(CallTestCaseKeyword.groovy:81)
	at com.kms.katalon.core.keyword.builtin.CallTestCaseKeyword.execute(CallTestCaseKeyword.groovy:44)
	at com.kms.katalon.core.keyword.internal.KeywordExecutor.executeKeywordForPlatform(KeywordExecutor.groovy:74)
	at com.kms.katalon.core.keyword.BuiltinKeywords.callTestCase(BuiltinKeywords.groovy:310)
	at jdk.internal.reflect.GeneratedMethodAccessor16.invoke(Unknown Source)
	at java.base/jdk.internal.reflect.DelegatingMethodAccessorImpl.invoke(DelegatingMethodAccessorImpl.java:43)
	at Set Service Options.run(Set Service Options:153)
	at com.kms.katalon.core.main.ScriptEngine.run(ScriptEngine.java:194)
	at com.kms.katalon.core.main.ScriptEngine.runScriptAsRawText(ScriptEngine.java:119)
	at com.kms.katalon.core.main.TestCaseExecutor.runScript(TestCaseExecutor.java:448)
	at com.kms.katalon.core.main.TestCaseExecutor.doExecute(TestCaseExecutor.java:439)
	at com.kms.katalon.core.main.TestCaseExecutor.processExecutionPhase(TestCaseExecutor.java:418)
	at com.kms.katalon.core.main.TestCaseExecutor.accessMainPhase(TestCaseExecutor.java:410)
	at com.kms.katalon.core.main.TestCaseExecutor.execute(TestCaseExecutor.java:285)
	at com.kms.katalon.core.main.TestCaseMain.runTestCase(TestCaseMain.java:137)
	at com.kms.katalon.core.keyword.builtin.CallTestCaseKeyword$_callTestCase_closure1.doCall(CallTestCaseKeyword.groovy:59)
	at com.kms.katalon.core.keyword.builtin.CallTestCaseKeyword$_callTestCase_closure1.call(CallTestCaseKeyword.groovy)
	at com.kms.katalon.core.keyword.internal.KeywordMain.runKeyword(KeywordMain.groovy:75)
	at com.kms.katalon.core.keyword.builtin.CallTestCaseKeyword.callTestCase(CallTestCaseKeyword.groovy:81)
	at com.kms.katalon.core.keyword.builtin.CallTestCaseKeyword.execute(CallTestCaseKeyword.groovy:44)
	at com.kms.katalon.core.keyword.internal.KeywordExecutor.executeKeywordForPlatform(KeywordExecutor.groovy:74)
	at com.kms.katalon.core.keyword.BuiltinKeywords.callTestCase(BuiltinKeywords.groovy:310)
	at jdk.internal.reflect.GeneratedMethodAccessor16.invoke(Unknown Source)
	at java.base/jdk.internal.reflect.DelegatingMethodAccessorImpl.invoke(DelegatingMethodAccessorImpl.java:43)
	at Complete Journey Partner Profile.run(Complete Journey Partner Profile:166)
	at com.kms.katalon.core.main.ScriptEngine.run(ScriptEngine.java:194)
	at com.kms.katalon.core.main.ScriptEngine.runScriptAsRawText(ScriptEngine.java:119)
	at com.kms.katalon.core.main.TestCaseExecutor.runScript(TestCaseExecutor.java:448)
	at com.kms.katalon.core.main.TestCaseExecutor.doExecute(TestCaseExecutor.java:439)
	at com.kms.katalon.core.main.TestCaseExecutor.processExecutionPhase(TestCaseExecutor.java:418)
	at com.kms.katalon.core.main.TestCaseExecutor.accessMainPhase(TestCaseExecutor.java:410)
	at com.kms.katalon.core.main.TestCaseExecutor.execute(TestCaseExecutor.java:285)
	at com.kms.katalon.core.main.TestCaseMain.runTestCase(TestCaseMain.java:137)
	at com.kms.katalon.core.keyword.builtin.CallTestCaseKeyword$_callTestCase_closure1.doCall(CallTestCaseKeyword.groovy:59)
	at com.kms.katalon.core.keyword.builtin.CallTestCaseKeyword$_callTestCase_closure1.call(CallTestCaseKeyword.groovy)
	at com.kms.katalon.core.keyword.internal.KeywordMain.runKeyword(KeywordMain.groovy:75)
	at com.kms.katalon.core.keyword.builtin.CallTestCaseKeyword.callTestCase(CallTestCaseKeyword.groovy:81)
	at com.kms.katalon.core.keyword.builtin.CallTestCaseKeyword.execute(CallTestCaseKeyword.groovy:44)
	at com.kms.katalon.core.keyword.internal.KeywordExecutor.executeKeywordForPlatform(KeywordExecutor.groovy:74)
	at com.kms.katalon.core.keyword.BuiltinKeywords.callTestCase(BuiltinKeywords.groovy:310)
	at jdk.internal.reflect.GeneratedMethodAccessor16.invoke(Unknown Source)
	at java.base/jdk.internal.reflect.DelegatingMethodAccessorImpl.invoke(DelegatingMethodAccessorImpl.java:43)
	at Register Journey Partner.run(Register Journey Partner:368)
	at com.kms.katalon.core.main.ScriptEngine.run(ScriptEngine.java:194)
	at com.kms.katalon.core.main.ScriptEngine.runScriptAsRawText(ScriptEngine.java:119)
	at com.kms.katalon.core.main.TestCaseExecutor.runScript(TestCaseExecutor.java:448)
	at com.kms.katalon.core.main.TestCaseExecutor.doExecute(TestCaseExecutor.java:439)
	at com.kms.katalon.core.main.TestCaseExecutor.processExecutionPhase(TestCaseExecutor.java:418)
	at com.kms.katalon.core.main.TestCaseExecutor.accessMainPhase(TestCaseExecutor.java:410)
	at com.kms.katalon.core.main.TestCaseExecutor.execute(TestCaseExecutor.java:285)
	at com.kms.katalon.core.common.CommonExecutor.accessTestCaseMainPhase(CommonExecutor.java:65)
	at com.kms.katalon.core.main.TestSuiteExecutor.accessTestSuiteMainPhase(TestSuiteExecutor.java:150)
	at com.kms.katalon.core.main.TestSuiteExecutor.execute(TestSuiteExecutor.java:106)
	at com.kms.katalon.core.main.TestCaseMain.startTestSuite(TestCaseMain.java:180)
	at TempTestSuite1741028273844.run(TempTestSuite1741028273844.groovy:35)
	at java.base/jdk.internal.reflect.NativeMethodAccessorImpl.invoke0(Native Method)
	at java.base/jdk.internal.reflect.NativeMethodAccessorImpl.invoke(NativeMethodAccessorImpl.java:77)
	at java.base/jdk.internal.reflect.DelegatingMethodAccessorImpl.invoke(DelegatingMethodAccessorImpl.java:43)
Caused by: org.codehaus.groovy.control.MultipleCompilationErrorsException: startup failed:
file:/Users/cckozie/git/MissionNext-Katalon-Koz/Scripts/_Functions/Test%20Tooltips/Script1736959727538.groovy: 66: unable to resolve class Screen
 @ line 66, column 8.
   Screen s = new Screen()
          ^

file:/Users/cckozie/git/MissionNext-Katalon-Koz/Scripts/_Functions/Test%20Tooltips/Script1736959727538.groovy: 66: unable to resolve class Screen
 @ line 66, column 12.
   Screen s = new Screen()
              ^

file:/Users/cckozie/git/MissionNext-Katalon-Koz/Scripts/_Functions/Test%20Tooltips/Script1736959727538.groovy: 104: unable to resolve class Pattern
 @ line 104, column 17.
           Pattern icn = new Pattern(myImage).similar(0.10)
                   ^

file:/Users/cckozie/git/MissionNext-Katalon-Koz/Scripts/_Functions/Test%20Tooltips/Script1736959727538.groovy: 104: unable to resolve class Pattern
 @ line 104, column 23.
           Pattern icn = new Pattern(myImage).similar(0.10)
                         ^

4 errors

	at com.kms.katalon.core.main.ScriptEngine.getScript(ScriptEngine.java:199)
	at com.kms.katalon.core.main.ScriptEngine.run(ScriptEngine.java:194)
	at com.kms.katalon.core.main.ScriptEngine.runScriptAsRawText(ScriptEngine.java:119)
	at com.kms.katalon.core.main.TestCaseExecutor.runScript(TestCaseExecutor.java:448)
	at com.kms.katalon.core.main.TestCaseExecutor.doExecute(TestCaseExecutor.java:439)
	at com.kms.katalon.core.main.TestCaseExecutor.processExecutionPhase(TestCaseExecutor.java:418)
	at com.kms.katalon.core.main.TestCaseExecutor.accessMainPhase(TestCaseExecutor.java:410)
	at com.kms.katalon.core.main.TestCaseExecutor.execute(TestCaseExecutor.java:285)
	at com.kms.katalon.core.main.TestCaseMain.runTestCase(TestCaseMain.java:137)
	at com.kms.katalon.core.keyword.builtin.CallTestCaseKeyword$_callTestCase_closure1.doCall(CallTestCaseKeyword.groovy:59)
	... 60 more
)

03-03-2025T13:01:15 - [TEST_STEP][PASSED] - outText = "Verifying the required field messages.
": null

03-03-2025T13:01:15 - [TEST_STEP][PASSED] - outFile.append(outText): null

03-03-2025T13:01:15 - [TEST_STEP][PASSED] - fieldList = []: null

03-03-2025T13:01:15 - [TEST_STEP][PASSED] - requiredFieldMsgs.each({ -> ... }): null

03-03-2025T13:01:15 - [TEST_STEP][PASSED] - callTestCase(findTestCase("_Functions/Test Field Error Messages"), ["varFieldList":fieldList, "varRequiredFieldMsgs":requiredFieldMsgs], STOP_ON_FAILURE): Call Test Case 'Test Cases/_Functions/Test Field Error Messages' successfully

03-03-2025T13:01:15 - [TEST_CASE][PASSED] - Test Cases/_Functions/Test Field Error Messages: Test Cases/_Functions/Test Field Error Messages

03-03-2025T13:01:15 - [TEST_STEP][PASSED] - count = callTestCase(findTestCase("_Functions/Find error messages"), ["varFunction":"count"], STOP_ON_FAILURE): Call Test Case 'Test Cases/_Functions/Find error messages' successfully

03-03-2025T13:01:15 - [TEST_CASE][PASSED] - Test Cases/_Functions/Find error messages: Test Cases/_Functions/Find error messages

03-03-2025T13:01:15 - [TEST_STEP][PASSED] - function = "count": null

03-03-2025T13:01:15 - [TEST_STEP][PASSED] - if (binding.hasVariable("varFunction")): null

03-03-2025T13:01:15 - [TEST_STEP][PASSED] - function = varFunction: null

03-03-2025T13:01:15 - [TEST_STEP][PASSED] - title = getWindowTitle(): Current window's title is: 'Journey'

03-03-2025T13:01:15 - [MESSAGE][PASSED] - Current window's title is: 'Journey'

03-03-2025T13:01:15 - [TEST_STEP][PASSED] - println("Page title is " + title): null

03-03-2025T13:01:15 - [TEST_STEP][PASSED] - driver = getWebDriver(): null

03-03-2025T13:01:15 - [TEST_STEP][PASSED] - elements = driver.findElements(By.xpath("//div[@class='col-sm-offset-3 col-sm-9 text-danger']")): null

03-03-2025T13:01:15 - [TEST_STEP][PASSED] - if (function == "count"): null

03-03-2025T13:01:15 - [TEST_STEP][PASSED] - return elements.size(): null

03-03-2025T13:01:15 - [MESSAGE][PASSED] - Call Test Case 'Test Cases/_Functions/Find error messages' successfully

03-03-2025T13:01:15 - [TEST_STEP][PASSED] - outFile = outFile: null

03-03-2025T13:01:15 - [TEST_STEP][PASSED] - if (count == 0): null

03-03-2025T13:01:15 - [TEST_STEP][PASSED] - else: Delayed 0 second(s)

03-03-2025T13:01:15 - [TEST_STEP][PASSED] - fieldList = varFieldList: null

03-03-2025T13:01:15 - [TEST_STEP][PASSED] - requiredFieldMsgs = varRequiredFieldMsgs: null

03-03-2025T13:01:15 - [TEST_STEP][PASSED] - outText = "Verifying error messages for fields " + fieldList: null

03-03-2025T13:01:15 - [TEST_STEP][PASSED] - for (def field : fieldList): null

03-03-2025T13:01:15 - [TEST_STEP][PASSED] - errorMsg = requiredFieldMsgs.get(field): null

03-03-2025T13:01:15 - [TEST_STEP][PASSED] - msg = verifyTextPresent(errorMsg, false, OPTIONAL): Text 'The time commitments field is required.' is present on page 

03-03-2025T13:01:16 - [MESSAGE][PASSED] - Text 'The time commitments field is required.' is present on page 

03-03-2025T13:01:16 - [TEST_STEP][PASSED] - println(field + ":" + msg): null

03-03-2025T13:01:16 - [TEST_STEP][PASSED] - if (!(msg)): null

03-03-2025T13:01:16 - [TEST_STEP][PASSED] - errorMsg = requiredFieldMsgs.get(field): null

03-03-2025T13:01:16 - [TEST_STEP][PASSED] - msg = verifyTextPresent(errorMsg, false, OPTIONAL): Text 'The available start options field is required.' is present on page 

03-03-2025T13:01:16 - [MESSAGE][PASSED] - Text 'The available start options field is required.' is present on page 

03-03-2025T13:01:16 - [TEST_STEP][PASSED] - println(field + ":" + msg): null

03-03-2025T13:01:16 - [TEST_STEP][PASSED] - if (!(msg)): null

03-03-2025T13:01:16 - [TEST_STEP][PASSED] - errorMsg = requiredFieldMsgs.get(field): null

03-03-2025T13:01:16 - [TEST_STEP][PASSED] - msg = verifyTextPresent(errorMsg, false, OPTIONAL): Text 'The time availability field is required.' is present on page 

03-03-2025T13:01:16 - [MESSAGE][PASSED] - Text 'The time availability field is required.' is present on page 

03-03-2025T13:01:16 - [TEST_STEP][PASSED] - println(field + ":" + msg): null

03-03-2025T13:01:16 - [TEST_STEP][PASSED] - if (!(msg)): null

03-03-2025T13:01:16 - [TEST_STEP][PASSED] - errorMsg = requiredFieldMsgs.get(field): null

03-03-2025T13:01:16 - [TEST_STEP][PASSED] - msg = verifyTextPresent(errorMsg, false, OPTIONAL): Text 'The regions of the world field is required.' is present on page 

03-03-2025T13:01:16 - [MESSAGE][PASSED] - Text 'The regions of the world field is required.' is present on page 

03-03-2025T13:01:16 - [TEST_STEP][PASSED] - println(field + ":" + msg): null

03-03-2025T13:01:16 - [TEST_STEP][PASSED] - if (!(msg)): null

03-03-2025T13:01:16 - [TEST_STEP][PASSED] - errorMsg = requiredFieldMsgs.get(field): null

03-03-2025T13:01:16 - [TEST_STEP][PASSED] - msg = verifyTextPresent(errorMsg, false, OPTIONAL): Text 'The languages field is required.' is present on page 

03-03-2025T13:01:16 - [MESSAGE][PASSED] - Text 'The languages field is required.' is present on page 

03-03-2025T13:01:16 - [TEST_STEP][PASSED] - println(field + ":" + msg): null

03-03-2025T13:01:16 - [TEST_STEP][PASSED] - if (!(msg)): null

03-03-2025T13:01:16 - [TEST_STEP][PASSED] - delay(fieldTestDelay): Delayed 0 second(s)

03-03-2025T13:01:16 - [MESSAGE][PASSED] - Delayed 0 second(s)

03-03-2025T13:01:16 - [MESSAGE][PASSED] - Call Test Case 'Test Cases/_Functions/Test Field Error Messages' successfully

03-03-2025T13:01:16 - [TEST_STEP][PASSED] - callTestCase(findTestCase("_Functions/Click on Group Elements"), ["varXpaths":xpaths, "varParms":parms], STOP_ON_FAILURE): Call Test Case 'Test Cases/_Functions/Click on Group Elements' successfully

03-03-2025T13:01:16 - [TEST_CASE][PASSED] - Test Cases/_Functions/Click on Group Elements: Test Cases/_Functions/Click on Group Elements

03-03-2025T13:01:16 - [TEST_STEP][PASSED] - debug = false: null

03-03-2025T13:01:16 - [TEST_STEP][PASSED] - toggle = true: null

03-03-2025T13:01:16 - [TEST_STEP][PASSED] - if (!(testSuiteRunning)): null

03-03-2025T13:01:16 - [TEST_STEP][PASSED] - driver = getWebDriver(): null

03-03-2025T13:01:16 - [TEST_STEP][PASSED] - println(varParms): null

03-03-2025T13:01:16 - [TEST_STEP][PASSED] - for ([i = 0, i < varXpaths.size(), (i++)]): null

03-03-2025T13:01:16 - [TEST_STEP][PASSED] - if (debug): null

03-03-2025T13:01:16 - [TEST_STEP][PASSED] - elements = driver.findElements(By.xpath(varXpaths[i])): null

03-03-2025T13:01:16 - [TEST_STEP][PASSED] - element_count = elements.size(): null

03-03-2025T13:01:16 - [TEST_STEP][PASSED] - elements.each({ -> ... }): null

03-03-2025T13:01:16 - [TEST_STEP][PASSED] - scrollToObject(elem): null

03-03-2025T13:01:16 - [TEST_STEP][PASSED] - loc = element.getLocation(): null

03-03-2025T13:01:16 - [TEST_STEP][PASSED] - if (debug): null

03-03-2025T13:01:16 - [TEST_STEP][PASSED] - y = loc.getY(): null

03-03-2025T13:01:16 - [TEST_STEP][PASSED] - println("Y location is " + y): null

03-03-2025T13:01:16 - [TEST_STEP][PASSED] - top = getViewportTopPosition(): Current viewport's top (y) position is 651

03-03-2025T13:01:16 - [MESSAGE][PASSED] - Current viewport's top (y) position is 651

03-03-2025T13:01:16 - [TEST_STEP][PASSED] - println("Viewport top is " + top): null

03-03-2025T13:01:16 - [TEST_STEP][PASSED] - bottom = top + 600: null

03-03-2025T13:01:16 - [TEST_STEP][PASSED] - if (y - top < 150 || bottom - y < 10): Delayed 1 second(s)

03-03-2025T13:01:16 - [TEST_STEP][PASSED] - scrollToPosition(0, y - 150): Browser is scrolled to position x = 0, y = 305

03-03-2025T13:01:16 - [MESSAGE][PASSED] - Browser is scrolled to position x = 0, y = 305

03-03-2025T13:01:16 - [TEST_STEP][PASSED] - delay(1): Delayed 1 second(s)

03-03-2025T13:01:17 - [MESSAGE][PASSED] - Delayed 1 second(s)

03-03-2025T13:01:17 - [TEST_STEP][PASSED] - elem.click(): null

03-03-2025T13:01:17 - [TEST_STEP][PASSED] - scrollToObject(elem): null

03-03-2025T13:01:17 - [TEST_STEP][PASSED] - loc = element.getLocation(): null

03-03-2025T13:01:17 - [TEST_STEP][PASSED] - if (debug): null

03-03-2025T13:01:17 - [TEST_STEP][PASSED] - y = loc.getY(): null

03-03-2025T13:01:17 - [TEST_STEP][PASSED] - println("Y location is " + y): null

03-03-2025T13:01:17 - [TEST_STEP][PASSED] - top = getViewportTopPosition(): Current viewport's top (y) position is 305

03-03-2025T13:01:17 - [MESSAGE][PASSED] - Current viewport's top (y) position is 305

03-03-2025T13:01:17 - [TEST_STEP][PASSED] - println("Viewport top is " + top): null

03-03-2025T13:01:17 - [TEST_STEP][PASSED] - bottom = top + 600: null

03-03-2025T13:01:17 - [TEST_STEP][PASSED] - if (y - top < 150 || bottom - y < 10): Delayed 1 second(s)

03-03-2025T13:01:17 - [TEST_STEP][PASSED] - scrollToPosition(0, y - 150): Browser is scrolled to position x = 0, y = 273

03-03-2025T13:01:17 - [MESSAGE][PASSED] - Browser is scrolled to position x = 0, y = 273

03-03-2025T13:01:17 - [TEST_STEP][PASSED] - delay(1): Delayed 1 second(s)

03-03-2025T13:01:18 - [MESSAGE][PASSED] - Delayed 1 second(s)

03-03-2025T13:01:18 - [TEST_STEP][PASSED] - elem.click(): null

03-03-2025T13:01:18 - [TEST_STEP][PASSED] - if (debug): null

03-03-2025T13:01:18 - [TEST_STEP][PASSED] - elements = driver.findElements(By.xpath(varXpaths[i])): null

03-03-2025T13:01:18 - [TEST_STEP][PASSED] - element_count = elements.size(): null

03-03-2025T13:01:18 - [TEST_STEP][PASSED] - elements.each({ -> ... }): null

03-03-2025T13:01:18 - [TEST_STEP][PASSED] - scrollToObject(elem): null

03-03-2025T13:01:18 - [TEST_STEP][PASSED] - loc = element.getLocation(): null

03-03-2025T13:01:18 - [TEST_STEP][PASSED] - if (debug): null

03-03-2025T13:01:18 - [TEST_STEP][PASSED] - y = loc.getY(): null

03-03-2025T13:01:18 - [TEST_STEP][PASSED] - println("Y location is " + y): null

03-03-2025T13:01:18 - [TEST_STEP][PASSED] - top = getViewportTopPosition(): Current viewport's top (y) position is 273

03-03-2025T13:01:18 - [MESSAGE][PASSED] - Current viewport's top (y) position is 273

03-03-2025T13:01:18 - [TEST_STEP][PASSED] - println("Viewport top is " + top): null

03-03-2025T13:01:18 - [TEST_STEP][PASSED] - bottom = top + 600: null

03-03-2025T13:01:18 - [TEST_STEP][PASSED] - if (y - top < 150 || bottom - y < 10): null

03-03-2025T13:01:18 - [TEST_STEP][PASSED] - elem.click(): null

03-03-2025T13:01:18 - [TEST_STEP][PASSED] - if (debug): null

03-03-2025T13:01:18 - [TEST_STEP][PASSED] - elements = driver.findElements(By.xpath(varXpaths[i])): null

03-03-2025T13:01:18 - [TEST_STEP][PASSED] - element_count = elements.size(): null

03-03-2025T13:01:18 - [TEST_STEP][PASSED] - elements.each({ -> ... }): null

03-03-2025T13:01:18 - [TEST_STEP][PASSED] - scrollToObject(elem): null

03-03-2025T13:01:18 - [TEST_STEP][PASSED] - loc = element.getLocation(): null

03-03-2025T13:01:18 - [TEST_STEP][PASSED] - if (debug): null

03-03-2025T13:01:18 - [TEST_STEP][PASSED] - y = loc.getY(): null

03-03-2025T13:01:18 - [TEST_STEP][PASSED] - println("Y location is " + y): null

03-03-2025T13:01:18 - [TEST_STEP][PASSED] - top = getViewportTopPosition(): Current viewport's top (y) position is 273

03-03-2025T13:01:18 - [MESSAGE][PASSED] - Current viewport's top (y) position is 273

03-03-2025T13:01:18 - [TEST_STEP][PASSED] - println("Viewport top is " + top): null

03-03-2025T13:01:18 - [TEST_STEP][PASSED] - bottom = top + 600: null

03-03-2025T13:01:18 - [TEST_STEP][PASSED] - if (y - top < 150 || bottom - y < 10): null

03-03-2025T13:01:18 - [TEST_STEP][PASSED] - elem.click(): null

03-03-2025T13:01:18 - [TEST_STEP][PASSED] - if (debug): null

03-03-2025T13:01:18 - [TEST_STEP][PASSED] - elements = driver.findElements(By.xpath(varXpaths[i])): null

03-03-2025T13:01:18 - [TEST_STEP][PASSED] - element_count = elements.size(): null

03-03-2025T13:01:18 - [TEST_STEP][PASSED] - elements.each({ -> ... }): null

03-03-2025T13:01:18 - [TEST_STEP][PASSED] - scrollToObject(elem): null

03-03-2025T13:01:18 - [TEST_STEP][PASSED] - loc = element.getLocation(): null

03-03-2025T13:01:18 - [TEST_STEP][PASSED] - if (debug): null

03-03-2025T13:01:18 - [TEST_STEP][PASSED] - y = loc.getY(): null

03-03-2025T13:01:18 - [TEST_STEP][PASSED] - println("Y location is " + y): null

03-03-2025T13:01:18 - [TEST_STEP][PASSED] - top = getViewportTopPosition(): Current viewport's top (y) position is 273

03-03-2025T13:01:18 - [MESSAGE][PASSED] - Current viewport's top (y) position is 273

03-03-2025T13:01:18 - [TEST_STEP][PASSED] - println("Viewport top is " + top): null

03-03-2025T13:01:18 - [TEST_STEP][PASSED] - bottom = top + 600: null

03-03-2025T13:01:18 - [TEST_STEP][PASSED] - if (y - top < 150 || bottom - y < 10): null

03-03-2025T13:01:18 - [TEST_STEP][PASSED] - elem.click(): null

03-03-2025T13:01:18 - [TEST_STEP][PASSED] - scrollToObject(elem): null

03-03-2025T13:01:18 - [TEST_STEP][PASSED] - loc = element.getLocation(): null

03-03-2025T13:01:18 - [TEST_STEP][PASSED] - if (debug): null

03-03-2025T13:01:18 - [TEST_STEP][PASSED] - y = loc.getY(): null

03-03-2025T13:01:18 - [TEST_STEP][PASSED] - println("Y location is " + y): null

03-03-2025T13:01:18 - [TEST_STEP][PASSED] - top = getViewportTopPosition(): Current viewport's top (y) position is 273

03-03-2025T13:01:18 - [MESSAGE][PASSED] - Current viewport's top (y) position is 273

03-03-2025T13:01:18 - [TEST_STEP][PASSED] - println("Viewport top is " + top): null

03-03-2025T13:01:18 - [TEST_STEP][PASSED] - bottom = top + 600: null

03-03-2025T13:01:18 - [TEST_STEP][PASSED] - if (y - top < 150 || bottom - y < 10): null

03-03-2025T13:01:18 - [TEST_STEP][PASSED] - elem.click(): null

03-03-2025T13:01:18 - [TEST_STEP][PASSED] - scrollToObject(elem): null

03-03-2025T13:01:18 - [TEST_STEP][PASSED] - loc = element.getLocation(): null

03-03-2025T13:01:18 - [TEST_STEP][PASSED] - if (debug): null

03-03-2025T13:01:18 - [TEST_STEP][PASSED] - y = loc.getY(): null

03-03-2025T13:01:18 - [TEST_STEP][PASSED] - println("Y location is " + y): null

03-03-2025T13:01:18 - [TEST_STEP][PASSED] - top = getViewportTopPosition(): Current viewport's top (y) position is 273

03-03-2025T13:01:18 - [MESSAGE][PASSED] - Current viewport's top (y) position is 273

03-03-2025T13:01:18 - [TEST_STEP][PASSED] - println("Viewport top is " + top): null

03-03-2025T13:01:18 - [TEST_STEP][PASSED] - bottom = top + 600: null

03-03-2025T13:01:18 - [TEST_STEP][PASSED] - if (y - top < 150 || bottom - y < 10): null

03-03-2025T13:01:18 - [TEST_STEP][PASSED] - elem.click(): null

03-03-2025T13:01:18 - [TEST_STEP][PASSED] - if (debug): null

03-03-2025T13:01:18 - [TEST_STEP][PASSED] - elements = driver.findElements(By.xpath(varXpaths[i])): null

03-03-2025T13:01:18 - [TEST_STEP][PASSED] - element_count = elements.size(): null

03-03-2025T13:01:18 - [TEST_STEP][PASSED] - elements.each({ -> ... }): null

03-03-2025T13:01:18 - [TEST_STEP][PASSED] - scrollToObject(elem): null

03-03-2025T13:01:18 - [TEST_STEP][PASSED] - loc = element.getLocation(): null

03-03-2025T13:01:18 - [TEST_STEP][PASSED] - if (debug): null

03-03-2025T13:01:18 - [TEST_STEP][PASSED] - y = loc.getY(): null

03-03-2025T13:01:18 - [TEST_STEP][PASSED] - println("Y location is " + y): null

03-03-2025T13:01:18 - [TEST_STEP][PASSED] - top = getViewportTopPosition(): Current viewport's top (y) position is 273

03-03-2025T13:01:18 - [MESSAGE][PASSED] - Current viewport's top (y) position is 273

03-03-2025T13:01:18 - [TEST_STEP][PASSED] - println("Viewport top is " + top): null

03-03-2025T13:01:18 - [TEST_STEP][PASSED] - bottom = top + 600: null

03-03-2025T13:01:18 - [TEST_STEP][PASSED] - if (y - top < 150 || bottom - y < 10): null

03-03-2025T13:01:18 - [TEST_STEP][PASSED] - elem.click(): null

03-03-2025T13:01:18 - [TEST_STEP][PASSED] - if (debug): null

03-03-2025T13:01:18 - [TEST_STEP][PASSED] - elements = driver.findElements(By.xpath(varXpaths[i])): null

03-03-2025T13:01:18 - [TEST_STEP][PASSED] - element_count = elements.size(): null

03-03-2025T13:01:18 - [TEST_STEP][PASSED] - elements.each({ -> ... }): null

03-03-2025T13:01:18 - [TEST_STEP][PASSED] - scrollToObject(elem): null

03-03-2025T13:01:18 - [TEST_STEP][PASSED] - loc = element.getLocation(): null

03-03-2025T13:01:18 - [TEST_STEP][PASSED] - if (debug): null

03-03-2025T13:01:18 - [TEST_STEP][PASSED] - y = loc.getY(): null

03-03-2025T13:01:18 - [TEST_STEP][PASSED] - println("Y location is " + y): null

03-03-2025T13:01:18 - [TEST_STEP][PASSED] - top = getViewportTopPosition(): Current viewport's top (y) position is 273

03-03-2025T13:01:18 - [MESSAGE][PASSED] - Current viewport's top (y) position is 273

03-03-2025T13:01:18 - [TEST_STEP][PASSED] - println("Viewport top is " + top): null

03-03-2025T13:01:18 - [TEST_STEP][PASSED] - bottom = top + 600: null

03-03-2025T13:01:18 - [TEST_STEP][PASSED] - if (y - top < 150 || bottom - y < 10): Delayed 1 second(s)

03-03-2025T13:01:18 - [TEST_STEP][PASSED] - scrollToPosition(0, y - 150): Browser is scrolled to position x = 0, y = 807

03-03-2025T13:01:18 - [MESSAGE][PASSED] - Browser is scrolled to position x = 0, y = 807

03-03-2025T13:01:18 - [TEST_STEP][PASSED] - delay(1): Delayed 1 second(s)

03-03-2025T13:01:19 - [MESSAGE][PASSED] - Delayed 1 second(s)

03-03-2025T13:01:19 - [TEST_STEP][PASSED] - elem.click(): null

03-03-2025T13:01:19 - [TEST_STEP][PASSED] - if (debug): null

03-03-2025T13:01:19 - [TEST_STEP][PASSED] - elements = driver.findElements(By.xpath(varXpaths[i])): null

03-03-2025T13:01:19 - [TEST_STEP][PASSED] - element_count = elements.size(): null

03-03-2025T13:01:19 - [TEST_STEP][PASSED] - elements.each({ -> ... }): null

03-03-2025T13:01:19 - [TEST_STEP][PASSED] - scrollToObject(elem): null

03-03-2025T13:01:19 - [TEST_STEP][PASSED] - loc = element.getLocation(): null

03-03-2025T13:01:19 - [TEST_STEP][PASSED] - if (debug): null

03-03-2025T13:01:19 - [TEST_STEP][PASSED] - y = loc.getY(): null

03-03-2025T13:01:19 - [TEST_STEP][PASSED] - println("Y location is " + y): null

03-03-2025T13:01:19 - [TEST_STEP][PASSED] - top = getViewportTopPosition(): Current viewport's top (y) position is 807

03-03-2025T13:01:19 - [MESSAGE][PASSED] - Current viewport's top (y) position is 807

03-03-2025T13:01:19 - [TEST_STEP][PASSED] - println("Viewport top is " + top): null

03-03-2025T13:01:19 - [TEST_STEP][PASSED] - bottom = top + 600: null

03-03-2025T13:01:19 - [TEST_STEP][PASSED] - if (y - top < 150 || bottom - y < 10): Delayed 1 second(s)

03-03-2025T13:01:19 - [TEST_STEP][PASSED] - scrollToPosition(0, y - 150): Browser is scrolled to position x = 0, y = 1412

03-03-2025T13:01:19 - [MESSAGE][PASSED] - Browser is scrolled to position x = 0, y = 1412

03-03-2025T13:01:19 - [TEST_STEP][PASSED] - delay(1): Delayed 1 second(s)

03-03-2025T13:01:20 - [MESSAGE][PASSED] - Delayed 1 second(s)

03-03-2025T13:01:20 - [TEST_STEP][PASSED] - elem.click(): null

03-03-2025T13:01:20 - [TEST_STEP][PASSED] - scrollToObject(elem): null

03-03-2025T13:01:20 - [TEST_STEP][PASSED] - loc = element.getLocation(): null

03-03-2025T13:01:21 - [TEST_STEP][PASSED] - if (debug): null

03-03-2025T13:01:21 - [TEST_STEP][PASSED] - y = loc.getY(): null

03-03-2025T13:01:21 - [TEST_STEP][PASSED] - println("Y location is " + y): null

03-03-2025T13:01:21 - [TEST_STEP][PASSED] - top = getViewportTopPosition(): Current viewport's top (y) position is 1412

03-03-2025T13:01:21 - [MESSAGE][PASSED] - Current viewport's top (y) position is 1412

03-03-2025T13:01:21 - [TEST_STEP][PASSED] - println("Viewport top is " + top): null

03-03-2025T13:01:21 - [TEST_STEP][PASSED] - bottom = top + 600: null

03-03-2025T13:01:21 - [TEST_STEP][PASSED] - if (y - top < 150 || bottom - y < 10): Delayed 1 second(s)

03-03-2025T13:01:21 - [TEST_STEP][PASSED] - scrollToPosition(0, y - 150): Browser is scrolled to position x = 0, y = 1381

03-03-2025T13:01:21 - [MESSAGE][PASSED] - Browser is scrolled to position x = 0, y = 1381

03-03-2025T13:01:21 - [TEST_STEP][PASSED] - delay(1): Delayed 1 second(s)

03-03-2025T13:01:22 - [MESSAGE][PASSED] - Delayed 1 second(s)

03-03-2025T13:01:22 - [TEST_STEP][PASSED] - elem.click(): null

03-03-2025T13:01:22 - [TEST_STEP][PASSED] - scrollToObject(elem): null

03-03-2025T13:01:22 - [TEST_STEP][PASSED] - loc = element.getLocation(): null

03-03-2025T13:01:22 - [TEST_STEP][PASSED] - if (debug): null

03-03-2025T13:01:22 - [TEST_STEP][PASSED] - y = loc.getY(): null

03-03-2025T13:01:22 - [TEST_STEP][PASSED] - println("Y location is " + y): null

03-03-2025T13:01:22 - [TEST_STEP][PASSED] - top = getViewportTopPosition(): Current viewport's top (y) position is 1381

03-03-2025T13:01:22 - [MESSAGE][PASSED] - Current viewport's top (y) position is 1381

03-03-2025T13:01:22 - [TEST_STEP][PASSED] - println("Viewport top is " + top): null

03-03-2025T13:01:22 - [TEST_STEP][PASSED] - bottom = top + 600: null

03-03-2025T13:01:22 - [TEST_STEP][PASSED] - if (y - top < 150 || bottom - y < 10): null

03-03-2025T13:01:22 - [TEST_STEP][PASSED] - elem.click(): null

03-03-2025T13:01:22 - [TEST_STEP][PASSED] - scrollToObject(elem): null

03-03-2025T13:01:22 - [TEST_STEP][PASSED] - loc = element.getLocation(): null

03-03-2025T13:01:22 - [TEST_STEP][PASSED] - if (debug): null

03-03-2025T13:01:22 - [TEST_STEP][PASSED] - y = loc.getY(): null

03-03-2025T13:01:22 - [TEST_STEP][PASSED] - println("Y location is " + y): null

03-03-2025T13:01:22 - [TEST_STEP][PASSED] - top = getViewportTopPosition(): Current viewport's top (y) position is 1381

03-03-2025T13:01:22 - [MESSAGE][PASSED] - Current viewport's top (y) position is 1381

03-03-2025T13:01:22 - [TEST_STEP][PASSED] - println("Viewport top is " + top): null

03-03-2025T13:01:22 - [TEST_STEP][PASSED] - bottom = top + 600: null

03-03-2025T13:01:22 - [TEST_STEP][PASSED] - if (y - top < 150 || bottom - y < 10): Delayed 1 second(s)

03-03-2025T13:01:22 - [TEST_STEP][PASSED] - scrollToPosition(0, y - 150): Browser is scrolled to position x = 0, y = 1365

03-03-2025T13:01:22 - [MESSAGE][PASSED] - Browser is scrolled to position x = 0, y = 1365

03-03-2025T13:01:22 - [TEST_STEP][PASSED] - delay(1): Delayed 1 second(s)

03-03-2025T13:01:23 - [MESSAGE][PASSED] - Delayed 1 second(s)

03-03-2025T13:01:23 - [TEST_STEP][PASSED] - elem.click(): null

03-03-2025T13:01:23 - [TEST_STEP][PASSED] - if (debug): null

03-03-2025T13:01:23 - [TEST_STEP][PASSED] - elements = driver.findElements(By.xpath(varXpaths[i])): null

03-03-2025T13:01:23 - [TEST_STEP][PASSED] - element_count = elements.size(): null

03-03-2025T13:01:23 - [TEST_STEP][PASSED] - elements.each({ -> ... }): null

03-03-2025T13:01:23 - [TEST_STEP][PASSED] - scrollToObject(elem): null

03-03-2025T13:01:23 - [TEST_STEP][PASSED] - loc = element.getLocation(): null

03-03-2025T13:01:23 - [TEST_STEP][PASSED] - if (debug): null

03-03-2025T13:01:23 - [TEST_STEP][PASSED] - y = loc.getY(): null

03-03-2025T13:01:23 - [TEST_STEP][PASSED] - println("Y location is " + y): null

03-03-2025T13:01:23 - [TEST_STEP][PASSED] - top = getViewportTopPosition(): Current viewport's top (y) position is 1365

03-03-2025T13:01:23 - [MESSAGE][PASSED] - Current viewport's top (y) position is 1365

03-03-2025T13:01:23 - [TEST_STEP][PASSED] - println("Viewport top is " + top): null

03-03-2025T13:01:23 - [TEST_STEP][PASSED] - bottom = top + 600: null

03-03-2025T13:01:23 - [TEST_STEP][PASSED] - if (y - top < 150 || bottom - y < 10): null

03-03-2025T13:01:23 - [TEST_STEP][PASSED] - elem.click(): null

03-03-2025T13:01:23 - [TEST_STEP][PASSED] - scrollToObject(elem): null

03-03-2025T13:01:23 - [TEST_STEP][PASSED] - loc = element.getLocation(): null

03-03-2025T13:01:23 - [TEST_STEP][PASSED] - if (debug): null

03-03-2025T13:01:23 - [TEST_STEP][PASSED] - y = loc.getY(): null

03-03-2025T13:01:23 - [TEST_STEP][PASSED] - println("Y location is " + y): null

03-03-2025T13:01:23 - [TEST_STEP][PASSED] - top = getViewportTopPosition(): Current viewport's top (y) position is 1365

03-03-2025T13:01:23 - [MESSAGE][PASSED] - Current viewport's top (y) position is 1365

03-03-2025T13:01:23 - [TEST_STEP][PASSED] - println("Viewport top is " + top): null

03-03-2025T13:01:23 - [TEST_STEP][PASSED] - bottom = top + 600: null

03-03-2025T13:01:23 - [TEST_STEP][PASSED] - if (y - top < 150 || bottom - y < 10): null

03-03-2025T13:01:23 - [TEST_STEP][PASSED] - elem.click(): null

03-03-2025T13:01:23 - [TEST_STEP][PASSED] - if (!(testSuiteRunning)): null

03-03-2025T13:01:23 - [MESSAGE][PASSED] - Call Test Case 'Test Cases/_Functions/Click on Group Elements' successfully

03-03-2025T13:01:23 - [TEST_STEP][PASSED] - if (varNeed_candidates_for_short_term_assignments == "Yes"): Call Test Case 'Test Cases/_Functions/Click on Group Elements' successfully

03-03-2025T13:01:23 - [TEST_STEP][PASSED] - driver = getWebDriver(): null

03-03-2025T13:01:23 - [TEST_STEP][PASSED] - object = "Object Repository/Journey Partner Profile/Tabs/Service Options/input_Need Candidates for Short-Term Assignments": null

03-03-2025T13:01:23 - [TEST_STEP][PASSED] - element = findWebElement(findTestObject(object), 1): null

03-03-2025T13:01:23 - [TEST_STEP][PASSED] - myStatus = element.isSelected(): null

03-03-2025T13:01:23 - [TEST_STEP][PASSED] - if (varNeed_candidates_for_short_term_assignments == "Yes" && !(myStatus) || varNeed_candidates_for_short_term_assignments == "No" && myStatus): null

03-03-2025T13:01:23 - [TEST_STEP][PASSED] - parms = [varShort_term_trip_length, varShort_term_availability, varShort_term_objective]: null

03-03-2025T13:01:23 - [TEST_STEP][PASSED] - xpaths = [short_term_trip_length, short_term_availability, short_term_objective]: null

03-03-2025T13:01:23 - [TEST_STEP][PASSED] - callTestCase(findTestCase("_Functions/Click on Group Elements"), ["varXpaths":xpaths, "varParms":parms], STOP_ON_FAILURE): Call Test Case 'Test Cases/_Functions/Click on Group Elements' successfully

03-03-2025T13:01:23 - [TEST_CASE][PASSED] - Test Cases/_Functions/Click on Group Elements: Test Cases/_Functions/Click on Group Elements

03-03-2025T13:01:23 - [TEST_STEP][PASSED] - debug = false: null

03-03-2025T13:01:23 - [TEST_STEP][PASSED] - toggle = true: null

03-03-2025T13:01:23 - [TEST_STEP][PASSED] - if (!(testSuiteRunning)): null

03-03-2025T13:01:23 - [TEST_STEP][PASSED] - driver = getWebDriver(): null

03-03-2025T13:01:23 - [TEST_STEP][PASSED] - println(varParms): null

03-03-2025T13:01:23 - [TEST_STEP][PASSED] - for ([i = 0, i < varXpaths.size(), (i++)]): null

03-03-2025T13:01:23 - [TEST_STEP][PASSED] - if (debug): null

03-03-2025T13:01:23 - [TEST_STEP][PASSED] - elements = driver.findElements(By.xpath(varXpaths[i])): null

03-03-2025T13:01:23 - [TEST_STEP][PASSED] - element_count = elements.size(): null

03-03-2025T13:01:23 - [TEST_STEP][PASSED] - elements.each({ -> ... }): null

03-03-2025T13:01:23 - [TEST_STEP][PASSED] - scrollToObject(elem): null

03-03-2025T13:01:23 - [TEST_STEP][PASSED] - loc = element.getLocation(): null

03-03-2025T13:01:23 - [TEST_STEP][PASSED] - if (debug): null

03-03-2025T13:01:23 - [TEST_STEP][PASSED] - y = loc.getY(): null

03-03-2025T13:01:23 - [TEST_STEP][PASSED] - println("Y location is " + y): null

03-03-2025T13:01:23 - [TEST_STEP][PASSED] - top = getViewportTopPosition(): Current viewport's top (y) position is 1365

03-03-2025T13:01:23 - [MESSAGE][PASSED] - Current viewport's top (y) position is 1365

03-03-2025T13:01:23 - [TEST_STEP][PASSED] - println("Viewport top is " + top): null

03-03-2025T13:01:23 - [TEST_STEP][PASSED] - bottom = top + 600: null

03-03-2025T13:01:23 - [TEST_STEP][PASSED] - if (y - top < 150 || bottom - y < 10): Delayed 1 second(s)

03-03-2025T13:01:23 - [TEST_STEP][PASSED] - scrollToPosition(0, y - 150): Browser is scrolled to position x = 0, y = 1009

03-03-2025T13:01:23 - [MESSAGE][PASSED] - Browser is scrolled to position x = 0, y = 1009

03-03-2025T13:01:23 - [TEST_STEP][PASSED] - delay(1): Delayed 1 second(s)

03-03-2025T13:01:24 - [MESSAGE][PASSED] - Delayed 1 second(s)

03-03-2025T13:01:24 - [TEST_STEP][PASSED] - elem.click(): null

03-03-2025T13:01:24 - [TEST_STEP][PASSED] - scrollToObject(elem): null

03-03-2025T13:01:24 - [TEST_STEP][PASSED] - loc = element.getLocation(): null

03-03-2025T13:01:24 - [TEST_STEP][PASSED] - if (debug): null

03-03-2025T13:01:24 - [TEST_STEP][PASSED] - y = loc.getY(): null

03-03-2025T13:01:24 - [TEST_STEP][PASSED] - println("Y location is " + y): null

03-03-2025T13:01:24 - [TEST_STEP][PASSED] - top = getViewportTopPosition(): Current viewport's top (y) position is 1009

03-03-2025T13:01:24 - [MESSAGE][PASSED] - Current viewport's top (y) position is 1009

03-03-2025T13:01:24 - [TEST_STEP][PASSED] - println("Viewport top is " + top): null

03-03-2025T13:01:24 - [TEST_STEP][PASSED] - bottom = top + 600: null

03-03-2025T13:01:24 - [TEST_STEP][PASSED] - if (y - top < 150 || bottom - y < 10): null

03-03-2025T13:01:24 - [TEST_STEP][PASSED] - elem.click(): null

03-03-2025T13:01:24 - [TEST_STEP][PASSED] - scrollToObject(elem): null

03-03-2025T13:01:24 - [TEST_STEP][PASSED] - loc = element.getLocation(): null

03-03-2025T13:01:24 - [TEST_STEP][PASSED] - if (debug): null

03-03-2025T13:01:24 - [TEST_STEP][PASSED] - y = loc.getY(): null

03-03-2025T13:01:24 - [TEST_STEP][PASSED] - println("Y location is " + y): null

03-03-2025T13:01:24 - [TEST_STEP][PASSED] - top = getViewportTopPosition(): Current viewport's top (y) position is 1009

03-03-2025T13:01:24 - [MESSAGE][PASSED] - Current viewport's top (y) position is 1009

03-03-2025T13:01:24 - [TEST_STEP][PASSED] - println("Viewport top is " + top): null

03-03-2025T13:01:24 - [TEST_STEP][PASSED] - bottom = top + 600: null

03-03-2025T13:01:24 - [TEST_STEP][PASSED] - if (y - top < 150 || bottom - y < 10): Delayed 1 second(s)

03-03-2025T13:01:24 - [TEST_STEP][PASSED] - scrollToPosition(0, y - 150): Browser is scrolled to position x = 0, y = 993

03-03-2025T13:01:24 - [MESSAGE][PASSED] - Browser is scrolled to position x = 0, y = 993

03-03-2025T13:01:24 - [TEST_STEP][PASSED] - delay(1): Delayed 1 second(s)

03-03-2025T13:01:25 - [MESSAGE][PASSED] - Delayed 1 second(s)

03-03-2025T13:01:25 - [TEST_STEP][PASSED] - elem.click(): null

03-03-2025T13:01:25 - [TEST_STEP][PASSED] - if (debug): null

03-03-2025T13:01:25 - [TEST_STEP][PASSED] - elements = driver.findElements(By.xpath(varXpaths[i])): null

03-03-2025T13:01:25 - [TEST_STEP][PASSED] - element_count = elements.size(): null

03-03-2025T13:01:25 - [TEST_STEP][PASSED] - elements.each({ -> ... }): null

03-03-2025T13:01:25 - [TEST_STEP][PASSED] - scrollToObject(elem): null

03-03-2025T13:01:25 - [TEST_STEP][PASSED] - loc = element.getLocation(): null

03-03-2025T13:01:25 - [TEST_STEP][PASSED] - if (debug): null

03-03-2025T13:01:25 - [TEST_STEP][PASSED] - y = loc.getY(): null

03-03-2025T13:01:25 - [TEST_STEP][PASSED] - println("Y location is " + y): null

03-03-2025T13:01:25 - [TEST_STEP][PASSED] - top = getViewportTopPosition(): Current viewport's top (y) position is 993

03-03-2025T13:01:25 - [MESSAGE][PASSED] - Current viewport's top (y) position is 993

03-03-2025T13:01:25 - [TEST_STEP][PASSED] - println("Viewport top is " + top): null

03-03-2025T13:01:25 - [TEST_STEP][PASSED] - bottom = top + 600: null

03-03-2025T13:01:25 - [TEST_STEP][PASSED] - if (y - top < 150 || bottom - y < 10): null

03-03-2025T13:01:25 - [TEST_STEP][PASSED] - elem.click(): null

03-03-2025T13:01:25 - [TEST_STEP][PASSED] - scrollToObject(elem): null

03-03-2025T13:01:25 - [TEST_STEP][PASSED] - loc = element.getLocation(): null

03-03-2025T13:01:25 - [TEST_STEP][PASSED] - if (debug): null

03-03-2025T13:01:25 - [TEST_STEP][PASSED] - y = loc.getY(): null

03-03-2025T13:01:25 - [TEST_STEP][PASSED] - println("Y location is " + y): null

03-03-2025T13:01:25 - [TEST_STEP][PASSED] - top = getViewportTopPosition(): Current viewport's top (y) position is 993

03-03-2025T13:01:25 - [MESSAGE][PASSED] - Current viewport's top (y) position is 993

03-03-2025T13:01:25 - [TEST_STEP][PASSED] - println("Viewport top is " + top): null

03-03-2025T13:01:25 - [TEST_STEP][PASSED] - bottom = top + 600: null

03-03-2025T13:01:25 - [TEST_STEP][PASSED] - if (y - top < 150 || bottom - y < 10): null

03-03-2025T13:01:25 - [TEST_STEP][PASSED] - elem.click(): null

03-03-2025T13:01:25 - [TEST_STEP][PASSED] - if (debug): null

03-03-2025T13:01:25 - [TEST_STEP][PASSED] - elements = driver.findElements(By.xpath(varXpaths[i])): null

03-03-2025T13:01:25 - [TEST_STEP][PASSED] - element_count = elements.size(): null

03-03-2025T13:01:25 - [TEST_STEP][PASSED] - elements.each({ -> ... }): null

03-03-2025T13:01:25 - [TEST_STEP][PASSED] - scrollToObject(elem): null

03-03-2025T13:01:25 - [TEST_STEP][PASSED] - loc = element.getLocation(): null

03-03-2025T13:01:25 - [TEST_STEP][PASSED] - if (debug): null

03-03-2025T13:01:25 - [TEST_STEP][PASSED] - y = loc.getY(): null

03-03-2025T13:01:25 - [TEST_STEP][PASSED] - println("Y location is " + y): null

03-03-2025T13:01:25 - [TEST_STEP][PASSED] - top = getViewportTopPosition(): Current viewport's top (y) position is 993

03-03-2025T13:01:25 - [MESSAGE][PASSED] - Current viewport's top (y) position is 993

03-03-2025T13:01:25 - [TEST_STEP][PASSED] - println("Viewport top is " + top): null

03-03-2025T13:01:25 - [TEST_STEP][PASSED] - bottom = top + 600: null

03-03-2025T13:01:25 - [TEST_STEP][PASSED] - if (y - top < 150 || bottom - y < 10): null

03-03-2025T13:01:25 - [TEST_STEP][PASSED] - elem.click(): null

03-03-2025T13:01:25 - [TEST_STEP][PASSED] - scrollToObject(elem): null

03-03-2025T13:01:25 - [TEST_STEP][PASSED] - loc = element.getLocation(): null

03-03-2025T13:01:25 - [TEST_STEP][PASSED] - if (debug): null

03-03-2025T13:01:25 - [TEST_STEP][PASSED] - y = loc.getY(): null

03-03-2025T13:01:25 - [TEST_STEP][PASSED] - println("Y location is " + y): null

03-03-2025T13:01:25 - [TEST_STEP][PASSED] - top = getViewportTopPosition(): Current viewport's top (y) position is 993

03-03-2025T13:01:25 - [MESSAGE][PASSED] - Current viewport's top (y) position is 993

03-03-2025T13:01:25 - [TEST_STEP][PASSED] - println("Viewport top is " + top): null

03-03-2025T13:01:25 - [TEST_STEP][PASSED] - bottom = top + 600: null

03-03-2025T13:01:25 - [TEST_STEP][PASSED] - if (y - top < 150 || bottom - y < 10): null

03-03-2025T13:01:25 - [TEST_STEP][PASSED] - elem.click(): null

03-03-2025T13:01:25 - [TEST_STEP][PASSED] - if (!(testSuiteRunning)): null

03-03-2025T13:01:25 - [MESSAGE][PASSED] - Call Test Case 'Test Cases/_Functions/Click on Group Elements' successfully

03-03-2025T13:01:25 - [TEST_STEP][PASSED] - if (varAwareness_trip == "Yes"): Call Test Case 'Test Cases/_Functions/Perform Action' successfully

03-03-2025T13:01:25 - [TEST_STEP][PASSED] - object = "Object Repository/Journey Partner Profile/Tabs/Service Options/textarea_Awareness Trip Description": null

03-03-2025T13:01:25 - [TEST_STEP][PASSED] - callTestCase(findTestCase("_Functions/Perform Action"), ["varAction":"setText", "varObject":object, "varParm1":varAwareness_trip_description], STOP_ON_FAILURE): Call Test Case 'Test Cases/_Functions/Perform Action' successfully

03-03-2025T13:01:25 - [TEST_CASE][PASSED] - Test Cases/_Functions/Perform Action: Test Cases/_Functions/Perform Action

03-03-2025T13:01:25 - [TEST_STEP][PASSED] - action = varAction: null

03-03-2025T13:01:25 - [TEST_STEP][PASSED] - println(action): null

03-03-2025T13:01:25 - [TEST_STEP][PASSED] - testObject = varObject: null

03-03-2025T13:01:25 - [TEST_STEP][PASSED] - println(testObject): null

03-03-2025T13:01:25 - [TEST_STEP][PASSED] - parm1 = varParm1: null

03-03-2025T13:01:25 - [TEST_STEP][PASSED] - println(parm1): null

03-03-2025T13:01:25 - [TEST_STEP][PASSED] - println("Converting " + testObject + " to web element"): null

03-03-2025T13:01:25 - [TEST_STEP][PASSED] - element = findWebElement(findTestObject(testObject), 1): null

03-03-2025T13:01:25 - [TEST_STEP][PASSED] - loc = element.getLocation(): null

03-03-2025T13:01:25 - [TEST_STEP][PASSED] - y = loc.getY(): null

03-03-2025T13:01:25 - [TEST_STEP][PASSED] - println("Y location is " + y): null

03-03-2025T13:01:25 - [TEST_STEP][PASSED] - top = getViewportTopPosition(): Current viewport's top (y) position is 993

03-03-2025T13:01:25 - [MESSAGE][PASSED] - Current viewport's top (y) position is 993

03-03-2025T13:01:25 - [TEST_STEP][PASSED] - println("Viewport top is " + top): null

03-03-2025T13:01:25 - [TEST_STEP][PASSED] - bottom = top + 600: null

03-03-2025T13:01:25 - [TEST_STEP][PASSED] - if (y - top < 150 || bottom - y < 10): Delayed 1 second(s)

03-03-2025T13:01:25 - [TEST_STEP][PASSED] - scrollToPosition(0, y - 150): Browser is scrolled to position x = 0, y = 677

03-03-2025T13:01:25 - [MESSAGE][PASSED] - Browser is scrolled to position x = 0, y = 677

03-03-2025T13:01:25 - [TEST_STEP][PASSED] - delay(1): Delayed 1 second(s)

03-03-2025T13:01:26 - [MESSAGE][PASSED] - Delayed 1 second(s)

03-03-2025T13:01:26 - [TEST_STEP][PASSED] - if (action == "click"): null

03-03-2025T13:01:26 - [TEST_STEP][PASSED] - else if (action == "selectOptionByValue"): null

03-03-2025T13:01:26 - [TEST_STEP][PASSED] - else if (action == "setText"): Text 'Awareness trips to North Africa' is set on object 'Object Repository/Journey Partner Profile/Tabs/Service Options/textarea_Awareness Trip Description'

03-03-2025T13:01:26 - [TEST_STEP][PASSED] - println("Setting text " + parm1): null

03-03-2025T13:01:26 - [TEST_STEP][PASSED] - setText(findTestObject(testObject), parm1): Text 'Awareness trips to North Africa' is set on object 'Object Repository/Journey Partner Profile/Tabs/Service Options/textarea_Awareness Trip Description'

03-03-2025T13:01:26 - [MESSAGE][PASSED] - Text 'Awareness trips to North Africa' is set on object 'Object Repository/Journey Partner Profile/Tabs/Service Options/textarea_Awareness Trip Description'

03-03-2025T13:01:26 - [MESSAGE][PASSED] - Call Test Case 'Test Cases/_Functions/Perform Action' successfully

03-03-2025T13:01:26 - [TEST_STEP][PASSED] - if (varVision_trip == "Yes"): Call Test Case 'Test Cases/_Functions/Perform Action' successfully

03-03-2025T13:01:26 - [TEST_STEP][PASSED] - object = "Object Repository/Journey Partner Profile/Tabs/Service Options/textarea_Vision Trip Description": null

03-03-2025T13:01:26 - [TEST_STEP][PASSED] - callTestCase(findTestCase("_Functions/Perform Action"), ["varAction":"setText", "varObject":object, "varParm1":varVision_trip_description], STOP_ON_FAILURE): Call Test Case 'Test Cases/_Functions/Perform Action' successfully

03-03-2025T13:01:26 - [TEST_CASE][PASSED] - Test Cases/_Functions/Perform Action: Test Cases/_Functions/Perform Action

03-03-2025T13:01:26 - [TEST_STEP][PASSED] - action = varAction: null

03-03-2025T13:01:26 - [TEST_STEP][PASSED] - println(action): null

03-03-2025T13:01:26 - [TEST_STEP][PASSED] - testObject = varObject: null

03-03-2025T13:01:26 - [TEST_STEP][PASSED] - println(testObject): null

03-03-2025T13:01:26 - [TEST_STEP][PASSED] - parm1 = varParm1: null

03-03-2025T13:01:26 - [TEST_STEP][PASSED] - println(parm1): null

03-03-2025T13:01:26 - [TEST_STEP][PASSED] - println("Converting " + testObject + " to web element"): null

03-03-2025T13:01:26 - [TEST_STEP][PASSED] - element = findWebElement(findTestObject(testObject), 1): null

03-03-2025T13:01:26 - [TEST_STEP][PASSED] - loc = element.getLocation(): null

03-03-2025T13:01:26 - [TEST_STEP][PASSED] - y = loc.getY(): null

03-03-2025T13:01:26 - [TEST_STEP][PASSED] - println("Y location is " + y): null

03-03-2025T13:01:26 - [TEST_STEP][PASSED] - top = getViewportTopPosition(): Current viewport's top (y) position is 677

03-03-2025T13:01:26 - [MESSAGE][PASSED] - Current viewport's top (y) position is 677

03-03-2025T13:01:26 - [TEST_STEP][PASSED] - println("Viewport top is " + top): null

03-03-2025T13:01:26 - [TEST_STEP][PASSED] - bottom = top + 600: null

03-03-2025T13:01:26 - [TEST_STEP][PASSED] - if (y - top < 150 || bottom - y < 10): null

03-03-2025T13:01:26 - [TEST_STEP][PASSED] - if (action == "click"): null

03-03-2025T13:01:26 - [TEST_STEP][PASSED] - else if (action == "selectOptionByValue"): null

03-03-2025T13:01:26 - [TEST_STEP][PASSED] - else if (action == "setText"): Text 'Several vision trip options' is set on object 'Object Repository/Journey Partner Profile/Tabs/Service Options/textarea_Vision Trip Description'

03-03-2025T13:01:26 - [TEST_STEP][PASSED] - println("Setting text " + parm1): null

03-03-2025T13:01:26 - [TEST_STEP][PASSED] - setText(findTestObject(testObject), parm1): Text 'Several vision trip options' is set on object 'Object Repository/Journey Partner Profile/Tabs/Service Options/textarea_Vision Trip Description'

03-03-2025T13:01:27 - [MESSAGE][PASSED] - Text 'Several vision trip options' is set on object 'Object Repository/Journey Partner Profile/Tabs/Service Options/textarea_Vision Trip Description'

03-03-2025T13:01:27 - [MESSAGE][PASSED] - Call Test Case 'Test Cases/_Functions/Perform Action' successfully

03-03-2025T13:01:27 - [TEST_STEP][PASSED] - if (varShort_term_statement != null): Call Test Case 'Test Cases/_Functions/Perform Action' successfully

03-03-2025T13:01:27 - [TEST_STEP][PASSED] - object = "Object Repository/Journey Partner Profile/Tabs/Service Options/textarea_Short-Term Statement": null

03-03-2025T13:01:27 - [TEST_STEP][PASSED] - callTestCase(findTestCase("_Functions/Perform Action"), ["varAction":"setText", "varObject":object, "varParm1":varShort_term_statement], STOP_ON_FAILURE): Call Test Case 'Test Cases/_Functions/Perform Action' successfully

03-03-2025T13:01:27 - [TEST_CASE][PASSED] - Test Cases/_Functions/Perform Action: Test Cases/_Functions/Perform Action

03-03-2025T13:01:27 - [TEST_STEP][PASSED] - action = varAction: null

03-03-2025T13:01:27 - [TEST_STEP][PASSED] - println(action): null

03-03-2025T13:01:27 - [TEST_STEP][PASSED] - testObject = varObject: null

03-03-2025T13:01:27 - [TEST_STEP][PASSED] - println(testObject): null

03-03-2025T13:01:27 - [TEST_STEP][PASSED] - parm1 = varParm1: null

03-03-2025T13:01:27 - [TEST_STEP][PASSED] - println(parm1): null

03-03-2025T13:01:27 - [TEST_STEP][PASSED] - println("Converting " + testObject + " to web element"): null

03-03-2025T13:01:27 - [TEST_STEP][PASSED] - element = findWebElement(findTestObject(testObject), 1): null

03-03-2025T13:01:27 - [TEST_STEP][PASSED] - loc = element.getLocation(): null

03-03-2025T13:01:27 - [TEST_STEP][PASSED] - y = loc.getY(): null

03-03-2025T13:01:27 - [TEST_STEP][PASSED] - println("Y location is " + y): null

03-03-2025T13:01:27 - [TEST_STEP][PASSED] - top = getViewportTopPosition(): Current viewport's top (y) position is 677

03-03-2025T13:01:27 - [MESSAGE][PASSED] - Current viewport's top (y) position is 677

03-03-2025T13:01:27 - [TEST_STEP][PASSED] - println("Viewport top is " + top): null

03-03-2025T13:01:27 - [TEST_STEP][PASSED] - bottom = top + 600: null

03-03-2025T13:01:27 - [TEST_STEP][PASSED] - if (y - top < 150 || bottom - y < 10): Delayed 1 second(s)

03-03-2025T13:01:27 - [TEST_STEP][PASSED] - scrollToPosition(0, y - 150): Browser is scrolled to position x = 0, y = 1181

03-03-2025T13:01:27 - [MESSAGE][PASSED] - Browser is scrolled to position x = 0, y = 1181

03-03-2025T13:01:27 - [TEST_STEP][PASSED] - delay(1): Delayed 1 second(s)

03-03-2025T13:01:28 - [MESSAGE][PASSED] - Delayed 1 second(s)

03-03-2025T13:01:28 - [TEST_STEP][PASSED] - if (action == "click"): null

03-03-2025T13:01:28 - [TEST_STEP][PASSED] - else if (action == "selectOptionByValue"): null

03-03-2025T13:01:28 - [TEST_STEP][PASSED] - else if (action == "setText"): Text 'Many short-term opportunities.' is set on object 'Object Repository/Journey Partner Profile/Tabs/Service Options/textarea_Short-Term Statement'

03-03-2025T13:01:28 - [TEST_STEP][PASSED] - println("Setting text " + parm1): null

03-03-2025T13:01:28 - [TEST_STEP][PASSED] - setText(findTestObject(testObject), parm1): Text 'Many short-term opportunities.' is set on object 'Object Repository/Journey Partner Profile/Tabs/Service Options/textarea_Short-Term Statement'

03-03-2025T13:01:28 - [MESSAGE][PASSED] - Text 'Many short-term opportunities.' is set on object 'Object Repository/Journey Partner Profile/Tabs/Service Options/textarea_Short-Term Statement'

03-03-2025T13:01:28 - [MESSAGE][PASSED] - Call Test Case 'Test Cases/_Functions/Perform Action' successfully

03-03-2025T13:01:28 - [TEST_STEP][PASSED] - if (varOther_languages != null): Call Test Case 'Test Cases/_Functions/Perform Action' successfully

03-03-2025T13:01:28 - [TEST_STEP][PASSED] - object = "Object Repository/Journey Partner Profile/Tabs/Service Options/input_Other Languages": null

03-03-2025T13:01:28 - [TEST_STEP][PASSED] - callTestCase(findTestCase("_Functions/Perform Action"), ["varAction":"setText", "varObject":object, "varParm1":varOther_languages], STOP_ON_FAILURE): Call Test Case 'Test Cases/_Functions/Perform Action' successfully

03-03-2025T13:01:28 - [TEST_CASE][PASSED] - Test Cases/_Functions/Perform Action: Test Cases/_Functions/Perform Action

03-03-2025T13:01:28 - [TEST_STEP][PASSED] - action = varAction: null

03-03-2025T13:01:28 - [TEST_STEP][PASSED] - println(action): null

03-03-2025T13:01:28 - [TEST_STEP][PASSED] - testObject = varObject: null

03-03-2025T13:01:28 - [TEST_STEP][PASSED] - println(testObject): null

03-03-2025T13:01:28 - [TEST_STEP][PASSED] - parm1 = varParm1: null

03-03-2025T13:01:28 - [TEST_STEP][PASSED] - println(parm1): null

03-03-2025T13:01:28 - [TEST_STEP][PASSED] - println("Converting " + testObject + " to web element"): null

03-03-2025T13:01:28 - [TEST_STEP][PASSED] - element = findWebElement(findTestObject(testObject), 1): null

03-03-2025T13:01:28 - [TEST_STEP][PASSED] - loc = element.getLocation(): null

03-03-2025T13:01:28 - [TEST_STEP][PASSED] - y = loc.getY(): null

03-03-2025T13:01:28 - [TEST_STEP][PASSED] - println("Y location is " + y): null

03-03-2025T13:01:28 - [TEST_STEP][PASSED] - top = getViewportTopPosition(): Current viewport's top (y) position is 1181

03-03-2025T13:01:28 - [MESSAGE][PASSED] - Current viewport's top (y) position is 1181

03-03-2025T13:01:28 - [TEST_STEP][PASSED] - println("Viewport top is " + top): null

03-03-2025T13:01:28 - [TEST_STEP][PASSED] - bottom = top + 600: null

03-03-2025T13:01:28 - [TEST_STEP][PASSED] - if (y - top < 150 || bottom - y < 10): null

03-03-2025T13:01:28 - [TEST_STEP][PASSED] - if (action == "click"): null

03-03-2025T13:01:28 - [TEST_STEP][PASSED] - else if (action == "selectOptionByValue"): null

03-03-2025T13:01:28 - [TEST_STEP][PASSED] - else if (action == "setText"): Text 'Polish' is set on object 'Object Repository/Journey Partner Profile/Tabs/Service Options/input_Other Languages'

03-03-2025T13:01:28 - [TEST_STEP][PASSED] - println("Setting text " + parm1): null

03-03-2025T13:01:28 - [TEST_STEP][PASSED] - setText(findTestObject(testObject), parm1): Text 'Polish' is set on object 'Object Repository/Journey Partner Profile/Tabs/Service Options/input_Other Languages'

03-03-2025T13:01:28 - [MESSAGE][PASSED] - Text 'Polish' is set on object 'Object Repository/Journey Partner Profile/Tabs/Service Options/input_Other Languages'

03-03-2025T13:01:28 - [MESSAGE][PASSED] - Call Test Case 'Test Cases/_Functions/Perform Action' successfully

03-03-2025T13:01:28 - [TEST_STEP][PASSED] - object = "Journey Partner Profile/Tabs/btn_Complete Submit": null

03-03-2025T13:01:28 - [TEST_STEP][PASSED] - callTestCase(findTestCase("_Functions/Perform Action"), ["varAction":"click", "varObject":object], STOP_ON_FAILURE): Call Test Case 'Test Cases/_Functions/Perform Action' successfully

03-03-2025T13:01:28 - [TEST_CASE][PASSED] - Test Cases/_Functions/Perform Action: Test Cases/_Functions/Perform Action

03-03-2025T13:01:28 - [TEST_STEP][PASSED] - action = varAction: null

03-03-2025T13:01:28 - [TEST_STEP][PASSED] - println(action): null

03-03-2025T13:01:28 - [TEST_STEP][PASSED] - testObject = varObject: null

03-03-2025T13:01:28 - [TEST_STEP][PASSED] - println(testObject): null

03-03-2025T13:01:28 - [TEST_STEP][PASSED] - parm1 = varParm1: null

03-03-2025T13:01:28 - [TEST_STEP][PASSED] - println(parm1): null

03-03-2025T13:01:28 - [TEST_STEP][PASSED] - println("Converting " + testObject + " to web element"): null

03-03-2025T13:01:28 - [TEST_STEP][PASSED] - element = findWebElement(findTestObject(testObject), 1): null

03-03-2025T13:01:28 - [TEST_STEP][PASSED] - loc = element.getLocation(): null

03-03-2025T13:01:28 - [TEST_STEP][PASSED] - y = loc.getY(): null

03-03-2025T13:01:28 - [TEST_STEP][PASSED] - println("Y location is " + y): null

03-03-2025T13:01:28 - [TEST_STEP][PASSED] - top = getViewportTopPosition(): Current viewport's top (y) position is 1181

03-03-2025T13:01:28 - [MESSAGE][PASSED] - Current viewport's top (y) position is 1181

03-03-2025T13:01:28 - [TEST_STEP][PASSED] - println("Viewport top is " + top): null

03-03-2025T13:01:28 - [TEST_STEP][PASSED] - bottom = top + 600: null

03-03-2025T13:01:28 - [TEST_STEP][PASSED] - if (y - top < 150 || bottom - y < 10): Delayed 1 second(s)

03-03-2025T13:01:28 - [TEST_STEP][PASSED] - scrollToPosition(0, y - 150): Browser is scrolled to position x = 0, y = 1669

03-03-2025T13:01:28 - [MESSAGE][PASSED] - Browser is scrolled to position x = 0, y = 1669

03-03-2025T13:01:28 - [TEST_STEP][PASSED] - delay(1): Delayed 1 second(s)

03-03-2025T13:01:29 - [MESSAGE][PASSED] - Delayed 1 second(s)

03-03-2025T13:01:29 - [TEST_STEP][PASSED] - if (action == "click"): Object: 'Object Repository/Journey Partner Profile/Tabs/btn_Complete Submit' is clicked on

03-03-2025T13:01:29 - [TEST_STEP][PASSED] - println("clicking"): null

03-03-2025T13:01:29 - [TEST_STEP][PASSED] - click(findTestObject(testObject)): Object: 'Object Repository/Journey Partner Profile/Tabs/btn_Complete Submit' is clicked on

03-03-2025T13:01:33 - [MESSAGE][PASSED] - Object: 'Object Repository/Journey Partner Profile/Tabs/btn_Complete Submit' is clicked on

03-03-2025T13:01:33 - [MESSAGE][PASSED] - Call Test Case 'Test Cases/_Functions/Perform Action' successfully

03-03-2025T13:01:33 - [MESSAGE][PASSED] - Call Test Case 'Test Cases/Journey Partner Profile/Tabs/Set Service Options' successfully

03-03-2025T13:01:33 - [TEST_STEP][PASSED] - if (pages.size() == 0 || "All" in pages || "Readiness" in pages): Unable to call Test Case 'Test Cases/Journey Partner Profile/Tabs/Set Readiness' (Root cause: com.kms.katalon.core.exception.StepErrorException: Call Test Case 'Test Cases/Journey Partner Profile/Tabs/Set Readiness' failed because of error(s)
	at com.kms.katalon.core.keyword.builtin.CallTestCaseKeyword$_callTestCase_closure1.doCall(CallTestCaseKeyword.groovy:66)
	at com.kms.katalon.core.keyword.builtin.CallTestCaseKeyword$_callTestCase_closure1.call(CallTestCaseKeyword.groovy)
	at com.kms.katalon.core.keyword.internal.KeywordMain.runKeyword(KeywordMain.groovy:75)
	at com.kms.katalon.core.keyword.builtin.CallTestCaseKeyword.callTestCase(CallTestCaseKeyword.groovy:81)
	at com.kms.katalon.core.keyword.builtin.CallTestCaseKeyword.execute(CallTestCaseKeyword.groovy:44)
	at com.kms.katalon.core.keyword.internal.KeywordExecutor.executeKeywordForPlatform(KeywordExecutor.groovy:74)
	at com.kms.katalon.core.keyword.BuiltinKeywords.callTestCase(BuiltinKeywords.groovy:310)
	at jdk.internal.reflect.GeneratedMethodAccessor16.invoke(Unknown Source)
	at java.base/jdk.internal.reflect.DelegatingMethodAccessorImpl.invoke(DelegatingMethodAccessorImpl.java:43)
	at Complete Journey Partner Profile.run(Complete Journey Partner Profile:193)
	at com.kms.katalon.core.main.ScriptEngine.run(ScriptEngine.java:194)
	at com.kms.katalon.core.main.ScriptEngine.runScriptAsRawText(ScriptEngine.java:119)
	at com.kms.katalon.core.main.TestCaseExecutor.runScript(TestCaseExecutor.java:448)
	at com.kms.katalon.core.main.TestCaseExecutor.doExecute(TestCaseExecutor.java:439)
	at com.kms.katalon.core.main.TestCaseExecutor.processExecutionPhase(TestCaseExecutor.java:418)
	at com.kms.katalon.core.main.TestCaseExecutor.accessMainPhase(TestCaseExecutor.java:410)
	at com.kms.katalon.core.main.TestCaseExecutor.execute(TestCaseExecutor.java:285)
	at com.kms.katalon.core.main.TestCaseMain.runTestCase(TestCaseMain.java:137)
	at com.kms.katalon.core.keyword.builtin.CallTestCaseKeyword$_callTestCase_closure1.doCall(CallTestCaseKeyword.groovy:59)
	at com.kms.katalon.core.keyword.builtin.CallTestCaseKeyword$_callTestCase_closure1.call(CallTestCaseKeyword.groovy)
	at com.kms.katalon.core.keyword.internal.KeywordMain.runKeyword(KeywordMain.groovy:75)
	at com.kms.katalon.core.keyword.builtin.CallTestCaseKeyword.callTestCase(CallTestCaseKeyword.groovy:81)
	at com.kms.katalon.core.keyword.builtin.CallTestCaseKeyword.execute(CallTestCaseKeyword.groovy:44)
	at com.kms.katalon.core.keyword.internal.KeywordExecutor.executeKeywordForPlatform(KeywordExecutor.groovy:74)
	at com.kms.katalon.core.keyword.BuiltinKeywords.callTestCase(BuiltinKeywords.groovy:310)
	at jdk.internal.reflect.GeneratedMethodAccessor16.invoke(Unknown Source)
	at java.base/jdk.internal.reflect.DelegatingMethodAccessorImpl.invoke(DelegatingMethodAccessorImpl.java:43)
	at Register Journey Partner.run(Register Journey Partner:368)
	at com.kms.katalon.core.main.ScriptEngine.run(ScriptEngine.java:194)
	at com.kms.katalon.core.main.ScriptEngine.runScriptAsRawText(ScriptEngine.java:119)
	at com.kms.katalon.core.main.TestCaseExecutor.runScript(TestCaseExecutor.java:448)
	at com.kms.katalon.core.main.TestCaseExecutor.doExecute(TestCaseExecutor.java:439)
	at com.kms.katalon.core.main.TestCaseExecutor.processExecutionPhase(TestCaseExecutor.java:418)
	at com.kms.katalon.core.main.TestCaseExecutor.accessMainPhase(TestCaseExecutor.java:410)
	at com.kms.katalon.core.main.TestCaseExecutor.execute(TestCaseExecutor.java:285)
	at com.kms.katalon.core.common.CommonExecutor.accessTestCaseMainPhase(CommonExecutor.java:65)
	at com.kms.katalon.core.main.TestSuiteExecutor.accessTestSuiteMainPhase(TestSuiteExecutor.java:150)
	at com.kms.katalon.core.main.TestSuiteExecutor.execute(TestSuiteExecutor.java:106)
	at com.kms.katalon.core.main.TestCaseMain.startTestSuite(TestCaseMain.java:180)
	at TempTestSuite1741028273844.run(TempTestSuite1741028273844.groovy:35)
	at java.base/jdk.internal.reflect.NativeMethodAccessorImpl.invoke0(Native Method)
	at java.base/jdk.internal.reflect.NativeMethodAccessorImpl.invoke(NativeMethodAccessorImpl.java:77)
	at java.base/jdk.internal.reflect.DelegatingMethodAccessorImpl.invoke(DelegatingMethodAccessorImpl.java:43)
Caused by: com.kms.katalon.core.exception.StepErrorException: Call Test Case 'Test Cases/_Functions/Test Tooltips' failed because of error(s)
	at com.kms.katalon.core.keyword.builtin.CallTestCaseKeyword$_callTestCase_closure1.doCall(CallTestCaseKeyword.groovy:66)
	at com.kms.katalon.core.keyword.builtin.CallTestCaseKeyword$_callTestCase_closure1.call(CallTestCaseKeyword.groovy)
	at com.kms.katalon.core.keyword.internal.KeywordMain.runKeyword(KeywordMain.groovy:75)
	at com.kms.katalon.core.keyword.builtin.CallTestCaseKeyword.callTestCase(CallTestCaseKeyword.groovy:81)
	at com.kms.katalon.core.keyword.builtin.CallTestCaseKeyword.execute(CallTestCaseKeyword.groovy:44)
	at com.kms.katalon.core.keyword.internal.KeywordExecutor.executeKeywordForPlatform(KeywordExecutor.groovy:74)
	at com.kms.katalon.core.keyword.BuiltinKeywords.callTestCase(BuiltinKeywords.groovy:310)
	at jdk.internal.reflect.GeneratedMethodAccessor16.invoke(Unknown Source)
	at java.base/jdk.internal.reflect.DelegatingMethodAccessorImpl.invoke(DelegatingMethodAccessorImpl.java:43)
	at Set Readiness.run(Set Readiness:111)
	at com.kms.katalon.core.main.ScriptEngine.run(ScriptEngine.java:194)
	at com.kms.katalon.core.main.ScriptEngine.runScriptAsRawText(ScriptEngine.java:119)
	at com.kms.katalon.core.main.TestCaseExecutor.runScript(TestCaseExecutor.java:448)
	at com.kms.katalon.core.main.TestCaseExecutor.doExecute(TestCaseExecutor.java:439)
	at com.kms.katalon.core.main.TestCaseExecutor.processExecutionPhase(TestCaseExecutor.java:418)
	at com.kms.katalon.core.main.TestCaseExecutor.accessMainPhase(TestCaseExecutor.java:410)
	at com.kms.katalon.core.main.TestCaseExecutor.execute(TestCaseExecutor.java:285)
	at com.kms.katalon.core.main.TestCaseMain.runTestCase(TestCaseMain.java:137)
	at com.kms.katalon.core.keyword.builtin.CallTestCaseKeyword$_callTestCase_closure1.doCall(CallTestCaseKeyword.groovy:59)
	... 42 more
Caused by: org.codehaus.groovy.control.MultipleCompilationErrorsException: startup failed:
file:/Users/cckozie/git/MissionNext-Katalon-Koz/Scripts/_Functions/Test%20Tooltips/Script1736959727538.groovy: 66: unable to resolve class Screen
 @ line 66, column 8.
   Screen s = new Screen()
          ^

file:/Users/cckozie/git/MissionNext-Katalon-Koz/Scripts/_Functions/Test%20Tooltips/Script1736959727538.groovy: 66: unable to resolve class Screen
 @ line 66, column 12.
   Screen s = new Screen()
              ^

file:/Users/cckozie/git/MissionNext-Katalon-Koz/Scripts/_Functions/Test%20Tooltips/Script1736959727538.groovy: 104: unable to resolve class Pattern
 @ line 104, column 17.
           Pattern icn = new Pattern(myImage).similar(0.10)
                   ^

file:/Users/cckozie/git/MissionNext-Katalon-Koz/Scripts/_Functions/Test%20Tooltips/Script1736959727538.groovy: 104: unable to resolve class Pattern
 @ line 104, column 23.
           Pattern icn = new Pattern(myImage).similar(0.10)
                         ^

4 errors

	at com.kms.katalon.core.main.ScriptEngine.getScript(ScriptEngine.java:199)
	at com.kms.katalon.core.main.ScriptEngine.run(ScriptEngine.java:194)
	at com.kms.katalon.core.main.ScriptEngine.runScriptAsRawText(ScriptEngine.java:119)
	at com.kms.katalon.core.main.TestCaseExecutor.runScript(TestCaseExecutor.java:448)
	at com.kms.katalon.core.main.TestCaseExecutor.doExecute(TestCaseExecutor.java:439)
	at com.kms.katalon.core.main.TestCaseExecutor.processExecutionPhase(TestCaseExecutor.java:418)
	at com.kms.katalon.core.main.TestCaseExecutor.accessMainPhase(TestCaseExecutor.java:410)
	at com.kms.katalon.core.main.TestCaseExecutor.execute(TestCaseExecutor.java:285)
	at com.kms.katalon.core.main.TestCaseMain.runTestCase(TestCaseMain.java:137)
	at com.kms.katalon.core.keyword.builtin.CallTestCaseKeyword$_callTestCase_closure1.doCall(CallTestCaseKeyword.groovy:59)
	... 60 more
)

03-03-2025T13:01:33 - [TEST_STEP][PASSED] - process_stage = ["I am actively investigating missions", "I am ready to select a ministry"]: null

03-03-2025T13:01:33 - [TEST_STEP][PASSED] - cross_cultural = ["Not served in a culture other than my own", "Occasionally served in cultures other than my own", "Extensive experience serving in cultures other than my own"]: null

03-03-2025T13:01:33 - [TEST_STEP][PASSED] - bible_training = ["Some Bible school classes", "Bible school degree or equivalent"]: null

03-03-2025T13:01:33 - [TEST_STEP][PASSED] - perspectives = ["I have not taken the Perspectives Course", "I am planning to take the Perspectives Course", "I have taken or am taking the Perspectives Course"]: null

03-03-2025T13:01:33 - [TEST_STEP][PASSED] - relocation = ["I am willing to relocate within North America", "I am willing to relocate overseas"]: null

03-03-2025T13:01:33 - [TEST_STEP][PASSED] - callTestCase(findTestCase("Journey Partner Profile/Tabs/Set Readiness"), ["varProcess_stage":process_stage, "varCross_cultural":cross_cultural, "varBible_training":bible_training, "varPerspectives":perspectives, ... ], OPTIONAL): Unable to call Test Case 'Test Cases/Journey Partner Profile/Tabs/Set Readiness' (Root cause: com.kms.katalon.core.exception.StepErrorException: Call Test Case 'Test Cases/Journey Partner Profile/Tabs/Set Readiness' failed because of error(s)
	at com.kms.katalon.core.keyword.builtin.CallTestCaseKeyword$_callTestCase_closure1.doCall(CallTestCaseKeyword.groovy:66)
	at com.kms.katalon.core.keyword.builtin.CallTestCaseKeyword$_callTestCase_closure1.call(CallTestCaseKeyword.groovy)
	at com.kms.katalon.core.keyword.internal.KeywordMain.runKeyword(KeywordMain.groovy:75)
	at com.kms.katalon.core.keyword.builtin.CallTestCaseKeyword.callTestCase(CallTestCaseKeyword.groovy:81)
	at com.kms.katalon.core.keyword.builtin.CallTestCaseKeyword.execute(CallTestCaseKeyword.groovy:44)
	at com.kms.katalon.core.keyword.internal.KeywordExecutor.executeKeywordForPlatform(KeywordExecutor.groovy:74)
	at com.kms.katalon.core.keyword.BuiltinKeywords.callTestCase(BuiltinKeywords.groovy:310)
	at jdk.internal.reflect.GeneratedMethodAccessor16.invoke(Unknown Source)
	at java.base/jdk.internal.reflect.DelegatingMethodAccessorImpl.invoke(DelegatingMethodAccessorImpl.java:43)
	at Complete Journey Partner Profile.run(Complete Journey Partner Profile:193)
	at com.kms.katalon.core.main.ScriptEngine.run(ScriptEngine.java:194)
	at com.kms.katalon.core.main.ScriptEngine.runScriptAsRawText(ScriptEngine.java:119)
	at com.kms.katalon.core.main.TestCaseExecutor.runScript(TestCaseExecutor.java:448)
	at com.kms.katalon.core.main.TestCaseExecutor.doExecute(TestCaseExecutor.java:439)
	at com.kms.katalon.core.main.TestCaseExecutor.processExecutionPhase(TestCaseExecutor.java:418)
	at com.kms.katalon.core.main.TestCaseExecutor.accessMainPhase(TestCaseExecutor.java:410)
	at com.kms.katalon.core.main.TestCaseExecutor.execute(TestCaseExecutor.java:285)
	at com.kms.katalon.core.main.TestCaseMain.runTestCase(TestCaseMain.java:137)
	at com.kms.katalon.core.keyword.builtin.CallTestCaseKeyword$_callTestCase_closure1.doCall(CallTestCaseKeyword.groovy:59)
	at com.kms.katalon.core.keyword.builtin.CallTestCaseKeyword$_callTestCase_closure1.call(CallTestCaseKeyword.groovy)
	at com.kms.katalon.core.keyword.internal.KeywordMain.runKeyword(KeywordMain.groovy:75)
	at com.kms.katalon.core.keyword.builtin.CallTestCaseKeyword.callTestCase(CallTestCaseKeyword.groovy:81)
	at com.kms.katalon.core.keyword.builtin.CallTestCaseKeyword.execute(CallTestCaseKeyword.groovy:44)
	at com.kms.katalon.core.keyword.internal.KeywordExecutor.executeKeywordForPlatform(KeywordExecutor.groovy:74)
	at com.kms.katalon.core.keyword.BuiltinKeywords.callTestCase(BuiltinKeywords.groovy:310)
	at jdk.internal.reflect.GeneratedMethodAccessor16.invoke(Unknown Source)
	at java.base/jdk.internal.reflect.DelegatingMethodAccessorImpl.invoke(DelegatingMethodAccessorImpl.java:43)
	at Register Journey Partner.run(Register Journey Partner:368)
	at com.kms.katalon.core.main.ScriptEngine.run(ScriptEngine.java:194)
	at com.kms.katalon.core.main.ScriptEngine.runScriptAsRawText(ScriptEngine.java:119)
	at com.kms.katalon.core.main.TestCaseExecutor.runScript(TestCaseExecutor.java:448)
	at com.kms.katalon.core.main.TestCaseExecutor.doExecute(TestCaseExecutor.java:439)
	at com.kms.katalon.core.main.TestCaseExecutor.processExecutionPhase(TestCaseExecutor.java:418)
	at com.kms.katalon.core.main.TestCaseExecutor.accessMainPhase(TestCaseExecutor.java:410)
	at com.kms.katalon.core.main.TestCaseExecutor.execute(TestCaseExecutor.java:285)
	at com.kms.katalon.core.common.CommonExecutor.accessTestCaseMainPhase(CommonExecutor.java:65)
	at com.kms.katalon.core.main.TestSuiteExecutor.accessTestSuiteMainPhase(TestSuiteExecutor.java:150)
	at com.kms.katalon.core.main.TestSuiteExecutor.execute(TestSuiteExecutor.java:106)
	at com.kms.katalon.core.main.TestCaseMain.startTestSuite(TestCaseMain.java:180)
	at TempTestSuite1741028273844.run(TempTestSuite1741028273844.groovy:35)
	at java.base/jdk.internal.reflect.NativeMethodAccessorImpl.invoke0(Native Method)
	at java.base/jdk.internal.reflect.NativeMethodAccessorImpl.invoke(NativeMethodAccessorImpl.java:77)
	at java.base/jdk.internal.reflect.DelegatingMethodAccessorImpl.invoke(DelegatingMethodAccessorImpl.java:43)
Caused by: com.kms.katalon.core.exception.StepErrorException: Call Test Case 'Test Cases/_Functions/Test Tooltips' failed because of error(s)
	at com.kms.katalon.core.keyword.builtin.CallTestCaseKeyword$_callTestCase_closure1.doCall(CallTestCaseKeyword.groovy:66)
	at com.kms.katalon.core.keyword.builtin.CallTestCaseKeyword$_callTestCase_closure1.call(CallTestCaseKeyword.groovy)
	at com.kms.katalon.core.keyword.internal.KeywordMain.runKeyword(KeywordMain.groovy:75)
	at com.kms.katalon.core.keyword.builtin.CallTestCaseKeyword.callTestCase(CallTestCaseKeyword.groovy:81)
	at com.kms.katalon.core.keyword.builtin.CallTestCaseKeyword.execute(CallTestCaseKeyword.groovy:44)
	at com.kms.katalon.core.keyword.internal.KeywordExecutor.executeKeywordForPlatform(KeywordExecutor.groovy:74)
	at com.kms.katalon.core.keyword.BuiltinKeywords.callTestCase(BuiltinKeywords.groovy:310)
	at jdk.internal.reflect.GeneratedMethodAccessor16.invoke(Unknown Source)
	at java.base/jdk.internal.reflect.DelegatingMethodAccessorImpl.invoke(DelegatingMethodAccessorImpl.java:43)
	at Set Readiness.run(Set Readiness:111)
	at com.kms.katalon.core.main.ScriptEngine.run(ScriptEngine.java:194)
	at com.kms.katalon.core.main.ScriptEngine.runScriptAsRawText(ScriptEngine.java:119)
	at com.kms.katalon.core.main.TestCaseExecutor.runScript(TestCaseExecutor.java:448)
	at com.kms.katalon.core.main.TestCaseExecutor.doExecute(TestCaseExecutor.java:439)
	at com.kms.katalon.core.main.TestCaseExecutor.processExecutionPhase(TestCaseExecutor.java:418)
	at com.kms.katalon.core.main.TestCaseExecutor.accessMainPhase(TestCaseExecutor.java:410)
	at com.kms.katalon.core.main.TestCaseExecutor.execute(TestCaseExecutor.java:285)
	at com.kms.katalon.core.main.TestCaseMain.runTestCase(TestCaseMain.java:137)
	at com.kms.katalon.core.keyword.builtin.CallTestCaseKeyword$_callTestCase_closure1.doCall(CallTestCaseKeyword.groovy:59)
	... 42 more
Caused by: org.codehaus.groovy.control.MultipleCompilationErrorsException: startup failed:
file:/Users/cckozie/git/MissionNext-Katalon-Koz/Scripts/_Functions/Test%20Tooltips/Script1736959727538.groovy: 66: unable to resolve class Screen
 @ line 66, column 8.
   Screen s = new Screen()
          ^

file:/Users/cckozie/git/MissionNext-Katalon-Koz/Scripts/_Functions/Test%20Tooltips/Script1736959727538.groovy: 66: unable to resolve class Screen
 @ line 66, column 12.
   Screen s = new Screen()
              ^

file:/Users/cckozie/git/MissionNext-Katalon-Koz/Scripts/_Functions/Test%20Tooltips/Script1736959727538.groovy: 104: unable to resolve class Pattern
 @ line 104, column 17.
           Pattern icn = new Pattern(myImage).similar(0.10)
                   ^

file:/Users/cckozie/git/MissionNext-Katalon-Koz/Scripts/_Functions/Test%20Tooltips/Script1736959727538.groovy: 104: unable to resolve class Pattern
 @ line 104, column 23.
           Pattern icn = new Pattern(myImage).similar(0.10)
                         ^

4 errors

	at com.kms.katalon.core.main.ScriptEngine.getScript(ScriptEngine.java:199)
	at com.kms.katalon.core.main.ScriptEngine.run(ScriptEngine.java:194)
	at com.kms.katalon.core.main.ScriptEngine.runScriptAsRawText(ScriptEngine.java:119)
	at com.kms.katalon.core.main.TestCaseExecutor.runScript(TestCaseExecutor.java:448)
	at com.kms.katalon.core.main.TestCaseExecutor.doExecute(TestCaseExecutor.java:439)
	at com.kms.katalon.core.main.TestCaseExecutor.processExecutionPhase(TestCaseExecutor.java:418)
	at com.kms.katalon.core.main.TestCaseExecutor.accessMainPhase(TestCaseExecutor.java:410)
	at com.kms.katalon.core.main.TestCaseExecutor.execute(TestCaseExecutor.java:285)
	at com.kms.katalon.core.main.TestCaseMain.runTestCase(TestCaseMain.java:137)
	at com.kms.katalon.core.keyword.builtin.CallTestCaseKeyword$_callTestCase_closure1.doCall(CallTestCaseKeyword.groovy:59)
	... 60 more
)

03-03-2025T13:01:33 - [TEST_CASE][ERROR] - Test Cases/Journey Partner Profile/Tabs/Set Readiness: Test Cases/Journey Partner Profile/Tabs/Set Readiness FAILED.
Reason:
com.kms.katalon.core.exception.StepErrorException: Call Test Case 'Test Cases/_Functions/Test Tooltips' failed because of error(s)
	at com.kms.katalon.core.keyword.builtin.CallTestCaseKeyword$_callTestCase_closure1.doCall(CallTestCaseKeyword.groovy:66)
	at com.kms.katalon.core.keyword.builtin.CallTestCaseKeyword$_callTestCase_closure1.call(CallTestCaseKeyword.groovy)
	at com.kms.katalon.core.keyword.internal.KeywordMain.runKeyword(KeywordMain.groovy:75)
	at com.kms.katalon.core.keyword.builtin.CallTestCaseKeyword.callTestCase(CallTestCaseKeyword.groovy:81)
	at com.kms.katalon.core.keyword.builtin.CallTestCaseKeyword.execute(CallTestCaseKeyword.groovy:44)
	at com.kms.katalon.core.keyword.internal.KeywordExecutor.executeKeywordForPlatform(KeywordExecutor.groovy:74)
	at com.kms.katalon.core.keyword.BuiltinKeywords.callTestCase(BuiltinKeywords.groovy:310)
	at jdk.internal.reflect.GeneratedMethodAccessor16.invoke(Unknown Source)
	at java.base/jdk.internal.reflect.DelegatingMethodAccessorImpl.invoke(DelegatingMethodAccessorImpl.java:43)
	at Set Readiness.run(Set Readiness:111)
	at com.kms.katalon.core.main.ScriptEngine.run(ScriptEngine.java:194)
	at com.kms.katalon.core.main.ScriptEngine.runScriptAsRawText(ScriptEngine.java:119)
	at com.kms.katalon.core.main.TestCaseExecutor.runScript(TestCaseExecutor.java:448)
	at com.kms.katalon.core.main.TestCaseExecutor.doExecute(TestCaseExecutor.java:439)
	at com.kms.katalon.core.main.TestCaseExecutor.processExecutionPhase(TestCaseExecutor.java:418)
	at com.kms.katalon.core.main.TestCaseExecutor.accessMainPhase(TestCaseExecutor.java:410)
	at com.kms.katalon.core.main.TestCaseExecutor.execute(TestCaseExecutor.java:285)
	at com.kms.katalon.core.main.TestCaseMain.runTestCase(TestCaseMain.java:137)
	at com.kms.katalon.core.keyword.builtin.CallTestCaseKeyword$_callTestCase_closure1.doCall(CallTestCaseKeyword.groovy:59)
	at com.kms.katalon.core.keyword.builtin.CallTestCaseKeyword$_callTestCase_closure1.call(CallTestCaseKeyword.groovy)
	at com.kms.katalon.core.keyword.internal.KeywordMain.runKeyword(KeywordMain.groovy:75)
	at com.kms.katalon.core.keyword.builtin.CallTestCaseKeyword.callTestCase(CallTestCaseKeyword.groovy:81)
	at com.kms.katalon.core.keyword.builtin.CallTestCaseKeyword.execute(CallTestCaseKeyword.groovy:44)
	at com.kms.katalon.core.keyword.internal.KeywordExecutor.executeKeywordForPlatform(KeywordExecutor.groovy:74)
	at com.kms.katalon.core.keyword.BuiltinKeywords.callTestCase(BuiltinKeywords.groovy:310)
	at jdk.internal.reflect.GeneratedMethodAccessor16.invoke(Unknown Source)
	at java.base/jdk.internal.reflect.DelegatingMethodAccessorImpl.invoke(DelegatingMethodAccessorImpl.java:43)
	at Complete Journey Partner Profile.run(Complete Journey Partner Profile:193)
	at com.kms.katalon.core.main.ScriptEngine.run(ScriptEngine.java:194)
	at com.kms.katalon.core.main.ScriptEngine.runScriptAsRawText(ScriptEngine.java:119)
	at com.kms.katalon.core.main.TestCaseExecutor.runScript(TestCaseExecutor.java:448)
	at com.kms.katalon.core.main.TestCaseExecutor.doExecute(TestCaseExecutor.java:439)
	at com.kms.katalon.core.main.TestCaseExecutor.processExecutionPhase(TestCaseExecutor.java:418)
	at com.kms.katalon.core.main.TestCaseExecutor.accessMainPhase(TestCaseExecutor.java:410)
	at com.kms.katalon.core.main.TestCaseExecutor.execute(TestCaseExecutor.java:285)
	at com.kms.katalon.core.main.TestCaseMain.runTestCase(TestCaseMain.java:137)
	at com.kms.katalon.core.keyword.builtin.CallTestCaseKeyword$_callTestCase_closure1.doCall(CallTestCaseKeyword.groovy:59)
	at com.kms.katalon.core.keyword.builtin.CallTestCaseKeyword$_callTestCase_closure1.call(CallTestCaseKeyword.groovy)
	at com.kms.katalon.core.keyword.internal.KeywordMain.runKeyword(KeywordMain.groovy:75)
	at com.kms.katalon.core.keyword.builtin.CallTestCaseKeyword.callTestCase(CallTestCaseKeyword.groovy:81)
	at com.kms.katalon.core.keyword.builtin.CallTestCaseKeyword.execute(CallTestCaseKeyword.groovy:44)
	at com.kms.katalon.core.keyword.internal.KeywordExecutor.executeKeywordForPlatform(KeywordExecutor.groovy:74)
	at com.kms.katalon.core.keyword.BuiltinKeywords.callTestCase(BuiltinKeywords.groovy:310)
	at jdk.internal.reflect.GeneratedMethodAccessor16.invoke(Unknown Source)
	at java.base/jdk.internal.reflect.DelegatingMethodAccessorImpl.invoke(DelegatingMethodAccessorImpl.java:43)
	at Register Journey Partner.run(Register Journey Partner:368)
	at com.kms.katalon.core.main.ScriptEngine.run(ScriptEngine.java:194)
	at com.kms.katalon.core.main.ScriptEngine.runScriptAsRawText(ScriptEngine.java:119)
	at com.kms.katalon.core.main.TestCaseExecutor.runScript(TestCaseExecutor.java:448)
	at com.kms.katalon.core.main.TestCaseExecutor.doExecute(TestCaseExecutor.java:439)
	at com.kms.katalon.core.main.TestCaseExecutor.processExecutionPhase(TestCaseExecutor.java:418)
	at com.kms.katalon.core.main.TestCaseExecutor.accessMainPhase(TestCaseExecutor.java:410)
	at com.kms.katalon.core.main.TestCaseExecutor.execute(TestCaseExecutor.java:285)
	at com.kms.katalon.core.common.CommonExecutor.accessTestCaseMainPhase(CommonExecutor.java:65)
	at com.kms.katalon.core.main.TestSuiteExecutor.accessTestSuiteMainPhase(TestSuiteExecutor.java:150)
	at com.kms.katalon.core.main.TestSuiteExecutor.execute(TestSuiteExecutor.java:106)
	at com.kms.katalon.core.main.TestCaseMain.startTestSuite(TestCaseMain.java:180)
	at TempTestSuite1741028273844.run(TempTestSuite1741028273844.groovy:35)
	at java.base/jdk.internal.reflect.NativeMethodAccessorImpl.invoke0(Native Method)
	at java.base/jdk.internal.reflect.NativeMethodAccessorImpl.invoke(NativeMethodAccessorImpl.java:77)
	at java.base/jdk.internal.reflect.DelegatingMethodAccessorImpl.invoke(DelegatingMethodAccessorImpl.java:43)
Caused by: org.codehaus.groovy.control.MultipleCompilationErrorsException: startup failed:
file:/Users/cckozie/git/MissionNext-Katalon-Koz/Scripts/_Functions/Test%20Tooltips/Script1736959727538.groovy: 66: unable to resolve class Screen
 @ line 66, column 8.
   Screen s = new Screen()
          ^

file:/Users/cckozie/git/MissionNext-Katalon-Koz/Scripts/_Functions/Test%20Tooltips/Script1736959727538.groovy: 66: unable to resolve class Screen
 @ line 66, column 12.
   Screen s = new Screen()
              ^

file:/Users/cckozie/git/MissionNext-Katalon-Koz/Scripts/_Functions/Test%20Tooltips/Script1736959727538.groovy: 104: unable to resolve class Pattern
 @ line 104, column 17.
           Pattern icn = new Pattern(myImage).similar(0.10)
                   ^

file:/Users/cckozie/git/MissionNext-Katalon-Koz/Scripts/_Functions/Test%20Tooltips/Script1736959727538.groovy: 104: unable to resolve class Pattern
 @ line 104, column 23.
           Pattern icn = new Pattern(myImage).similar(0.10)
                         ^

4 errors

	at com.kms.katalon.core.main.ScriptEngine.getScript(ScriptEngine.java:199)
	at com.kms.katalon.core.main.ScriptEngine.run(ScriptEngine.java:194)
	at com.kms.katalon.core.main.ScriptEngine.runScriptAsRawText(ScriptEngine.java:119)
	at com.kms.katalon.core.main.TestCaseExecutor.runScript(TestCaseExecutor.java:448)
	at com.kms.katalon.core.main.TestCaseExecutor.doExecute(TestCaseExecutor.java:439)
	at com.kms.katalon.core.main.TestCaseExecutor.processExecutionPhase(TestCaseExecutor.java:418)
	at com.kms.katalon.core.main.TestCaseExecutor.accessMainPhase(TestCaseExecutor.java:410)
	at com.kms.katalon.core.main.TestCaseExecutor.execute(TestCaseExecutor.java:285)
	at com.kms.katalon.core.main.TestCaseMain.runTestCase(TestCaseMain.java:137)
	at com.kms.katalon.core.keyword.builtin.CallTestCaseKeyword$_callTestCase_closure1.doCall(CallTestCaseKeyword.groovy:59)
	... 60 more


03-03-2025T13:01:33 - [TEST_STEP][PASSED] - username = username: null

03-03-2025T13:01:33 - [TEST_STEP][PASSED] - if (username != "cktest07jp" && username != "cktest02jp"): null

03-03-2025T13:01:33 - [TEST_STEP][PASSED] - domain = domain: null

03-03-2025T13:01:33 - [TEST_STEP][PASSED] - writeFile = false: null

03-03-2025T13:01:33 - [TEST_STEP][PASSED] - testName = "Journey Partner Readiness Tab": null

03-03-2025T13:01:33 - [TEST_STEP][PASSED] - outFile = callTestCase(findTestCase("_Functions/Set Output File"), ["varTestName":testName], STOP_ON_FAILURE): Call Test Case 'Test Cases/_Functions/Set Output File' successfully

03-03-2025T13:01:33 - [TEST_CASE][PASSED] - Test Cases/_Functions/Set Output File: Test Cases/_Functions/Set Output File

03-03-2025T13:01:33 - [TEST_STEP][PASSED] - testName = varTestName: null

03-03-2025T13:01:33 - [TEST_STEP][PASSED] - domain = domain: null

03-03-2025T13:01:33 - [TEST_STEP][PASSED] - writeFile = false: null

03-03-2025T13:01:33 - [TEST_STEP][PASSED] - if (outFile != ""): null

03-03-2025T13:01:33 - [TEST_STEP][PASSED] - myFile = outFile: null

03-03-2025T13:01:33 - [TEST_STEP][PASSED] - println(myFile): null

03-03-2025T13:01:33 - [TEST_STEP][PASSED] - outFile = new java.io.File(myFile): null

03-03-2025T13:01:33 - [TEST_STEP][PASSED] - writeFile = true: null

03-03-2025T13:01:33 - [TEST_STEP][PASSED] - if (!(writeFile)): null

03-03-2025T13:01:33 - [TEST_STEP][PASSED] - else: null

03-03-2025T13:01:33 - [TEST_STEP][PASSED] - outFile.append("
Testing " + testName + " on " + domain + ".
"): null

03-03-2025T13:01:33 - [TEST_STEP][PASSED] - return outFile: null

03-03-2025T13:01:33 - [MESSAGE][PASSED] - Call Test Case 'Test Cases/_Functions/Set Output File' successfully

03-03-2025T13:01:33 - [TEST_STEP][PASSED] - parms = [varProcess_stage, varCross_cultural, varBible_training, varPerspectives, varRelocation]: null

03-03-2025T13:01:33 - [TEST_STEP][PASSED] - process_stage = "//input[@id='profile_group-1446521801.898_candidate_process_stages']": null

03-03-2025T13:01:33 - [TEST_STEP][PASSED] - cross_cultural = "//input[@id='profile_group-1446521801.898_cross-cultural_experience']": null

03-03-2025T13:01:33 - [TEST_STEP][PASSED] - bible_training = "//input[@id='profile_group-1446521801.898_bible_school_training']": null

03-03-2025T13:01:33 - [TEST_STEP][PASSED] - perspectives = "//input[@id='profile_group-1446521801.898_attended_perspectives?']": null

03-03-2025T13:01:33 - [TEST_STEP][PASSED] - relocation = "//input[@id='profile_group-1446521801.898_relocation_question']": null

03-03-2025T13:01:33 - [TEST_STEP][PASSED] - xpaths = [process_stage, cross_cultural, bible_training, perspectives, relocation]: null

03-03-2025T13:01:33 - [TEST_STEP][PASSED] - tooltipImagePath = "/Users/cckozie/git/MissionNext-Katalon-Koz/images/Journey partner/": null

03-03-2025T13:01:33 - [TEST_STEP][PASSED] - testObjectFolder = "Journey Partner Profile/Tabs/Readiness/": null

03-03-2025T13:01:33 - [TEST_STEP][PASSED] - tooltips = ["dummy":"dummy", "Process Stage":"img_Process Stage_field-tooltip", "Cross-cultural Experience":"img_Cross-cultural Experience_field-tooltip", ... ]: null

03-03-2025T13:01:33 - [TEST_STEP][PASSED] - tooltipText = ["Process Stage":"Candidates are asked where they are in the exploration process. The first choice, beginning, matches all candidates. ", "Cross-cultural Experience":"Select those that would be acceptable for most positions. The first choice will match all candidates.", ... ]: null

03-03-2025T13:01:33 - [TEST_STEP][PASSED] - requiredFieldMsgs = ["Process Stage":"The candidate process stages field is required.", "Cross-cultural Experience":"The cross-cultural experience field is required.", ... ]: null

03-03-2025T13:01:33 - [TEST_STEP][PASSED] - click(findTestObject("Object Repository/Journey Partner Profile/Tabs/a_Readiness")): Object: 'Object Repository/Journey Partner Profile/Tabs/a_Readiness' is clicked on

03-03-2025T13:01:34 - [MESSAGE][PASSED] - Object: 'Object Repository/Journey Partner Profile/Tabs/a_Readiness' is clicked on

03-03-2025T13:01:34 - [TEST_STEP][PASSED] - tooltipTextMap = callTestCase(findTestCase("_Functions/Get Screenshot and Tooltip Text"), ["varExtension":testName], STOP_ON_FAILURE): Call Test Case 'Test Cases/_Functions/Get Screenshot and Tooltip Text' successfully

03-03-2025T13:01:34 - [TEST_CASE][PASSED] - Test Cases/_Functions/Get Screenshot and Tooltip Text: Test Cases/_Functions/Get Screenshot and Tooltip Text

03-03-2025T13:01:34 - [TEST_STEP][PASSED] - if (fastPath): null

03-03-2025T13:01:34 - [TEST_STEP][PASSED] - return null: null

03-03-2025T13:01:34 - [MESSAGE][PASSED] - Call Test Case 'Test Cases/_Functions/Get Screenshot and Tooltip Text' successfully

03-03-2025T13:01:34 - [TEST_STEP][ERROR] - callTestCase(findTestCase("_Functions/Test Tooltips"), ["varTooltipImagePath":tooltipImagePath, "varTooltips":tooltips, "varTooltipText":tooltipText, "varTestObjectFolder":testObjectFolder, ... ], STOP_ON_FAILURE): Test Cases/Journey Partner Profile/Tabs/Set Readiness FAILED.
Reason:
com.kms.katalon.core.exception.StepErrorException: Call Test Case 'Test Cases/_Functions/Test Tooltips' failed because of error(s)
	at com.kms.katalon.core.keyword.builtin.CallTestCaseKeyword$_callTestCase_closure1.doCall(CallTestCaseKeyword.groovy:66)
	at com.kms.katalon.core.keyword.builtin.CallTestCaseKeyword$_callTestCase_closure1.call(CallTestCaseKeyword.groovy)
	at com.kms.katalon.core.keyword.internal.KeywordMain.runKeyword(KeywordMain.groovy:75)
	at com.kms.katalon.core.keyword.builtin.CallTestCaseKeyword.callTestCase(CallTestCaseKeyword.groovy:81)
	at com.kms.katalon.core.keyword.builtin.CallTestCaseKeyword.execute(CallTestCaseKeyword.groovy:44)
	at com.kms.katalon.core.keyword.internal.KeywordExecutor.executeKeywordForPlatform(KeywordExecutor.groovy:74)
	at com.kms.katalon.core.keyword.BuiltinKeywords.callTestCase(BuiltinKeywords.groovy:310)
	at jdk.internal.reflect.GeneratedMethodAccessor16.invoke(Unknown Source)
	at java.base/jdk.internal.reflect.DelegatingMethodAccessorImpl.invoke(DelegatingMethodAccessorImpl.java:43)
	at Set Readiness.run(Set Readiness:111)
	at com.kms.katalon.core.main.ScriptEngine.run(ScriptEngine.java:194)
	at com.kms.katalon.core.main.ScriptEngine.runScriptAsRawText(ScriptEngine.java:119)
	at com.kms.katalon.core.main.TestCaseExecutor.runScript(TestCaseExecutor.java:448)
	at com.kms.katalon.core.main.TestCaseExecutor.doExecute(TestCaseExecutor.java:439)
	at com.kms.katalon.core.main.TestCaseExecutor.processExecutionPhase(TestCaseExecutor.java:418)
	at com.kms.katalon.core.main.TestCaseExecutor.accessMainPhase(TestCaseExecutor.java:410)
	at com.kms.katalon.core.main.TestCaseExecutor.execute(TestCaseExecutor.java:285)
	at com.kms.katalon.core.main.TestCaseMain.runTestCase(TestCaseMain.java:137)
	at com.kms.katalon.core.keyword.builtin.CallTestCaseKeyword$_callTestCase_closure1.doCall(CallTestCaseKeyword.groovy:59)
	at com.kms.katalon.core.keyword.builtin.CallTestCaseKeyword$_callTestCase_closure1.call(CallTestCaseKeyword.groovy)
	at com.kms.katalon.core.keyword.internal.KeywordMain.runKeyword(KeywordMain.groovy:75)
	at com.kms.katalon.core.keyword.builtin.CallTestCaseKeyword.callTestCase(CallTestCaseKeyword.groovy:81)
	at com.kms.katalon.core.keyword.builtin.CallTestCaseKeyword.execute(CallTestCaseKeyword.groovy:44)
	at com.kms.katalon.core.keyword.internal.KeywordExecutor.executeKeywordForPlatform(KeywordExecutor.groovy:74)
	at com.kms.katalon.core.keyword.BuiltinKeywords.callTestCase(BuiltinKeywords.groovy:310)
	at jdk.internal.reflect.GeneratedMethodAccessor16.invoke(Unknown Source)
	at java.base/jdk.internal.reflect.DelegatingMethodAccessorImpl.invoke(DelegatingMethodAccessorImpl.java:43)
	at Complete Journey Partner Profile.run(Complete Journey Partner Profile:193)
	at com.kms.katalon.core.main.ScriptEngine.run(ScriptEngine.java:194)
	at com.kms.katalon.core.main.ScriptEngine.runScriptAsRawText(ScriptEngine.java:119)
	at com.kms.katalon.core.main.TestCaseExecutor.runScript(TestCaseExecutor.java:448)
	at com.kms.katalon.core.main.TestCaseExecutor.doExecute(TestCaseExecutor.java:439)
	at com.kms.katalon.core.main.TestCaseExecutor.processExecutionPhase(TestCaseExecutor.java:418)
	at com.kms.katalon.core.main.TestCaseExecutor.accessMainPhase(TestCaseExecutor.java:410)
	at com.kms.katalon.core.main.TestCaseExecutor.execute(TestCaseExecutor.java:285)
	at com.kms.katalon.core.main.TestCaseMain.runTestCase(TestCaseMain.java:137)
	at com.kms.katalon.core.keyword.builtin.CallTestCaseKeyword$_callTestCase_closure1.doCall(CallTestCaseKeyword.groovy:59)
	at com.kms.katalon.core.keyword.builtin.CallTestCaseKeyword$_callTestCase_closure1.call(CallTestCaseKeyword.groovy)
	at com.kms.katalon.core.keyword.internal.KeywordMain.runKeyword(KeywordMain.groovy:75)
	at com.kms.katalon.core.keyword.builtin.CallTestCaseKeyword.callTestCase(CallTestCaseKeyword.groovy:81)
	at com.kms.katalon.core.keyword.builtin.CallTestCaseKeyword.execute(CallTestCaseKeyword.groovy:44)
	at com.kms.katalon.core.keyword.internal.KeywordExecutor.executeKeywordForPlatform(KeywordExecutor.groovy:74)
	at com.kms.katalon.core.keyword.BuiltinKeywords.callTestCase(BuiltinKeywords.groovy:310)
	at jdk.internal.reflect.GeneratedMethodAccessor16.invoke(Unknown Source)
	at java.base/jdk.internal.reflect.DelegatingMethodAccessorImpl.invoke(DelegatingMethodAccessorImpl.java:43)
	at Register Journey Partner.run(Register Journey Partner:368)
	at com.kms.katalon.core.main.ScriptEngine.run(ScriptEngine.java:194)
	at com.kms.katalon.core.main.ScriptEngine.runScriptAsRawText(ScriptEngine.java:119)
	at com.kms.katalon.core.main.TestCaseExecutor.runScript(TestCaseExecutor.java:448)
	at com.kms.katalon.core.main.TestCaseExecutor.doExecute(TestCaseExecutor.java:439)
	at com.kms.katalon.core.main.TestCaseExecutor.processExecutionPhase(TestCaseExecutor.java:418)
	at com.kms.katalon.core.main.TestCaseExecutor.accessMainPhase(TestCaseExecutor.java:410)
	at com.kms.katalon.core.main.TestCaseExecutor.execute(TestCaseExecutor.java:285)
	at com.kms.katalon.core.common.CommonExecutor.accessTestCaseMainPhase(CommonExecutor.java:65)
	at com.kms.katalon.core.main.TestSuiteExecutor.accessTestSuiteMainPhase(TestSuiteExecutor.java:150)
	at com.kms.katalon.core.main.TestSuiteExecutor.execute(TestSuiteExecutor.java:106)
	at com.kms.katalon.core.main.TestCaseMain.startTestSuite(TestCaseMain.java:180)
	at TempTestSuite1741028273844.run(TempTestSuite1741028273844.groovy:35)
	at java.base/jdk.internal.reflect.NativeMethodAccessorImpl.invoke0(Native Method)
	at java.base/jdk.internal.reflect.NativeMethodAccessorImpl.invoke(NativeMethodAccessorImpl.java:77)
	at java.base/jdk.internal.reflect.DelegatingMethodAccessorImpl.invoke(DelegatingMethodAccessorImpl.java:43)
Caused by: org.codehaus.groovy.control.MultipleCompilationErrorsException: startup failed:
file:/Users/cckozie/git/MissionNext-Katalon-Koz/Scripts/_Functions/Test%20Tooltips/Script1736959727538.groovy: 66: unable to resolve class Screen
 @ line 66, column 8.
   Screen s = new Screen()
          ^

file:/Users/cckozie/git/MissionNext-Katalon-Koz/Scripts/_Functions/Test%20Tooltips/Script1736959727538.groovy: 66: unable to resolve class Screen
 @ line 66, column 12.
   Screen s = new Screen()
              ^

file:/Users/cckozie/git/MissionNext-Katalon-Koz/Scripts/_Functions/Test%20Tooltips/Script1736959727538.groovy: 104: unable to resolve class Pattern
 @ line 104, column 17.
           Pattern icn = new Pattern(myImage).similar(0.10)
                   ^

file:/Users/cckozie/git/MissionNext-Katalon-Koz/Scripts/_Functions/Test%20Tooltips/Script1736959727538.groovy: 104: unable to resolve class Pattern
 @ line 104, column 23.
           Pattern icn = new Pattern(myImage).similar(0.10)
                         ^

4 errors

	at com.kms.katalon.core.main.ScriptEngine.getScript(ScriptEngine.java:199)
	at com.kms.katalon.core.main.ScriptEngine.run(ScriptEngine.java:194)
	at com.kms.katalon.core.main.ScriptEngine.runScriptAsRawText(ScriptEngine.java:119)
	at com.kms.katalon.core.main.TestCaseExecutor.runScript(TestCaseExecutor.java:448)
	at com.kms.katalon.core.main.TestCaseExecutor.doExecute(TestCaseExecutor.java:439)
	at com.kms.katalon.core.main.TestCaseExecutor.processExecutionPhase(TestCaseExecutor.java:418)
	at com.kms.katalon.core.main.TestCaseExecutor.accessMainPhase(TestCaseExecutor.java:410)
	at com.kms.katalon.core.main.TestCaseExecutor.execute(TestCaseExecutor.java:285)
	at com.kms.katalon.core.main.TestCaseMain.runTestCase(TestCaseMain.java:137)
	at com.kms.katalon.core.keyword.builtin.CallTestCaseKeyword$_callTestCase_closure1.doCall(CallTestCaseKeyword.groovy:59)
	... 60 more


03-03-2025T13:01:34 - [TEST_CASE][ERROR] - Test Cases/_Functions/Test Tooltips: Test Cases/_Functions/Test Tooltips FAILED.
Reason:
org.codehaus.groovy.control.MultipleCompilationErrorsException: startup failed:
file:/Users/cckozie/git/MissionNext-Katalon-Koz/Scripts/_Functions/Test%20Tooltips/Script1736959727538.groovy: 66: unable to resolve class Screen
 @ line 66, column 8.
   Screen s = new Screen()
          ^

file:/Users/cckozie/git/MissionNext-Katalon-Koz/Scripts/_Functions/Test%20Tooltips/Script1736959727538.groovy: 66: unable to resolve class Screen
 @ line 66, column 12.
   Screen s = new Screen()
              ^

file:/Users/cckozie/git/MissionNext-Katalon-Koz/Scripts/_Functions/Test%20Tooltips/Script1736959727538.groovy: 104: unable to resolve class Pattern
 @ line 104, column 17.
           Pattern icn = new Pattern(myImage).similar(0.10)
                   ^

file:/Users/cckozie/git/MissionNext-Katalon-Koz/Scripts/_Functions/Test%20Tooltips/Script1736959727538.groovy: 104: unable to resolve class Pattern
 @ line 104, column 23.
           Pattern icn = new Pattern(myImage).similar(0.10)
                         ^

4 errors

	at com.kms.katalon.core.main.ScriptEngine.getScript(ScriptEngine.java:199)
	at com.kms.katalon.core.main.ScriptEngine.run(ScriptEngine.java:194)
	at com.kms.katalon.core.main.ScriptEngine.runScriptAsRawText(ScriptEngine.java:119)
	at com.kms.katalon.core.main.TestCaseExecutor.runScript(TestCaseExecutor.java:448)
	at com.kms.katalon.core.main.TestCaseExecutor.doExecute(TestCaseExecutor.java:439)
	at com.kms.katalon.core.main.TestCaseExecutor.processExecutionPhase(TestCaseExecutor.java:418)
	at com.kms.katalon.core.main.TestCaseExecutor.accessMainPhase(TestCaseExecutor.java:410)
	at com.kms.katalon.core.main.TestCaseExecutor.execute(TestCaseExecutor.java:285)
	at com.kms.katalon.core.main.TestCaseMain.runTestCase(TestCaseMain.java:137)
	at com.kms.katalon.core.keyword.builtin.CallTestCaseKeyword$_callTestCase_closure1.doCall(CallTestCaseKeyword.groovy:59)
	at com.kms.katalon.core.keyword.builtin.CallTestCaseKeyword$_callTestCase_closure1.call(CallTestCaseKeyword.groovy)
	at com.kms.katalon.core.keyword.internal.KeywordMain.runKeyword(KeywordMain.groovy:75)
	at com.kms.katalon.core.keyword.builtin.CallTestCaseKeyword.callTestCase(CallTestCaseKeyword.groovy:81)
	at com.kms.katalon.core.keyword.builtin.CallTestCaseKeyword.execute(CallTestCaseKeyword.groovy:44)
	at com.kms.katalon.core.keyword.internal.KeywordExecutor.executeKeywordForPlatform(KeywordExecutor.groovy:74)
	at com.kms.katalon.core.keyword.BuiltinKeywords.callTestCase(BuiltinKeywords.groovy:310)
	at jdk.internal.reflect.GeneratedMethodAccessor16.invoke(Unknown Source)
	at java.base/jdk.internal.reflect.DelegatingMethodAccessorImpl.invoke(DelegatingMethodAccessorImpl.java:43)
	at Set Readiness.run(Set Readiness:111)
	at com.kms.katalon.core.main.ScriptEngine.run(ScriptEngine.java:194)
	at com.kms.katalon.core.main.ScriptEngine.runScriptAsRawText(ScriptEngine.java:119)
	at com.kms.katalon.core.main.TestCaseExecutor.runScript(TestCaseExecutor.java:448)
	at com.kms.katalon.core.main.TestCaseExecutor.doExecute(TestCaseExecutor.java:439)
	at com.kms.katalon.core.main.TestCaseExecutor.processExecutionPhase(TestCaseExecutor.java:418)
	at com.kms.katalon.core.main.TestCaseExecutor.accessMainPhase(TestCaseExecutor.java:410)
	at com.kms.katalon.core.main.TestCaseExecutor.execute(TestCaseExecutor.java:285)
	at com.kms.katalon.core.main.TestCaseMain.runTestCase(TestCaseMain.java:137)
	at com.kms.katalon.core.keyword.builtin.CallTestCaseKeyword$_callTestCase_closure1.doCall(CallTestCaseKeyword.groovy:59)
	at com.kms.katalon.core.keyword.builtin.CallTestCaseKeyword$_callTestCase_closure1.call(CallTestCaseKeyword.groovy)
	at com.kms.katalon.core.keyword.internal.KeywordMain.runKeyword(KeywordMain.groovy:75)
	at com.kms.katalon.core.keyword.builtin.CallTestCaseKeyword.callTestCase(CallTestCaseKeyword.groovy:81)
	at com.kms.katalon.core.keyword.builtin.CallTestCaseKeyword.execute(CallTestCaseKeyword.groovy:44)
	at com.kms.katalon.core.keyword.internal.KeywordExecutor.executeKeywordForPlatform(KeywordExecutor.groovy:74)
	at com.kms.katalon.core.keyword.BuiltinKeywords.callTestCase(BuiltinKeywords.groovy:310)
	at jdk.internal.reflect.GeneratedMethodAccessor16.invoke(Unknown Source)
	at java.base/jdk.internal.reflect.DelegatingMethodAccessorImpl.invoke(DelegatingMethodAccessorImpl.java:43)
	at Complete Journey Partner Profile.run(Complete Journey Partner Profile:193)
	at com.kms.katalon.core.main.ScriptEngine.run(ScriptEngine.java:194)
	at com.kms.katalon.core.main.ScriptEngine.runScriptAsRawText(ScriptEngine.java:119)
	at com.kms.katalon.core.main.TestCaseExecutor.runScript(TestCaseExecutor.java:448)
	at com.kms.katalon.core.main.TestCaseExecutor.doExecute(TestCaseExecutor.java:439)
	at com.kms.katalon.core.main.TestCaseExecutor.processExecutionPhase(TestCaseExecutor.java:418)
	at com.kms.katalon.core.main.TestCaseExecutor.accessMainPhase(TestCaseExecutor.java:410)
	at com.kms.katalon.core.main.TestCaseExecutor.execute(TestCaseExecutor.java:285)
	at com.kms.katalon.core.main.TestCaseMain.runTestCase(TestCaseMain.java:137)
	at com.kms.katalon.core.keyword.builtin.CallTestCaseKeyword$_callTestCase_closure1.doCall(CallTestCaseKeyword.groovy:59)
	at com.kms.katalon.core.keyword.builtin.CallTestCaseKeyword$_callTestCase_closure1.call(CallTestCaseKeyword.groovy)
	at com.kms.katalon.core.keyword.internal.KeywordMain.runKeyword(KeywordMain.groovy:75)
	at com.kms.katalon.core.keyword.builtin.CallTestCaseKeyword.callTestCase(CallTestCaseKeyword.groovy:81)
	at com.kms.katalon.core.keyword.builtin.CallTestCaseKeyword.execute(CallTestCaseKeyword.groovy:44)
	at com.kms.katalon.core.keyword.internal.KeywordExecutor.executeKeywordForPlatform(KeywordExecutor.groovy:74)
	at com.kms.katalon.core.keyword.BuiltinKeywords.callTestCase(BuiltinKeywords.groovy:310)
	at jdk.internal.reflect.GeneratedMethodAccessor16.invoke(Unknown Source)
	at java.base/jdk.internal.reflect.DelegatingMethodAccessorImpl.invoke(DelegatingMethodAccessorImpl.java:43)
	at Register Journey Partner.run(Register Journey Partner:368)
	at com.kms.katalon.core.main.ScriptEngine.run(ScriptEngine.java:194)
	at com.kms.katalon.core.main.ScriptEngine.runScriptAsRawText(ScriptEngine.java:119)
	at com.kms.katalon.core.main.TestCaseExecutor.runScript(TestCaseExecutor.java:448)
	at com.kms.katalon.core.main.TestCaseExecutor.doExecute(TestCaseExecutor.java:439)
	at com.kms.katalon.core.main.TestCaseExecutor.processExecutionPhase(TestCaseExecutor.java:418)
	at com.kms.katalon.core.main.TestCaseExecutor.accessMainPhase(TestCaseExecutor.java:410)
	at com.kms.katalon.core.main.TestCaseExecutor.execute(TestCaseExecutor.java:285)
	at com.kms.katalon.core.common.CommonExecutor.accessTestCaseMainPhase(CommonExecutor.java:65)
	at com.kms.katalon.core.main.TestSuiteExecutor.accessTestSuiteMainPhase(TestSuiteExecutor.java:150)
	at com.kms.katalon.core.main.TestSuiteExecutor.execute(TestSuiteExecutor.java:106)
	at com.kms.katalon.core.main.TestCaseMain.startTestSuite(TestCaseMain.java:180)
	at TempTestSuite1741028273844.run(TempTestSuite1741028273844.groovy:35)
	at java.base/jdk.internal.reflect.NativeMethodAccessorImpl.invoke0(Native Method)
	at java.base/jdk.internal.reflect.NativeMethodAccessorImpl.invoke(NativeMethodAccessorImpl.java:77)
	at java.base/jdk.internal.reflect.DelegatingMethodAccessorImpl.invoke(DelegatingMethodAccessorImpl.java:43)


03-03-2025T13:01:34 - [MESSAGE][FAILED] - Unable to call Test Case 'Test Cases/_Functions/Test Tooltips' (Root cause: com.kms.katalon.core.exception.StepErrorException: Call Test Case 'Test Cases/_Functions/Test Tooltips' failed because of error(s)
	at com.kms.katalon.core.keyword.builtin.CallTestCaseKeyword$_callTestCase_closure1.doCall(CallTestCaseKeyword.groovy:66)
	at com.kms.katalon.core.keyword.builtin.CallTestCaseKeyword$_callTestCase_closure1.call(CallTestCaseKeyword.groovy)
	at com.kms.katalon.core.keyword.internal.KeywordMain.runKeyword(KeywordMain.groovy:75)
	at com.kms.katalon.core.keyword.builtin.CallTestCaseKeyword.callTestCase(CallTestCaseKeyword.groovy:81)
	at com.kms.katalon.core.keyword.builtin.CallTestCaseKeyword.execute(CallTestCaseKeyword.groovy:44)
	at com.kms.katalon.core.keyword.internal.KeywordExecutor.executeKeywordForPlatform(KeywordExecutor.groovy:74)
	at com.kms.katalon.core.keyword.BuiltinKeywords.callTestCase(BuiltinKeywords.groovy:310)
	at jdk.internal.reflect.GeneratedMethodAccessor16.invoke(Unknown Source)
	at java.base/jdk.internal.reflect.DelegatingMethodAccessorImpl.invoke(DelegatingMethodAccessorImpl.java:43)
	at Set Readiness.run(Set Readiness:111)
	at com.kms.katalon.core.main.ScriptEngine.run(ScriptEngine.java:194)
	at com.kms.katalon.core.main.ScriptEngine.runScriptAsRawText(ScriptEngine.java:119)
	at com.kms.katalon.core.main.TestCaseExecutor.runScript(TestCaseExecutor.java:448)
	at com.kms.katalon.core.main.TestCaseExecutor.doExecute(TestCaseExecutor.java:439)
	at com.kms.katalon.core.main.TestCaseExecutor.processExecutionPhase(TestCaseExecutor.java:418)
	at com.kms.katalon.core.main.TestCaseExecutor.accessMainPhase(TestCaseExecutor.java:410)
	at com.kms.katalon.core.main.TestCaseExecutor.execute(TestCaseExecutor.java:285)
	at com.kms.katalon.core.main.TestCaseMain.runTestCase(TestCaseMain.java:137)
	at com.kms.katalon.core.keyword.builtin.CallTestCaseKeyword$_callTestCase_closure1.doCall(CallTestCaseKeyword.groovy:59)
	at com.kms.katalon.core.keyword.builtin.CallTestCaseKeyword$_callTestCase_closure1.call(CallTestCaseKeyword.groovy)
	at com.kms.katalon.core.keyword.internal.KeywordMain.runKeyword(KeywordMain.groovy:75)
	at com.kms.katalon.core.keyword.builtin.CallTestCaseKeyword.callTestCase(CallTestCaseKeyword.groovy:81)
	at com.kms.katalon.core.keyword.builtin.CallTestCaseKeyword.execute(CallTestCaseKeyword.groovy:44)
	at com.kms.katalon.core.keyword.internal.KeywordExecutor.executeKeywordForPlatform(KeywordExecutor.groovy:74)
	at com.kms.katalon.core.keyword.BuiltinKeywords.callTestCase(BuiltinKeywords.groovy:310)
	at jdk.internal.reflect.GeneratedMethodAccessor16.invoke(Unknown Source)
	at java.base/jdk.internal.reflect.DelegatingMethodAccessorImpl.invoke(DelegatingMethodAccessorImpl.java:43)
	at Complete Journey Partner Profile.run(Complete Journey Partner Profile:193)
	at com.kms.katalon.core.main.ScriptEngine.run(ScriptEngine.java:194)
	at com.kms.katalon.core.main.ScriptEngine.runScriptAsRawText(ScriptEngine.java:119)
	at com.kms.katalon.core.main.TestCaseExecutor.runScript(TestCaseExecutor.java:448)
	at com.kms.katalon.core.main.TestCaseExecutor.doExecute(TestCaseExecutor.java:439)
	at com.kms.katalon.core.main.TestCaseExecutor.processExecutionPhase(TestCaseExecutor.java:418)
	at com.kms.katalon.core.main.TestCaseExecutor.accessMainPhase(TestCaseExecutor.java:410)
	at com.kms.katalon.core.main.TestCaseExecutor.execute(TestCaseExecutor.java:285)
	at com.kms.katalon.core.main.TestCaseMain.runTestCase(TestCaseMain.java:137)
	at com.kms.katalon.core.keyword.builtin.CallTestCaseKeyword$_callTestCase_closure1.doCall(CallTestCaseKeyword.groovy:59)
	at com.kms.katalon.core.keyword.builtin.CallTestCaseKeyword$_callTestCase_closure1.call(CallTestCaseKeyword.groovy)
	at com.kms.katalon.core.keyword.internal.KeywordMain.runKeyword(KeywordMain.groovy:75)
	at com.kms.katalon.core.keyword.builtin.CallTestCaseKeyword.callTestCase(CallTestCaseKeyword.groovy:81)
	at com.kms.katalon.core.keyword.builtin.CallTestCaseKeyword.execute(CallTestCaseKeyword.groovy:44)
	at com.kms.katalon.core.keyword.internal.KeywordExecutor.executeKeywordForPlatform(KeywordExecutor.groovy:74)
	at com.kms.katalon.core.keyword.BuiltinKeywords.callTestCase(BuiltinKeywords.groovy:310)
	at jdk.internal.reflect.GeneratedMethodAccessor16.invoke(Unknown Source)
	at java.base/jdk.internal.reflect.DelegatingMethodAccessorImpl.invoke(DelegatingMethodAccessorImpl.java:43)
	at Register Journey Partner.run(Register Journey Partner:368)
	at com.kms.katalon.core.main.ScriptEngine.run(ScriptEngine.java:194)
	at com.kms.katalon.core.main.ScriptEngine.runScriptAsRawText(ScriptEngine.java:119)
	at com.kms.katalon.core.main.TestCaseExecutor.runScript(TestCaseExecutor.java:448)
	at com.kms.katalon.core.main.TestCaseExecutor.doExecute(TestCaseExecutor.java:439)
	at com.kms.katalon.core.main.TestCaseExecutor.processExecutionPhase(TestCaseExecutor.java:418)
	at com.kms.katalon.core.main.TestCaseExecutor.accessMainPhase(TestCaseExecutor.java:410)
	at com.kms.katalon.core.main.TestCaseExecutor.execute(TestCaseExecutor.java:285)
	at com.kms.katalon.core.common.CommonExecutor.accessTestCaseMainPhase(CommonExecutor.java:65)
	at com.kms.katalon.core.main.TestSuiteExecutor.accessTestSuiteMainPhase(TestSuiteExecutor.java:150)
	at com.kms.katalon.core.main.TestSuiteExecutor.execute(TestSuiteExecutor.java:106)
	at com.kms.katalon.core.main.TestCaseMain.startTestSuite(TestCaseMain.java:180)
	at TempTestSuite1741028273844.run(TempTestSuite1741028273844.groovy:35)
	at java.base/jdk.internal.reflect.NativeMethodAccessorImpl.invoke0(Native Method)
	at java.base/jdk.internal.reflect.NativeMethodAccessorImpl.invoke(NativeMethodAccessorImpl.java:77)
	at java.base/jdk.internal.reflect.DelegatingMethodAccessorImpl.invoke(DelegatingMethodAccessorImpl.java:43)
Caused by: org.codehaus.groovy.control.MultipleCompilationErrorsException: startup failed:
file:/Users/cckozie/git/MissionNext-Katalon-Koz/Scripts/_Functions/Test%20Tooltips/Script1736959727538.groovy: 66: unable to resolve class Screen
 @ line 66, column 8.
   Screen s = new Screen()
          ^

file:/Users/cckozie/git/MissionNext-Katalon-Koz/Scripts/_Functions/Test%20Tooltips/Script1736959727538.groovy: 66: unable to resolve class Screen
 @ line 66, column 12.
   Screen s = new Screen()
              ^

file:/Users/cckozie/git/MissionNext-Katalon-Koz/Scripts/_Functions/Test%20Tooltips/Script1736959727538.groovy: 104: unable to resolve class Pattern
 @ line 104, column 17.
           Pattern icn = new Pattern(myImage).similar(0.10)
                   ^

file:/Users/cckozie/git/MissionNext-Katalon-Koz/Scripts/_Functions/Test%20Tooltips/Script1736959727538.groovy: 104: unable to resolve class Pattern
 @ line 104, column 23.
           Pattern icn = new Pattern(myImage).similar(0.10)
                         ^

4 errors

	at com.kms.katalon.core.main.ScriptEngine.getScript(ScriptEngine.java:199)
	at com.kms.katalon.core.main.ScriptEngine.run(ScriptEngine.java:194)
	at com.kms.katalon.core.main.ScriptEngine.runScriptAsRawText(ScriptEngine.java:119)
	at com.kms.katalon.core.main.TestCaseExecutor.runScript(TestCaseExecutor.java:448)
	at com.kms.katalon.core.main.TestCaseExecutor.doExecute(TestCaseExecutor.java:439)
	at com.kms.katalon.core.main.TestCaseExecutor.processExecutionPhase(TestCaseExecutor.java:418)
	at com.kms.katalon.core.main.TestCaseExecutor.accessMainPhase(TestCaseExecutor.java:410)
	at com.kms.katalon.core.main.TestCaseExecutor.execute(TestCaseExecutor.java:285)
	at com.kms.katalon.core.main.TestCaseMain.runTestCase(TestCaseMain.java:137)
	at com.kms.katalon.core.keyword.builtin.CallTestCaseKeyword$_callTestCase_closure1.doCall(CallTestCaseKeyword.groovy:59)
	... 60 more
)

03-03-2025T13:01:34 - [MESSAGE][ERROR] - Test Cases/Journey Partner Profile/Tabs/Set Readiness FAILED.
Reason:
com.kms.katalon.core.exception.StepErrorException: Call Test Case 'Test Cases/_Functions/Test Tooltips' failed because of error(s)
	at com.kms.katalon.core.keyword.builtin.CallTestCaseKeyword$_callTestCase_closure1.doCall(CallTestCaseKeyword.groovy:66)
	at com.kms.katalon.core.keyword.builtin.CallTestCaseKeyword$_callTestCase_closure1.call(CallTestCaseKeyword.groovy)
	at com.kms.katalon.core.keyword.internal.KeywordMain.runKeyword(KeywordMain.groovy:75)
	at com.kms.katalon.core.keyword.builtin.CallTestCaseKeyword.callTestCase(CallTestCaseKeyword.groovy:81)
	at com.kms.katalon.core.keyword.builtin.CallTestCaseKeyword.execute(CallTestCaseKeyword.groovy:44)
	at com.kms.katalon.core.keyword.internal.KeywordExecutor.executeKeywordForPlatform(KeywordExecutor.groovy:74)
	at com.kms.katalon.core.keyword.BuiltinKeywords.callTestCase(BuiltinKeywords.groovy:310)
	at jdk.internal.reflect.GeneratedMethodAccessor16.invoke(Unknown Source)
	at java.base/jdk.internal.reflect.DelegatingMethodAccessorImpl.invoke(DelegatingMethodAccessorImpl.java:43)
	at Set Readiness.run(Set Readiness:111)
	at com.kms.katalon.core.main.ScriptEngine.run(ScriptEngine.java:194)
	at com.kms.katalon.core.main.ScriptEngine.runScriptAsRawText(ScriptEngine.java:119)
	at com.kms.katalon.core.main.TestCaseExecutor.runScript(TestCaseExecutor.java:448)
	at com.kms.katalon.core.main.TestCaseExecutor.doExecute(TestCaseExecutor.java:439)
	at com.kms.katalon.core.main.TestCaseExecutor.processExecutionPhase(TestCaseExecutor.java:418)
	at com.kms.katalon.core.main.TestCaseExecutor.accessMainPhase(TestCaseExecutor.java:410)
	at com.kms.katalon.core.main.TestCaseExecutor.execute(TestCaseExecutor.java:285)
	at com.kms.katalon.core.main.TestCaseMain.runTestCase(TestCaseMain.java:137)
	at com.kms.katalon.core.keyword.builtin.CallTestCaseKeyword$_callTestCase_closure1.doCall(CallTestCaseKeyword.groovy:59)
	at com.kms.katalon.core.keyword.builtin.CallTestCaseKeyword$_callTestCase_closure1.call(CallTestCaseKeyword.groovy)
	at com.kms.katalon.core.keyword.internal.KeywordMain.runKeyword(KeywordMain.groovy:75)
	at com.kms.katalon.core.keyword.builtin.CallTestCaseKeyword.callTestCase(CallTestCaseKeyword.groovy:81)
	at com.kms.katalon.core.keyword.builtin.CallTestCaseKeyword.execute(CallTestCaseKeyword.groovy:44)
	at com.kms.katalon.core.keyword.internal.KeywordExecutor.executeKeywordForPlatform(KeywordExecutor.groovy:74)
	at com.kms.katalon.core.keyword.BuiltinKeywords.callTestCase(BuiltinKeywords.groovy:310)
	at jdk.internal.reflect.GeneratedMethodAccessor16.invoke(Unknown Source)
	at java.base/jdk.internal.reflect.DelegatingMethodAccessorImpl.invoke(DelegatingMethodAccessorImpl.java:43)
	at Complete Journey Partner Profile.run(Complete Journey Partner Profile:193)
	at com.kms.katalon.core.main.ScriptEngine.run(ScriptEngine.java:194)
	at com.kms.katalon.core.main.ScriptEngine.runScriptAsRawText(ScriptEngine.java:119)
	at com.kms.katalon.core.main.TestCaseExecutor.runScript(TestCaseExecutor.java:448)
	at com.kms.katalon.core.main.TestCaseExecutor.doExecute(TestCaseExecutor.java:439)
	at com.kms.katalon.core.main.TestCaseExecutor.processExecutionPhase(TestCaseExecutor.java:418)
	at com.kms.katalon.core.main.TestCaseExecutor.accessMainPhase(TestCaseExecutor.java:410)
	at com.kms.katalon.core.main.TestCaseExecutor.execute(TestCaseExecutor.java:285)
	at com.kms.katalon.core.main.TestCaseMain.runTestCase(TestCaseMain.java:137)
	at com.kms.katalon.core.keyword.builtin.CallTestCaseKeyword$_callTestCase_closure1.doCall(CallTestCaseKeyword.groovy:59)
	at com.kms.katalon.core.keyword.builtin.CallTestCaseKeyword$_callTestCase_closure1.call(CallTestCaseKeyword.groovy)
	at com.kms.katalon.core.keyword.internal.KeywordMain.runKeyword(KeywordMain.groovy:75)
	at com.kms.katalon.core.keyword.builtin.CallTestCaseKeyword.callTestCase(CallTestCaseKeyword.groovy:81)
	at com.kms.katalon.core.keyword.builtin.CallTestCaseKeyword.execute(CallTestCaseKeyword.groovy:44)
	at com.kms.katalon.core.keyword.internal.KeywordExecutor.executeKeywordForPlatform(KeywordExecutor.groovy:74)
	at com.kms.katalon.core.keyword.BuiltinKeywords.callTestCase(BuiltinKeywords.groovy:310)
	at jdk.internal.reflect.GeneratedMethodAccessor16.invoke(Unknown Source)
	at java.base/jdk.internal.reflect.DelegatingMethodAccessorImpl.invoke(DelegatingMethodAccessorImpl.java:43)
	at Register Journey Partner.run(Register Journey Partner:368)
	at com.kms.katalon.core.main.ScriptEngine.run(ScriptEngine.java:194)
	at com.kms.katalon.core.main.ScriptEngine.runScriptAsRawText(ScriptEngine.java:119)
	at com.kms.katalon.core.main.TestCaseExecutor.runScript(TestCaseExecutor.java:448)
	at com.kms.katalon.core.main.TestCaseExecutor.doExecute(TestCaseExecutor.java:439)
	at com.kms.katalon.core.main.TestCaseExecutor.processExecutionPhase(TestCaseExecutor.java:418)
	at com.kms.katalon.core.main.TestCaseExecutor.accessMainPhase(TestCaseExecutor.java:410)
	at com.kms.katalon.core.main.TestCaseExecutor.execute(TestCaseExecutor.java:285)
	at com.kms.katalon.core.common.CommonExecutor.accessTestCaseMainPhase(CommonExecutor.java:65)
	at com.kms.katalon.core.main.TestSuiteExecutor.accessTestSuiteMainPhase(TestSuiteExecutor.java:150)
	at com.kms.katalon.core.main.TestSuiteExecutor.execute(TestSuiteExecutor.java:106)
	at com.kms.katalon.core.main.TestCaseMain.startTestSuite(TestCaseMain.java:180)
	at TempTestSuite1741028273844.run(TempTestSuite1741028273844.groovy:35)
	at java.base/jdk.internal.reflect.NativeMethodAccessorImpl.invoke0(Native Method)
	at java.base/jdk.internal.reflect.NativeMethodAccessorImpl.invoke(NativeMethodAccessorImpl.java:77)
	at java.base/jdk.internal.reflect.DelegatingMethodAccessorImpl.invoke(DelegatingMethodAccessorImpl.java:43)
Caused by: org.codehaus.groovy.control.MultipleCompilationErrorsException: startup failed:
file:/Users/cckozie/git/MissionNext-Katalon-Koz/Scripts/_Functions/Test%20Tooltips/Script1736959727538.groovy: 66: unable to resolve class Screen
 @ line 66, column 8.
   Screen s = new Screen()
          ^

file:/Users/cckozie/git/MissionNext-Katalon-Koz/Scripts/_Functions/Test%20Tooltips/Script1736959727538.groovy: 66: unable to resolve class Screen
 @ line 66, column 12.
   Screen s = new Screen()
              ^

file:/Users/cckozie/git/MissionNext-Katalon-Koz/Scripts/_Functions/Test%20Tooltips/Script1736959727538.groovy: 104: unable to resolve class Pattern
 @ line 104, column 17.
           Pattern icn = new Pattern(myImage).similar(0.10)
                   ^

file:/Users/cckozie/git/MissionNext-Katalon-Koz/Scripts/_Functions/Test%20Tooltips/Script1736959727538.groovy: 104: unable to resolve class Pattern
 @ line 104, column 23.
           Pattern icn = new Pattern(myImage).similar(0.10)
                         ^

4 errors

	at com.kms.katalon.core.main.ScriptEngine.getScript(ScriptEngine.java:199)
	at com.kms.katalon.core.main.ScriptEngine.run(ScriptEngine.java:194)
	at com.kms.katalon.core.main.ScriptEngine.runScriptAsRawText(ScriptEngine.java:119)
	at com.kms.katalon.core.main.TestCaseExecutor.runScript(TestCaseExecutor.java:448)
	at com.kms.katalon.core.main.TestCaseExecutor.doExecute(TestCaseExecutor.java:439)
	at com.kms.katalon.core.main.TestCaseExecutor.processExecutionPhase(TestCaseExecutor.java:418)
	at com.kms.katalon.core.main.TestCaseExecutor.accessMainPhase(TestCaseExecutor.java:410)
	at com.kms.katalon.core.main.TestCaseExecutor.execute(TestCaseExecutor.java:285)
	at com.kms.katalon.core.main.TestCaseMain.runTestCase(TestCaseMain.java:137)
	at com.kms.katalon.core.keyword.builtin.CallTestCaseKeyword$_callTestCase_closure1.doCall(CallTestCaseKeyword.groovy:59)
	... 60 more


03-03-2025T13:01:34 - [MESSAGE][WARNING] - Unable to call Test Case 'Test Cases/Journey Partner Profile/Tabs/Set Readiness' (Root cause: com.kms.katalon.core.exception.StepErrorException: Call Test Case 'Test Cases/Journey Partner Profile/Tabs/Set Readiness' failed because of error(s)
	at com.kms.katalon.core.keyword.builtin.CallTestCaseKeyword$_callTestCase_closure1.doCall(CallTestCaseKeyword.groovy:66)
	at com.kms.katalon.core.keyword.builtin.CallTestCaseKeyword$_callTestCase_closure1.call(CallTestCaseKeyword.groovy)
	at com.kms.katalon.core.keyword.internal.KeywordMain.runKeyword(KeywordMain.groovy:75)
	at com.kms.katalon.core.keyword.builtin.CallTestCaseKeyword.callTestCase(CallTestCaseKeyword.groovy:81)
	at com.kms.katalon.core.keyword.builtin.CallTestCaseKeyword.execute(CallTestCaseKeyword.groovy:44)
	at com.kms.katalon.core.keyword.internal.KeywordExecutor.executeKeywordForPlatform(KeywordExecutor.groovy:74)
	at com.kms.katalon.core.keyword.BuiltinKeywords.callTestCase(BuiltinKeywords.groovy:310)
	at jdk.internal.reflect.GeneratedMethodAccessor16.invoke(Unknown Source)
	at java.base/jdk.internal.reflect.DelegatingMethodAccessorImpl.invoke(DelegatingMethodAccessorImpl.java:43)
	at Complete Journey Partner Profile.run(Complete Journey Partner Profile:193)
	at com.kms.katalon.core.main.ScriptEngine.run(ScriptEngine.java:194)
	at com.kms.katalon.core.main.ScriptEngine.runScriptAsRawText(ScriptEngine.java:119)
	at com.kms.katalon.core.main.TestCaseExecutor.runScript(TestCaseExecutor.java:448)
	at com.kms.katalon.core.main.TestCaseExecutor.doExecute(TestCaseExecutor.java:439)
	at com.kms.katalon.core.main.TestCaseExecutor.processExecutionPhase(TestCaseExecutor.java:418)
	at com.kms.katalon.core.main.TestCaseExecutor.accessMainPhase(TestCaseExecutor.java:410)
	at com.kms.katalon.core.main.TestCaseExecutor.execute(TestCaseExecutor.java:285)
	at com.kms.katalon.core.main.TestCaseMain.runTestCase(TestCaseMain.java:137)
	at com.kms.katalon.core.keyword.builtin.CallTestCaseKeyword$_callTestCase_closure1.doCall(CallTestCaseKeyword.groovy:59)
	at com.kms.katalon.core.keyword.builtin.CallTestCaseKeyword$_callTestCase_closure1.call(CallTestCaseKeyword.groovy)
	at com.kms.katalon.core.keyword.internal.KeywordMain.runKeyword(KeywordMain.groovy:75)
	at com.kms.katalon.core.keyword.builtin.CallTestCaseKeyword.callTestCase(CallTestCaseKeyword.groovy:81)
	at com.kms.katalon.core.keyword.builtin.CallTestCaseKeyword.execute(CallTestCaseKeyword.groovy:44)
	at com.kms.katalon.core.keyword.internal.KeywordExecutor.executeKeywordForPlatform(KeywordExecutor.groovy:74)
	at com.kms.katalon.core.keyword.BuiltinKeywords.callTestCase(BuiltinKeywords.groovy:310)
	at jdk.internal.reflect.GeneratedMethodAccessor16.invoke(Unknown Source)
	at java.base/jdk.internal.reflect.DelegatingMethodAccessorImpl.invoke(DelegatingMethodAccessorImpl.java:43)
	at Register Journey Partner.run(Register Journey Partner:368)
	at com.kms.katalon.core.main.ScriptEngine.run(ScriptEngine.java:194)
	at com.kms.katalon.core.main.ScriptEngine.runScriptAsRawText(ScriptEngine.java:119)
	at com.kms.katalon.core.main.TestCaseExecutor.runScript(TestCaseExecutor.java:448)
	at com.kms.katalon.core.main.TestCaseExecutor.doExecute(TestCaseExecutor.java:439)
	at com.kms.katalon.core.main.TestCaseExecutor.processExecutionPhase(TestCaseExecutor.java:418)
	at com.kms.katalon.core.main.TestCaseExecutor.accessMainPhase(TestCaseExecutor.java:410)
	at com.kms.katalon.core.main.TestCaseExecutor.execute(TestCaseExecutor.java:285)
	at com.kms.katalon.core.common.CommonExecutor.accessTestCaseMainPhase(CommonExecutor.java:65)
	at com.kms.katalon.core.main.TestSuiteExecutor.accessTestSuiteMainPhase(TestSuiteExecutor.java:150)
	at com.kms.katalon.core.main.TestSuiteExecutor.execute(TestSuiteExecutor.java:106)
	at com.kms.katalon.core.main.TestCaseMain.startTestSuite(TestCaseMain.java:180)
	at TempTestSuite1741028273844.run(TempTestSuite1741028273844.groovy:35)
	at java.base/jdk.internal.reflect.NativeMethodAccessorImpl.invoke0(Native Method)
	at java.base/jdk.internal.reflect.NativeMethodAccessorImpl.invoke(NativeMethodAccessorImpl.java:77)
	at java.base/jdk.internal.reflect.DelegatingMethodAccessorImpl.invoke(DelegatingMethodAccessorImpl.java:43)
Caused by: com.kms.katalon.core.exception.StepErrorException: Call Test Case 'Test Cases/_Functions/Test Tooltips' failed because of error(s)
	at com.kms.katalon.core.keyword.builtin.CallTestCaseKeyword$_callTestCase_closure1.doCall(CallTestCaseKeyword.groovy:66)
	at com.kms.katalon.core.keyword.builtin.CallTestCaseKeyword$_callTestCase_closure1.call(CallTestCaseKeyword.groovy)
	at com.kms.katalon.core.keyword.internal.KeywordMain.runKeyword(KeywordMain.groovy:75)
	at com.kms.katalon.core.keyword.builtin.CallTestCaseKeyword.callTestCase(CallTestCaseKeyword.groovy:81)
	at com.kms.katalon.core.keyword.builtin.CallTestCaseKeyword.execute(CallTestCaseKeyword.groovy:44)
	at com.kms.katalon.core.keyword.internal.KeywordExecutor.executeKeywordForPlatform(KeywordExecutor.groovy:74)
	at com.kms.katalon.core.keyword.BuiltinKeywords.callTestCase(BuiltinKeywords.groovy:310)
	at jdk.internal.reflect.GeneratedMethodAccessor16.invoke(Unknown Source)
	at java.base/jdk.internal.reflect.DelegatingMethodAccessorImpl.invoke(DelegatingMethodAccessorImpl.java:43)
	at Set Readiness.run(Set Readiness:111)
	at com.kms.katalon.core.main.ScriptEngine.run(ScriptEngine.java:194)
	at com.kms.katalon.core.main.ScriptEngine.runScriptAsRawText(ScriptEngine.java:119)
	at com.kms.katalon.core.main.TestCaseExecutor.runScript(TestCaseExecutor.java:448)
	at com.kms.katalon.core.main.TestCaseExecutor.doExecute(TestCaseExecutor.java:439)
	at com.kms.katalon.core.main.TestCaseExecutor.processExecutionPhase(TestCaseExecutor.java:418)
	at com.kms.katalon.core.main.TestCaseExecutor.accessMainPhase(TestCaseExecutor.java:410)
	at com.kms.katalon.core.main.TestCaseExecutor.execute(TestCaseExecutor.java:285)
	at com.kms.katalon.core.main.TestCaseMain.runTestCase(TestCaseMain.java:137)
	at com.kms.katalon.core.keyword.builtin.CallTestCaseKeyword$_callTestCase_closure1.doCall(CallTestCaseKeyword.groovy:59)
	... 42 more
Caused by: org.codehaus.groovy.control.MultipleCompilationErrorsException: startup failed:
file:/Users/cckozie/git/MissionNext-Katalon-Koz/Scripts/_Functions/Test%20Tooltips/Script1736959727538.groovy: 66: unable to resolve class Screen
 @ line 66, column 8.
   Screen s = new Screen()
          ^

file:/Users/cckozie/git/MissionNext-Katalon-Koz/Scripts/_Functions/Test%20Tooltips/Script1736959727538.groovy: 66: unable to resolve class Screen
 @ line 66, column 12.
   Screen s = new Screen()
              ^

file:/Users/cckozie/git/MissionNext-Katalon-Koz/Scripts/_Functions/Test%20Tooltips/Script1736959727538.groovy: 104: unable to resolve class Pattern
 @ line 104, column 17.
           Pattern icn = new Pattern(myImage).similar(0.10)
                   ^

file:/Users/cckozie/git/MissionNext-Katalon-Koz/Scripts/_Functions/Test%20Tooltips/Script1736959727538.groovy: 104: unable to resolve class Pattern
 @ line 104, column 23.
           Pattern icn = new Pattern(myImage).similar(0.10)
                         ^

4 errors

	at com.kms.katalon.core.main.ScriptEngine.getScript(ScriptEngine.java:199)
	at com.kms.katalon.core.main.ScriptEngine.run(ScriptEngine.java:194)
	at com.kms.katalon.core.main.ScriptEngine.runScriptAsRawText(ScriptEngine.java:119)
	at com.kms.katalon.core.main.TestCaseExecutor.runScript(TestCaseExecutor.java:448)
	at com.kms.katalon.core.main.TestCaseExecutor.doExecute(TestCaseExecutor.java:439)
	at com.kms.katalon.core.main.TestCaseExecutor.processExecutionPhase(TestCaseExecutor.java:418)
	at com.kms.katalon.core.main.TestCaseExecutor.accessMainPhase(TestCaseExecutor.java:410)
	at com.kms.katalon.core.main.TestCaseExecutor.execute(TestCaseExecutor.java:285)
	at com.kms.katalon.core.main.TestCaseMain.runTestCase(TestCaseMain.java:137)
	at com.kms.katalon.core.keyword.builtin.CallTestCaseKeyword$_callTestCase_closure1.doCall(CallTestCaseKeyword.groovy:59)
	... 60 more
)

03-03-2025T13:01:34 - [TEST_STEP][PASSED] - if (pages.size() == 0 || "All" in pages || "Ministry Prefs" in pages): Call Test Case 'Test Cases/Journey Partner Profile/Tabs/Set Ministry Prefs' successfully

03-03-2025T13:01:34 - [TEST_STEP][PASSED] - if (!(fastPath)): null

03-03-2025T13:01:34 - [TEST_STEP][PASSED] - else: null

03-03-2025T13:01:34 - [TEST_STEP][PASSED] - preferences = "": null

03-03-2025T13:01:34 - [TEST_STEP][PASSED] - need_specific_it_positions = "Yes": null

03-03-2025T13:01:34 - [TEST_STEP][PASSED] - other_people_group = "None": null

03-03-2025T13:01:34 - [TEST_STEP][PASSED] - callTestCase(findTestCase("Journey Partner Profile/Tabs/Set Ministry Prefs"), ["varMinistry_preferences":preferences, "varNeed_specific_it_positions":need_specific_it_positions, "varOther_people_group":other_people_group], STOP_ON_FAILURE): Call Test Case 'Test Cases/Journey Partner Profile/Tabs/Set Ministry Prefs' successfully

03-03-2025T13:01:34 - [TEST_CASE][PASSED] - Test Cases/Journey Partner Profile/Tabs/Set Ministry Prefs: Test Cases/Journey Partner Profile/Tabs/Set Ministry Prefs

03-03-2025T13:01:34 - [TEST_STEP][PASSED] - username = username: null

03-03-2025T13:01:34 - [TEST_STEP][PASSED] - if (username != "cktest07jp" && username != "cktest02jp"): null

03-03-2025T13:01:34 - [TEST_STEP][PASSED] - domain = domain: null

03-03-2025T13:01:34 - [TEST_STEP][PASSED] - writeFile = false: null

03-03-2025T13:01:34 - [TEST_STEP][PASSED] - testName = "Journey Partner Ministry Prefs Tab": null

03-03-2025T13:01:34 - [TEST_STEP][PASSED] - outFile = callTestCase(findTestCase("_Functions/Set Output File"), ["varTestName":testName], STOP_ON_FAILURE): Call Test Case 'Test Cases/_Functions/Set Output File' successfully

03-03-2025T13:01:34 - [TEST_CASE][PASSED] - Test Cases/_Functions/Set Output File: Test Cases/_Functions/Set Output File

03-03-2025T13:01:34 - [TEST_STEP][PASSED] - testName = varTestName: null

03-03-2025T13:01:34 - [TEST_STEP][PASSED] - domain = domain: null

03-03-2025T13:01:34 - [TEST_STEP][PASSED] - writeFile = false: null

03-03-2025T13:01:34 - [TEST_STEP][PASSED] - if (outFile != ""): null

03-03-2025T13:01:34 - [TEST_STEP][PASSED] - myFile = outFile: null

03-03-2025T13:01:34 - [TEST_STEP][PASSED] - println(myFile): null

03-03-2025T13:01:34 - [TEST_STEP][PASSED] - outFile = new java.io.File(myFile): null

03-03-2025T13:01:34 - [TEST_STEP][PASSED] - writeFile = true: null

03-03-2025T13:01:34 - [TEST_STEP][PASSED] - if (!(writeFile)): null

03-03-2025T13:01:34 - [TEST_STEP][PASSED] - else: null

03-03-2025T13:01:34 - [TEST_STEP][PASSED] - outFile.append("
Testing " + testName + " on " + domain + ".
"): null

03-03-2025T13:01:34 - [TEST_STEP][PASSED] - return outFile: null

03-03-2025T13:01:34 - [MESSAGE][PASSED] - Call Test Case 'Test Cases/_Functions/Set Output File' successfully

03-03-2025T13:01:34 - [TEST_STEP][PASSED] - parms = [varMinistry_preferences]: null

03-03-2025T13:01:34 - [TEST_STEP][PASSED] - println(parms): null

03-03-2025T13:01:34 - [TEST_STEP][PASSED] - ministry_preferences = "//input[@id='profile_group-1446522088.64_ministry_preferences']": null

03-03-2025T13:01:34 - [TEST_STEP][PASSED] - xpaths = [ministry_preferences]: null

03-03-2025T13:01:34 - [TEST_STEP][PASSED] - tooltipImagePath = "/Users/cckozie/git/MissionNext-Katalon-Koz/images/journey partner/": null

03-03-2025T13:01:34 - [TEST_STEP][PASSED] - testObjectFolder = "Journey Partner Profile/Tabs/ Ministry Prefs/": null

03-03-2025T13:01:34 - [TEST_STEP][PASSED] - tooltips = []: null

03-03-2025T13:01:34 - [TEST_STEP][PASSED] - tooltipText = []: null

03-03-2025T13:01:34 - [TEST_STEP][PASSED] - requiredFieldMsgs = ["Ministry Preferences":"The ministry preferences field is required."]: null

03-03-2025T13:01:34 - [TEST_STEP][PASSED] - click(findTestObject("Object Repository/Journey Partner Profile/Tabs/a_Ministry Prefs")): Object: 'Object Repository/Journey Partner Profile/Tabs/a_Ministry Prefs' is clicked on

03-03-2025T13:01:34 - [MESSAGE][PASSED] - Object: 'Object Repository/Journey Partner Profile/Tabs/a_Ministry Prefs' is clicked on

03-03-2025T13:01:34 - [TEST_STEP][PASSED] - tooltipTextMap = callTestCase(findTestCase("_Functions/Get Screenshot and Tooltip Text"), ["varExtension":testName], STOP_ON_FAILURE): Call Test Case 'Test Cases/_Functions/Get Screenshot and Tooltip Text' successfully

03-03-2025T13:01:35 - [TEST_CASE][PASSED] - Test Cases/_Functions/Get Screenshot and Tooltip Text: Test Cases/_Functions/Get Screenshot and Tooltip Text

03-03-2025T13:01:35 - [TEST_STEP][PASSED] - if (fastPath): null

03-03-2025T13:01:35 - [TEST_STEP][PASSED] - return null: null

03-03-2025T13:01:35 - [MESSAGE][PASSED] - Call Test Case 'Test Cases/_Functions/Get Screenshot and Tooltip Text' successfully

03-03-2025T13:01:35 - [TEST_STEP][PASSED] - callTestCase(findTestCase("_Functions/Test Tooltips"), ["varTooltipImagePath":tooltipImagePath, "varTooltips":tooltips, "varTooltipText":tooltipText, "varTestObjectFolder":testObjectFolder, ... ], OPTIONAL): Unable to call Test Case 'Test Cases/_Functions/Test Tooltips' (Root cause: com.kms.katalon.core.exception.StepErrorException: Call Test Case 'Test Cases/_Functions/Test Tooltips' failed because of error(s)
	at com.kms.katalon.core.keyword.builtin.CallTestCaseKeyword$_callTestCase_closure1.doCall(CallTestCaseKeyword.groovy:66)
	at com.kms.katalon.core.keyword.builtin.CallTestCaseKeyword$_callTestCase_closure1.call(CallTestCaseKeyword.groovy)
	at com.kms.katalon.core.keyword.internal.KeywordMain.runKeyword(KeywordMain.groovy:75)
	at com.kms.katalon.core.keyword.builtin.CallTestCaseKeyword.callTestCase(CallTestCaseKeyword.groovy:81)
	at com.kms.katalon.core.keyword.builtin.CallTestCaseKeyword.execute(CallTestCaseKeyword.groovy:44)
	at com.kms.katalon.core.keyword.internal.KeywordExecutor.executeKeywordForPlatform(KeywordExecutor.groovy:74)
	at com.kms.katalon.core.keyword.BuiltinKeywords.callTestCase(BuiltinKeywords.groovy:310)
	at jdk.internal.reflect.GeneratedMethodAccessor16.invoke(Unknown Source)
	at java.base/jdk.internal.reflect.DelegatingMethodAccessorImpl.invoke(DelegatingMethodAccessorImpl.java:43)
	at Set Ministry Prefs.run(Set Ministry Prefs:82)
	at com.kms.katalon.core.main.ScriptEngine.run(ScriptEngine.java:194)
	at com.kms.katalon.core.main.ScriptEngine.runScriptAsRawText(ScriptEngine.java:119)
	at com.kms.katalon.core.main.TestCaseExecutor.runScript(TestCaseExecutor.java:448)
	at com.kms.katalon.core.main.TestCaseExecutor.doExecute(TestCaseExecutor.java:439)
	at com.kms.katalon.core.main.TestCaseExecutor.processExecutionPhase(TestCaseExecutor.java:418)
	at com.kms.katalon.core.main.TestCaseExecutor.accessMainPhase(TestCaseExecutor.java:410)
	at com.kms.katalon.core.main.TestCaseExecutor.execute(TestCaseExecutor.java:285)
	at com.kms.katalon.core.main.TestCaseMain.runTestCase(TestCaseMain.java:137)
	at com.kms.katalon.core.keyword.builtin.CallTestCaseKeyword$_callTestCase_closure1.doCall(CallTestCaseKeyword.groovy:59)
	at com.kms.katalon.core.keyword.builtin.CallTestCaseKeyword$_callTestCase_closure1.call(CallTestCaseKeyword.groovy)
	at com.kms.katalon.core.keyword.internal.KeywordMain.runKeyword(KeywordMain.groovy:75)
	at com.kms.katalon.core.keyword.builtin.CallTestCaseKeyword.callTestCase(CallTestCaseKeyword.groovy:81)
	at com.kms.katalon.core.keyword.builtin.CallTestCaseKeyword.execute(CallTestCaseKeyword.groovy:44)
	at com.kms.katalon.core.keyword.internal.KeywordExecutor.executeKeywordForPlatform(KeywordExecutor.groovy:74)
	at com.kms.katalon.core.keyword.BuiltinKeywords.callTestCase(BuiltinKeywords.groovy:310)
	at jdk.internal.reflect.GeneratedMethodAccessor16.invoke(Unknown Source)
	at java.base/jdk.internal.reflect.DelegatingMethodAccessorImpl.invoke(DelegatingMethodAccessorImpl.java:43)
	at Complete Journey Partner Profile.run(Complete Journey Partner Profile:215)
	at com.kms.katalon.core.main.ScriptEngine.run(ScriptEngine.java:194)
	at com.kms.katalon.core.main.ScriptEngine.runScriptAsRawText(ScriptEngine.java:119)
	at com.kms.katalon.core.main.TestCaseExecutor.runScript(TestCaseExecutor.java:448)
	at com.kms.katalon.core.main.TestCaseExecutor.doExecute(TestCaseExecutor.java:439)
	at com.kms.katalon.core.main.TestCaseExecutor.processExecutionPhase(TestCaseExecutor.java:418)
	at com.kms.katalon.core.main.TestCaseExecutor.accessMainPhase(TestCaseExecutor.java:410)
	at com.kms.katalon.core.main.TestCaseExecutor.execute(TestCaseExecutor.java:285)
	at com.kms.katalon.core.main.TestCaseMain.runTestCase(TestCaseMain.java:137)
	at com.kms.katalon.core.keyword.builtin.CallTestCaseKeyword$_callTestCase_closure1.doCall(CallTestCaseKeyword.groovy:59)
	at com.kms.katalon.core.keyword.builtin.CallTestCaseKeyword$_callTestCase_closure1.call(CallTestCaseKeyword.groovy)
	at com.kms.katalon.core.keyword.internal.KeywordMain.runKeyword(KeywordMain.groovy:75)
	at com.kms.katalon.core.keyword.builtin.CallTestCaseKeyword.callTestCase(CallTestCaseKeyword.groovy:81)
	at com.kms.katalon.core.keyword.builtin.CallTestCaseKeyword.execute(CallTestCaseKeyword.groovy:44)
	at com.kms.katalon.core.keyword.internal.KeywordExecutor.executeKeywordForPlatform(KeywordExecutor.groovy:74)
	at com.kms.katalon.core.keyword.BuiltinKeywords.callTestCase(BuiltinKeywords.groovy:310)
	at jdk.internal.reflect.GeneratedMethodAccessor16.invoke(Unknown Source)
	at java.base/jdk.internal.reflect.DelegatingMethodAccessorImpl.invoke(DelegatingMethodAccessorImpl.java:43)
	at Register Journey Partner.run(Register Journey Partner:368)
	at com.kms.katalon.core.main.ScriptEngine.run(ScriptEngine.java:194)
	at com.kms.katalon.core.main.ScriptEngine.runScriptAsRawText(ScriptEngine.java:119)
	at com.kms.katalon.core.main.TestCaseExecutor.runScript(TestCaseExecutor.java:448)
	at com.kms.katalon.core.main.TestCaseExecutor.doExecute(TestCaseExecutor.java:439)
	at com.kms.katalon.core.main.TestCaseExecutor.processExecutionPhase(TestCaseExecutor.java:418)
	at com.kms.katalon.core.main.TestCaseExecutor.accessMainPhase(TestCaseExecutor.java:410)
	at com.kms.katalon.core.main.TestCaseExecutor.execute(TestCaseExecutor.java:285)
	at com.kms.katalon.core.common.CommonExecutor.accessTestCaseMainPhase(CommonExecutor.java:65)
	at com.kms.katalon.core.main.TestSuiteExecutor.accessTestSuiteMainPhase(TestSuiteExecutor.java:150)
	at com.kms.katalon.core.main.TestSuiteExecutor.execute(TestSuiteExecutor.java:106)
	at com.kms.katalon.core.main.TestCaseMain.startTestSuite(TestCaseMain.java:180)
	at TempTestSuite1741028273844.run(TempTestSuite1741028273844.groovy:35)
	at java.base/jdk.internal.reflect.NativeMethodAccessorImpl.invoke0(Native Method)
	at java.base/jdk.internal.reflect.NativeMethodAccessorImpl.invoke(NativeMethodAccessorImpl.java:77)
	at java.base/jdk.internal.reflect.DelegatingMethodAccessorImpl.invoke(DelegatingMethodAccessorImpl.java:43)
Caused by: org.codehaus.groovy.control.MultipleCompilationErrorsException: startup failed:
file:/Users/cckozie/git/MissionNext-Katalon-Koz/Scripts/_Functions/Test%20Tooltips/Script1736959727538.groovy: 66: unable to resolve class Screen
 @ line 66, column 8.
   Screen s = new Screen()
          ^

file:/Users/cckozie/git/MissionNext-Katalon-Koz/Scripts/_Functions/Test%20Tooltips/Script1736959727538.groovy: 66: unable to resolve class Screen
 @ line 66, column 12.
   Screen s = new Screen()
              ^

file:/Users/cckozie/git/MissionNext-Katalon-Koz/Scripts/_Functions/Test%20Tooltips/Script1736959727538.groovy: 104: unable to resolve class Pattern
 @ line 104, column 17.
           Pattern icn = new Pattern(myImage).similar(0.10)
                   ^

file:/Users/cckozie/git/MissionNext-Katalon-Koz/Scripts/_Functions/Test%20Tooltips/Script1736959727538.groovy: 104: unable to resolve class Pattern
 @ line 104, column 23.
           Pattern icn = new Pattern(myImage).similar(0.10)
                         ^

4 errors

	at com.kms.katalon.core.main.ScriptEngine.getScript(ScriptEngine.java:199)
	at com.kms.katalon.core.main.ScriptEngine.run(ScriptEngine.java:194)
	at com.kms.katalon.core.main.ScriptEngine.runScriptAsRawText(ScriptEngine.java:119)
	at com.kms.katalon.core.main.TestCaseExecutor.runScript(TestCaseExecutor.java:448)
	at com.kms.katalon.core.main.TestCaseExecutor.doExecute(TestCaseExecutor.java:439)
	at com.kms.katalon.core.main.TestCaseExecutor.processExecutionPhase(TestCaseExecutor.java:418)
	at com.kms.katalon.core.main.TestCaseExecutor.accessMainPhase(TestCaseExecutor.java:410)
	at com.kms.katalon.core.main.TestCaseExecutor.execute(TestCaseExecutor.java:285)
	at com.kms.katalon.core.main.TestCaseMain.runTestCase(TestCaseMain.java:137)
	at com.kms.katalon.core.keyword.builtin.CallTestCaseKeyword$_callTestCase_closure1.doCall(CallTestCaseKeyword.groovy:59)
	... 60 more
)

03-03-2025T13:01:35 - [TEST_CASE][ERROR] - Test Cases/_Functions/Test Tooltips: Test Cases/_Functions/Test Tooltips FAILED.
Reason:
org.codehaus.groovy.control.MultipleCompilationErrorsException: startup failed:
file:/Users/cckozie/git/MissionNext-Katalon-Koz/Scripts/_Functions/Test%20Tooltips/Script1736959727538.groovy: 66: unable to resolve class Screen
 @ line 66, column 8.
   Screen s = new Screen()
          ^

file:/Users/cckozie/git/MissionNext-Katalon-Koz/Scripts/_Functions/Test%20Tooltips/Script1736959727538.groovy: 66: unable to resolve class Screen
 @ line 66, column 12.
   Screen s = new Screen()
              ^

file:/Users/cckozie/git/MissionNext-Katalon-Koz/Scripts/_Functions/Test%20Tooltips/Script1736959727538.groovy: 104: unable to resolve class Pattern
 @ line 104, column 17.
           Pattern icn = new Pattern(myImage).similar(0.10)
                   ^

file:/Users/cckozie/git/MissionNext-Katalon-Koz/Scripts/_Functions/Test%20Tooltips/Script1736959727538.groovy: 104: unable to resolve class Pattern
 @ line 104, column 23.
           Pattern icn = new Pattern(myImage).similar(0.10)
                         ^

4 errors

	at com.kms.katalon.core.main.ScriptEngine.getScript(ScriptEngine.java:199)
	at com.kms.katalon.core.main.ScriptEngine.run(ScriptEngine.java:194)
	at com.kms.katalon.core.main.ScriptEngine.runScriptAsRawText(ScriptEngine.java:119)
	at com.kms.katalon.core.main.TestCaseExecutor.runScript(TestCaseExecutor.java:448)
	at com.kms.katalon.core.main.TestCaseExecutor.doExecute(TestCaseExecutor.java:439)
	at com.kms.katalon.core.main.TestCaseExecutor.processExecutionPhase(TestCaseExecutor.java:418)
	at com.kms.katalon.core.main.TestCaseExecutor.accessMainPhase(TestCaseExecutor.java:410)
	at com.kms.katalon.core.main.TestCaseExecutor.execute(TestCaseExecutor.java:285)
	at com.kms.katalon.core.main.TestCaseMain.runTestCase(TestCaseMain.java:137)
	at com.kms.katalon.core.keyword.builtin.CallTestCaseKeyword$_callTestCase_closure1.doCall(CallTestCaseKeyword.groovy:59)
	at com.kms.katalon.core.keyword.builtin.CallTestCaseKeyword$_callTestCase_closure1.call(CallTestCaseKeyword.groovy)
	at com.kms.katalon.core.keyword.internal.KeywordMain.runKeyword(KeywordMain.groovy:75)
	at com.kms.katalon.core.keyword.builtin.CallTestCaseKeyword.callTestCase(CallTestCaseKeyword.groovy:81)
	at com.kms.katalon.core.keyword.builtin.CallTestCaseKeyword.execute(CallTestCaseKeyword.groovy:44)
	at com.kms.katalon.core.keyword.internal.KeywordExecutor.executeKeywordForPlatform(KeywordExecutor.groovy:74)
	at com.kms.katalon.core.keyword.BuiltinKeywords.callTestCase(BuiltinKeywords.groovy:310)
	at jdk.internal.reflect.GeneratedMethodAccessor16.invoke(Unknown Source)
	at java.base/jdk.internal.reflect.DelegatingMethodAccessorImpl.invoke(DelegatingMethodAccessorImpl.java:43)
	at Set Ministry Prefs.run(Set Ministry Prefs:82)
	at com.kms.katalon.core.main.ScriptEngine.run(ScriptEngine.java:194)
	at com.kms.katalon.core.main.ScriptEngine.runScriptAsRawText(ScriptEngine.java:119)
	at com.kms.katalon.core.main.TestCaseExecutor.runScript(TestCaseExecutor.java:448)
	at com.kms.katalon.core.main.TestCaseExecutor.doExecute(TestCaseExecutor.java:439)
	at com.kms.katalon.core.main.TestCaseExecutor.processExecutionPhase(TestCaseExecutor.java:418)
	at com.kms.katalon.core.main.TestCaseExecutor.accessMainPhase(TestCaseExecutor.java:410)
	at com.kms.katalon.core.main.TestCaseExecutor.execute(TestCaseExecutor.java:285)
	at com.kms.katalon.core.main.TestCaseMain.runTestCase(TestCaseMain.java:137)
	at com.kms.katalon.core.keyword.builtin.CallTestCaseKeyword$_callTestCase_closure1.doCall(CallTestCaseKeyword.groovy:59)
	at com.kms.katalon.core.keyword.builtin.CallTestCaseKeyword$_callTestCase_closure1.call(CallTestCaseKeyword.groovy)
	at com.kms.katalon.core.keyword.internal.KeywordMain.runKeyword(KeywordMain.groovy:75)
	at com.kms.katalon.core.keyword.builtin.CallTestCaseKeyword.callTestCase(CallTestCaseKeyword.groovy:81)
	at com.kms.katalon.core.keyword.builtin.CallTestCaseKeyword.execute(CallTestCaseKeyword.groovy:44)
	at com.kms.katalon.core.keyword.internal.KeywordExecutor.executeKeywordForPlatform(KeywordExecutor.groovy:74)
	at com.kms.katalon.core.keyword.BuiltinKeywords.callTestCase(BuiltinKeywords.groovy:310)
	at jdk.internal.reflect.GeneratedMethodAccessor16.invoke(Unknown Source)
	at java.base/jdk.internal.reflect.DelegatingMethodAccessorImpl.invoke(DelegatingMethodAccessorImpl.java:43)
	at Complete Journey Partner Profile.run(Complete Journey Partner Profile:215)
	at com.kms.katalon.core.main.ScriptEngine.run(ScriptEngine.java:194)
	at com.kms.katalon.core.main.ScriptEngine.runScriptAsRawText(ScriptEngine.java:119)
	at com.kms.katalon.core.main.TestCaseExecutor.runScript(TestCaseExecutor.java:448)
	at com.kms.katalon.core.main.TestCaseExecutor.doExecute(TestCaseExecutor.java:439)
	at com.kms.katalon.core.main.TestCaseExecutor.processExecutionPhase(TestCaseExecutor.java:418)
	at com.kms.katalon.core.main.TestCaseExecutor.accessMainPhase(TestCaseExecutor.java:410)
	at com.kms.katalon.core.main.TestCaseExecutor.execute(TestCaseExecutor.java:285)
	at com.kms.katalon.core.main.TestCaseMain.runTestCase(TestCaseMain.java:137)
	at com.kms.katalon.core.keyword.builtin.CallTestCaseKeyword$_callTestCase_closure1.doCall(CallTestCaseKeyword.groovy:59)
	at com.kms.katalon.core.keyword.builtin.CallTestCaseKeyword$_callTestCase_closure1.call(CallTestCaseKeyword.groovy)
	at com.kms.katalon.core.keyword.internal.KeywordMain.runKeyword(KeywordMain.groovy:75)
	at com.kms.katalon.core.keyword.builtin.CallTestCaseKeyword.callTestCase(CallTestCaseKeyword.groovy:81)
	at com.kms.katalon.core.keyword.builtin.CallTestCaseKeyword.execute(CallTestCaseKeyword.groovy:44)
	at com.kms.katalon.core.keyword.internal.KeywordExecutor.executeKeywordForPlatform(KeywordExecutor.groovy:74)
	at com.kms.katalon.core.keyword.BuiltinKeywords.callTestCase(BuiltinKeywords.groovy:310)
	at jdk.internal.reflect.GeneratedMethodAccessor16.invoke(Unknown Source)
	at java.base/jdk.internal.reflect.DelegatingMethodAccessorImpl.invoke(DelegatingMethodAccessorImpl.java:43)
	at Register Journey Partner.run(Register Journey Partner:368)
	at com.kms.katalon.core.main.ScriptEngine.run(ScriptEngine.java:194)
	at com.kms.katalon.core.main.ScriptEngine.runScriptAsRawText(ScriptEngine.java:119)
	at com.kms.katalon.core.main.TestCaseExecutor.runScript(TestCaseExecutor.java:448)
	at com.kms.katalon.core.main.TestCaseExecutor.doExecute(TestCaseExecutor.java:439)
	at com.kms.katalon.core.main.TestCaseExecutor.processExecutionPhase(TestCaseExecutor.java:418)
	at com.kms.katalon.core.main.TestCaseExecutor.accessMainPhase(TestCaseExecutor.java:410)
	at com.kms.katalon.core.main.TestCaseExecutor.execute(TestCaseExecutor.java:285)
	at com.kms.katalon.core.common.CommonExecutor.accessTestCaseMainPhase(CommonExecutor.java:65)
	at com.kms.katalon.core.main.TestSuiteExecutor.accessTestSuiteMainPhase(TestSuiteExecutor.java:150)
	at com.kms.katalon.core.main.TestSuiteExecutor.execute(TestSuiteExecutor.java:106)
	at com.kms.katalon.core.main.TestCaseMain.startTestSuite(TestCaseMain.java:180)
	at TempTestSuite1741028273844.run(TempTestSuite1741028273844.groovy:35)
	at java.base/jdk.internal.reflect.NativeMethodAccessorImpl.invoke0(Native Method)
	at java.base/jdk.internal.reflect.NativeMethodAccessorImpl.invoke(NativeMethodAccessorImpl.java:77)
	at java.base/jdk.internal.reflect.DelegatingMethodAccessorImpl.invoke(DelegatingMethodAccessorImpl.java:43)


03-03-2025T13:01:35 - [MESSAGE][WARNING] - Unable to call Test Case 'Test Cases/_Functions/Test Tooltips' (Root cause: com.kms.katalon.core.exception.StepErrorException: Call Test Case 'Test Cases/_Functions/Test Tooltips' failed because of error(s)
	at com.kms.katalon.core.keyword.builtin.CallTestCaseKeyword$_callTestCase_closure1.doCall(CallTestCaseKeyword.groovy:66)
	at com.kms.katalon.core.keyword.builtin.CallTestCaseKeyword$_callTestCase_closure1.call(CallTestCaseKeyword.groovy)
	at com.kms.katalon.core.keyword.internal.KeywordMain.runKeyword(KeywordMain.groovy:75)
	at com.kms.katalon.core.keyword.builtin.CallTestCaseKeyword.callTestCase(CallTestCaseKeyword.groovy:81)
	at com.kms.katalon.core.keyword.builtin.CallTestCaseKeyword.execute(CallTestCaseKeyword.groovy:44)
	at com.kms.katalon.core.keyword.internal.KeywordExecutor.executeKeywordForPlatform(KeywordExecutor.groovy:74)
	at com.kms.katalon.core.keyword.BuiltinKeywords.callTestCase(BuiltinKeywords.groovy:310)
	at jdk.internal.reflect.GeneratedMethodAccessor16.invoke(Unknown Source)
	at java.base/jdk.internal.reflect.DelegatingMethodAccessorImpl.invoke(DelegatingMethodAccessorImpl.java:43)
	at Set Ministry Prefs.run(Set Ministry Prefs:82)
	at com.kms.katalon.core.main.ScriptEngine.run(ScriptEngine.java:194)
	at com.kms.katalon.core.main.ScriptEngine.runScriptAsRawText(ScriptEngine.java:119)
	at com.kms.katalon.core.main.TestCaseExecutor.runScript(TestCaseExecutor.java:448)
	at com.kms.katalon.core.main.TestCaseExecutor.doExecute(TestCaseExecutor.java:439)
	at com.kms.katalon.core.main.TestCaseExecutor.processExecutionPhase(TestCaseExecutor.java:418)
	at com.kms.katalon.core.main.TestCaseExecutor.accessMainPhase(TestCaseExecutor.java:410)
	at com.kms.katalon.core.main.TestCaseExecutor.execute(TestCaseExecutor.java:285)
	at com.kms.katalon.core.main.TestCaseMain.runTestCase(TestCaseMain.java:137)
	at com.kms.katalon.core.keyword.builtin.CallTestCaseKeyword$_callTestCase_closure1.doCall(CallTestCaseKeyword.groovy:59)
	at com.kms.katalon.core.keyword.builtin.CallTestCaseKeyword$_callTestCase_closure1.call(CallTestCaseKeyword.groovy)
	at com.kms.katalon.core.keyword.internal.KeywordMain.runKeyword(KeywordMain.groovy:75)
	at com.kms.katalon.core.keyword.builtin.CallTestCaseKeyword.callTestCase(CallTestCaseKeyword.groovy:81)
	at com.kms.katalon.core.keyword.builtin.CallTestCaseKeyword.execute(CallTestCaseKeyword.groovy:44)
	at com.kms.katalon.core.keyword.internal.KeywordExecutor.executeKeywordForPlatform(KeywordExecutor.groovy:74)
	at com.kms.katalon.core.keyword.BuiltinKeywords.callTestCase(BuiltinKeywords.groovy:310)
	at jdk.internal.reflect.GeneratedMethodAccessor16.invoke(Unknown Source)
	at java.base/jdk.internal.reflect.DelegatingMethodAccessorImpl.invoke(DelegatingMethodAccessorImpl.java:43)
	at Complete Journey Partner Profile.run(Complete Journey Partner Profile:215)
	at com.kms.katalon.core.main.ScriptEngine.run(ScriptEngine.java:194)
	at com.kms.katalon.core.main.ScriptEngine.runScriptAsRawText(ScriptEngine.java:119)
	at com.kms.katalon.core.main.TestCaseExecutor.runScript(TestCaseExecutor.java:448)
	at com.kms.katalon.core.main.TestCaseExecutor.doExecute(TestCaseExecutor.java:439)
	at com.kms.katalon.core.main.TestCaseExecutor.processExecutionPhase(TestCaseExecutor.java:418)
	at com.kms.katalon.core.main.TestCaseExecutor.accessMainPhase(TestCaseExecutor.java:410)
	at com.kms.katalon.core.main.TestCaseExecutor.execute(TestCaseExecutor.java:285)
	at com.kms.katalon.core.main.TestCaseMain.runTestCase(TestCaseMain.java:137)
	at com.kms.katalon.core.keyword.builtin.CallTestCaseKeyword$_callTestCase_closure1.doCall(CallTestCaseKeyword.groovy:59)
	at com.kms.katalon.core.keyword.builtin.CallTestCaseKeyword$_callTestCase_closure1.call(CallTestCaseKeyword.groovy)
	at com.kms.katalon.core.keyword.internal.KeywordMain.runKeyword(KeywordMain.groovy:75)
	at com.kms.katalon.core.keyword.builtin.CallTestCaseKeyword.callTestCase(CallTestCaseKeyword.groovy:81)
	at com.kms.katalon.core.keyword.builtin.CallTestCaseKeyword.execute(CallTestCaseKeyword.groovy:44)
	at com.kms.katalon.core.keyword.internal.KeywordExecutor.executeKeywordForPlatform(KeywordExecutor.groovy:74)
	at com.kms.katalon.core.keyword.BuiltinKeywords.callTestCase(BuiltinKeywords.groovy:310)
	at jdk.internal.reflect.GeneratedMethodAccessor16.invoke(Unknown Source)
	at java.base/jdk.internal.reflect.DelegatingMethodAccessorImpl.invoke(DelegatingMethodAccessorImpl.java:43)
	at Register Journey Partner.run(Register Journey Partner:368)
	at com.kms.katalon.core.main.ScriptEngine.run(ScriptEngine.java:194)
	at com.kms.katalon.core.main.ScriptEngine.runScriptAsRawText(ScriptEngine.java:119)
	at com.kms.katalon.core.main.TestCaseExecutor.runScript(TestCaseExecutor.java:448)
	at com.kms.katalon.core.main.TestCaseExecutor.doExecute(TestCaseExecutor.java:439)
	at com.kms.katalon.core.main.TestCaseExecutor.processExecutionPhase(TestCaseExecutor.java:418)
	at com.kms.katalon.core.main.TestCaseExecutor.accessMainPhase(TestCaseExecutor.java:410)
	at com.kms.katalon.core.main.TestCaseExecutor.execute(TestCaseExecutor.java:285)
	at com.kms.katalon.core.common.CommonExecutor.accessTestCaseMainPhase(CommonExecutor.java:65)
	at com.kms.katalon.core.main.TestSuiteExecutor.accessTestSuiteMainPhase(TestSuiteExecutor.java:150)
	at com.kms.katalon.core.main.TestSuiteExecutor.execute(TestSuiteExecutor.java:106)
	at com.kms.katalon.core.main.TestCaseMain.startTestSuite(TestCaseMain.java:180)
	at TempTestSuite1741028273844.run(TempTestSuite1741028273844.groovy:35)
	at java.base/jdk.internal.reflect.NativeMethodAccessorImpl.invoke0(Native Method)
	at java.base/jdk.internal.reflect.NativeMethodAccessorImpl.invoke(NativeMethodAccessorImpl.java:77)
	at java.base/jdk.internal.reflect.DelegatingMethodAccessorImpl.invoke(DelegatingMethodAccessorImpl.java:43)
Caused by: org.codehaus.groovy.control.MultipleCompilationErrorsException: startup failed:
file:/Users/cckozie/git/MissionNext-Katalon-Koz/Scripts/_Functions/Test%20Tooltips/Script1736959727538.groovy: 66: unable to resolve class Screen
 @ line 66, column 8.
   Screen s = new Screen()
          ^

file:/Users/cckozie/git/MissionNext-Katalon-Koz/Scripts/_Functions/Test%20Tooltips/Script1736959727538.groovy: 66: unable to resolve class Screen
 @ line 66, column 12.
   Screen s = new Screen()
              ^

file:/Users/cckozie/git/MissionNext-Katalon-Koz/Scripts/_Functions/Test%20Tooltips/Script1736959727538.groovy: 104: unable to resolve class Pattern
 @ line 104, column 17.
           Pattern icn = new Pattern(myImage).similar(0.10)
                   ^

file:/Users/cckozie/git/MissionNext-Katalon-Koz/Scripts/_Functions/Test%20Tooltips/Script1736959727538.groovy: 104: unable to resolve class Pattern
 @ line 104, column 23.
           Pattern icn = new Pattern(myImage).similar(0.10)
                         ^

4 errors

	at com.kms.katalon.core.main.ScriptEngine.getScript(ScriptEngine.java:199)
	at com.kms.katalon.core.main.ScriptEngine.run(ScriptEngine.java:194)
	at com.kms.katalon.core.main.ScriptEngine.runScriptAsRawText(ScriptEngine.java:119)
	at com.kms.katalon.core.main.TestCaseExecutor.runScript(TestCaseExecutor.java:448)
	at com.kms.katalon.core.main.TestCaseExecutor.doExecute(TestCaseExecutor.java:439)
	at com.kms.katalon.core.main.TestCaseExecutor.processExecutionPhase(TestCaseExecutor.java:418)
	at com.kms.katalon.core.main.TestCaseExecutor.accessMainPhase(TestCaseExecutor.java:410)
	at com.kms.katalon.core.main.TestCaseExecutor.execute(TestCaseExecutor.java:285)
	at com.kms.katalon.core.main.TestCaseMain.runTestCase(TestCaseMain.java:137)
	at com.kms.katalon.core.keyword.builtin.CallTestCaseKeyword$_callTestCase_closure1.doCall(CallTestCaseKeyword.groovy:59)
	... 60 more
)

03-03-2025T13:01:35 - [TEST_STEP][PASSED] - url = getUrl(OPTIONAL): Current window's url is: 'https://journey.missionnext.org/profile?requestUri=/dashboard'

03-03-2025T13:01:35 - [MESSAGE][PASSED] - Current window's url is: 'https://journey.missionnext.org/profile?requestUri=/dashboard'

03-03-2025T13:01:35 - [TEST_STEP][PASSED] - if (!(url) == "https://education." + domain + "/profile?requestUri=/dashboard"): null

03-03-2025T13:01:35 - [TEST_STEP][PASSED] - outText = "Verifying the required field messages.
": null

03-03-2025T13:01:35 - [TEST_STEP][PASSED] - outFile.append(outText): null

03-03-2025T13:01:35 - [TEST_STEP][PASSED] - fieldList = []: null

03-03-2025T13:01:35 - [TEST_STEP][PASSED] - requiredFieldMsgs.each({ -> ... }): null

03-03-2025T13:01:35 - [TEST_STEP][PASSED] - callTestCase(findTestCase("_Functions/Test Field Error Messages"), ["varFieldList":fieldList, "varRequiredFieldMsgs":requiredFieldMsgs], STOP_ON_FAILURE): Call Test Case 'Test Cases/_Functions/Test Field Error Messages' successfully

03-03-2025T13:01:35 - [TEST_CASE][PASSED] - Test Cases/_Functions/Test Field Error Messages: Test Cases/_Functions/Test Field Error Messages

03-03-2025T13:01:35 - [TEST_STEP][PASSED] - count = callTestCase(findTestCase("_Functions/Find error messages"), ["varFunction":"count"], STOP_ON_FAILURE): Call Test Case 'Test Cases/_Functions/Find error messages' successfully

03-03-2025T13:01:35 - [TEST_CASE][PASSED] - Test Cases/_Functions/Find error messages: Test Cases/_Functions/Find error messages

03-03-2025T13:01:35 - [TEST_STEP][PASSED] - function = "count": null

03-03-2025T13:01:35 - [TEST_STEP][PASSED] - if (binding.hasVariable("varFunction")): null

03-03-2025T13:01:35 - [TEST_STEP][PASSED] - function = varFunction: null

03-03-2025T13:01:35 - [TEST_STEP][PASSED] - title = getWindowTitle(): Current window's title is: 'Journey'

03-03-2025T13:01:35 - [MESSAGE][PASSED] - Current window's title is: 'Journey'

03-03-2025T13:01:35 - [TEST_STEP][PASSED] - println("Page title is " + title): null

03-03-2025T13:01:35 - [TEST_STEP][PASSED] - driver = getWebDriver(): null

03-03-2025T13:01:35 - [TEST_STEP][PASSED] - elements = driver.findElements(By.xpath("//div[@class='col-sm-offset-3 col-sm-9 text-danger']")): null

03-03-2025T13:01:35 - [TEST_STEP][PASSED] - if (function == "count"): null

03-03-2025T13:01:35 - [TEST_STEP][PASSED] - return elements.size(): null

03-03-2025T13:01:35 - [MESSAGE][PASSED] - Call Test Case 'Test Cases/_Functions/Find error messages' successfully

03-03-2025T13:01:35 - [TEST_STEP][PASSED] - outFile = outFile: null

03-03-2025T13:01:35 - [TEST_STEP][PASSED] - if (count == 0): null

03-03-2025T13:01:35 - [TEST_STEP][PASSED] - else: Delayed 0 second(s)

03-03-2025T13:01:35 - [TEST_STEP][PASSED] - fieldList = varFieldList: null

03-03-2025T13:01:35 - [TEST_STEP][PASSED] - requiredFieldMsgs = varRequiredFieldMsgs: null

03-03-2025T13:01:35 - [TEST_STEP][PASSED] - outText = "Verifying error messages for fields " + fieldList: null

03-03-2025T13:01:35 - [TEST_STEP][PASSED] - for (def field : fieldList): null

03-03-2025T13:01:35 - [TEST_STEP][PASSED] - errorMsg = requiredFieldMsgs.get(field): null

03-03-2025T13:01:35 - [TEST_STEP][PASSED] - msg = verifyTextPresent(errorMsg, false, OPTIONAL): Text 'The ministry preferences field is required.' is present on page 

03-03-2025T13:01:35 - [MESSAGE][PASSED] - Text 'The ministry preferences field is required.' is present on page 

03-03-2025T13:01:35 - [TEST_STEP][PASSED] - println(field + ":" + msg): null

03-03-2025T13:01:35 - [TEST_STEP][PASSED] - if (!(msg)): null

03-03-2025T13:01:35 - [TEST_STEP][PASSED] - delay(fieldTestDelay): Delayed 0 second(s)

03-03-2025T13:01:35 - [MESSAGE][PASSED] - Delayed 0 second(s)

03-03-2025T13:01:35 - [MESSAGE][PASSED] - Call Test Case 'Test Cases/_Functions/Test Field Error Messages' successfully

03-03-2025T13:01:35 - [TEST_STEP][PASSED] - if (varNeed_specific_it_positions == "Yes"): Delayed 1 second(s)

03-03-2025T13:01:35 - [TEST_STEP][PASSED] - driver = getWebDriver(): null

03-03-2025T13:01:35 - [TEST_STEP][PASSED] - object = "Object Repository/Journey Partner Profile/Tabs/Ministry Prefs/input_Need Specific IT Positions": null

03-03-2025T13:01:35 - [TEST_STEP][PASSED] - element = findWebElement(findTestObject(object), 1): null

03-03-2025T13:01:35 - [TEST_STEP][PASSED] - myStatus = element.isSelected(): null

03-03-2025T13:01:35 - [TEST_STEP][PASSED] - if (varNeed_specific_it_positions == "Yes" && !(myStatus) || varNeed_specific_it_positions == "No" && myStatus): Delayed 1 second(s)

03-03-2025T13:01:35 - [TEST_STEP][PASSED] - callTestCase(findTestCase("_Functions/Perform Action"), ["varAction":"click", "varObject":object, "varParm1":null], STOP_ON_FAILURE): Call Test Case 'Test Cases/_Functions/Perform Action' successfully

03-03-2025T13:01:35 - [TEST_CASE][PASSED] - Test Cases/_Functions/Perform Action: Test Cases/_Functions/Perform Action

03-03-2025T13:01:35 - [TEST_STEP][PASSED] - action = varAction: null

03-03-2025T13:01:35 - [TEST_STEP][PASSED] - println(action): null

03-03-2025T13:01:35 - [TEST_STEP][PASSED] - testObject = varObject: null

03-03-2025T13:01:35 - [TEST_STEP][PASSED] - println(testObject): null

03-03-2025T13:01:35 - [TEST_STEP][PASSED] - parm1 = varParm1: null

03-03-2025T13:01:35 - [TEST_STEP][PASSED] - println(parm1): null

03-03-2025T13:01:35 - [TEST_STEP][PASSED] - println("Converting " + testObject + " to web element"): null

03-03-2025T13:01:35 - [TEST_STEP][PASSED] - element = findWebElement(findTestObject(testObject), 1): null

03-03-2025T13:01:35 - [TEST_STEP][PASSED] - loc = element.getLocation(): null

03-03-2025T13:01:35 - [TEST_STEP][PASSED] - y = loc.getY(): null

03-03-2025T13:01:35 - [TEST_STEP][PASSED] - println("Y location is " + y): null

03-03-2025T13:01:35 - [TEST_STEP][PASSED] - top = getViewportTopPosition(): Current viewport's top (y) position is 0

03-03-2025T13:01:35 - [MESSAGE][PASSED] - Current viewport's top (y) position is 0

03-03-2025T13:01:35 - [TEST_STEP][PASSED] - println("Viewport top is " + top): null

03-03-2025T13:01:35 - [TEST_STEP][PASSED] - bottom = top + 600: null

03-03-2025T13:01:35 - [TEST_STEP][PASSED] - if (y - top < 150 || bottom - y < 10): null

03-03-2025T13:01:35 - [TEST_STEP][PASSED] - if (action == "click"): Object: 'Object Repository/Journey Partner Profile/Tabs/Ministry Prefs/input_Need Specific IT Positions' is clicked on

03-03-2025T13:01:35 - [TEST_STEP][PASSED] - println("clicking"): null

03-03-2025T13:01:35 - [TEST_STEP][PASSED] - click(findTestObject(testObject)): Object: 'Object Repository/Journey Partner Profile/Tabs/Ministry Prefs/input_Need Specific IT Positions' is clicked on

03-03-2025T13:01:35 - [MESSAGE][PASSED] - Object: 'Object Repository/Journey Partner Profile/Tabs/Ministry Prefs/input_Need Specific IT Positions' is clicked on

03-03-2025T13:01:35 - [MESSAGE][PASSED] - Call Test Case 'Test Cases/_Functions/Perform Action' successfully

03-03-2025T13:01:35 - [TEST_STEP][PASSED] - delay(1): Delayed 1 second(s)

03-03-2025T13:01:36 - [MESSAGE][PASSED] - Delayed 1 second(s)

03-03-2025T13:01:36 - [TEST_STEP][PASSED] - if (!(fastPath)): null

03-03-2025T13:01:36 - [TEST_STEP][PASSED] - else: Call Test Case 'Test Cases/_Functions/Perform Action' successfully

03-03-2025T13:01:36 - [TEST_STEP][PASSED] - object = "Journey Partner Profile/Tabs/Ministry Prefs/input_Bible Teaching": null

03-03-2025T13:01:36 - [TEST_STEP][PASSED] - callTestCase(findTestCase("_Functions/Perform Action"), ["varAction":"click", "varObject":object], STOP_ON_FAILURE): Call Test Case 'Test Cases/_Functions/Perform Action' successfully

03-03-2025T13:01:36 - [TEST_CASE][PASSED] - Test Cases/_Functions/Perform Action: Test Cases/_Functions/Perform Action

03-03-2025T13:01:36 - [TEST_STEP][PASSED] - action = varAction: null

03-03-2025T13:01:36 - [TEST_STEP][PASSED] - println(action): null

03-03-2025T13:01:36 - [TEST_STEP][PASSED] - testObject = varObject: null

03-03-2025T13:01:36 - [TEST_STEP][PASSED] - println(testObject): null

03-03-2025T13:01:36 - [TEST_STEP][PASSED] - parm1 = varParm1: null

03-03-2025T13:01:36 - [TEST_STEP][PASSED] - println(parm1): null

03-03-2025T13:01:36 - [TEST_STEP][PASSED] - println("Converting " + testObject + " to web element"): null

03-03-2025T13:01:36 - [TEST_STEP][PASSED] - element = findWebElement(findTestObject(testObject), 1): null

03-03-2025T13:01:36 - [TEST_STEP][PASSED] - loc = element.getLocation(): null

03-03-2025T13:01:36 - [TEST_STEP][PASSED] - y = loc.getY(): null

03-03-2025T13:01:36 - [TEST_STEP][PASSED] - println("Y location is " + y): null

03-03-2025T13:01:36 - [TEST_STEP][PASSED] - top = getViewportTopPosition(): Current viewport's top (y) position is 0

03-03-2025T13:01:36 - [MESSAGE][PASSED] - Current viewport's top (y) position is 0

03-03-2025T13:01:36 - [TEST_STEP][PASSED] - println("Viewport top is " + top): null

03-03-2025T13:01:36 - [TEST_STEP][PASSED] - bottom = top + 600: null

03-03-2025T13:01:36 - [TEST_STEP][PASSED] - if (y - top < 150 || bottom - y < 10): null

03-03-2025T13:01:36 - [TEST_STEP][PASSED] - if (action == "click"): Object: 'Object Repository/Journey Partner Profile/Tabs/Ministry Prefs/input_Bible Teaching' is clicked on

03-03-2025T13:01:36 - [TEST_STEP][PASSED] - println("clicking"): null

03-03-2025T13:01:36 - [TEST_STEP][PASSED] - click(findTestObject(testObject)): Object: 'Object Repository/Journey Partner Profile/Tabs/Ministry Prefs/input_Bible Teaching' is clicked on

03-03-2025T13:01:36 - [MESSAGE][PASSED] - Object: 'Object Repository/Journey Partner Profile/Tabs/Ministry Prefs/input_Bible Teaching' is clicked on

03-03-2025T13:01:36 - [MESSAGE][PASSED] - Call Test Case 'Test Cases/_Functions/Perform Action' successfully

03-03-2025T13:01:36 - [TEST_STEP][PASSED] - object = "Journey Partner Profile/Tabs/Ministry Prefs/input_Bible Translation": null

03-03-2025T13:01:36 - [TEST_STEP][PASSED] - callTestCase(findTestCase("_Functions/Perform Action"), ["varAction":"click", "varObject":object], STOP_ON_FAILURE): Call Test Case 'Test Cases/_Functions/Perform Action' successfully

03-03-2025T13:01:36 - [TEST_CASE][PASSED] - Test Cases/_Functions/Perform Action: Test Cases/_Functions/Perform Action

03-03-2025T13:01:36 - [TEST_STEP][PASSED] - action = varAction: null

03-03-2025T13:01:36 - [TEST_STEP][PASSED] - println(action): null

03-03-2025T13:01:36 - [TEST_STEP][PASSED] - testObject = varObject: null

03-03-2025T13:01:36 - [TEST_STEP][PASSED] - println(testObject): null

03-03-2025T13:01:36 - [TEST_STEP][PASSED] - parm1 = varParm1: null

03-03-2025T13:01:36 - [TEST_STEP][PASSED] - println(parm1): null

03-03-2025T13:01:36 - [TEST_STEP][PASSED] - println("Converting " + testObject + " to web element"): null

03-03-2025T13:01:36 - [TEST_STEP][PASSED] - element = findWebElement(findTestObject(testObject), 1): null

03-03-2025T13:01:36 - [TEST_STEP][PASSED] - loc = element.getLocation(): null

03-03-2025T13:01:36 - [TEST_STEP][PASSED] - y = loc.getY(): null

03-03-2025T13:01:36 - [TEST_STEP][PASSED] - println("Y location is " + y): null

03-03-2025T13:01:36 - [TEST_STEP][PASSED] - top = getViewportTopPosition(): Current viewport's top (y) position is 0

03-03-2025T13:01:36 - [MESSAGE][PASSED] - Current viewport's top (y) position is 0

03-03-2025T13:01:36 - [TEST_STEP][PASSED] - println("Viewport top is " + top): null

03-03-2025T13:01:36 - [TEST_STEP][PASSED] - bottom = top + 600: null

03-03-2025T13:01:36 - [TEST_STEP][PASSED] - if (y - top < 150 || bottom - y < 10): Delayed 1 second(s)

03-03-2025T13:01:36 - [TEST_STEP][PASSED] - scrollToPosition(0, y - 150): Browser is scrolled to position x = 0, y = 1284

03-03-2025T13:01:36 - [MESSAGE][PASSED] - Browser is scrolled to position x = 0, y = 1284

03-03-2025T13:01:36 - [TEST_STEP][PASSED] - delay(1): Delayed 1 second(s)

03-03-2025T13:01:37 - [MESSAGE][PASSED] - Delayed 1 second(s)

03-03-2025T13:01:37 - [TEST_STEP][PASSED] - if (action == "click"): Object: 'Object Repository/Journey Partner Profile/Tabs/Ministry Prefs/input_Bible Translation' is clicked on

03-03-2025T13:01:37 - [TEST_STEP][PASSED] - println("clicking"): null

03-03-2025T13:01:37 - [TEST_STEP][PASSED] - click(findTestObject(testObject)): Object: 'Object Repository/Journey Partner Profile/Tabs/Ministry Prefs/input_Bible Translation' is clicked on

03-03-2025T13:01:37 - [MESSAGE][PASSED] - Object: 'Object Repository/Journey Partner Profile/Tabs/Ministry Prefs/input_Bible Translation' is clicked on

03-03-2025T13:01:37 - [MESSAGE][PASSED] - Call Test Case 'Test Cases/_Functions/Perform Action' successfully

03-03-2025T13:01:37 - [TEST_STEP][PASSED] - if (varOther_people_group != null): Call Test Case 'Test Cases/_Functions/Perform Action' successfully

03-03-2025T13:01:37 - [TEST_STEP][PASSED] - object = "Object Repository/Journey Partner Profile/Tabs/Ministry Prefs/textarea_Other People Group": null

03-03-2025T13:01:37 - [TEST_STEP][PASSED] - callTestCase(findTestCase("_Functions/Perform Action"), ["varAction":"setText", "varObject":object, "varParm1":varOther_people_group], STOP_ON_FAILURE): Call Test Case 'Test Cases/_Functions/Perform Action' successfully

03-03-2025T13:01:37 - [TEST_CASE][PASSED] - Test Cases/_Functions/Perform Action: Test Cases/_Functions/Perform Action

03-03-2025T13:01:37 - [TEST_STEP][PASSED] - action = varAction: null

03-03-2025T13:01:37 - [TEST_STEP][PASSED] - println(action): null

03-03-2025T13:01:37 - [TEST_STEP][PASSED] - testObject = varObject: null

03-03-2025T13:01:37 - [TEST_STEP][PASSED] - println(testObject): null

03-03-2025T13:01:37 - [TEST_STEP][PASSED] - parm1 = varParm1: null

03-03-2025T13:01:37 - [TEST_STEP][PASSED] - println(parm1): null

03-03-2025T13:01:37 - [TEST_STEP][PASSED] - println("Converting " + testObject + " to web element"): null

03-03-2025T13:01:37 - [TEST_STEP][PASSED] - element = findWebElement(findTestObject(testObject), 1): null

03-03-2025T13:01:37 - [TEST_STEP][PASSED] - loc = element.getLocation(): null

03-03-2025T13:01:37 - [TEST_STEP][PASSED] - y = loc.getY(): null

03-03-2025T13:01:37 - [TEST_STEP][PASSED] - println("Y location is " + y): null

03-03-2025T13:01:37 - [TEST_STEP][PASSED] - top = getViewportTopPosition(): Current viewport's top (y) position is 1284

03-03-2025T13:01:37 - [MESSAGE][PASSED] - Current viewport's top (y) position is 1284

03-03-2025T13:01:37 - [TEST_STEP][PASSED] - println("Viewport top is " + top): null

03-03-2025T13:01:37 - [TEST_STEP][PASSED] - bottom = top + 600: null

03-03-2025T13:01:37 - [TEST_STEP][PASSED] - if (y - top < 150 || bottom - y < 10): Delayed 1 second(s)

03-03-2025T13:01:37 - [TEST_STEP][PASSED] - scrollToPosition(0, y - 150): Browser is scrolled to position x = 0, y = 2438

03-03-2025T13:01:37 - [MESSAGE][PASSED] - Browser is scrolled to position x = 0, y = 2438

03-03-2025T13:01:37 - [TEST_STEP][PASSED] - delay(1): Delayed 1 second(s)

03-03-2025T13:01:38 - [MESSAGE][PASSED] - Delayed 1 second(s)

03-03-2025T13:01:38 - [TEST_STEP][PASSED] - if (action == "click"): null

03-03-2025T13:01:38 - [TEST_STEP][PASSED] - else if (action == "selectOptionByValue"): null

03-03-2025T13:01:38 - [TEST_STEP][PASSED] - else if (action == "setText"): Text 'None' is set on object 'Object Repository/Journey Partner Profile/Tabs/Ministry Prefs/textarea_Other People Group'

03-03-2025T13:01:38 - [TEST_STEP][PASSED] - println("Setting text " + parm1): null

03-03-2025T13:01:38 - [TEST_STEP][PASSED] - setText(findTestObject(testObject), parm1): Text 'None' is set on object 'Object Repository/Journey Partner Profile/Tabs/Ministry Prefs/textarea_Other People Group'

03-03-2025T13:01:38 - [MESSAGE][PASSED] - Text 'None' is set on object 'Object Repository/Journey Partner Profile/Tabs/Ministry Prefs/textarea_Other People Group'

03-03-2025T13:01:38 - [MESSAGE][PASSED] - Call Test Case 'Test Cases/_Functions/Perform Action' successfully

03-03-2025T13:01:38 - [TEST_STEP][PASSED] - click(findTestObject("Object Repository/Journey Partner Profile/Tabs//btn_Complete Submit")): Object: 'Object Repository/Journey Partner Profile/Tabs//btn_Complete Submit' is clicked on

03-03-2025T13:01:41 - [MESSAGE][PASSED] - Object: 'Object Repository/Journey Partner Profile/Tabs//btn_Complete Submit' is clicked on

03-03-2025T13:01:41 - [MESSAGE][PASSED] - Call Test Case 'Test Cases/Journey Partner Profile/Tabs/Set Ministry Prefs' successfully

03-03-2025T13:01:41 - [TEST_STEP][FAILED] - if (pages.size() == 0 || "All" in pages || "IT Positions" in pages): Unable to call Test Case 'Test Cases/Journey Partner Profile/Tabs/Set IT Positions' (Root cause: com.kms.katalon.core.exception.StepFailedException: Call Test Case 'Test Cases/Journey Partner Profile/Tabs/Set IT Positions' failed
	at com.kms.katalon.core.keyword.builtin.CallTestCaseKeyword$_callTestCase_closure1.doCall(CallTestCaseKeyword.groovy:63)
	at com.kms.katalon.core.keyword.builtin.CallTestCaseKeyword$_callTestCase_closure1.call(CallTestCaseKeyword.groovy)
	at com.kms.katalon.core.keyword.internal.KeywordMain.runKeyword(KeywordMain.groovy:75)
	at com.kms.katalon.core.keyword.builtin.CallTestCaseKeyword.callTestCase(CallTestCaseKeyword.groovy:81)
	at com.kms.katalon.core.keyword.builtin.CallTestCaseKeyword.execute(CallTestCaseKeyword.groovy:44)
	at com.kms.katalon.core.keyword.internal.KeywordExecutor.executeKeywordForPlatform(KeywordExecutor.groovy:74)
	at com.kms.katalon.core.keyword.BuiltinKeywords.callTestCase(BuiltinKeywords.groovy:310)
	at jdk.internal.reflect.GeneratedMethodAccessor16.invoke(Unknown Source)
	at java.base/jdk.internal.reflect.DelegatingMethodAccessorImpl.invoke(DelegatingMethodAccessorImpl.java:43)
	at Complete Journey Partner Profile.run(Complete Journey Partner Profile:237)
	at com.kms.katalon.core.main.ScriptEngine.run(ScriptEngine.java:194)
	at com.kms.katalon.core.main.ScriptEngine.runScriptAsRawText(ScriptEngine.java:119)
	at com.kms.katalon.core.main.TestCaseExecutor.runScript(TestCaseExecutor.java:448)
	at com.kms.katalon.core.main.TestCaseExecutor.doExecute(TestCaseExecutor.java:439)
	at com.kms.katalon.core.main.TestCaseExecutor.processExecutionPhase(TestCaseExecutor.java:418)
	at com.kms.katalon.core.main.TestCaseExecutor.accessMainPhase(TestCaseExecutor.java:410)
	at com.kms.katalon.core.main.TestCaseExecutor.execute(TestCaseExecutor.java:285)
	at com.kms.katalon.core.main.TestCaseMain.runTestCase(TestCaseMain.java:137)
	at com.kms.katalon.core.keyword.builtin.CallTestCaseKeyword$_callTestCase_closure1.doCall(CallTestCaseKeyword.groovy:59)
	at com.kms.katalon.core.keyword.builtin.CallTestCaseKeyword$_callTestCase_closure1.call(CallTestCaseKeyword.groovy)
	at com.kms.katalon.core.keyword.internal.KeywordMain.runKeyword(KeywordMain.groovy:75)
	at com.kms.katalon.core.keyword.builtin.CallTestCaseKeyword.callTestCase(CallTestCaseKeyword.groovy:81)
	at com.kms.katalon.core.keyword.builtin.CallTestCaseKeyword.execute(CallTestCaseKeyword.groovy:44)
	at com.kms.katalon.core.keyword.internal.KeywordExecutor.executeKeywordForPlatform(KeywordExecutor.groovy:74)
	at com.kms.katalon.core.keyword.BuiltinKeywords.callTestCase(BuiltinKeywords.groovy:310)
	at jdk.internal.reflect.GeneratedMethodAccessor16.invoke(Unknown Source)
	at java.base/jdk.internal.reflect.DelegatingMethodAccessorImpl.invoke(DelegatingMethodAccessorImpl.java:43)
	at Register Journey Partner.run(Register Journey Partner:368)
	at com.kms.katalon.core.main.ScriptEngine.run(ScriptEngine.java:194)
	at com.kms.katalon.core.main.ScriptEngine.runScriptAsRawText(ScriptEngine.java:119)
	at com.kms.katalon.core.main.TestCaseExecutor.runScript(TestCaseExecutor.java:448)
	at com.kms.katalon.core.main.TestCaseExecutor.doExecute(TestCaseExecutor.java:439)
	at com.kms.katalon.core.main.TestCaseExecutor.processExecutionPhase(TestCaseExecutor.java:418)
	at com.kms.katalon.core.main.TestCaseExecutor.accessMainPhase(TestCaseExecutor.java:410)
	at com.kms.katalon.core.main.TestCaseExecutor.execute(TestCaseExecutor.java:285)
	at com.kms.katalon.core.common.CommonExecutor.accessTestCaseMainPhase(CommonExecutor.java:65)
	at com.kms.katalon.core.main.TestSuiteExecutor.accessTestSuiteMainPhase(TestSuiteExecutor.java:150)
	at com.kms.katalon.core.main.TestSuiteExecutor.execute(TestSuiteExecutor.java:106)
	at com.kms.katalon.core.main.TestCaseMain.startTestSuite(TestCaseMain.java:180)
	at TempTestSuite1741028273844.run(TempTestSuite1741028273844.groovy:35)
	at java.base/jdk.internal.reflect.NativeMethodAccessorImpl.invoke0(Native Method)
	at java.base/jdk.internal.reflect.NativeMethodAccessorImpl.invoke(NativeMethodAccessorImpl.java:77)
	at java.base/jdk.internal.reflect.DelegatingMethodAccessorImpl.invoke(DelegatingMethodAccessorImpl.java:43)
Caused by: com.kms.katalon.core.exception.StepFailedException: Call Test Case 'Test Cases/_Functions/Perform Action' failed
	at com.kms.katalon.core.keyword.builtin.CallTestCaseKeyword$_callTestCase_closure1.doCall(CallTestCaseKeyword.groovy:63)
	at com.kms.katalon.core.keyword.builtin.CallTestCaseKeyword$_callTestCase_closure1.call(CallTestCaseKeyword.groovy)
	at com.kms.katalon.core.keyword.internal.KeywordMain.runKeyword(KeywordMain.groovy:75)
	at com.kms.katalon.core.keyword.builtin.CallTestCaseKeyword.callTestCase(CallTestCaseKeyword.groovy:81)
	at com.kms.katalon.core.keyword.builtin.CallTestCaseKeyword.execute(CallTestCaseKeyword.groovy:44)
	at com.kms.katalon.core.keyword.internal.KeywordExecutor.executeKeywordForPlatform(KeywordExecutor.groovy:74)
	at com.kms.katalon.core.keyword.BuiltinKeywords.callTestCase(BuiltinKeywords.groovy:310)
	at jdk.internal.reflect.GeneratedMethodAccessor16.invoke(Unknown Source)
	at java.base/jdk.internal.reflect.DelegatingMethodAccessorImpl.invoke(DelegatingMethodAccessorImpl.java:43)
	at Set IT Positions.run(Set IT Positions:115)
	at com.kms.katalon.core.main.ScriptEngine.run(ScriptEngine.java:194)
	at com.kms.katalon.core.main.ScriptEngine.runScriptAsRawText(ScriptEngine.java:119)
	at com.kms.katalon.core.main.TestCaseExecutor.runScript(TestCaseExecutor.java:448)
	at com.kms.katalon.core.main.TestCaseExecutor.doExecute(TestCaseExecutor.java:439)
	at com.kms.katalon.core.main.TestCaseExecutor.processExecutionPhase(TestCaseExecutor.java:418)
	at com.kms.katalon.core.main.TestCaseExecutor.accessMainPhase(TestCaseExecutor.java:410)
	at com.kms.katalon.core.main.TestCaseExecutor.execute(TestCaseExecutor.java:285)
	at com.kms.katalon.core.main.TestCaseMain.runTestCase(TestCaseMain.java:137)
	at com.kms.katalon.core.keyword.builtin.CallTestCaseKeyword$_callTestCase_closure1.doCall(CallTestCaseKeyword.groovy:59)
	... 42 more
Caused by: com.kms.katalon.core.exception.StepFailedException: Unable to scroll to position x = 0, y = -150
	at com.kms.katalon.core.webui.keyword.internal.WebUIKeywordMain.stepFailed(WebUIKeywordMain.groovy:117)
	at com.kms.katalon.core.webui.keyword.internal.WebUIKeywordMain.runKeyword(WebUIKeywordMain.groovy:43)
	at com.kms.katalon.core.webui.keyword.builtin.ScrollToPositionKeyword.scrollToPosition(ScrollToPositionKeyword.groovy:85)
	at com.kms.katalon.core.webui.keyword.builtin.ScrollToPositionKeyword.execute(ScrollToPositionKeyword.groovy:68)
	at com.kms.katalon.core.keyword.internal.KeywordExecutor.executeKeywordForPlatform(KeywordExecutor.groovy:74)
	at com.kms.katalon.core.webui.keyword.WebUiBuiltInKeywords.scrollToPosition(WebUiBuiltInKeywords.groovy:4581)
	at Perform Action.run(Perform Action:47)
	at com.kms.katalon.core.main.ScriptEngine.run(ScriptEngine.java:194)
	at com.kms.katalon.core.main.ScriptEngine.runScriptAsRawText(ScriptEngine.java:119)
	at com.kms.katalon.core.main.TestCaseExecutor.runScript(TestCaseExecutor.java:448)
	at com.kms.katalon.core.main.TestCaseExecutor.doExecute(TestCaseExecutor.java:439)
	at com.kms.katalon.core.main.TestCaseExecutor.processExecutionPhase(TestCaseExecutor.java:418)
	at com.kms.katalon.core.main.TestCaseExecutor.accessMainPhase(TestCaseExecutor.java:410)
	at com.kms.katalon.core.main.TestCaseExecutor.execute(TestCaseExecutor.java:285)
	at com.kms.katalon.core.main.TestCaseMain.runTestCase(TestCaseMain.java:137)
	at com.kms.katalon.core.keyword.builtin.CallTestCaseKeyword$_callTestCase_closure1.doCall(CallTestCaseKeyword.groovy:59)
	... 60 more
Caused by: java.lang.IllegalArgumentException: Y must be >= 0
	at com.kms.katalon.core.webui.keyword.builtin.ScrollToPositionKeyword$_scrollToPosition_closure1.doCall(ScrollToPositionKeyword.groovy:80)
	at com.kms.katalon.core.webui.keyword.builtin.ScrollToPositionKeyword$_scrollToPosition_closure1.call(ScrollToPositionKeyword.groovy)
	at com.kms.katalon.core.webui.keyword.internal.WebUIKeywordMain.runKeyword(WebUIKeywordMain.groovy:35)
	... 74 more
)

03-03-2025T13:01:41 - [TEST_STEP][PASSED] - if (!(fastPath)): null

03-03-2025T13:01:41 - [TEST_STEP][PASSED] - else: null

03-03-2025T13:01:41 - [TEST_STEP][PASSED] - positions = "": null

03-03-2025T13:01:41 - [TEST_STEP][PASSED] - languages = "": null

03-03-2025T13:01:41 - [TEST_STEP][FAILED] - callTestCase(findTestCase("Journey Partner Profile/Tabs/Set IT Positions"), ["varIT_expertice_needed":positions, "varComputer_languages":languages], STOP_ON_FAILURE): Unable to call Test Case 'Test Cases/Journey Partner Profile/Tabs/Set IT Positions' (Root cause: com.kms.katalon.core.exception.StepFailedException: Call Test Case 'Test Cases/Journey Partner Profile/Tabs/Set IT Positions' failed
	at com.kms.katalon.core.keyword.builtin.CallTestCaseKeyword$_callTestCase_closure1.doCall(CallTestCaseKeyword.groovy:63)
	at com.kms.katalon.core.keyword.builtin.CallTestCaseKeyword$_callTestCase_closure1.call(CallTestCaseKeyword.groovy)
	at com.kms.katalon.core.keyword.internal.KeywordMain.runKeyword(KeywordMain.groovy:75)
	at com.kms.katalon.core.keyword.builtin.CallTestCaseKeyword.callTestCase(CallTestCaseKeyword.groovy:81)
	at com.kms.katalon.core.keyword.builtin.CallTestCaseKeyword.execute(CallTestCaseKeyword.groovy:44)
	at com.kms.katalon.core.keyword.internal.KeywordExecutor.executeKeywordForPlatform(KeywordExecutor.groovy:74)
	at com.kms.katalon.core.keyword.BuiltinKeywords.callTestCase(BuiltinKeywords.groovy:310)
	at jdk.internal.reflect.GeneratedMethodAccessor16.invoke(Unknown Source)
	at java.base/jdk.internal.reflect.DelegatingMethodAccessorImpl.invoke(DelegatingMethodAccessorImpl.java:43)
	at Complete Journey Partner Profile.run(Complete Journey Partner Profile:237)
	at com.kms.katalon.core.main.ScriptEngine.run(ScriptEngine.java:194)
	at com.kms.katalon.core.main.ScriptEngine.runScriptAsRawText(ScriptEngine.java:119)
	at com.kms.katalon.core.main.TestCaseExecutor.runScript(TestCaseExecutor.java:448)
	at com.kms.katalon.core.main.TestCaseExecutor.doExecute(TestCaseExecutor.java:439)
	at com.kms.katalon.core.main.TestCaseExecutor.processExecutionPhase(TestCaseExecutor.java:418)
	at com.kms.katalon.core.main.TestCaseExecutor.accessMainPhase(TestCaseExecutor.java:410)
	at com.kms.katalon.core.main.TestCaseExecutor.execute(TestCaseExecutor.java:285)
	at com.kms.katalon.core.main.TestCaseMain.runTestCase(TestCaseMain.java:137)
	at com.kms.katalon.core.keyword.builtin.CallTestCaseKeyword$_callTestCase_closure1.doCall(CallTestCaseKeyword.groovy:59)
	at com.kms.katalon.core.keyword.builtin.CallTestCaseKeyword$_callTestCase_closure1.call(CallTestCaseKeyword.groovy)
	at com.kms.katalon.core.keyword.internal.KeywordMain.runKeyword(KeywordMain.groovy:75)
	at com.kms.katalon.core.keyword.builtin.CallTestCaseKeyword.callTestCase(CallTestCaseKeyword.groovy:81)
	at com.kms.katalon.core.keyword.builtin.CallTestCaseKeyword.execute(CallTestCaseKeyword.groovy:44)
	at com.kms.katalon.core.keyword.internal.KeywordExecutor.executeKeywordForPlatform(KeywordExecutor.groovy:74)
	at com.kms.katalon.core.keyword.BuiltinKeywords.callTestCase(BuiltinKeywords.groovy:310)
	at jdk.internal.reflect.GeneratedMethodAccessor16.invoke(Unknown Source)
	at java.base/jdk.internal.reflect.DelegatingMethodAccessorImpl.invoke(DelegatingMethodAccessorImpl.java:43)
	at Register Journey Partner.run(Register Journey Partner:368)
	at com.kms.katalon.core.main.ScriptEngine.run(ScriptEngine.java:194)
	at com.kms.katalon.core.main.ScriptEngine.runScriptAsRawText(ScriptEngine.java:119)
	at com.kms.katalon.core.main.TestCaseExecutor.runScript(TestCaseExecutor.java:448)
	at com.kms.katalon.core.main.TestCaseExecutor.doExecute(TestCaseExecutor.java:439)
	at com.kms.katalon.core.main.TestCaseExecutor.processExecutionPhase(TestCaseExecutor.java:418)
	at com.kms.katalon.core.main.TestCaseExecutor.accessMainPhase(TestCaseExecutor.java:410)
	at com.kms.katalon.core.main.TestCaseExecutor.execute(TestCaseExecutor.java:285)
	at com.kms.katalon.core.common.CommonExecutor.accessTestCaseMainPhase(CommonExecutor.java:65)
	at com.kms.katalon.core.main.TestSuiteExecutor.accessTestSuiteMainPhase(TestSuiteExecutor.java:150)
	at com.kms.katalon.core.main.TestSuiteExecutor.execute(TestSuiteExecutor.java:106)
	at com.kms.katalon.core.main.TestCaseMain.startTestSuite(TestCaseMain.java:180)
	at TempTestSuite1741028273844.run(TempTestSuite1741028273844.groovy:35)
	at java.base/jdk.internal.reflect.NativeMethodAccessorImpl.invoke0(Native Method)
	at java.base/jdk.internal.reflect.NativeMethodAccessorImpl.invoke(NativeMethodAccessorImpl.java:77)
	at java.base/jdk.internal.reflect.DelegatingMethodAccessorImpl.invoke(DelegatingMethodAccessorImpl.java:43)
Caused by: com.kms.katalon.core.exception.StepFailedException: Call Test Case 'Test Cases/_Functions/Perform Action' failed
	at com.kms.katalon.core.keyword.builtin.CallTestCaseKeyword$_callTestCase_closure1.doCall(CallTestCaseKeyword.groovy:63)
	at com.kms.katalon.core.keyword.builtin.CallTestCaseKeyword$_callTestCase_closure1.call(CallTestCaseKeyword.groovy)
	at com.kms.katalon.core.keyword.internal.KeywordMain.runKeyword(KeywordMain.groovy:75)
	at com.kms.katalon.core.keyword.builtin.CallTestCaseKeyword.callTestCase(CallTestCaseKeyword.groovy:81)
	at com.kms.katalon.core.keyword.builtin.CallTestCaseKeyword.execute(CallTestCaseKeyword.groovy:44)
	at com.kms.katalon.core.keyword.internal.KeywordExecutor.executeKeywordForPlatform(KeywordExecutor.groovy:74)
	at com.kms.katalon.core.keyword.BuiltinKeywords.callTestCase(BuiltinKeywords.groovy:310)
	at jdk.internal.reflect.GeneratedMethodAccessor16.invoke(Unknown Source)
	at java.base/jdk.internal.reflect.DelegatingMethodAccessorImpl.invoke(DelegatingMethodAccessorImpl.java:43)
	at Set IT Positions.run(Set IT Positions:115)
	at com.kms.katalon.core.main.ScriptEngine.run(ScriptEngine.java:194)
	at com.kms.katalon.core.main.ScriptEngine.runScriptAsRawText(ScriptEngine.java:119)
	at com.kms.katalon.core.main.TestCaseExecutor.runScript(TestCaseExecutor.java:448)
	at com.kms.katalon.core.main.TestCaseExecutor.doExecute(TestCaseExecutor.java:439)
	at com.kms.katalon.core.main.TestCaseExecutor.processExecutionPhase(TestCaseExecutor.java:418)
	at com.kms.katalon.core.main.TestCaseExecutor.accessMainPhase(TestCaseExecutor.java:410)
	at com.kms.katalon.core.main.TestCaseExecutor.execute(TestCaseExecutor.java:285)
	at com.kms.katalon.core.main.TestCaseMain.runTestCase(TestCaseMain.java:137)
	at com.kms.katalon.core.keyword.builtin.CallTestCaseKeyword$_callTestCase_closure1.doCall(CallTestCaseKeyword.groovy:59)
	... 42 more
Caused by: com.kms.katalon.core.exception.StepFailedException: Unable to scroll to position x = 0, y = -150
	at com.kms.katalon.core.webui.keyword.internal.WebUIKeywordMain.stepFailed(WebUIKeywordMain.groovy:117)
	at com.kms.katalon.core.webui.keyword.internal.WebUIKeywordMain.runKeyword(WebUIKeywordMain.groovy:43)
	at com.kms.katalon.core.webui.keyword.builtin.ScrollToPositionKeyword.scrollToPosition(ScrollToPositionKeyword.groovy:85)
	at com.kms.katalon.core.webui.keyword.builtin.ScrollToPositionKeyword.execute(ScrollToPositionKeyword.groovy:68)
	at com.kms.katalon.core.keyword.internal.KeywordExecutor.executeKeywordForPlatform(KeywordExecutor.groovy:74)
	at com.kms.katalon.core.webui.keyword.WebUiBuiltInKeywords.scrollToPosition(WebUiBuiltInKeywords.groovy:4581)
	at Perform Action.run(Perform Action:47)
	at com.kms.katalon.core.main.ScriptEngine.run(ScriptEngine.java:194)
	at com.kms.katalon.core.main.ScriptEngine.runScriptAsRawText(ScriptEngine.java:119)
	at com.kms.katalon.core.main.TestCaseExecutor.runScript(TestCaseExecutor.java:448)
	at com.kms.katalon.core.main.TestCaseExecutor.doExecute(TestCaseExecutor.java:439)
	at com.kms.katalon.core.main.TestCaseExecutor.processExecutionPhase(TestCaseExecutor.java:418)
	at com.kms.katalon.core.main.TestCaseExecutor.accessMainPhase(TestCaseExecutor.java:410)
	at com.kms.katalon.core.main.TestCaseExecutor.execute(TestCaseExecutor.java:285)
	at com.kms.katalon.core.main.TestCaseMain.runTestCase(TestCaseMain.java:137)
	at com.kms.katalon.core.keyword.builtin.CallTestCaseKeyword$_callTestCase_closure1.doCall(CallTestCaseKeyword.groovy:59)
	... 60 more
Caused by: java.lang.IllegalArgumentException: Y must be >= 0
	at com.kms.katalon.core.webui.keyword.builtin.ScrollToPositionKeyword$_scrollToPosition_closure1.doCall(ScrollToPositionKeyword.groovy:80)
	at com.kms.katalon.core.webui.keyword.builtin.ScrollToPositionKeyword$_scrollToPosition_closure1.call(ScrollToPositionKeyword.groovy)
	at com.kms.katalon.core.webui.keyword.internal.WebUIKeywordMain.runKeyword(WebUIKeywordMain.groovy:35)
	... 74 more
)

03-03-2025T13:01:41 - [TEST_CASE][FAILED] - Test Cases/Journey Partner Profile/Tabs/Set IT Positions: Test Cases/Journey Partner Profile/Tabs/Set IT Positions FAILED.
Reason:
com.kms.katalon.core.exception.StepFailedException: Call Test Case 'Test Cases/_Functions/Perform Action' failed
	at com.kms.katalon.core.keyword.builtin.CallTestCaseKeyword$_callTestCase_closure1.doCall(CallTestCaseKeyword.groovy:63)
	at com.kms.katalon.core.keyword.builtin.CallTestCaseKeyword$_callTestCase_closure1.call(CallTestCaseKeyword.groovy)
	at com.kms.katalon.core.keyword.internal.KeywordMain.runKeyword(KeywordMain.groovy:75)
	at com.kms.katalon.core.keyword.builtin.CallTestCaseKeyword.callTestCase(CallTestCaseKeyword.groovy:81)
	at com.kms.katalon.core.keyword.builtin.CallTestCaseKeyword.execute(CallTestCaseKeyword.groovy:44)
	at com.kms.katalon.core.keyword.internal.KeywordExecutor.executeKeywordForPlatform(KeywordExecutor.groovy:74)
	at com.kms.katalon.core.keyword.BuiltinKeywords.callTestCase(BuiltinKeywords.groovy:310)
	at jdk.internal.reflect.GeneratedMethodAccessor16.invoke(Unknown Source)
	at java.base/jdk.internal.reflect.DelegatingMethodAccessorImpl.invoke(DelegatingMethodAccessorImpl.java:43)
	at Set IT Positions.run(Set IT Positions:115)
	at com.kms.katalon.core.main.ScriptEngine.run(ScriptEngine.java:194)
	at com.kms.katalon.core.main.ScriptEngine.runScriptAsRawText(ScriptEngine.java:119)
	at com.kms.katalon.core.main.TestCaseExecutor.runScript(TestCaseExecutor.java:448)
	at com.kms.katalon.core.main.TestCaseExecutor.doExecute(TestCaseExecutor.java:439)
	at com.kms.katalon.core.main.TestCaseExecutor.processExecutionPhase(TestCaseExecutor.java:418)
	at com.kms.katalon.core.main.TestCaseExecutor.accessMainPhase(TestCaseExecutor.java:410)
	at com.kms.katalon.core.main.TestCaseExecutor.execute(TestCaseExecutor.java:285)
	at com.kms.katalon.core.main.TestCaseMain.runTestCase(TestCaseMain.java:137)
	at com.kms.katalon.core.keyword.builtin.CallTestCaseKeyword$_callTestCase_closure1.doCall(CallTestCaseKeyword.groovy:59)
	at com.kms.katalon.core.keyword.builtin.CallTestCaseKeyword$_callTestCase_closure1.call(CallTestCaseKeyword.groovy)
	at com.kms.katalon.core.keyword.internal.KeywordMain.runKeyword(KeywordMain.groovy:75)
	at com.kms.katalon.core.keyword.builtin.CallTestCaseKeyword.callTestCase(CallTestCaseKeyword.groovy:81)
	at com.kms.katalon.core.keyword.builtin.CallTestCaseKeyword.execute(CallTestCaseKeyword.groovy:44)
	at com.kms.katalon.core.keyword.internal.KeywordExecutor.executeKeywordForPlatform(KeywordExecutor.groovy:74)
	at com.kms.katalon.core.keyword.BuiltinKeywords.callTestCase(BuiltinKeywords.groovy:310)
	at jdk.internal.reflect.GeneratedMethodAccessor16.invoke(Unknown Source)
	at java.base/jdk.internal.reflect.DelegatingMethodAccessorImpl.invoke(DelegatingMethodAccessorImpl.java:43)
	at Complete Journey Partner Profile.run(Complete Journey Partner Profile:237)
	at com.kms.katalon.core.main.ScriptEngine.run(ScriptEngine.java:194)
	at com.kms.katalon.core.main.ScriptEngine.runScriptAsRawText(ScriptEngine.java:119)
	at com.kms.katalon.core.main.TestCaseExecutor.runScript(TestCaseExecutor.java:448)
	at com.kms.katalon.core.main.TestCaseExecutor.doExecute(TestCaseExecutor.java:439)
	at com.kms.katalon.core.main.TestCaseExecutor.processExecutionPhase(TestCaseExecutor.java:418)
	at com.kms.katalon.core.main.TestCaseExecutor.accessMainPhase(TestCaseExecutor.java:410)
	at com.kms.katalon.core.main.TestCaseExecutor.execute(TestCaseExecutor.java:285)
	at com.kms.katalon.core.main.TestCaseMain.runTestCase(TestCaseMain.java:137)
	at com.kms.katalon.core.keyword.builtin.CallTestCaseKeyword$_callTestCase_closure1.doCall(CallTestCaseKeyword.groovy:59)
	at com.kms.katalon.core.keyword.builtin.CallTestCaseKeyword$_callTestCase_closure1.call(CallTestCaseKeyword.groovy)
	at com.kms.katalon.core.keyword.internal.KeywordMain.runKeyword(KeywordMain.groovy:75)
	at com.kms.katalon.core.keyword.builtin.CallTestCaseKeyword.callTestCase(CallTestCaseKeyword.groovy:81)
	at com.kms.katalon.core.keyword.builtin.CallTestCaseKeyword.execute(CallTestCaseKeyword.groovy:44)
	at com.kms.katalon.core.keyword.internal.KeywordExecutor.executeKeywordForPlatform(KeywordExecutor.groovy:74)
	at com.kms.katalon.core.keyword.BuiltinKeywords.callTestCase(BuiltinKeywords.groovy:310)
	at jdk.internal.reflect.GeneratedMethodAccessor16.invoke(Unknown Source)
	at java.base/jdk.internal.reflect.DelegatingMethodAccessorImpl.invoke(DelegatingMethodAccessorImpl.java:43)
	at Register Journey Partner.run(Register Journey Partner:368)
	at com.kms.katalon.core.main.ScriptEngine.run(ScriptEngine.java:194)
	at com.kms.katalon.core.main.ScriptEngine.runScriptAsRawText(ScriptEngine.java:119)
	at com.kms.katalon.core.main.TestCaseExecutor.runScript(TestCaseExecutor.java:448)
	at com.kms.katalon.core.main.TestCaseExecutor.doExecute(TestCaseExecutor.java:439)
	at com.kms.katalon.core.main.TestCaseExecutor.processExecutionPhase(TestCaseExecutor.java:418)
	at com.kms.katalon.core.main.TestCaseExecutor.accessMainPhase(TestCaseExecutor.java:410)
	at com.kms.katalon.core.main.TestCaseExecutor.execute(TestCaseExecutor.java:285)
	at com.kms.katalon.core.common.CommonExecutor.accessTestCaseMainPhase(CommonExecutor.java:65)
	at com.kms.katalon.core.main.TestSuiteExecutor.accessTestSuiteMainPhase(TestSuiteExecutor.java:150)
	at com.kms.katalon.core.main.TestSuiteExecutor.execute(TestSuiteExecutor.java:106)
	at com.kms.katalon.core.main.TestCaseMain.startTestSuite(TestCaseMain.java:180)
	at TempTestSuite1741028273844.run(TempTestSuite1741028273844.groovy:35)
	at java.base/jdk.internal.reflect.NativeMethodAccessorImpl.invoke0(Native Method)
	at java.base/jdk.internal.reflect.NativeMethodAccessorImpl.invoke(NativeMethodAccessorImpl.java:77)
	at java.base/jdk.internal.reflect.DelegatingMethodAccessorImpl.invoke(DelegatingMethodAccessorImpl.java:43)
Caused by: com.kms.katalon.core.exception.StepFailedException: Unable to scroll to position x = 0, y = -150
	at com.kms.katalon.core.webui.keyword.internal.WebUIKeywordMain.stepFailed(WebUIKeywordMain.groovy:117)
	at com.kms.katalon.core.webui.keyword.internal.WebUIKeywordMain.runKeyword(WebUIKeywordMain.groovy:43)
	at com.kms.katalon.core.webui.keyword.builtin.ScrollToPositionKeyword.scrollToPosition(ScrollToPositionKeyword.groovy:85)
	at com.kms.katalon.core.webui.keyword.builtin.ScrollToPositionKeyword.execute(ScrollToPositionKeyword.groovy:68)
	at com.kms.katalon.core.keyword.internal.KeywordExecutor.executeKeywordForPlatform(KeywordExecutor.groovy:74)
	at com.kms.katalon.core.webui.keyword.WebUiBuiltInKeywords.scrollToPosition(WebUiBuiltInKeywords.groovy:4581)
	at Perform Action.run(Perform Action:47)
	at com.kms.katalon.core.main.ScriptEngine.run(ScriptEngine.java:194)
	at com.kms.katalon.core.main.ScriptEngine.runScriptAsRawText(ScriptEngine.java:119)
	at com.kms.katalon.core.main.TestCaseExecutor.runScript(TestCaseExecutor.java:448)
	at com.kms.katalon.core.main.TestCaseExecutor.doExecute(TestCaseExecutor.java:439)
	at com.kms.katalon.core.main.TestCaseExecutor.processExecutionPhase(TestCaseExecutor.java:418)
	at com.kms.katalon.core.main.TestCaseExecutor.accessMainPhase(TestCaseExecutor.java:410)
	at com.kms.katalon.core.main.TestCaseExecutor.execute(TestCaseExecutor.java:285)
	at com.kms.katalon.core.main.TestCaseMain.runTestCase(TestCaseMain.java:137)
	at com.kms.katalon.core.keyword.builtin.CallTestCaseKeyword$_callTestCase_closure1.doCall(CallTestCaseKeyword.groovy:59)
	... 60 more
Caused by: java.lang.IllegalArgumentException: Y must be >= 0
	at com.kms.katalon.core.webui.keyword.builtin.ScrollToPositionKeyword$_scrollToPosition_closure1.doCall(ScrollToPositionKeyword.groovy:80)
	at com.kms.katalon.core.webui.keyword.builtin.ScrollToPositionKeyword$_scrollToPosition_closure1.call(ScrollToPositionKeyword.groovy)
	at com.kms.katalon.core.webui.keyword.internal.WebUIKeywordMain.runKeyword(WebUIKeywordMain.groovy:35)
	... 74 more


03-03-2025T13:01:41 - [TEST_STEP][PASSED] - username = username: null

03-03-2025T13:01:41 - [TEST_STEP][PASSED] - if (username != "cktest07jp" && username != "cktest02jp"): null

03-03-2025T13:01:41 - [TEST_STEP][PASSED] - domain = domain: null

03-03-2025T13:01:41 - [TEST_STEP][PASSED] - writeFile = false: null

03-03-2025T13:01:41 - [TEST_STEP][PASSED] - testName = "Journey Partner IT Positions Tab": null

03-03-2025T13:01:41 - [TEST_STEP][PASSED] - outFile = callTestCase(findTestCase("_Functions/Set Output File"), ["varTestName":testName], STOP_ON_FAILURE): Call Test Case 'Test Cases/_Functions/Set Output File' successfully

03-03-2025T13:01:41 - [TEST_CASE][PASSED] - Test Cases/_Functions/Set Output File: Test Cases/_Functions/Set Output File

03-03-2025T13:01:41 - [TEST_STEP][PASSED] - testName = varTestName: null

03-03-2025T13:01:41 - [TEST_STEP][PASSED] - domain = domain: null

03-03-2025T13:01:41 - [TEST_STEP][PASSED] - writeFile = false: null

03-03-2025T13:01:41 - [TEST_STEP][PASSED] - if (outFile != ""): null

03-03-2025T13:01:41 - [TEST_STEP][PASSED] - myFile = outFile: null

03-03-2025T13:01:41 - [TEST_STEP][PASSED] - println(myFile): null

03-03-2025T13:01:41 - [TEST_STEP][PASSED] - outFile = new java.io.File(myFile): null

03-03-2025T13:01:41 - [TEST_STEP][PASSED] - writeFile = true: null

03-03-2025T13:01:41 - [TEST_STEP][PASSED] - if (!(writeFile)): null

03-03-2025T13:01:41 - [TEST_STEP][PASSED] - else: null

03-03-2025T13:01:41 - [TEST_STEP][PASSED] - outFile.append("
Testing " + testName + " on " + domain + ".
"): null

03-03-2025T13:01:41 - [TEST_STEP][PASSED] - return outFile: null

03-03-2025T13:01:41 - [MESSAGE][PASSED] - Call Test Case 'Test Cases/_Functions/Set Output File' successfully

03-03-2025T13:01:41 - [TEST_STEP][PASSED] - parms = [varIT_expertice_needed, varComputer_languages]: null

03-03-2025T13:01:41 - [TEST_STEP][PASSED] - it_experience_needed = "//input[@id='profile_group-1694886773.315_it_expertise_needed']": null

03-03-2025T13:01:41 - [TEST_STEP][PASSED] - computer_languages = "//input[@id='profile_group-1694886773.315_computer_languages']": null

03-03-2025T13:01:41 - [TEST_STEP][PASSED] - xpaths = [it_experience_needed, computer_languages]: null

03-03-2025T13:01:41 - [TEST_STEP][PASSED] - tooltipImagePath = "/Users/cckozie/git/MissionNext-Katalon-Koz/images/journey partner/": null

03-03-2025T13:01:41 - [TEST_STEP][PASSED] - testObjectFolder = "Journey Partner Profile/Tabs/IT Positions/": null

03-03-2025T13:01:41 - [TEST_STEP][PASSED] - tooltips = ["dummy":"dummy", "Computer Languages":"img_Computer Languages_field-tooltip"]: null

03-03-2025T13:01:41 - [TEST_STEP][PASSED] - tooltipText = ["Computer Languages":"Check at least one to match candidate selections. "]: null

03-03-2025T13:01:41 - [TEST_STEP][PASSED] - requiredFieldMsgs = []: null

03-03-2025T13:01:41 - [TEST_STEP][PASSED] - url = getUrl(OPTIONAL): Current window's url is: 'https://journey.missionnext.org/profile?requestUri=/dashboard'

03-03-2025T13:01:41 - [MESSAGE][PASSED] - Current window's url is: 'https://journey.missionnext.org/profile?requestUri=/dashboard'

03-03-2025T13:01:41 - [TEST_STEP][PASSED] - if (!(url) == "https://education." + domain + "/profile?requestUri=/dashboard"): null

03-03-2025T13:01:41 - [TEST_STEP][PASSED] - tooltipTextMap = callTestCase(findTestCase("_Functions/Get Screenshot and Tooltip Text"), ["varExtension":testName], STOP_ON_FAILURE): Call Test Case 'Test Cases/_Functions/Get Screenshot and Tooltip Text' successfully

03-03-2025T13:01:41 - [TEST_CASE][PASSED] - Test Cases/_Functions/Get Screenshot and Tooltip Text: Test Cases/_Functions/Get Screenshot and Tooltip Text

03-03-2025T13:01:41 - [TEST_STEP][PASSED] - if (fastPath): null

03-03-2025T13:01:41 - [TEST_STEP][PASSED] - return null: null

03-03-2025T13:01:41 - [MESSAGE][PASSED] - Call Test Case 'Test Cases/_Functions/Get Screenshot and Tooltip Text' successfully

03-03-2025T13:01:41 - [TEST_STEP][PASSED] - callTestCase(findTestCase("_Functions/Test Tooltips"), ["varTooltipImagePath":tooltipImagePath, "varTooltips":tooltips, "varTooltipText":tooltipText, "varTestObjectFolder":testObjectFolder, ... ], OPTIONAL): Unable to call Test Case 'Test Cases/_Functions/Test Tooltips' (Root cause: com.kms.katalon.core.exception.StepErrorException: Call Test Case 'Test Cases/_Functions/Test Tooltips' failed because of error(s)
	at com.kms.katalon.core.keyword.builtin.CallTestCaseKeyword$_callTestCase_closure1.doCall(CallTestCaseKeyword.groovy:66)
	at com.kms.katalon.core.keyword.builtin.CallTestCaseKeyword$_callTestCase_closure1.call(CallTestCaseKeyword.groovy)
	at com.kms.katalon.core.keyword.internal.KeywordMain.runKeyword(KeywordMain.groovy:75)
	at com.kms.katalon.core.keyword.builtin.CallTestCaseKeyword.callTestCase(CallTestCaseKeyword.groovy:81)
	at com.kms.katalon.core.keyword.builtin.CallTestCaseKeyword.execute(CallTestCaseKeyword.groovy:44)
	at com.kms.katalon.core.keyword.internal.KeywordExecutor.executeKeywordForPlatform(KeywordExecutor.groovy:74)
	at com.kms.katalon.core.keyword.BuiltinKeywords.callTestCase(BuiltinKeywords.groovy:310)
	at jdk.internal.reflect.GeneratedMethodAccessor16.invoke(Unknown Source)
	at java.base/jdk.internal.reflect.DelegatingMethodAccessorImpl.invoke(DelegatingMethodAccessorImpl.java:43)
	at Set IT Positions.run(Set IT Positions:93)
	at com.kms.katalon.core.main.ScriptEngine.run(ScriptEngine.java:194)
	at com.kms.katalon.core.main.ScriptEngine.runScriptAsRawText(ScriptEngine.java:119)
	at com.kms.katalon.core.main.TestCaseExecutor.runScript(TestCaseExecutor.java:448)
	at com.kms.katalon.core.main.TestCaseExecutor.doExecute(TestCaseExecutor.java:439)
	at com.kms.katalon.core.main.TestCaseExecutor.processExecutionPhase(TestCaseExecutor.java:418)
	at com.kms.katalon.core.main.TestCaseExecutor.accessMainPhase(TestCaseExecutor.java:410)
	at com.kms.katalon.core.main.TestCaseExecutor.execute(TestCaseExecutor.java:285)
	at com.kms.katalon.core.main.TestCaseMain.runTestCase(TestCaseMain.java:137)
	at com.kms.katalon.core.keyword.builtin.CallTestCaseKeyword$_callTestCase_closure1.doCall(CallTestCaseKeyword.groovy:59)
	at com.kms.katalon.core.keyword.builtin.CallTestCaseKeyword$_callTestCase_closure1.call(CallTestCaseKeyword.groovy)
	at com.kms.katalon.core.keyword.internal.KeywordMain.runKeyword(KeywordMain.groovy:75)
	at com.kms.katalon.core.keyword.builtin.CallTestCaseKeyword.callTestCase(CallTestCaseKeyword.groovy:81)
	at com.kms.katalon.core.keyword.builtin.CallTestCaseKeyword.execute(CallTestCaseKeyword.groovy:44)
	at com.kms.katalon.core.keyword.internal.KeywordExecutor.executeKeywordForPlatform(KeywordExecutor.groovy:74)
	at com.kms.katalon.core.keyword.BuiltinKeywords.callTestCase(BuiltinKeywords.groovy:310)
	at jdk.internal.reflect.GeneratedMethodAccessor16.invoke(Unknown Source)
	at java.base/jdk.internal.reflect.DelegatingMethodAccessorImpl.invoke(DelegatingMethodAccessorImpl.java:43)
	at Complete Journey Partner Profile.run(Complete Journey Partner Profile:237)
	at com.kms.katalon.core.main.ScriptEngine.run(ScriptEngine.java:194)
	at com.kms.katalon.core.main.ScriptEngine.runScriptAsRawText(ScriptEngine.java:119)
	at com.kms.katalon.core.main.TestCaseExecutor.runScript(TestCaseExecutor.java:448)
	at com.kms.katalon.core.main.TestCaseExecutor.doExecute(TestCaseExecutor.java:439)
	at com.kms.katalon.core.main.TestCaseExecutor.processExecutionPhase(TestCaseExecutor.java:418)
	at com.kms.katalon.core.main.TestCaseExecutor.accessMainPhase(TestCaseExecutor.java:410)
	at com.kms.katalon.core.main.TestCaseExecutor.execute(TestCaseExecutor.java:285)
	at com.kms.katalon.core.main.TestCaseMain.runTestCase(TestCaseMain.java:137)
	at com.kms.katalon.core.keyword.builtin.CallTestCaseKeyword$_callTestCase_closure1.doCall(CallTestCaseKeyword.groovy:59)
	at com.kms.katalon.core.keyword.builtin.CallTestCaseKeyword$_callTestCase_closure1.call(CallTestCaseKeyword.groovy)
	at com.kms.katalon.core.keyword.internal.KeywordMain.runKeyword(KeywordMain.groovy:75)
	at com.kms.katalon.core.keyword.builtin.CallTestCaseKeyword.callTestCase(CallTestCaseKeyword.groovy:81)
	at com.kms.katalon.core.keyword.builtin.CallTestCaseKeyword.execute(CallTestCaseKeyword.groovy:44)
	at com.kms.katalon.core.keyword.internal.KeywordExecutor.executeKeywordForPlatform(KeywordExecutor.groovy:74)
	at com.kms.katalon.core.keyword.BuiltinKeywords.callTestCase(BuiltinKeywords.groovy:310)
	at jdk.internal.reflect.GeneratedMethodAccessor16.invoke(Unknown Source)
	at java.base/jdk.internal.reflect.DelegatingMethodAccessorImpl.invoke(DelegatingMethodAccessorImpl.java:43)
	at Register Journey Partner.run(Register Journey Partner:368)
	at com.kms.katalon.core.main.ScriptEngine.run(ScriptEngine.java:194)
	at com.kms.katalon.core.main.ScriptEngine.runScriptAsRawText(ScriptEngine.java:119)
	at com.kms.katalon.core.main.TestCaseExecutor.runScript(TestCaseExecutor.java:448)
	at com.kms.katalon.core.main.TestCaseExecutor.doExecute(TestCaseExecutor.java:439)
	at com.kms.katalon.core.main.TestCaseExecutor.processExecutionPhase(TestCaseExecutor.java:418)
	at com.kms.katalon.core.main.TestCaseExecutor.accessMainPhase(TestCaseExecutor.java:410)
	at com.kms.katalon.core.main.TestCaseExecutor.execute(TestCaseExecutor.java:285)
	at com.kms.katalon.core.common.CommonExecutor.accessTestCaseMainPhase(CommonExecutor.java:65)
	at com.kms.katalon.core.main.TestSuiteExecutor.accessTestSuiteMainPhase(TestSuiteExecutor.java:150)
	at com.kms.katalon.core.main.TestSuiteExecutor.execute(TestSuiteExecutor.java:106)
	at com.kms.katalon.core.main.TestCaseMain.startTestSuite(TestCaseMain.java:180)
	at TempTestSuite1741028273844.run(TempTestSuite1741028273844.groovy:35)
	at java.base/jdk.internal.reflect.NativeMethodAccessorImpl.invoke0(Native Method)
	at java.base/jdk.internal.reflect.NativeMethodAccessorImpl.invoke(NativeMethodAccessorImpl.java:77)
	at java.base/jdk.internal.reflect.DelegatingMethodAccessorImpl.invoke(DelegatingMethodAccessorImpl.java:43)
Caused by: org.codehaus.groovy.control.MultipleCompilationErrorsException: startup failed:
file:/Users/cckozie/git/MissionNext-Katalon-Koz/Scripts/_Functions/Test%20Tooltips/Script1736959727538.groovy: 66: unable to resolve class Screen
 @ line 66, column 8.
   Screen s = new Screen()
          ^

file:/Users/cckozie/git/MissionNext-Katalon-Koz/Scripts/_Functions/Test%20Tooltips/Script1736959727538.groovy: 66: unable to resolve class Screen
 @ line 66, column 12.
   Screen s = new Screen()
              ^

file:/Users/cckozie/git/MissionNext-Katalon-Koz/Scripts/_Functions/Test%20Tooltips/Script1736959727538.groovy: 104: unable to resolve class Pattern
 @ line 104, column 17.
           Pattern icn = new Pattern(myImage).similar(0.10)
                   ^

file:/Users/cckozie/git/MissionNext-Katalon-Koz/Scripts/_Functions/Test%20Tooltips/Script1736959727538.groovy: 104: unable to resolve class Pattern
 @ line 104, column 23.
           Pattern icn = new Pattern(myImage).similar(0.10)
                         ^

4 errors

	at com.kms.katalon.core.main.ScriptEngine.getScript(ScriptEngine.java:199)
	at com.kms.katalon.core.main.ScriptEngine.run(ScriptEngine.java:194)
	at com.kms.katalon.core.main.ScriptEngine.runScriptAsRawText(ScriptEngine.java:119)
	at com.kms.katalon.core.main.TestCaseExecutor.runScript(TestCaseExecutor.java:448)
	at com.kms.katalon.core.main.TestCaseExecutor.doExecute(TestCaseExecutor.java:439)
	at com.kms.katalon.core.main.TestCaseExecutor.processExecutionPhase(TestCaseExecutor.java:418)
	at com.kms.katalon.core.main.TestCaseExecutor.accessMainPhase(TestCaseExecutor.java:410)
	at com.kms.katalon.core.main.TestCaseExecutor.execute(TestCaseExecutor.java:285)
	at com.kms.katalon.core.main.TestCaseMain.runTestCase(TestCaseMain.java:137)
	at com.kms.katalon.core.keyword.builtin.CallTestCaseKeyword$_callTestCase_closure1.doCall(CallTestCaseKeyword.groovy:59)
	... 60 more
)

03-03-2025T13:01:41 - [TEST_CASE][ERROR] - Test Cases/_Functions/Test Tooltips: Test Cases/_Functions/Test Tooltips FAILED.
Reason:
org.codehaus.groovy.control.MultipleCompilationErrorsException: startup failed:
file:/Users/cckozie/git/MissionNext-Katalon-Koz/Scripts/_Functions/Test%20Tooltips/Script1736959727538.groovy: 66: unable to resolve class Screen
 @ line 66, column 8.
   Screen s = new Screen()
          ^

file:/Users/cckozie/git/MissionNext-Katalon-Koz/Scripts/_Functions/Test%20Tooltips/Script1736959727538.groovy: 66: unable to resolve class Screen
 @ line 66, column 12.
   Screen s = new Screen()
              ^

file:/Users/cckozie/git/MissionNext-Katalon-Koz/Scripts/_Functions/Test%20Tooltips/Script1736959727538.groovy: 104: unable to resolve class Pattern
 @ line 104, column 17.
           Pattern icn = new Pattern(myImage).similar(0.10)
                   ^

file:/Users/cckozie/git/MissionNext-Katalon-Koz/Scripts/_Functions/Test%20Tooltips/Script1736959727538.groovy: 104: unable to resolve class Pattern
 @ line 104, column 23.
           Pattern icn = new Pattern(myImage).similar(0.10)
                         ^

4 errors

	at com.kms.katalon.core.main.ScriptEngine.getScript(ScriptEngine.java:199)
	at com.kms.katalon.core.main.ScriptEngine.run(ScriptEngine.java:194)
	at com.kms.katalon.core.main.ScriptEngine.runScriptAsRawText(ScriptEngine.java:119)
	at com.kms.katalon.core.main.TestCaseExecutor.runScript(TestCaseExecutor.java:448)
	at com.kms.katalon.core.main.TestCaseExecutor.doExecute(TestCaseExecutor.java:439)
	at com.kms.katalon.core.main.TestCaseExecutor.processExecutionPhase(TestCaseExecutor.java:418)
	at com.kms.katalon.core.main.TestCaseExecutor.accessMainPhase(TestCaseExecutor.java:410)
	at com.kms.katalon.core.main.TestCaseExecutor.execute(TestCaseExecutor.java:285)
	at com.kms.katalon.core.main.TestCaseMain.runTestCase(TestCaseMain.java:137)
	at com.kms.katalon.core.keyword.builtin.CallTestCaseKeyword$_callTestCase_closure1.doCall(CallTestCaseKeyword.groovy:59)
	at com.kms.katalon.core.keyword.builtin.CallTestCaseKeyword$_callTestCase_closure1.call(CallTestCaseKeyword.groovy)
	at com.kms.katalon.core.keyword.internal.KeywordMain.runKeyword(KeywordMain.groovy:75)
	at com.kms.katalon.core.keyword.builtin.CallTestCaseKeyword.callTestCase(CallTestCaseKeyword.groovy:81)
	at com.kms.katalon.core.keyword.builtin.CallTestCaseKeyword.execute(CallTestCaseKeyword.groovy:44)
	at com.kms.katalon.core.keyword.internal.KeywordExecutor.executeKeywordForPlatform(KeywordExecutor.groovy:74)
	at com.kms.katalon.core.keyword.BuiltinKeywords.callTestCase(BuiltinKeywords.groovy:310)
	at jdk.internal.reflect.GeneratedMethodAccessor16.invoke(Unknown Source)
	at java.base/jdk.internal.reflect.DelegatingMethodAccessorImpl.invoke(DelegatingMethodAccessorImpl.java:43)
	at Set IT Positions.run(Set IT Positions:93)
	at com.kms.katalon.core.main.ScriptEngine.run(ScriptEngine.java:194)
	at com.kms.katalon.core.main.ScriptEngine.runScriptAsRawText(ScriptEngine.java:119)
	at com.kms.katalon.core.main.TestCaseExecutor.runScript(TestCaseExecutor.java:448)
	at com.kms.katalon.core.main.TestCaseExecutor.doExecute(TestCaseExecutor.java:439)
	at com.kms.katalon.core.main.TestCaseExecutor.processExecutionPhase(TestCaseExecutor.java:418)
	at com.kms.katalon.core.main.TestCaseExecutor.accessMainPhase(TestCaseExecutor.java:410)
	at com.kms.katalon.core.main.TestCaseExecutor.execute(TestCaseExecutor.java:285)
	at com.kms.katalon.core.main.TestCaseMain.runTestCase(TestCaseMain.java:137)
	at com.kms.katalon.core.keyword.builtin.CallTestCaseKeyword$_callTestCase_closure1.doCall(CallTestCaseKeyword.groovy:59)
	at com.kms.katalon.core.keyword.builtin.CallTestCaseKeyword$_callTestCase_closure1.call(CallTestCaseKeyword.groovy)
	at com.kms.katalon.core.keyword.internal.KeywordMain.runKeyword(KeywordMain.groovy:75)
	at com.kms.katalon.core.keyword.builtin.CallTestCaseKeyword.callTestCase(CallTestCaseKeyword.groovy:81)
	at com.kms.katalon.core.keyword.builtin.CallTestCaseKeyword.execute(CallTestCaseKeyword.groovy:44)
	at com.kms.katalon.core.keyword.internal.KeywordExecutor.executeKeywordForPlatform(KeywordExecutor.groovy:74)
	at com.kms.katalon.core.keyword.BuiltinKeywords.callTestCase(BuiltinKeywords.groovy:310)
	at jdk.internal.reflect.GeneratedMethodAccessor16.invoke(Unknown Source)
	at java.base/jdk.internal.reflect.DelegatingMethodAccessorImpl.invoke(DelegatingMethodAccessorImpl.java:43)
	at Complete Journey Partner Profile.run(Complete Journey Partner Profile:237)
	at com.kms.katalon.core.main.ScriptEngine.run(ScriptEngine.java:194)
	at com.kms.katalon.core.main.ScriptEngine.runScriptAsRawText(ScriptEngine.java:119)
	at com.kms.katalon.core.main.TestCaseExecutor.runScript(TestCaseExecutor.java:448)
	at com.kms.katalon.core.main.TestCaseExecutor.doExecute(TestCaseExecutor.java:439)
	at com.kms.katalon.core.main.TestCaseExecutor.processExecutionPhase(TestCaseExecutor.java:418)
	at com.kms.katalon.core.main.TestCaseExecutor.accessMainPhase(TestCaseExecutor.java:410)
	at com.kms.katalon.core.main.TestCaseExecutor.execute(TestCaseExecutor.java:285)
	at com.kms.katalon.core.main.TestCaseMain.runTestCase(TestCaseMain.java:137)
	at com.kms.katalon.core.keyword.builtin.CallTestCaseKeyword$_callTestCase_closure1.doCall(CallTestCaseKeyword.groovy:59)
	at com.kms.katalon.core.keyword.builtin.CallTestCaseKeyword$_callTestCase_closure1.call(CallTestCaseKeyword.groovy)
	at com.kms.katalon.core.keyword.internal.KeywordMain.runKeyword(KeywordMain.groovy:75)
	at com.kms.katalon.core.keyword.builtin.CallTestCaseKeyword.callTestCase(CallTestCaseKeyword.groovy:81)
	at com.kms.katalon.core.keyword.builtin.CallTestCaseKeyword.execute(CallTestCaseKeyword.groovy:44)
	at com.kms.katalon.core.keyword.internal.KeywordExecutor.executeKeywordForPlatform(KeywordExecutor.groovy:74)
	at com.kms.katalon.core.keyword.BuiltinKeywords.callTestCase(BuiltinKeywords.groovy:310)
	at jdk.internal.reflect.GeneratedMethodAccessor16.invoke(Unknown Source)
	at java.base/jdk.internal.reflect.DelegatingMethodAccessorImpl.invoke(DelegatingMethodAccessorImpl.java:43)
	at Register Journey Partner.run(Register Journey Partner:368)
	at com.kms.katalon.core.main.ScriptEngine.run(ScriptEngine.java:194)
	at com.kms.katalon.core.main.ScriptEngine.runScriptAsRawText(ScriptEngine.java:119)
	at com.kms.katalon.core.main.TestCaseExecutor.runScript(TestCaseExecutor.java:448)
	at com.kms.katalon.core.main.TestCaseExecutor.doExecute(TestCaseExecutor.java:439)
	at com.kms.katalon.core.main.TestCaseExecutor.processExecutionPhase(TestCaseExecutor.java:418)
	at com.kms.katalon.core.main.TestCaseExecutor.accessMainPhase(TestCaseExecutor.java:410)
	at com.kms.katalon.core.main.TestCaseExecutor.execute(TestCaseExecutor.java:285)
	at com.kms.katalon.core.common.CommonExecutor.accessTestCaseMainPhase(CommonExecutor.java:65)
	at com.kms.katalon.core.main.TestSuiteExecutor.accessTestSuiteMainPhase(TestSuiteExecutor.java:150)
	at com.kms.katalon.core.main.TestSuiteExecutor.execute(TestSuiteExecutor.java:106)
	at com.kms.katalon.core.main.TestCaseMain.startTestSuite(TestCaseMain.java:180)
	at TempTestSuite1741028273844.run(TempTestSuite1741028273844.groovy:35)
	at java.base/jdk.internal.reflect.NativeMethodAccessorImpl.invoke0(Native Method)
	at java.base/jdk.internal.reflect.NativeMethodAccessorImpl.invoke(NativeMethodAccessorImpl.java:77)
	at java.base/jdk.internal.reflect.DelegatingMethodAccessorImpl.invoke(DelegatingMethodAccessorImpl.java:43)


03-03-2025T13:01:41 - [MESSAGE][WARNING] - Unable to call Test Case 'Test Cases/_Functions/Test Tooltips' (Root cause: com.kms.katalon.core.exception.StepErrorException: Call Test Case 'Test Cases/_Functions/Test Tooltips' failed because of error(s)
	at com.kms.katalon.core.keyword.builtin.CallTestCaseKeyword$_callTestCase_closure1.doCall(CallTestCaseKeyword.groovy:66)
	at com.kms.katalon.core.keyword.builtin.CallTestCaseKeyword$_callTestCase_closure1.call(CallTestCaseKeyword.groovy)
	at com.kms.katalon.core.keyword.internal.KeywordMain.runKeyword(KeywordMain.groovy:75)
	at com.kms.katalon.core.keyword.builtin.CallTestCaseKeyword.callTestCase(CallTestCaseKeyword.groovy:81)
	at com.kms.katalon.core.keyword.builtin.CallTestCaseKeyword.execute(CallTestCaseKeyword.groovy:44)
	at com.kms.katalon.core.keyword.internal.KeywordExecutor.executeKeywordForPlatform(KeywordExecutor.groovy:74)
	at com.kms.katalon.core.keyword.BuiltinKeywords.callTestCase(BuiltinKeywords.groovy:310)
	at jdk.internal.reflect.GeneratedMethodAccessor16.invoke(Unknown Source)
	at java.base/jdk.internal.reflect.DelegatingMethodAccessorImpl.invoke(DelegatingMethodAccessorImpl.java:43)
	at Set IT Positions.run(Set IT Positions:93)
	at com.kms.katalon.core.main.ScriptEngine.run(ScriptEngine.java:194)
	at com.kms.katalon.core.main.ScriptEngine.runScriptAsRawText(ScriptEngine.java:119)
	at com.kms.katalon.core.main.TestCaseExecutor.runScript(TestCaseExecutor.java:448)
	at com.kms.katalon.core.main.TestCaseExecutor.doExecute(TestCaseExecutor.java:439)
	at com.kms.katalon.core.main.TestCaseExecutor.processExecutionPhase(TestCaseExecutor.java:418)
	at com.kms.katalon.core.main.TestCaseExecutor.accessMainPhase(TestCaseExecutor.java:410)
	at com.kms.katalon.core.main.TestCaseExecutor.execute(TestCaseExecutor.java:285)
	at com.kms.katalon.core.main.TestCaseMain.runTestCase(TestCaseMain.java:137)
	at com.kms.katalon.core.keyword.builtin.CallTestCaseKeyword$_callTestCase_closure1.doCall(CallTestCaseKeyword.groovy:59)
	at com.kms.katalon.core.keyword.builtin.CallTestCaseKeyword$_callTestCase_closure1.call(CallTestCaseKeyword.groovy)
	at com.kms.katalon.core.keyword.internal.KeywordMain.runKeyword(KeywordMain.groovy:75)
	at com.kms.katalon.core.keyword.builtin.CallTestCaseKeyword.callTestCase(CallTestCaseKeyword.groovy:81)
	at com.kms.katalon.core.keyword.builtin.CallTestCaseKeyword.execute(CallTestCaseKeyword.groovy:44)
	at com.kms.katalon.core.keyword.internal.KeywordExecutor.executeKeywordForPlatform(KeywordExecutor.groovy:74)
	at com.kms.katalon.core.keyword.BuiltinKeywords.callTestCase(BuiltinKeywords.groovy:310)
	at jdk.internal.reflect.GeneratedMethodAccessor16.invoke(Unknown Source)
	at java.base/jdk.internal.reflect.DelegatingMethodAccessorImpl.invoke(DelegatingMethodAccessorImpl.java:43)
	at Complete Journey Partner Profile.run(Complete Journey Partner Profile:237)
	at com.kms.katalon.core.main.ScriptEngine.run(ScriptEngine.java:194)
	at com.kms.katalon.core.main.ScriptEngine.runScriptAsRawText(ScriptEngine.java:119)
	at com.kms.katalon.core.main.TestCaseExecutor.runScript(TestCaseExecutor.java:448)
	at com.kms.katalon.core.main.TestCaseExecutor.doExecute(TestCaseExecutor.java:439)
	at com.kms.katalon.core.main.TestCaseExecutor.processExecutionPhase(TestCaseExecutor.java:418)
	at com.kms.katalon.core.main.TestCaseExecutor.accessMainPhase(TestCaseExecutor.java:410)
	at com.kms.katalon.core.main.TestCaseExecutor.execute(TestCaseExecutor.java:285)
	at com.kms.katalon.core.main.TestCaseMain.runTestCase(TestCaseMain.java:137)
	at com.kms.katalon.core.keyword.builtin.CallTestCaseKeyword$_callTestCase_closure1.doCall(CallTestCaseKeyword.groovy:59)
	at com.kms.katalon.core.keyword.builtin.CallTestCaseKeyword$_callTestCase_closure1.call(CallTestCaseKeyword.groovy)
	at com.kms.katalon.core.keyword.internal.KeywordMain.runKeyword(KeywordMain.groovy:75)
	at com.kms.katalon.core.keyword.builtin.CallTestCaseKeyword.callTestCase(CallTestCaseKeyword.groovy:81)
	at com.kms.katalon.core.keyword.builtin.CallTestCaseKeyword.execute(CallTestCaseKeyword.groovy:44)
	at com.kms.katalon.core.keyword.internal.KeywordExecutor.executeKeywordForPlatform(KeywordExecutor.groovy:74)
	at com.kms.katalon.core.keyword.BuiltinKeywords.callTestCase(BuiltinKeywords.groovy:310)
	at jdk.internal.reflect.GeneratedMethodAccessor16.invoke(Unknown Source)
	at java.base/jdk.internal.reflect.DelegatingMethodAccessorImpl.invoke(DelegatingMethodAccessorImpl.java:43)
	at Register Journey Partner.run(Register Journey Partner:368)
	at com.kms.katalon.core.main.ScriptEngine.run(ScriptEngine.java:194)
	at com.kms.katalon.core.main.ScriptEngine.runScriptAsRawText(ScriptEngine.java:119)
	at com.kms.katalon.core.main.TestCaseExecutor.runScript(TestCaseExecutor.java:448)
	at com.kms.katalon.core.main.TestCaseExecutor.doExecute(TestCaseExecutor.java:439)
	at com.kms.katalon.core.main.TestCaseExecutor.processExecutionPhase(TestCaseExecutor.java:418)
	at com.kms.katalon.core.main.TestCaseExecutor.accessMainPhase(TestCaseExecutor.java:410)
	at com.kms.katalon.core.main.TestCaseExecutor.execute(TestCaseExecutor.java:285)
	at com.kms.katalon.core.common.CommonExecutor.accessTestCaseMainPhase(CommonExecutor.java:65)
	at com.kms.katalon.core.main.TestSuiteExecutor.accessTestSuiteMainPhase(TestSuiteExecutor.java:150)
	at com.kms.katalon.core.main.TestSuiteExecutor.execute(TestSuiteExecutor.java:106)
	at com.kms.katalon.core.main.TestCaseMain.startTestSuite(TestCaseMain.java:180)
	at TempTestSuite1741028273844.run(TempTestSuite1741028273844.groovy:35)
	at java.base/jdk.internal.reflect.NativeMethodAccessorImpl.invoke0(Native Method)
	at java.base/jdk.internal.reflect.NativeMethodAccessorImpl.invoke(NativeMethodAccessorImpl.java:77)
	at java.base/jdk.internal.reflect.DelegatingMethodAccessorImpl.invoke(DelegatingMethodAccessorImpl.java:43)
Caused by: org.codehaus.groovy.control.MultipleCompilationErrorsException: startup failed:
file:/Users/cckozie/git/MissionNext-Katalon-Koz/Scripts/_Functions/Test%20Tooltips/Script1736959727538.groovy: 66: unable to resolve class Screen
 @ line 66, column 8.
   Screen s = new Screen()
          ^

file:/Users/cckozie/git/MissionNext-Katalon-Koz/Scripts/_Functions/Test%20Tooltips/Script1736959727538.groovy: 66: unable to resolve class Screen
 @ line 66, column 12.
   Screen s = new Screen()
              ^

file:/Users/cckozie/git/MissionNext-Katalon-Koz/Scripts/_Functions/Test%20Tooltips/Script1736959727538.groovy: 104: unable to resolve class Pattern
 @ line 104, column 17.
           Pattern icn = new Pattern(myImage).similar(0.10)
                   ^

file:/Users/cckozie/git/MissionNext-Katalon-Koz/Scripts/_Functions/Test%20Tooltips/Script1736959727538.groovy: 104: unable to resolve class Pattern
 @ line 104, column 23.
           Pattern icn = new Pattern(myImage).similar(0.10)
                         ^

4 errors

	at com.kms.katalon.core.main.ScriptEngine.getScript(ScriptEngine.java:199)
	at com.kms.katalon.core.main.ScriptEngine.run(ScriptEngine.java:194)
	at com.kms.katalon.core.main.ScriptEngine.runScriptAsRawText(ScriptEngine.java:119)
	at com.kms.katalon.core.main.TestCaseExecutor.runScript(TestCaseExecutor.java:448)
	at com.kms.katalon.core.main.TestCaseExecutor.doExecute(TestCaseExecutor.java:439)
	at com.kms.katalon.core.main.TestCaseExecutor.processExecutionPhase(TestCaseExecutor.java:418)
	at com.kms.katalon.core.main.TestCaseExecutor.accessMainPhase(TestCaseExecutor.java:410)
	at com.kms.katalon.core.main.TestCaseExecutor.execute(TestCaseExecutor.java:285)
	at com.kms.katalon.core.main.TestCaseMain.runTestCase(TestCaseMain.java:137)
	at com.kms.katalon.core.keyword.builtin.CallTestCaseKeyword$_callTestCase_closure1.doCall(CallTestCaseKeyword.groovy:59)
	... 60 more
)

03-03-2025T13:01:41 - [TEST_STEP][PASSED] - outText = "Verifying the required field messages.
": null

03-03-2025T13:01:41 - [TEST_STEP][PASSED] - outFile.append(outText): null

03-03-2025T13:01:41 - [TEST_STEP][PASSED] - fieldList = []: null

03-03-2025T13:01:41 - [TEST_STEP][PASSED] - requiredFieldMsgs.each({ -> ... }): null

03-03-2025T13:01:41 - [TEST_STEP][PASSED] - callTestCase(findTestCase("_Functions/Test Field Error Messages"), ["varFieldList":fieldList, "varRequiredFieldMsgs":requiredFieldMsgs], STOP_ON_FAILURE): Call Test Case 'Test Cases/_Functions/Test Field Error Messages' successfully

03-03-2025T13:01:41 - [TEST_CASE][PASSED] - Test Cases/_Functions/Test Field Error Messages: Test Cases/_Functions/Test Field Error Messages

03-03-2025T13:01:41 - [TEST_STEP][PASSED] - count = callTestCase(findTestCase("_Functions/Find error messages"), ["varFunction":"count"], STOP_ON_FAILURE): Call Test Case 'Test Cases/_Functions/Find error messages' successfully

03-03-2025T13:01:41 - [TEST_CASE][PASSED] - Test Cases/_Functions/Find error messages: Test Cases/_Functions/Find error messages

03-03-2025T13:01:41 - [TEST_STEP][PASSED] - function = "count": null

03-03-2025T13:01:41 - [TEST_STEP][PASSED] - if (binding.hasVariable("varFunction")): null

03-03-2025T13:01:41 - [TEST_STEP][PASSED] - function = varFunction: null

03-03-2025T13:01:41 - [TEST_STEP][PASSED] - title = getWindowTitle(): Current window's title is: 'Journey'

03-03-2025T13:01:41 - [MESSAGE][PASSED] - Current window's title is: 'Journey'

03-03-2025T13:01:41 - [TEST_STEP][PASSED] - println("Page title is " + title): null

03-03-2025T13:01:41 - [TEST_STEP][PASSED] - driver = getWebDriver(): null

03-03-2025T13:01:41 - [TEST_STEP][PASSED] - elements = driver.findElements(By.xpath("//div[@class='col-sm-offset-3 col-sm-9 text-danger']")): null

03-03-2025T13:01:41 - [TEST_STEP][PASSED] - if (function == "count"): null

03-03-2025T13:01:41 - [TEST_STEP][PASSED] - return elements.size(): null

03-03-2025T13:01:41 - [MESSAGE][PASSED] - Call Test Case 'Test Cases/_Functions/Find error messages' successfully

03-03-2025T13:01:41 - [TEST_STEP][PASSED] - outFile = outFile: null

03-03-2025T13:01:41 - [TEST_STEP][PASSED] - if (count == 0): null

03-03-2025T13:01:41 - [TEST_STEP][PASSED] - else: Delayed 0 second(s)

03-03-2025T13:01:41 - [TEST_STEP][PASSED] - fieldList = varFieldList: null

03-03-2025T13:01:41 - [TEST_STEP][PASSED] - requiredFieldMsgs = varRequiredFieldMsgs: null

03-03-2025T13:01:41 - [TEST_STEP][PASSED] - outText = "Verifying error messages for fields " + fieldList: null

03-03-2025T13:01:41 - [TEST_STEP][PASSED] - for (def field : fieldList): null

03-03-2025T13:01:41 - [TEST_STEP][PASSED] - delay(fieldTestDelay): Delayed 0 second(s)

03-03-2025T13:01:41 - [MESSAGE][PASSED] - Delayed 0 second(s)

03-03-2025T13:01:41 - [MESSAGE][PASSED] - Call Test Case 'Test Cases/_Functions/Test Field Error Messages' successfully

03-03-2025T13:01:41 - [TEST_STEP][PASSED] - if (!(fastPath)): null

03-03-2025T13:01:41 - [TEST_STEP][FAILED] - else: Unable to call Test Case 'Test Cases/_Functions/Perform Action' (Root cause: com.kms.katalon.core.exception.StepFailedException: Call Test Case 'Test Cases/_Functions/Perform Action' failed
	at com.kms.katalon.core.keyword.builtin.CallTestCaseKeyword$_callTestCase_closure1.doCall(CallTestCaseKeyword.groovy:63)
	at com.kms.katalon.core.keyword.builtin.CallTestCaseKeyword$_callTestCase_closure1.call(CallTestCaseKeyword.groovy)
	at com.kms.katalon.core.keyword.internal.KeywordMain.runKeyword(KeywordMain.groovy:75)
	at com.kms.katalon.core.keyword.builtin.CallTestCaseKeyword.callTestCase(CallTestCaseKeyword.groovy:81)
	at com.kms.katalon.core.keyword.builtin.CallTestCaseKeyword.execute(CallTestCaseKeyword.groovy:44)
	at com.kms.katalon.core.keyword.internal.KeywordExecutor.executeKeywordForPlatform(KeywordExecutor.groovy:74)
	at com.kms.katalon.core.keyword.BuiltinKeywords.callTestCase(BuiltinKeywords.groovy:310)
	at jdk.internal.reflect.GeneratedMethodAccessor16.invoke(Unknown Source)
	at java.base/jdk.internal.reflect.DelegatingMethodAccessorImpl.invoke(DelegatingMethodAccessorImpl.java:43)
	at Set IT Positions.run(Set IT Positions:115)
	at com.kms.katalon.core.main.ScriptEngine.run(ScriptEngine.java:194)
	at com.kms.katalon.core.main.ScriptEngine.runScriptAsRawText(ScriptEngine.java:119)
	at com.kms.katalon.core.main.TestCaseExecutor.runScript(TestCaseExecutor.java:448)
	at com.kms.katalon.core.main.TestCaseExecutor.doExecute(TestCaseExecutor.java:439)
	at com.kms.katalon.core.main.TestCaseExecutor.processExecutionPhase(TestCaseExecutor.java:418)
	at com.kms.katalon.core.main.TestCaseExecutor.accessMainPhase(TestCaseExecutor.java:410)
	at com.kms.katalon.core.main.TestCaseExecutor.execute(TestCaseExecutor.java:285)
	at com.kms.katalon.core.main.TestCaseMain.runTestCase(TestCaseMain.java:137)
	at com.kms.katalon.core.keyword.builtin.CallTestCaseKeyword$_callTestCase_closure1.doCall(CallTestCaseKeyword.groovy:59)
	at com.kms.katalon.core.keyword.builtin.CallTestCaseKeyword$_callTestCase_closure1.call(CallTestCaseKeyword.groovy)
	at com.kms.katalon.core.keyword.internal.KeywordMain.runKeyword(KeywordMain.groovy:75)
	at com.kms.katalon.core.keyword.builtin.CallTestCaseKeyword.callTestCase(CallTestCaseKeyword.groovy:81)
	at com.kms.katalon.core.keyword.builtin.CallTestCaseKeyword.execute(CallTestCaseKeyword.groovy:44)
	at com.kms.katalon.core.keyword.internal.KeywordExecutor.executeKeywordForPlatform(KeywordExecutor.groovy:74)
	at com.kms.katalon.core.keyword.BuiltinKeywords.callTestCase(BuiltinKeywords.groovy:310)
	at jdk.internal.reflect.GeneratedMethodAccessor16.invoke(Unknown Source)
	at java.base/jdk.internal.reflect.DelegatingMethodAccessorImpl.invoke(DelegatingMethodAccessorImpl.java:43)
	at Complete Journey Partner Profile.run(Complete Journey Partner Profile:237)
	at com.kms.katalon.core.main.ScriptEngine.run(ScriptEngine.java:194)
	at com.kms.katalon.core.main.ScriptEngine.runScriptAsRawText(ScriptEngine.java:119)
	at com.kms.katalon.core.main.TestCaseExecutor.runScript(TestCaseExecutor.java:448)
	at com.kms.katalon.core.main.TestCaseExecutor.doExecute(TestCaseExecutor.java:439)
	at com.kms.katalon.core.main.TestCaseExecutor.processExecutionPhase(TestCaseExecutor.java:418)
	at com.kms.katalon.core.main.TestCaseExecutor.accessMainPhase(TestCaseExecutor.java:410)
	at com.kms.katalon.core.main.TestCaseExecutor.execute(TestCaseExecutor.java:285)
	at com.kms.katalon.core.main.TestCaseMain.runTestCase(TestCaseMain.java:137)
	at com.kms.katalon.core.keyword.builtin.CallTestCaseKeyword$_callTestCase_closure1.doCall(CallTestCaseKeyword.groovy:59)
	at com.kms.katalon.core.keyword.builtin.CallTestCaseKeyword$_callTestCase_closure1.call(CallTestCaseKeyword.groovy)
	at com.kms.katalon.core.keyword.internal.KeywordMain.runKeyword(KeywordMain.groovy:75)
	at com.kms.katalon.core.keyword.builtin.CallTestCaseKeyword.callTestCase(CallTestCaseKeyword.groovy:81)
	at com.kms.katalon.core.keyword.builtin.CallTestCaseKeyword.execute(CallTestCaseKeyword.groovy:44)
	at com.kms.katalon.core.keyword.internal.KeywordExecutor.executeKeywordForPlatform(KeywordExecutor.groovy:74)
	at com.kms.katalon.core.keyword.BuiltinKeywords.callTestCase(BuiltinKeywords.groovy:310)
	at jdk.internal.reflect.GeneratedMethodAccessor16.invoke(Unknown Source)
	at java.base/jdk.internal.reflect.DelegatingMethodAccessorImpl.invoke(DelegatingMethodAccessorImpl.java:43)
	at Register Journey Partner.run(Register Journey Partner:368)
	at com.kms.katalon.core.main.ScriptEngine.run(ScriptEngine.java:194)
	at com.kms.katalon.core.main.ScriptEngine.runScriptAsRawText(ScriptEngine.java:119)
	at com.kms.katalon.core.main.TestCaseExecutor.runScript(TestCaseExecutor.java:448)
	at com.kms.katalon.core.main.TestCaseExecutor.doExecute(TestCaseExecutor.java:439)
	at com.kms.katalon.core.main.TestCaseExecutor.processExecutionPhase(TestCaseExecutor.java:418)
	at com.kms.katalon.core.main.TestCaseExecutor.accessMainPhase(TestCaseExecutor.java:410)
	at com.kms.katalon.core.main.TestCaseExecutor.execute(TestCaseExecutor.java:285)
	at com.kms.katalon.core.common.CommonExecutor.accessTestCaseMainPhase(CommonExecutor.java:65)
	at com.kms.katalon.core.main.TestSuiteExecutor.accessTestSuiteMainPhase(TestSuiteExecutor.java:150)
	at com.kms.katalon.core.main.TestSuiteExecutor.execute(TestSuiteExecutor.java:106)
	at com.kms.katalon.core.main.TestCaseMain.startTestSuite(TestCaseMain.java:180)
	at TempTestSuite1741028273844.run(TempTestSuite1741028273844.groovy:35)
	at java.base/jdk.internal.reflect.NativeMethodAccessorImpl.invoke0(Native Method)
	at java.base/jdk.internal.reflect.NativeMethodAccessorImpl.invoke(NativeMethodAccessorImpl.java:77)
	at java.base/jdk.internal.reflect.DelegatingMethodAccessorImpl.invoke(DelegatingMethodAccessorImpl.java:43)
Caused by: com.kms.katalon.core.exception.StepFailedException: Unable to scroll to position x = 0, y = -150
	at com.kms.katalon.core.webui.keyword.internal.WebUIKeywordMain.stepFailed(WebUIKeywordMain.groovy:117)
	at com.kms.katalon.core.webui.keyword.internal.WebUIKeywordMain.runKeyword(WebUIKeywordMain.groovy:43)
	at com.kms.katalon.core.webui.keyword.builtin.ScrollToPositionKeyword.scrollToPosition(ScrollToPositionKeyword.groovy:85)
	at com.kms.katalon.core.webui.keyword.builtin.ScrollToPositionKeyword.execute(ScrollToPositionKeyword.groovy:68)
	at com.kms.katalon.core.keyword.internal.KeywordExecutor.executeKeywordForPlatform(KeywordExecutor.groovy:74)
	at com.kms.katalon.core.webui.keyword.WebUiBuiltInKeywords.scrollToPosition(WebUiBuiltInKeywords.groovy:4581)
	at Perform Action.run(Perform Action:47)
	at com.kms.katalon.core.main.ScriptEngine.run(ScriptEngine.java:194)
	at com.kms.katalon.core.main.ScriptEngine.runScriptAsRawText(ScriptEngine.java:119)
	at com.kms.katalon.core.main.TestCaseExecutor.runScript(TestCaseExecutor.java:448)
	at com.kms.katalon.core.main.TestCaseExecutor.doExecute(TestCaseExecutor.java:439)
	at com.kms.katalon.core.main.TestCaseExecutor.processExecutionPhase(TestCaseExecutor.java:418)
	at com.kms.katalon.core.main.TestCaseExecutor.accessMainPhase(TestCaseExecutor.java:410)
	at com.kms.katalon.core.main.TestCaseExecutor.execute(TestCaseExecutor.java:285)
	at com.kms.katalon.core.main.TestCaseMain.runTestCase(TestCaseMain.java:137)
	at com.kms.katalon.core.keyword.builtin.CallTestCaseKeyword$_callTestCase_closure1.doCall(CallTestCaseKeyword.groovy:59)
	... 60 more
Caused by: java.lang.IllegalArgumentException: Y must be >= 0
	at com.kms.katalon.core.webui.keyword.builtin.ScrollToPositionKeyword$_scrollToPosition_closure1.doCall(ScrollToPositionKeyword.groovy:80)
	at com.kms.katalon.core.webui.keyword.builtin.ScrollToPositionKeyword$_scrollToPosition_closure1.call(ScrollToPositionKeyword.groovy)
	at com.kms.katalon.core.webui.keyword.internal.WebUIKeywordMain.runKeyword(WebUIKeywordMain.groovy:35)
	... 74 more
)

03-03-2025T13:01:41 - [TEST_STEP][PASSED] - object = "Journey Partner Profile/Tabs/IT Positions/input_Developer, Applications": null

03-03-2025T13:01:41 - [TEST_STEP][FAILED] - callTestCase(findTestCase("_Functions/Perform Action"), ["varAction":"click", "varObject":object], STOP_ON_FAILURE): Unable to call Test Case 'Test Cases/_Functions/Perform Action' (Root cause: com.kms.katalon.core.exception.StepFailedException: Call Test Case 'Test Cases/_Functions/Perform Action' failed
	at com.kms.katalon.core.keyword.builtin.CallTestCaseKeyword$_callTestCase_closure1.doCall(CallTestCaseKeyword.groovy:63)
	at com.kms.katalon.core.keyword.builtin.CallTestCaseKeyword$_callTestCase_closure1.call(CallTestCaseKeyword.groovy)
	at com.kms.katalon.core.keyword.internal.KeywordMain.runKeyword(KeywordMain.groovy:75)
	at com.kms.katalon.core.keyword.builtin.CallTestCaseKeyword.callTestCase(CallTestCaseKeyword.groovy:81)
	at com.kms.katalon.core.keyword.builtin.CallTestCaseKeyword.execute(CallTestCaseKeyword.groovy:44)
	at com.kms.katalon.core.keyword.internal.KeywordExecutor.executeKeywordForPlatform(KeywordExecutor.groovy:74)
	at com.kms.katalon.core.keyword.BuiltinKeywords.callTestCase(BuiltinKeywords.groovy:310)
	at jdk.internal.reflect.GeneratedMethodAccessor16.invoke(Unknown Source)
	at java.base/jdk.internal.reflect.DelegatingMethodAccessorImpl.invoke(DelegatingMethodAccessorImpl.java:43)
	at Set IT Positions.run(Set IT Positions:115)
	at com.kms.katalon.core.main.ScriptEngine.run(ScriptEngine.java:194)
	at com.kms.katalon.core.main.ScriptEngine.runScriptAsRawText(ScriptEngine.java:119)
	at com.kms.katalon.core.main.TestCaseExecutor.runScript(TestCaseExecutor.java:448)
	at com.kms.katalon.core.main.TestCaseExecutor.doExecute(TestCaseExecutor.java:439)
	at com.kms.katalon.core.main.TestCaseExecutor.processExecutionPhase(TestCaseExecutor.java:418)
	at com.kms.katalon.core.main.TestCaseExecutor.accessMainPhase(TestCaseExecutor.java:410)
	at com.kms.katalon.core.main.TestCaseExecutor.execute(TestCaseExecutor.java:285)
	at com.kms.katalon.core.main.TestCaseMain.runTestCase(TestCaseMain.java:137)
	at com.kms.katalon.core.keyword.builtin.CallTestCaseKeyword$_callTestCase_closure1.doCall(CallTestCaseKeyword.groovy:59)
	at com.kms.katalon.core.keyword.builtin.CallTestCaseKeyword$_callTestCase_closure1.call(CallTestCaseKeyword.groovy)
	at com.kms.katalon.core.keyword.internal.KeywordMain.runKeyword(KeywordMain.groovy:75)
	at com.kms.katalon.core.keyword.builtin.CallTestCaseKeyword.callTestCase(CallTestCaseKeyword.groovy:81)
	at com.kms.katalon.core.keyword.builtin.CallTestCaseKeyword.execute(CallTestCaseKeyword.groovy:44)
	at com.kms.katalon.core.keyword.internal.KeywordExecutor.executeKeywordForPlatform(KeywordExecutor.groovy:74)
	at com.kms.katalon.core.keyword.BuiltinKeywords.callTestCase(BuiltinKeywords.groovy:310)
	at jdk.internal.reflect.GeneratedMethodAccessor16.invoke(Unknown Source)
	at java.base/jdk.internal.reflect.DelegatingMethodAccessorImpl.invoke(DelegatingMethodAccessorImpl.java:43)
	at Complete Journey Partner Profile.run(Complete Journey Partner Profile:237)
	at com.kms.katalon.core.main.ScriptEngine.run(ScriptEngine.java:194)
	at com.kms.katalon.core.main.ScriptEngine.runScriptAsRawText(ScriptEngine.java:119)
	at com.kms.katalon.core.main.TestCaseExecutor.runScript(TestCaseExecutor.java:448)
	at com.kms.katalon.core.main.TestCaseExecutor.doExecute(TestCaseExecutor.java:439)
	at com.kms.katalon.core.main.TestCaseExecutor.processExecutionPhase(TestCaseExecutor.java:418)
	at com.kms.katalon.core.main.TestCaseExecutor.accessMainPhase(TestCaseExecutor.java:410)
	at com.kms.katalon.core.main.TestCaseExecutor.execute(TestCaseExecutor.java:285)
	at com.kms.katalon.core.main.TestCaseMain.runTestCase(TestCaseMain.java:137)
	at com.kms.katalon.core.keyword.builtin.CallTestCaseKeyword$_callTestCase_closure1.doCall(CallTestCaseKeyword.groovy:59)
	at com.kms.katalon.core.keyword.builtin.CallTestCaseKeyword$_callTestCase_closure1.call(CallTestCaseKeyword.groovy)
	at com.kms.katalon.core.keyword.internal.KeywordMain.runKeyword(KeywordMain.groovy:75)
	at com.kms.katalon.core.keyword.builtin.CallTestCaseKeyword.callTestCase(CallTestCaseKeyword.groovy:81)
	at com.kms.katalon.core.keyword.builtin.CallTestCaseKeyword.execute(CallTestCaseKeyword.groovy:44)
	at com.kms.katalon.core.keyword.internal.KeywordExecutor.executeKeywordForPlatform(KeywordExecutor.groovy:74)
	at com.kms.katalon.core.keyword.BuiltinKeywords.callTestCase(BuiltinKeywords.groovy:310)
	at jdk.internal.reflect.GeneratedMethodAccessor16.invoke(Unknown Source)
	at java.base/jdk.internal.reflect.DelegatingMethodAccessorImpl.invoke(DelegatingMethodAccessorImpl.java:43)
	at Register Journey Partner.run(Register Journey Partner:368)
	at com.kms.katalon.core.main.ScriptEngine.run(ScriptEngine.java:194)
	at com.kms.katalon.core.main.ScriptEngine.runScriptAsRawText(ScriptEngine.java:119)
	at com.kms.katalon.core.main.TestCaseExecutor.runScript(TestCaseExecutor.java:448)
	at com.kms.katalon.core.main.TestCaseExecutor.doExecute(TestCaseExecutor.java:439)
	at com.kms.katalon.core.main.TestCaseExecutor.processExecutionPhase(TestCaseExecutor.java:418)
	at com.kms.katalon.core.main.TestCaseExecutor.accessMainPhase(TestCaseExecutor.java:410)
	at com.kms.katalon.core.main.TestCaseExecutor.execute(TestCaseExecutor.java:285)
	at com.kms.katalon.core.common.CommonExecutor.accessTestCaseMainPhase(CommonExecutor.java:65)
	at com.kms.katalon.core.main.TestSuiteExecutor.accessTestSuiteMainPhase(TestSuiteExecutor.java:150)
	at com.kms.katalon.core.main.TestSuiteExecutor.execute(TestSuiteExecutor.java:106)
	at com.kms.katalon.core.main.TestCaseMain.startTestSuite(TestCaseMain.java:180)
	at TempTestSuite1741028273844.run(TempTestSuite1741028273844.groovy:35)
	at java.base/jdk.internal.reflect.NativeMethodAccessorImpl.invoke0(Native Method)
	at java.base/jdk.internal.reflect.NativeMethodAccessorImpl.invoke(NativeMethodAccessorImpl.java:77)
	at java.base/jdk.internal.reflect.DelegatingMethodAccessorImpl.invoke(DelegatingMethodAccessorImpl.java:43)
Caused by: com.kms.katalon.core.exception.StepFailedException: Unable to scroll to position x = 0, y = -150
	at com.kms.katalon.core.webui.keyword.internal.WebUIKeywordMain.stepFailed(WebUIKeywordMain.groovy:117)
	at com.kms.katalon.core.webui.keyword.internal.WebUIKeywordMain.runKeyword(WebUIKeywordMain.groovy:43)
	at com.kms.katalon.core.webui.keyword.builtin.ScrollToPositionKeyword.scrollToPosition(ScrollToPositionKeyword.groovy:85)
	at com.kms.katalon.core.webui.keyword.builtin.ScrollToPositionKeyword.execute(ScrollToPositionKeyword.groovy:68)
	at com.kms.katalon.core.keyword.internal.KeywordExecutor.executeKeywordForPlatform(KeywordExecutor.groovy:74)
	at com.kms.katalon.core.webui.keyword.WebUiBuiltInKeywords.scrollToPosition(WebUiBuiltInKeywords.groovy:4581)
	at Perform Action.run(Perform Action:47)
	at com.kms.katalon.core.main.ScriptEngine.run(ScriptEngine.java:194)
	at com.kms.katalon.core.main.ScriptEngine.runScriptAsRawText(ScriptEngine.java:119)
	at com.kms.katalon.core.main.TestCaseExecutor.runScript(TestCaseExecutor.java:448)
	at com.kms.katalon.core.main.TestCaseExecutor.doExecute(TestCaseExecutor.java:439)
	at com.kms.katalon.core.main.TestCaseExecutor.processExecutionPhase(TestCaseExecutor.java:418)
	at com.kms.katalon.core.main.TestCaseExecutor.accessMainPhase(TestCaseExecutor.java:410)
	at com.kms.katalon.core.main.TestCaseExecutor.execute(TestCaseExecutor.java:285)
	at com.kms.katalon.core.main.TestCaseMain.runTestCase(TestCaseMain.java:137)
	at com.kms.katalon.core.keyword.builtin.CallTestCaseKeyword$_callTestCase_closure1.doCall(CallTestCaseKeyword.groovy:59)
	... 60 more
Caused by: java.lang.IllegalArgumentException: Y must be >= 0
	at com.kms.katalon.core.webui.keyword.builtin.ScrollToPositionKeyword$_scrollToPosition_closure1.doCall(ScrollToPositionKeyword.groovy:80)
	at com.kms.katalon.core.webui.keyword.builtin.ScrollToPositionKeyword$_scrollToPosition_closure1.call(ScrollToPositionKeyword.groovy)
	at com.kms.katalon.core.webui.keyword.internal.WebUIKeywordMain.runKeyword(WebUIKeywordMain.groovy:35)
	... 74 more
)

03-03-2025T13:01:41 - [TEST_CASE][FAILED] - Test Cases/_Functions/Perform Action: Test Cases/_Functions/Perform Action FAILED.
Reason:
com.kms.katalon.core.exception.StepFailedException: Unable to scroll to position x = 0, y = -150
	at com.kms.katalon.core.webui.keyword.internal.WebUIKeywordMain.stepFailed(WebUIKeywordMain.groovy:117)
	at com.kms.katalon.core.webui.keyword.internal.WebUIKeywordMain.runKeyword(WebUIKeywordMain.groovy:43)
	at com.kms.katalon.core.webui.keyword.builtin.ScrollToPositionKeyword.scrollToPosition(ScrollToPositionKeyword.groovy:85)
	at com.kms.katalon.core.webui.keyword.builtin.ScrollToPositionKeyword.execute(ScrollToPositionKeyword.groovy:68)
	at com.kms.katalon.core.keyword.internal.KeywordExecutor.executeKeywordForPlatform(KeywordExecutor.groovy:74)
	at com.kms.katalon.core.webui.keyword.WebUiBuiltInKeywords.scrollToPosition(WebUiBuiltInKeywords.groovy:4581)
	at Perform Action.run(Perform Action:47)
	at com.kms.katalon.core.main.ScriptEngine.run(ScriptEngine.java:194)
	at com.kms.katalon.core.main.ScriptEngine.runScriptAsRawText(ScriptEngine.java:119)
	at com.kms.katalon.core.main.TestCaseExecutor.runScript(TestCaseExecutor.java:448)
	at com.kms.katalon.core.main.TestCaseExecutor.doExecute(TestCaseExecutor.java:439)
	at com.kms.katalon.core.main.TestCaseExecutor.processExecutionPhase(TestCaseExecutor.java:418)
	at com.kms.katalon.core.main.TestCaseExecutor.accessMainPhase(TestCaseExecutor.java:410)
	at com.kms.katalon.core.main.TestCaseExecutor.execute(TestCaseExecutor.java:285)
	at com.kms.katalon.core.main.TestCaseMain.runTestCase(TestCaseMain.java:137)
	at com.kms.katalon.core.keyword.builtin.CallTestCaseKeyword$_callTestCase_closure1.doCall(CallTestCaseKeyword.groovy:59)
	at com.kms.katalon.core.keyword.builtin.CallTestCaseKeyword$_callTestCase_closure1.call(CallTestCaseKeyword.groovy)
	at com.kms.katalon.core.keyword.internal.KeywordMain.runKeyword(KeywordMain.groovy:75)
	at com.kms.katalon.core.keyword.builtin.CallTestCaseKeyword.callTestCase(CallTestCaseKeyword.groovy:81)
	at com.kms.katalon.core.keyword.builtin.CallTestCaseKeyword.execute(CallTestCaseKeyword.groovy:44)
	at com.kms.katalon.core.keyword.internal.KeywordExecutor.executeKeywordForPlatform(KeywordExecutor.groovy:74)
	at com.kms.katalon.core.keyword.BuiltinKeywords.callTestCase(BuiltinKeywords.groovy:310)
	at jdk.internal.reflect.GeneratedMethodAccessor16.invoke(Unknown Source)
	at java.base/jdk.internal.reflect.DelegatingMethodAccessorImpl.invoke(DelegatingMethodAccessorImpl.java:43)
	at Set IT Positions.run(Set IT Positions:115)
	at com.kms.katalon.core.main.ScriptEngine.run(ScriptEngine.java:194)
	at com.kms.katalon.core.main.ScriptEngine.runScriptAsRawText(ScriptEngine.java:119)
	at com.kms.katalon.core.main.TestCaseExecutor.runScript(TestCaseExecutor.java:448)
	at com.kms.katalon.core.main.TestCaseExecutor.doExecute(TestCaseExecutor.java:439)
	at com.kms.katalon.core.main.TestCaseExecutor.processExecutionPhase(TestCaseExecutor.java:418)
	at com.kms.katalon.core.main.TestCaseExecutor.accessMainPhase(TestCaseExecutor.java:410)
	at com.kms.katalon.core.main.TestCaseExecutor.execute(TestCaseExecutor.java:285)
	at com.kms.katalon.core.main.TestCaseMain.runTestCase(TestCaseMain.java:137)
	at com.kms.katalon.core.keyword.builtin.CallTestCaseKeyword$_callTestCase_closure1.doCall(CallTestCaseKeyword.groovy:59)
	at com.kms.katalon.core.keyword.builtin.CallTestCaseKeyword$_callTestCase_closure1.call(CallTestCaseKeyword.groovy)
	at com.kms.katalon.core.keyword.internal.KeywordMain.runKeyword(KeywordMain.groovy:75)
	at com.kms.katalon.core.keyword.builtin.CallTestCaseKeyword.callTestCase(CallTestCaseKeyword.groovy:81)
	at com.kms.katalon.core.keyword.builtin.CallTestCaseKeyword.execute(CallTestCaseKeyword.groovy:44)
	at com.kms.katalon.core.keyword.internal.KeywordExecutor.executeKeywordForPlatform(KeywordExecutor.groovy:74)
	at com.kms.katalon.core.keyword.BuiltinKeywords.callTestCase(BuiltinKeywords.groovy:310)
	at jdk.internal.reflect.GeneratedMethodAccessor16.invoke(Unknown Source)
	at java.base/jdk.internal.reflect.DelegatingMethodAccessorImpl.invoke(DelegatingMethodAccessorImpl.java:43)
	at Complete Journey Partner Profile.run(Complete Journey Partner Profile:237)
	at com.kms.katalon.core.main.ScriptEngine.run(ScriptEngine.java:194)
	at com.kms.katalon.core.main.ScriptEngine.runScriptAsRawText(ScriptEngine.java:119)
	at com.kms.katalon.core.main.TestCaseExecutor.runScript(TestCaseExecutor.java:448)
	at com.kms.katalon.core.main.TestCaseExecutor.doExecute(TestCaseExecutor.java:439)
	at com.kms.katalon.core.main.TestCaseExecutor.processExecutionPhase(TestCaseExecutor.java:418)
	at com.kms.katalon.core.main.TestCaseExecutor.accessMainPhase(TestCaseExecutor.java:410)
	at com.kms.katalon.core.main.TestCaseExecutor.execute(TestCaseExecutor.java:285)
	at com.kms.katalon.core.main.TestCaseMain.runTestCase(TestCaseMain.java:137)
	at com.kms.katalon.core.keyword.builtin.CallTestCaseKeyword$_callTestCase_closure1.doCall(CallTestCaseKeyword.groovy:59)
	at com.kms.katalon.core.keyword.builtin.CallTestCaseKeyword$_callTestCase_closure1.call(CallTestCaseKeyword.groovy)
	at com.kms.katalon.core.keyword.internal.KeywordMain.runKeyword(KeywordMain.groovy:75)
	at com.kms.katalon.core.keyword.builtin.CallTestCaseKeyword.callTestCase(CallTestCaseKeyword.groovy:81)
	at com.kms.katalon.core.keyword.builtin.CallTestCaseKeyword.execute(CallTestCaseKeyword.groovy:44)
	at com.kms.katalon.core.keyword.internal.KeywordExecutor.executeKeywordForPlatform(KeywordExecutor.groovy:74)
	at com.kms.katalon.core.keyword.BuiltinKeywords.callTestCase(BuiltinKeywords.groovy:310)
	at jdk.internal.reflect.GeneratedMethodAccessor16.invoke(Unknown Source)
	at java.base/jdk.internal.reflect.DelegatingMethodAccessorImpl.invoke(DelegatingMethodAccessorImpl.java:43)
	at Register Journey Partner.run(Register Journey Partner:368)
	at com.kms.katalon.core.main.ScriptEngine.run(ScriptEngine.java:194)
	at com.kms.katalon.core.main.ScriptEngine.runScriptAsRawText(ScriptEngine.java:119)
	at com.kms.katalon.core.main.TestCaseExecutor.runScript(TestCaseExecutor.java:448)
	at com.kms.katalon.core.main.TestCaseExecutor.doExecute(TestCaseExecutor.java:439)
	at com.kms.katalon.core.main.TestCaseExecutor.processExecutionPhase(TestCaseExecutor.java:418)
	at com.kms.katalon.core.main.TestCaseExecutor.accessMainPhase(TestCaseExecutor.java:410)
	at com.kms.katalon.core.main.TestCaseExecutor.execute(TestCaseExecutor.java:285)
	at com.kms.katalon.core.common.CommonExecutor.accessTestCaseMainPhase(CommonExecutor.java:65)
	at com.kms.katalon.core.main.TestSuiteExecutor.accessTestSuiteMainPhase(TestSuiteExecutor.java:150)
	at com.kms.katalon.core.main.TestSuiteExecutor.execute(TestSuiteExecutor.java:106)
	at com.kms.katalon.core.main.TestCaseMain.startTestSuite(TestCaseMain.java:180)
	at TempTestSuite1741028273844.run(TempTestSuite1741028273844.groovy:35)
	at java.base/jdk.internal.reflect.NativeMethodAccessorImpl.invoke0(Native Method)
	at java.base/jdk.internal.reflect.NativeMethodAccessorImpl.invoke(NativeMethodAccessorImpl.java:77)
	at java.base/jdk.internal.reflect.DelegatingMethodAccessorImpl.invoke(DelegatingMethodAccessorImpl.java:43)
Caused by: java.lang.IllegalArgumentException: Y must be >= 0
	at com.kms.katalon.core.webui.keyword.builtin.ScrollToPositionKeyword$_scrollToPosition_closure1.doCall(ScrollToPositionKeyword.groovy:80)
	at com.kms.katalon.core.webui.keyword.builtin.ScrollToPositionKeyword$_scrollToPosition_closure1.call(ScrollToPositionKeyword.groovy)
	at com.kms.katalon.core.webui.keyword.internal.WebUIKeywordMain.runKeyword(WebUIKeywordMain.groovy:35)
	... 74 more


03-03-2025T13:01:41 - [TEST_STEP][PASSED] - action = varAction: null

03-03-2025T13:01:41 - [TEST_STEP][PASSED] - println(action): null

03-03-2025T13:01:41 - [TEST_STEP][PASSED] - testObject = varObject: null

03-03-2025T13:01:41 - [TEST_STEP][PASSED] - println(testObject): null

03-03-2025T13:01:41 - [TEST_STEP][PASSED] - parm1 = varParm1: null

03-03-2025T13:01:41 - [TEST_STEP][PASSED] - println(parm1): null

03-03-2025T13:01:41 - [TEST_STEP][PASSED] - println("Converting " + testObject + " to web element"): null

03-03-2025T13:01:41 - [TEST_STEP][PASSED] - element = findWebElement(findTestObject(testObject), 1): null

03-03-2025T13:01:41 - [TEST_STEP][PASSED] - loc = element.getLocation(): null

03-03-2025T13:01:41 - [TEST_STEP][PASSED] - y = loc.getY(): null

03-03-2025T13:01:41 - [TEST_STEP][PASSED] - println("Y location is " + y): null

03-03-2025T13:01:41 - [TEST_STEP][PASSED] - top = getViewportTopPosition(): Current viewport's top (y) position is 0

03-03-2025T13:01:41 - [MESSAGE][PASSED] - Current viewport's top (y) position is 0

03-03-2025T13:01:41 - [TEST_STEP][PASSED] - println("Viewport top is " + top): null

03-03-2025T13:01:41 - [TEST_STEP][PASSED] - bottom = top + 600: null

03-03-2025T13:01:41 - [TEST_STEP][FAILED] - if (y - top < 150 || bottom - y < 10): Unable to scroll to position x = 0, y = -150 (Root cause: com.kms.katalon.core.exception.StepFailedException: Unable to scroll to position x = 0, y = -150
	at com.kms.katalon.core.webui.keyword.internal.WebUIKeywordMain.stepFailed(WebUIKeywordMain.groovy:117)
	at com.kms.katalon.core.webui.keyword.internal.WebUIKeywordMain.runKeyword(WebUIKeywordMain.groovy:43)
	at com.kms.katalon.core.webui.keyword.builtin.ScrollToPositionKeyword.scrollToPosition(ScrollToPositionKeyword.groovy:85)
	at com.kms.katalon.core.webui.keyword.builtin.ScrollToPositionKeyword.execute(ScrollToPositionKeyword.groovy:68)
	at com.kms.katalon.core.keyword.internal.KeywordExecutor.executeKeywordForPlatform(KeywordExecutor.groovy:74)
	at com.kms.katalon.core.webui.keyword.WebUiBuiltInKeywords.scrollToPosition(WebUiBuiltInKeywords.groovy:4581)
	at Perform Action.run(Perform Action:47)
	at com.kms.katalon.core.main.ScriptEngine.run(ScriptEngine.java:194)
	at com.kms.katalon.core.main.ScriptEngine.runScriptAsRawText(ScriptEngine.java:119)
	at com.kms.katalon.core.main.TestCaseExecutor.runScript(TestCaseExecutor.java:448)
	at com.kms.katalon.core.main.TestCaseExecutor.doExecute(TestCaseExecutor.java:439)
	at com.kms.katalon.core.main.TestCaseExecutor.processExecutionPhase(TestCaseExecutor.java:418)
	at com.kms.katalon.core.main.TestCaseExecutor.accessMainPhase(TestCaseExecutor.java:410)
	at com.kms.katalon.core.main.TestCaseExecutor.execute(TestCaseExecutor.java:285)
	at com.kms.katalon.core.main.TestCaseMain.runTestCase(TestCaseMain.java:137)
	at com.kms.katalon.core.keyword.builtin.CallTestCaseKeyword$_callTestCase_closure1.doCall(CallTestCaseKeyword.groovy:59)
	at com.kms.katalon.core.keyword.builtin.CallTestCaseKeyword$_callTestCase_closure1.call(CallTestCaseKeyword.groovy)
	at com.kms.katalon.core.keyword.internal.KeywordMain.runKeyword(KeywordMain.groovy:75)
	at com.kms.katalon.core.keyword.builtin.CallTestCaseKeyword.callTestCase(CallTestCaseKeyword.groovy:81)
	at com.kms.katalon.core.keyword.builtin.CallTestCaseKeyword.execute(CallTestCaseKeyword.groovy:44)
	at com.kms.katalon.core.keyword.internal.KeywordExecutor.executeKeywordForPlatform(KeywordExecutor.groovy:74)
	at com.kms.katalon.core.keyword.BuiltinKeywords.callTestCase(BuiltinKeywords.groovy:310)
	at jdk.internal.reflect.GeneratedMethodAccessor16.invoke(Unknown Source)
	at java.base/jdk.internal.reflect.DelegatingMethodAccessorImpl.invoke(DelegatingMethodAccessorImpl.java:43)
	at Set IT Positions.run(Set IT Positions:115)
	at com.kms.katalon.core.main.ScriptEngine.run(ScriptEngine.java:194)
	at com.kms.katalon.core.main.ScriptEngine.runScriptAsRawText(ScriptEngine.java:119)
	at com.kms.katalon.core.main.TestCaseExecutor.runScript(TestCaseExecutor.java:448)
	at com.kms.katalon.core.main.TestCaseExecutor.doExecute(TestCaseExecutor.java:439)
	at com.kms.katalon.core.main.TestCaseExecutor.processExecutionPhase(TestCaseExecutor.java:418)
	at com.kms.katalon.core.main.TestCaseExecutor.accessMainPhase(TestCaseExecutor.java:410)
	at com.kms.katalon.core.main.TestCaseExecutor.execute(TestCaseExecutor.java:285)
	at com.kms.katalon.core.main.TestCaseMain.runTestCase(TestCaseMain.java:137)
	at com.kms.katalon.core.keyword.builtin.CallTestCaseKeyword$_callTestCase_closure1.doCall(CallTestCaseKeyword.groovy:59)
	at com.kms.katalon.core.keyword.builtin.CallTestCaseKeyword$_callTestCase_closure1.call(CallTestCaseKeyword.groovy)
	at com.kms.katalon.core.keyword.internal.KeywordMain.runKeyword(KeywordMain.groovy:75)
	at com.kms.katalon.core.keyword.builtin.CallTestCaseKeyword.callTestCase(CallTestCaseKeyword.groovy:81)
	at com.kms.katalon.core.keyword.builtin.CallTestCaseKeyword.execute(CallTestCaseKeyword.groovy:44)
	at com.kms.katalon.core.keyword.internal.KeywordExecutor.executeKeywordForPlatform(KeywordExecutor.groovy:74)
	at com.kms.katalon.core.keyword.BuiltinKeywords.callTestCase(BuiltinKeywords.groovy:310)
	at jdk.internal.reflect.GeneratedMethodAccessor16.invoke(Unknown Source)
	at java.base/jdk.internal.reflect.DelegatingMethodAccessorImpl.invoke(DelegatingMethodAccessorImpl.java:43)
	at Complete Journey Partner Profile.run(Complete Journey Partner Profile:237)
	at com.kms.katalon.core.main.ScriptEngine.run(ScriptEngine.java:194)
	at com.kms.katalon.core.main.ScriptEngine.runScriptAsRawText(ScriptEngine.java:119)
	at com.kms.katalon.core.main.TestCaseExecutor.runScript(TestCaseExecutor.java:448)
	at com.kms.katalon.core.main.TestCaseExecutor.doExecute(TestCaseExecutor.java:439)
	at com.kms.katalon.core.main.TestCaseExecutor.processExecutionPhase(TestCaseExecutor.java:418)
	at com.kms.katalon.core.main.TestCaseExecutor.accessMainPhase(TestCaseExecutor.java:410)
	at com.kms.katalon.core.main.TestCaseExecutor.execute(TestCaseExecutor.java:285)
	at com.kms.katalon.core.main.TestCaseMain.runTestCase(TestCaseMain.java:137)
	at com.kms.katalon.core.keyword.builtin.CallTestCaseKeyword$_callTestCase_closure1.doCall(CallTestCaseKeyword.groovy:59)
	at com.kms.katalon.core.keyword.builtin.CallTestCaseKeyword$_callTestCase_closure1.call(CallTestCaseKeyword.groovy)
	at com.kms.katalon.core.keyword.internal.KeywordMain.runKeyword(KeywordMain.groovy:75)
	at com.kms.katalon.core.keyword.builtin.CallTestCaseKeyword.callTestCase(CallTestCaseKeyword.groovy:81)
	at com.kms.katalon.core.keyword.builtin.CallTestCaseKeyword.execute(CallTestCaseKeyword.groovy:44)
	at com.kms.katalon.core.keyword.internal.KeywordExecutor.executeKeywordForPlatform(KeywordExecutor.groovy:74)
	at com.kms.katalon.core.keyword.BuiltinKeywords.callTestCase(BuiltinKeywords.groovy:310)
	at jdk.internal.reflect.GeneratedMethodAccessor16.invoke(Unknown Source)
	at java.base/jdk.internal.reflect.DelegatingMethodAccessorImpl.invoke(DelegatingMethodAccessorImpl.java:43)
	at Register Journey Partner.run(Register Journey Partner:368)
	at com.kms.katalon.core.main.ScriptEngine.run(ScriptEngine.java:194)
	at com.kms.katalon.core.main.ScriptEngine.runScriptAsRawText(ScriptEngine.java:119)
	at com.kms.katalon.core.main.TestCaseExecutor.runScript(TestCaseExecutor.java:448)
	at com.kms.katalon.core.main.TestCaseExecutor.doExecute(TestCaseExecutor.java:439)
	at com.kms.katalon.core.main.TestCaseExecutor.processExecutionPhase(TestCaseExecutor.java:418)
	at com.kms.katalon.core.main.TestCaseExecutor.accessMainPhase(TestCaseExecutor.java:410)
	at com.kms.katalon.core.main.TestCaseExecutor.execute(TestCaseExecutor.java:285)
	at com.kms.katalon.core.common.CommonExecutor.accessTestCaseMainPhase(CommonExecutor.java:65)
	at com.kms.katalon.core.main.TestSuiteExecutor.accessTestSuiteMainPhase(TestSuiteExecutor.java:150)
	at com.kms.katalon.core.main.TestSuiteExecutor.execute(TestSuiteExecutor.java:106)
	at com.kms.katalon.core.main.TestCaseMain.startTestSuite(TestCaseMain.java:180)
	at TempTestSuite1741028273844.run(TempTestSuite1741028273844.groovy:35)
	at java.base/jdk.internal.reflect.NativeMethodAccessorImpl.invoke0(Native Method)
	at java.base/jdk.internal.reflect.NativeMethodAccessorImpl.invoke(NativeMethodAccessorImpl.java:77)
	at java.base/jdk.internal.reflect.DelegatingMethodAccessorImpl.invoke(DelegatingMethodAccessorImpl.java:43)
Caused by: java.lang.IllegalArgumentException: Y must be >= 0
	at com.kms.katalon.core.webui.keyword.builtin.ScrollToPositionKeyword$_scrollToPosition_closure1.doCall(ScrollToPositionKeyword.groovy:80)
	at com.kms.katalon.core.webui.keyword.builtin.ScrollToPositionKeyword$_scrollToPosition_closure1.call(ScrollToPositionKeyword.groovy)
	at com.kms.katalon.core.webui.keyword.internal.WebUIKeywordMain.runKeyword(WebUIKeywordMain.groovy:35)
	at com.kms.katalon.core.webui.keyword.builtin.ScrollToPositionKeyword.scrollToPosition(ScrollToPositionKeyword.groovy:85)
	at com.kms.katalon.core.webui.keyword.builtin.ScrollToPositionKeyword.execute(ScrollToPositionKeyword.groovy:68)
	at com.kms.katalon.core.keyword.internal.KeywordExecutor.executeKeywordForPlatform(KeywordExecutor.groovy:74)
	at com.kms.katalon.core.webui.keyword.WebUiBuiltInKeywords.scrollToPosition(WebUiBuiltInKeywords.groovy:4581)
	at Script1737231335484.run(Script1737231335484.groovy:47)
	at com.kms.katalon.core.main.ScriptEngine.run(ScriptEngine.java:194)
	at com.kms.katalon.core.main.ScriptEngine.runScriptAsRawText(ScriptEngine.java:119)
	at com.kms.katalon.core.main.TestCaseExecutor.runScript(TestCaseExecutor.java:448)
	at com.kms.katalon.core.main.TestCaseExecutor.doExecute(TestCaseExecutor.java:439)
	at com.kms.katalon.core.main.TestCaseExecutor.processExecutionPhase(TestCaseExecutor.java:418)
	at com.kms.katalon.core.main.TestCaseExecutor.accessMainPhase(TestCaseExecutor.java:410)
	at com.kms.katalon.core.main.TestCaseExecutor.execute(TestCaseExecutor.java:285)
	at com.kms.katalon.core.main.TestCaseMain.runTestCase(TestCaseMain.java:137)
	at com.kms.katalon.core.keyword.builtin.CallTestCaseKeyword$_callTestCase_closure1.doCall(CallTestCaseKeyword.groovy:59)
	at com.kms.katalon.core.keyword.builtin.CallTestCaseKeyword$_callTestCase_closure1.call(CallTestCaseKeyword.groovy)
	at com.kms.katalon.core.keyword.internal.KeywordMain.runKeyword(KeywordMain.groovy:75)
	at com.kms.katalon.core.keyword.builtin.CallTestCaseKeyword.callTestCase(CallTestCaseKeyword.groovy:81)
	at com.kms.katalon.core.keyword.builtin.CallTestCaseKeyword.execute(CallTestCaseKeyword.groovy:44)
	at com.kms.katalon.core.keyword.internal.KeywordExecutor.executeKeywordForPlatform(KeywordExecutor.groovy:74)
	at com.kms.katalon.core.keyword.BuiltinKeywords.callTestCase(BuiltinKeywords.groovy:310)
	at jdk.internal.reflect.GeneratedMethodAccessor16.invoke(Unknown Source)
	at java.base/jdk.internal.reflect.DelegatingMethodAccessorImpl.invoke(DelegatingMethodAccessorImpl.java:43)
	at Script1739224401004.run(Script1739224401004.groovy:115)
	at com.kms.katalon.core.main.ScriptEngine.run(ScriptEngine.java:194)
	at com.kms.katalon.core.main.ScriptEngine.runScriptAsRawText(ScriptEngine.java:119)
	at com.kms.katalon.core.main.TestCaseExecutor.runScript(TestCaseExecutor.java:448)
	at com.kms.katalon.core.main.TestCaseExecutor.doExecute(TestCaseExecutor.java:439)
	at com.kms.katalon.core.main.TestCaseExecutor.processExecutionPhase(TestCaseExecutor.java:418)
	at com.kms.katalon.core.main.TestCaseExecutor.accessMainPhase(TestCaseExecutor.java:410)
	at com.kms.katalon.core.main.TestCaseExecutor.execute(TestCaseExecutor.java:285)
	at com.kms.katalon.core.main.TestCaseMain.runTestCase(TestCaseMain.java:137)
	at com.kms.katalon.core.keyword.builtin.CallTestCaseKeyword$_callTestCase_closure1.doCall(CallTestCaseKeyword.groovy:59)
	at com.kms.katalon.core.keyword.builtin.CallTestCaseKeyword$_callTestCase_closure1.call(CallTestCaseKeyword.groovy)
	at com.kms.katalon.core.keyword.internal.KeywordMain.runKeyword(KeywordMain.groovy:75)
	at com.kms.katalon.core.keyword.builtin.CallTestCaseKeyword.callTestCase(CallTestCaseKeyword.groovy:81)
	at com.kms.katalon.core.keyword.builtin.CallTestCaseKeyword.execute(CallTestCaseKeyword.groovy:44)
	at com.kms.katalon.core.keyword.internal.KeywordExecutor.executeKeywordForPlatform(KeywordExecutor.groovy:74)
	at com.kms.katalon.core.keyword.BuiltinKeywords.callTestCase(BuiltinKeywords.groovy:310)
	at jdk.internal.reflect.GeneratedMethodAccessor16.invoke(Unknown Source)
	at java.base/jdk.internal.reflect.DelegatingMethodAccessorImpl.invoke(DelegatingMethodAccessorImpl.java:43)
	at Script1736481870666.run(Script1736481870666.groovy:237)
	at com.kms.katalon.core.main.ScriptEngine.run(ScriptEngine.java:194)
	at com.kms.katalon.core.main.ScriptEngine.runScriptAsRawText(ScriptEngine.java:119)
	at com.kms.katalon.core.main.TestCaseExecutor.runScript(TestCaseExecutor.java:448)
	at com.kms.katalon.core.main.TestCaseExecutor.doExecute(TestCaseExecutor.java:439)
	at com.kms.katalon.core.main.TestCaseExecutor.processExecutionPhase(TestCaseExecutor.java:418)
	at com.kms.katalon.core.main.TestCaseExecutor.accessMainPhase(TestCaseExecutor.java:410)
	at com.kms.katalon.core.main.TestCaseExecutor.execute(TestCaseExecutor.java:285)
	at com.kms.katalon.core.main.TestCaseMain.runTestCase(TestCaseMain.java:137)
	at com.kms.katalon.core.keyword.builtin.CallTestCaseKeyword$_callTestCase_closure1.doCall(CallTestCaseKeyword.groovy:59)
	at com.kms.katalon.core.keyword.builtin.CallTestCaseKeyword$_callTestCase_closure1.call(CallTestCaseKeyword.groovy)
	at com.kms.katalon.core.keyword.internal.KeywordMain.runKeyword(KeywordMain.groovy:75)
	at com.kms.katalon.core.keyword.builtin.CallTestCaseKeyword.callTestCase(CallTestCaseKeyword.groovy:81)
	at com.kms.katalon.core.keyword.builtin.CallTestCaseKeyword.execute(CallTestCaseKeyword.groovy:44)
	at com.kms.katalon.core.keyword.internal.KeywordExecutor.executeKeywordForPlatform(KeywordExecutor.groovy:74)
	at com.kms.katalon.core.keyword.BuiltinKeywords.callTestCase(BuiltinKeywords.groovy:310)
	at jdk.internal.reflect.GeneratedMethodAccessor16.invoke(Unknown Source)
	at java.base/jdk.internal.reflect.DelegatingMethodAccessorImpl.invoke(DelegatingMethodAccessorImpl.java:43)
	at Script1732656886348.run(Script1732656886348.groovy:368)
	... 15 more
)

03-03-2025T13:01:41 - [TEST_STEP][FAILED] - scrollToPosition(0, y - 150): Unable to scroll to position x = 0, y = -150 (Root cause: com.kms.katalon.core.exception.StepFailedException: Unable to scroll to position x = 0, y = -150
	at com.kms.katalon.core.webui.keyword.internal.WebUIKeywordMain.stepFailed(WebUIKeywordMain.groovy:117)
	at com.kms.katalon.core.webui.keyword.internal.WebUIKeywordMain.runKeyword(WebUIKeywordMain.groovy:43)
	at com.kms.katalon.core.webui.keyword.builtin.ScrollToPositionKeyword.scrollToPosition(ScrollToPositionKeyword.groovy:85)
	at com.kms.katalon.core.webui.keyword.builtin.ScrollToPositionKeyword.execute(ScrollToPositionKeyword.groovy:68)
	at com.kms.katalon.core.keyword.internal.KeywordExecutor.executeKeywordForPlatform(KeywordExecutor.groovy:74)
	at com.kms.katalon.core.webui.keyword.WebUiBuiltInKeywords.scrollToPosition(WebUiBuiltInKeywords.groovy:4581)
	at Perform Action.run(Perform Action:47)
	at com.kms.katalon.core.main.ScriptEngine.run(ScriptEngine.java:194)
	at com.kms.katalon.core.main.ScriptEngine.runScriptAsRawText(ScriptEngine.java:119)
	at com.kms.katalon.core.main.TestCaseExecutor.runScript(TestCaseExecutor.java:448)
	at com.kms.katalon.core.main.TestCaseExecutor.doExecute(TestCaseExecutor.java:439)
	at com.kms.katalon.core.main.TestCaseExecutor.processExecutionPhase(TestCaseExecutor.java:418)
	at com.kms.katalon.core.main.TestCaseExecutor.accessMainPhase(TestCaseExecutor.java:410)
	at com.kms.katalon.core.main.TestCaseExecutor.execute(TestCaseExecutor.java:285)
	at com.kms.katalon.core.main.TestCaseMain.runTestCase(TestCaseMain.java:137)
	at com.kms.katalon.core.keyword.builtin.CallTestCaseKeyword$_callTestCase_closure1.doCall(CallTestCaseKeyword.groovy:59)
	at com.kms.katalon.core.keyword.builtin.CallTestCaseKeyword$_callTestCase_closure1.call(CallTestCaseKeyword.groovy)
	at com.kms.katalon.core.keyword.internal.KeywordMain.runKeyword(KeywordMain.groovy:75)
	at com.kms.katalon.core.keyword.builtin.CallTestCaseKeyword.callTestCase(CallTestCaseKeyword.groovy:81)
	at com.kms.katalon.core.keyword.builtin.CallTestCaseKeyword.execute(CallTestCaseKeyword.groovy:44)
	at com.kms.katalon.core.keyword.internal.KeywordExecutor.executeKeywordForPlatform(KeywordExecutor.groovy:74)
	at com.kms.katalon.core.keyword.BuiltinKeywords.callTestCase(BuiltinKeywords.groovy:310)
	at jdk.internal.reflect.GeneratedMethodAccessor16.invoke(Unknown Source)
	at java.base/jdk.internal.reflect.DelegatingMethodAccessorImpl.invoke(DelegatingMethodAccessorImpl.java:43)
	at Set IT Positions.run(Set IT Positions:115)
	at com.kms.katalon.core.main.ScriptEngine.run(ScriptEngine.java:194)
	at com.kms.katalon.core.main.ScriptEngine.runScriptAsRawText(ScriptEngine.java:119)
	at com.kms.katalon.core.main.TestCaseExecutor.runScript(TestCaseExecutor.java:448)
	at com.kms.katalon.core.main.TestCaseExecutor.doExecute(TestCaseExecutor.java:439)
	at com.kms.katalon.core.main.TestCaseExecutor.processExecutionPhase(TestCaseExecutor.java:418)
	at com.kms.katalon.core.main.TestCaseExecutor.accessMainPhase(TestCaseExecutor.java:410)
	at com.kms.katalon.core.main.TestCaseExecutor.execute(TestCaseExecutor.java:285)
	at com.kms.katalon.core.main.TestCaseMain.runTestCase(TestCaseMain.java:137)
	at com.kms.katalon.core.keyword.builtin.CallTestCaseKeyword$_callTestCase_closure1.doCall(CallTestCaseKeyword.groovy:59)
	at com.kms.katalon.core.keyword.builtin.CallTestCaseKeyword$_callTestCase_closure1.call(CallTestCaseKeyword.groovy)
	at com.kms.katalon.core.keyword.internal.KeywordMain.runKeyword(KeywordMain.groovy:75)
	at com.kms.katalon.core.keyword.builtin.CallTestCaseKeyword.callTestCase(CallTestCaseKeyword.groovy:81)
	at com.kms.katalon.core.keyword.builtin.CallTestCaseKeyword.execute(CallTestCaseKeyword.groovy:44)
	at com.kms.katalon.core.keyword.internal.KeywordExecutor.executeKeywordForPlatform(KeywordExecutor.groovy:74)
	at com.kms.katalon.core.keyword.BuiltinKeywords.callTestCase(BuiltinKeywords.groovy:310)
	at jdk.internal.reflect.GeneratedMethodAccessor16.invoke(Unknown Source)
	at java.base/jdk.internal.reflect.DelegatingMethodAccessorImpl.invoke(DelegatingMethodAccessorImpl.java:43)
	at Complete Journey Partner Profile.run(Complete Journey Partner Profile:237)
	at com.kms.katalon.core.main.ScriptEngine.run(ScriptEngine.java:194)
	at com.kms.katalon.core.main.ScriptEngine.runScriptAsRawText(ScriptEngine.java:119)
	at com.kms.katalon.core.main.TestCaseExecutor.runScript(TestCaseExecutor.java:448)
	at com.kms.katalon.core.main.TestCaseExecutor.doExecute(TestCaseExecutor.java:439)
	at com.kms.katalon.core.main.TestCaseExecutor.processExecutionPhase(TestCaseExecutor.java:418)
	at com.kms.katalon.core.main.TestCaseExecutor.accessMainPhase(TestCaseExecutor.java:410)
	at com.kms.katalon.core.main.TestCaseExecutor.execute(TestCaseExecutor.java:285)
	at com.kms.katalon.core.main.TestCaseMain.runTestCase(TestCaseMain.java:137)
	at com.kms.katalon.core.keyword.builtin.CallTestCaseKeyword$_callTestCase_closure1.doCall(CallTestCaseKeyword.groovy:59)
	at com.kms.katalon.core.keyword.builtin.CallTestCaseKeyword$_callTestCase_closure1.call(CallTestCaseKeyword.groovy)
	at com.kms.katalon.core.keyword.internal.KeywordMain.runKeyword(KeywordMain.groovy:75)
	at com.kms.katalon.core.keyword.builtin.CallTestCaseKeyword.callTestCase(CallTestCaseKeyword.groovy:81)
	at com.kms.katalon.core.keyword.builtin.CallTestCaseKeyword.execute(CallTestCaseKeyword.groovy:44)
	at com.kms.katalon.core.keyword.internal.KeywordExecutor.executeKeywordForPlatform(KeywordExecutor.groovy:74)
	at com.kms.katalon.core.keyword.BuiltinKeywords.callTestCase(BuiltinKeywords.groovy:310)
	at jdk.internal.reflect.GeneratedMethodAccessor16.invoke(Unknown Source)
	at java.base/jdk.internal.reflect.DelegatingMethodAccessorImpl.invoke(DelegatingMethodAccessorImpl.java:43)
	at Register Journey Partner.run(Register Journey Partner:368)
	at com.kms.katalon.core.main.ScriptEngine.run(ScriptEngine.java:194)
	at com.kms.katalon.core.main.ScriptEngine.runScriptAsRawText(ScriptEngine.java:119)
	at com.kms.katalon.core.main.TestCaseExecutor.runScript(TestCaseExecutor.java:448)
	at com.kms.katalon.core.main.TestCaseExecutor.doExecute(TestCaseExecutor.java:439)
	at com.kms.katalon.core.main.TestCaseExecutor.processExecutionPhase(TestCaseExecutor.java:418)
	at com.kms.katalon.core.main.TestCaseExecutor.accessMainPhase(TestCaseExecutor.java:410)
	at com.kms.katalon.core.main.TestCaseExecutor.execute(TestCaseExecutor.java:285)
	at com.kms.katalon.core.common.CommonExecutor.accessTestCaseMainPhase(CommonExecutor.java:65)
	at com.kms.katalon.core.main.TestSuiteExecutor.accessTestSuiteMainPhase(TestSuiteExecutor.java:150)
	at com.kms.katalon.core.main.TestSuiteExecutor.execute(TestSuiteExecutor.java:106)
	at com.kms.katalon.core.main.TestCaseMain.startTestSuite(TestCaseMain.java:180)
	at TempTestSuite1741028273844.run(TempTestSuite1741028273844.groovy:35)
	at java.base/jdk.internal.reflect.NativeMethodAccessorImpl.invoke0(Native Method)
	at java.base/jdk.internal.reflect.NativeMethodAccessorImpl.invoke(NativeMethodAccessorImpl.java:77)
	at java.base/jdk.internal.reflect.DelegatingMethodAccessorImpl.invoke(DelegatingMethodAccessorImpl.java:43)
Caused by: java.lang.IllegalArgumentException: Y must be >= 0
	at com.kms.katalon.core.webui.keyword.builtin.ScrollToPositionKeyword$_scrollToPosition_closure1.doCall(ScrollToPositionKeyword.groovy:80)
	at com.kms.katalon.core.webui.keyword.builtin.ScrollToPositionKeyword$_scrollToPosition_closure1.call(ScrollToPositionKeyword.groovy)
	at com.kms.katalon.core.webui.keyword.internal.WebUIKeywordMain.runKeyword(WebUIKeywordMain.groovy:35)
	at com.kms.katalon.core.webui.keyword.builtin.ScrollToPositionKeyword.scrollToPosition(ScrollToPositionKeyword.groovy:85)
	at com.kms.katalon.core.webui.keyword.builtin.ScrollToPositionKeyword.execute(ScrollToPositionKeyword.groovy:68)
	at com.kms.katalon.core.keyword.internal.KeywordExecutor.executeKeywordForPlatform(KeywordExecutor.groovy:74)
	at com.kms.katalon.core.webui.keyword.WebUiBuiltInKeywords.scrollToPosition(WebUiBuiltInKeywords.groovy:4581)
	at Script1737231335484.run(Script1737231335484.groovy:47)
	at com.kms.katalon.core.main.ScriptEngine.run(ScriptEngine.java:194)
	at com.kms.katalon.core.main.ScriptEngine.runScriptAsRawText(ScriptEngine.java:119)
	at com.kms.katalon.core.main.TestCaseExecutor.runScript(TestCaseExecutor.java:448)
	at com.kms.katalon.core.main.TestCaseExecutor.doExecute(TestCaseExecutor.java:439)
	at com.kms.katalon.core.main.TestCaseExecutor.processExecutionPhase(TestCaseExecutor.java:418)
	at com.kms.katalon.core.main.TestCaseExecutor.accessMainPhase(TestCaseExecutor.java:410)
	at com.kms.katalon.core.main.TestCaseExecutor.execute(TestCaseExecutor.java:285)
	at com.kms.katalon.core.main.TestCaseMain.runTestCase(TestCaseMain.java:137)
	at com.kms.katalon.core.keyword.builtin.CallTestCaseKeyword$_callTestCase_closure1.doCall(CallTestCaseKeyword.groovy:59)
	at com.kms.katalon.core.keyword.builtin.CallTestCaseKeyword$_callTestCase_closure1.call(CallTestCaseKeyword.groovy)
	at com.kms.katalon.core.keyword.internal.KeywordMain.runKeyword(KeywordMain.groovy:75)
	at com.kms.katalon.core.keyword.builtin.CallTestCaseKeyword.callTestCase(CallTestCaseKeyword.groovy:81)
	at com.kms.katalon.core.keyword.builtin.CallTestCaseKeyword.execute(CallTestCaseKeyword.groovy:44)
	at com.kms.katalon.core.keyword.internal.KeywordExecutor.executeKeywordForPlatform(KeywordExecutor.groovy:74)
	at com.kms.katalon.core.keyword.BuiltinKeywords.callTestCase(BuiltinKeywords.groovy:310)
	at jdk.internal.reflect.GeneratedMethodAccessor16.invoke(Unknown Source)
	at java.base/jdk.internal.reflect.DelegatingMethodAccessorImpl.invoke(DelegatingMethodAccessorImpl.java:43)
	at Script1739224401004.run(Script1739224401004.groovy:115)
	at com.kms.katalon.core.main.ScriptEngine.run(ScriptEngine.java:194)
	at com.kms.katalon.core.main.ScriptEngine.runScriptAsRawText(ScriptEngine.java:119)
	at com.kms.katalon.core.main.TestCaseExecutor.runScript(TestCaseExecutor.java:448)
	at com.kms.katalon.core.main.TestCaseExecutor.doExecute(TestCaseExecutor.java:439)
	at com.kms.katalon.core.main.TestCaseExecutor.processExecutionPhase(TestCaseExecutor.java:418)
	at com.kms.katalon.core.main.TestCaseExecutor.accessMainPhase(TestCaseExecutor.java:410)
	at com.kms.katalon.core.main.TestCaseExecutor.execute(TestCaseExecutor.java:285)
	at com.kms.katalon.core.main.TestCaseMain.runTestCase(TestCaseMain.java:137)
	at com.kms.katalon.core.keyword.builtin.CallTestCaseKeyword$_callTestCase_closure1.doCall(CallTestCaseKeyword.groovy:59)
	at com.kms.katalon.core.keyword.builtin.CallTestCaseKeyword$_callTestCase_closure1.call(CallTestCaseKeyword.groovy)
	at com.kms.katalon.core.keyword.internal.KeywordMain.runKeyword(KeywordMain.groovy:75)
	at com.kms.katalon.core.keyword.builtin.CallTestCaseKeyword.callTestCase(CallTestCaseKeyword.groovy:81)
	at com.kms.katalon.core.keyword.builtin.CallTestCaseKeyword.execute(CallTestCaseKeyword.groovy:44)
	at com.kms.katalon.core.keyword.internal.KeywordExecutor.executeKeywordForPlatform(KeywordExecutor.groovy:74)
	at com.kms.katalon.core.keyword.BuiltinKeywords.callTestCase(BuiltinKeywords.groovy:310)
	at jdk.internal.reflect.GeneratedMethodAccessor16.invoke(Unknown Source)
	at java.base/jdk.internal.reflect.DelegatingMethodAccessorImpl.invoke(DelegatingMethodAccessorImpl.java:43)
	at Script1736481870666.run(Script1736481870666.groovy:237)
	at com.kms.katalon.core.main.ScriptEngine.run(ScriptEngine.java:194)
	at com.kms.katalon.core.main.ScriptEngine.runScriptAsRawText(ScriptEngine.java:119)
	at com.kms.katalon.core.main.TestCaseExecutor.runScript(TestCaseExecutor.java:448)
	at com.kms.katalon.core.main.TestCaseExecutor.doExecute(TestCaseExecutor.java:439)
	at com.kms.katalon.core.main.TestCaseExecutor.processExecutionPhase(TestCaseExecutor.java:418)
	at com.kms.katalon.core.main.TestCaseExecutor.accessMainPhase(TestCaseExecutor.java:410)
	at com.kms.katalon.core.main.TestCaseExecutor.execute(TestCaseExecutor.java:285)
	at com.kms.katalon.core.main.TestCaseMain.runTestCase(TestCaseMain.java:137)
	at com.kms.katalon.core.keyword.builtin.CallTestCaseKeyword$_callTestCase_closure1.doCall(CallTestCaseKeyword.groovy:59)
	at com.kms.katalon.core.keyword.builtin.CallTestCaseKeyword$_callTestCase_closure1.call(CallTestCaseKeyword.groovy)
	at com.kms.katalon.core.keyword.internal.KeywordMain.runKeyword(KeywordMain.groovy:75)
	at com.kms.katalon.core.keyword.builtin.CallTestCaseKeyword.callTestCase(CallTestCaseKeyword.groovy:81)
	at com.kms.katalon.core.keyword.builtin.CallTestCaseKeyword.execute(CallTestCaseKeyword.groovy:44)
	at com.kms.katalon.core.keyword.internal.KeywordExecutor.executeKeywordForPlatform(KeywordExecutor.groovy:74)
	at com.kms.katalon.core.keyword.BuiltinKeywords.callTestCase(BuiltinKeywords.groovy:310)
	at jdk.internal.reflect.GeneratedMethodAccessor16.invoke(Unknown Source)
	at java.base/jdk.internal.reflect.DelegatingMethodAccessorImpl.invoke(DelegatingMethodAccessorImpl.java:43)
	at Script1732656886348.run(Script1732656886348.groovy:368)
	... 15 more
)

03-03-2025T13:01:41 - [MESSAGE][FAILED] - Unable to scroll to position x = 0, y = -150 (Root cause: com.kms.katalon.core.exception.StepFailedException: Unable to scroll to position x = 0, y = -150
	at com.kms.katalon.core.webui.keyword.internal.WebUIKeywordMain.stepFailed(WebUIKeywordMain.groovy:117)
	at com.kms.katalon.core.webui.keyword.internal.WebUIKeywordMain.runKeyword(WebUIKeywordMain.groovy:43)
	at com.kms.katalon.core.webui.keyword.builtin.ScrollToPositionKeyword.scrollToPosition(ScrollToPositionKeyword.groovy:85)
	at com.kms.katalon.core.webui.keyword.builtin.ScrollToPositionKeyword.execute(ScrollToPositionKeyword.groovy:68)
	at com.kms.katalon.core.keyword.internal.KeywordExecutor.executeKeywordForPlatform(KeywordExecutor.groovy:74)
	at com.kms.katalon.core.webui.keyword.WebUiBuiltInKeywords.scrollToPosition(WebUiBuiltInKeywords.groovy:4581)
	at Perform Action.run(Perform Action:47)
	at com.kms.katalon.core.main.ScriptEngine.run(ScriptEngine.java:194)
	at com.kms.katalon.core.main.ScriptEngine.runScriptAsRawText(ScriptEngine.java:119)
	at com.kms.katalon.core.main.TestCaseExecutor.runScript(TestCaseExecutor.java:448)
	at com.kms.katalon.core.main.TestCaseExecutor.doExecute(TestCaseExecutor.java:439)
	at com.kms.katalon.core.main.TestCaseExecutor.processExecutionPhase(TestCaseExecutor.java:418)
	at com.kms.katalon.core.main.TestCaseExecutor.accessMainPhase(TestCaseExecutor.java:410)
	at com.kms.katalon.core.main.TestCaseExecutor.execute(TestCaseExecutor.java:285)
	at com.kms.katalon.core.main.TestCaseMain.runTestCase(TestCaseMain.java:137)
	at com.kms.katalon.core.keyword.builtin.CallTestCaseKeyword$_callTestCase_closure1.doCall(CallTestCaseKeyword.groovy:59)
	at com.kms.katalon.core.keyword.builtin.CallTestCaseKeyword$_callTestCase_closure1.call(CallTestCaseKeyword.groovy)
	at com.kms.katalon.core.keyword.internal.KeywordMain.runKeyword(KeywordMain.groovy:75)
	at com.kms.katalon.core.keyword.builtin.CallTestCaseKeyword.callTestCase(CallTestCaseKeyword.groovy:81)
	at com.kms.katalon.core.keyword.builtin.CallTestCaseKeyword.execute(CallTestCaseKeyword.groovy:44)
	at com.kms.katalon.core.keyword.internal.KeywordExecutor.executeKeywordForPlatform(KeywordExecutor.groovy:74)
	at com.kms.katalon.core.keyword.BuiltinKeywords.callTestCase(BuiltinKeywords.groovy:310)
	at jdk.internal.reflect.GeneratedMethodAccessor16.invoke(Unknown Source)
	at java.base/jdk.internal.reflect.DelegatingMethodAccessorImpl.invoke(DelegatingMethodAccessorImpl.java:43)
	at Set IT Positions.run(Set IT Positions:115)
	at com.kms.katalon.core.main.ScriptEngine.run(ScriptEngine.java:194)
	at com.kms.katalon.core.main.ScriptEngine.runScriptAsRawText(ScriptEngine.java:119)
	at com.kms.katalon.core.main.TestCaseExecutor.runScript(TestCaseExecutor.java:448)
	at com.kms.katalon.core.main.TestCaseExecutor.doExecute(TestCaseExecutor.java:439)
	at com.kms.katalon.core.main.TestCaseExecutor.processExecutionPhase(TestCaseExecutor.java:418)
	at com.kms.katalon.core.main.TestCaseExecutor.accessMainPhase(TestCaseExecutor.java:410)
	at com.kms.katalon.core.main.TestCaseExecutor.execute(TestCaseExecutor.java:285)
	at com.kms.katalon.core.main.TestCaseMain.runTestCase(TestCaseMain.java:137)
	at com.kms.katalon.core.keyword.builtin.CallTestCaseKeyword$_callTestCase_closure1.doCall(CallTestCaseKeyword.groovy:59)
	at com.kms.katalon.core.keyword.builtin.CallTestCaseKeyword$_callTestCase_closure1.call(CallTestCaseKeyword.groovy)
	at com.kms.katalon.core.keyword.internal.KeywordMain.runKeyword(KeywordMain.groovy:75)
	at com.kms.katalon.core.keyword.builtin.CallTestCaseKeyword.callTestCase(CallTestCaseKeyword.groovy:81)
	at com.kms.katalon.core.keyword.builtin.CallTestCaseKeyword.execute(CallTestCaseKeyword.groovy:44)
	at com.kms.katalon.core.keyword.internal.KeywordExecutor.executeKeywordForPlatform(KeywordExecutor.groovy:74)
	at com.kms.katalon.core.keyword.BuiltinKeywords.callTestCase(BuiltinKeywords.groovy:310)
	at jdk.internal.reflect.GeneratedMethodAccessor16.invoke(Unknown Source)
	at java.base/jdk.internal.reflect.DelegatingMethodAccessorImpl.invoke(DelegatingMethodAccessorImpl.java:43)
	at Complete Journey Partner Profile.run(Complete Journey Partner Profile:237)
	at com.kms.katalon.core.main.ScriptEngine.run(ScriptEngine.java:194)
	at com.kms.katalon.core.main.ScriptEngine.runScriptAsRawText(ScriptEngine.java:119)
	at com.kms.katalon.core.main.TestCaseExecutor.runScript(TestCaseExecutor.java:448)
	at com.kms.katalon.core.main.TestCaseExecutor.doExecute(TestCaseExecutor.java:439)
	at com.kms.katalon.core.main.TestCaseExecutor.processExecutionPhase(TestCaseExecutor.java:418)
	at com.kms.katalon.core.main.TestCaseExecutor.accessMainPhase(TestCaseExecutor.java:410)
	at com.kms.katalon.core.main.TestCaseExecutor.execute(TestCaseExecutor.java:285)
	at com.kms.katalon.core.main.TestCaseMain.runTestCase(TestCaseMain.java:137)
	at com.kms.katalon.core.keyword.builtin.CallTestCaseKeyword$_callTestCase_closure1.doCall(CallTestCaseKeyword.groovy:59)
	at com.kms.katalon.core.keyword.builtin.CallTestCaseKeyword$_callTestCase_closure1.call(CallTestCaseKeyword.groovy)
	at com.kms.katalon.core.keyword.internal.KeywordMain.runKeyword(KeywordMain.groovy:75)
	at com.kms.katalon.core.keyword.builtin.CallTestCaseKeyword.callTestCase(CallTestCaseKeyword.groovy:81)
	at com.kms.katalon.core.keyword.builtin.CallTestCaseKeyword.execute(CallTestCaseKeyword.groovy:44)
	at com.kms.katalon.core.keyword.internal.KeywordExecutor.executeKeywordForPlatform(KeywordExecutor.groovy:74)
	at com.kms.katalon.core.keyword.BuiltinKeywords.callTestCase(BuiltinKeywords.groovy:310)
	at jdk.internal.reflect.GeneratedMethodAccessor16.invoke(Unknown Source)
	at java.base/jdk.internal.reflect.DelegatingMethodAccessorImpl.invoke(DelegatingMethodAccessorImpl.java:43)
	at Register Journey Partner.run(Register Journey Partner:368)
	at com.kms.katalon.core.main.ScriptEngine.run(ScriptEngine.java:194)
	at com.kms.katalon.core.main.ScriptEngine.runScriptAsRawText(ScriptEngine.java:119)
	at com.kms.katalon.core.main.TestCaseExecutor.runScript(TestCaseExecutor.java:448)
	at com.kms.katalon.core.main.TestCaseExecutor.doExecute(TestCaseExecutor.java:439)
	at com.kms.katalon.core.main.TestCaseExecutor.processExecutionPhase(TestCaseExecutor.java:418)
	at com.kms.katalon.core.main.TestCaseExecutor.accessMainPhase(TestCaseExecutor.java:410)
	at com.kms.katalon.core.main.TestCaseExecutor.execute(TestCaseExecutor.java:285)
	at com.kms.katalon.core.common.CommonExecutor.accessTestCaseMainPhase(CommonExecutor.java:65)
	at com.kms.katalon.core.main.TestSuiteExecutor.accessTestSuiteMainPhase(TestSuiteExecutor.java:150)
	at com.kms.katalon.core.main.TestSuiteExecutor.execute(TestSuiteExecutor.java:106)
	at com.kms.katalon.core.main.TestCaseMain.startTestSuite(TestCaseMain.java:180)
	at TempTestSuite1741028273844.run(TempTestSuite1741028273844.groovy:35)
	at java.base/jdk.internal.reflect.NativeMethodAccessorImpl.invoke0(Native Method)
	at java.base/jdk.internal.reflect.NativeMethodAccessorImpl.invoke(NativeMethodAccessorImpl.java:77)
	at java.base/jdk.internal.reflect.DelegatingMethodAccessorImpl.invoke(DelegatingMethodAccessorImpl.java:43)
Caused by: java.lang.IllegalArgumentException: Y must be >= 0
	at com.kms.katalon.core.webui.keyword.builtin.ScrollToPositionKeyword$_scrollToPosition_closure1.doCall(ScrollToPositionKeyword.groovy:80)
	at com.kms.katalon.core.webui.keyword.builtin.ScrollToPositionKeyword$_scrollToPosition_closure1.call(ScrollToPositionKeyword.groovy)
	at com.kms.katalon.core.webui.keyword.internal.WebUIKeywordMain.runKeyword(WebUIKeywordMain.groovy:35)
	at com.kms.katalon.core.webui.keyword.builtin.ScrollToPositionKeyword.scrollToPosition(ScrollToPositionKeyword.groovy:85)
	at com.kms.katalon.core.webui.keyword.builtin.ScrollToPositionKeyword.execute(ScrollToPositionKeyword.groovy:68)
	at com.kms.katalon.core.keyword.internal.KeywordExecutor.executeKeywordForPlatform(KeywordExecutor.groovy:74)
	at com.kms.katalon.core.webui.keyword.WebUiBuiltInKeywords.scrollToPosition(WebUiBuiltInKeywords.groovy:4581)
	at Script1737231335484.run(Script1737231335484.groovy:47)
	at com.kms.katalon.core.main.ScriptEngine.run(ScriptEngine.java:194)
	at com.kms.katalon.core.main.ScriptEngine.runScriptAsRawText(ScriptEngine.java:119)
	at com.kms.katalon.core.main.TestCaseExecutor.runScript(TestCaseExecutor.java:448)
	at com.kms.katalon.core.main.TestCaseExecutor.doExecute(TestCaseExecutor.java:439)
	at com.kms.katalon.core.main.TestCaseExecutor.processExecutionPhase(TestCaseExecutor.java:418)
	at com.kms.katalon.core.main.TestCaseExecutor.accessMainPhase(TestCaseExecutor.java:410)
	at com.kms.katalon.core.main.TestCaseExecutor.execute(TestCaseExecutor.java:285)
	at com.kms.katalon.core.main.TestCaseMain.runTestCase(TestCaseMain.java:137)
	at com.kms.katalon.core.keyword.builtin.CallTestCaseKeyword$_callTestCase_closure1.doCall(CallTestCaseKeyword.groovy:59)
	at com.kms.katalon.core.keyword.builtin.CallTestCaseKeyword$_callTestCase_closure1.call(CallTestCaseKeyword.groovy)
	at com.kms.katalon.core.keyword.internal.KeywordMain.runKeyword(KeywordMain.groovy:75)
	at com.kms.katalon.core.keyword.builtin.CallTestCaseKeyword.callTestCase(CallTestCaseKeyword.groovy:81)
	at com.kms.katalon.core.keyword.builtin.CallTestCaseKeyword.execute(CallTestCaseKeyword.groovy:44)
	at com.kms.katalon.core.keyword.internal.KeywordExecutor.executeKeywordForPlatform(KeywordExecutor.groovy:74)
	at com.kms.katalon.core.keyword.BuiltinKeywords.callTestCase(BuiltinKeywords.groovy:310)
	at jdk.internal.reflect.GeneratedMethodAccessor16.invoke(Unknown Source)
	at java.base/jdk.internal.reflect.DelegatingMethodAccessorImpl.invoke(DelegatingMethodAccessorImpl.java:43)
	at Script1739224401004.run(Script1739224401004.groovy:115)
	at com.kms.katalon.core.main.ScriptEngine.run(ScriptEngine.java:194)
	at com.kms.katalon.core.main.ScriptEngine.runScriptAsRawText(ScriptEngine.java:119)
	at com.kms.katalon.core.main.TestCaseExecutor.runScript(TestCaseExecutor.java:448)
	at com.kms.katalon.core.main.TestCaseExecutor.doExecute(TestCaseExecutor.java:439)
	at com.kms.katalon.core.main.TestCaseExecutor.processExecutionPhase(TestCaseExecutor.java:418)
	at com.kms.katalon.core.main.TestCaseExecutor.accessMainPhase(TestCaseExecutor.java:410)
	at com.kms.katalon.core.main.TestCaseExecutor.execute(TestCaseExecutor.java:285)
	at com.kms.katalon.core.main.TestCaseMain.runTestCase(TestCaseMain.java:137)
	at com.kms.katalon.core.keyword.builtin.CallTestCaseKeyword$_callTestCase_closure1.doCall(CallTestCaseKeyword.groovy:59)
	at com.kms.katalon.core.keyword.builtin.CallTestCaseKeyword$_callTestCase_closure1.call(CallTestCaseKeyword.groovy)
	at com.kms.katalon.core.keyword.internal.KeywordMain.runKeyword(KeywordMain.groovy:75)
	at com.kms.katalon.core.keyword.builtin.CallTestCaseKeyword.callTestCase(CallTestCaseKeyword.groovy:81)
	at com.kms.katalon.core.keyword.builtin.CallTestCaseKeyword.execute(CallTestCaseKeyword.groovy:44)
	at com.kms.katalon.core.keyword.internal.KeywordExecutor.executeKeywordForPlatform(KeywordExecutor.groovy:74)
	at com.kms.katalon.core.keyword.BuiltinKeywords.callTestCase(BuiltinKeywords.groovy:310)
	at jdk.internal.reflect.GeneratedMethodAccessor16.invoke(Unknown Source)
	at java.base/jdk.internal.reflect.DelegatingMethodAccessorImpl.invoke(DelegatingMethodAccessorImpl.java:43)
	at Script1736481870666.run(Script1736481870666.groovy:237)
	at com.kms.katalon.core.main.ScriptEngine.run(ScriptEngine.java:194)
	at com.kms.katalon.core.main.ScriptEngine.runScriptAsRawText(ScriptEngine.java:119)
	at com.kms.katalon.core.main.TestCaseExecutor.runScript(TestCaseExecutor.java:448)
	at com.kms.katalon.core.main.TestCaseExecutor.doExecute(TestCaseExecutor.java:439)
	at com.kms.katalon.core.main.TestCaseExecutor.processExecutionPhase(TestCaseExecutor.java:418)
	at com.kms.katalon.core.main.TestCaseExecutor.accessMainPhase(TestCaseExecutor.java:410)
	at com.kms.katalon.core.main.TestCaseExecutor.execute(TestCaseExecutor.java:285)
	at com.kms.katalon.core.main.TestCaseMain.runTestCase(TestCaseMain.java:137)
	at com.kms.katalon.core.keyword.builtin.CallTestCaseKeyword$_callTestCase_closure1.doCall(CallTestCaseKeyword.groovy:59)
	at com.kms.katalon.core.keyword.builtin.CallTestCaseKeyword$_callTestCase_closure1.call(CallTestCaseKeyword.groovy)
	at com.kms.katalon.core.keyword.internal.KeywordMain.runKeyword(KeywordMain.groovy:75)
	at com.kms.katalon.core.keyword.builtin.CallTestCaseKeyword.callTestCase(CallTestCaseKeyword.groovy:81)
	at com.kms.katalon.core.keyword.builtin.CallTestCaseKeyword.execute(CallTestCaseKeyword.groovy:44)
	at com.kms.katalon.core.keyword.internal.KeywordExecutor.executeKeywordForPlatform(KeywordExecutor.groovy:74)
	at com.kms.katalon.core.keyword.BuiltinKeywords.callTestCase(BuiltinKeywords.groovy:310)
	at jdk.internal.reflect.GeneratedMethodAccessor16.invoke(Unknown Source)
	at java.base/jdk.internal.reflect.DelegatingMethodAccessorImpl.invoke(DelegatingMethodAccessorImpl.java:43)
	at Script1732656886348.run(Script1732656886348.groovy:368)
	... 15 more
)
[[ATTACHMENT|/Users/cckozie/git/MissionNext-Katalon-Koz/Reports/20250303_125746/Journey Partner Profile Test Suite/20250303_125753/1741028501534.png]]

03-03-2025T13:01:41 - [MESSAGE][FAILED] - Unable to call Test Case 'Test Cases/_Functions/Perform Action' (Root cause: com.kms.katalon.core.exception.StepFailedException: Call Test Case 'Test Cases/_Functions/Perform Action' failed
	at com.kms.katalon.core.keyword.builtin.CallTestCaseKeyword$_callTestCase_closure1.doCall(CallTestCaseKeyword.groovy:63)
	at com.kms.katalon.core.keyword.builtin.CallTestCaseKeyword$_callTestCase_closure1.call(CallTestCaseKeyword.groovy)
	at com.kms.katalon.core.keyword.internal.KeywordMain.runKeyword(KeywordMain.groovy:75)
	at com.kms.katalon.core.keyword.builtin.CallTestCaseKeyword.callTestCase(CallTestCaseKeyword.groovy:81)
	at com.kms.katalon.core.keyword.builtin.CallTestCaseKeyword.execute(CallTestCaseKeyword.groovy:44)
	at com.kms.katalon.core.keyword.internal.KeywordExecutor.executeKeywordForPlatform(KeywordExecutor.groovy:74)
	at com.kms.katalon.core.keyword.BuiltinKeywords.callTestCase(BuiltinKeywords.groovy:310)
	at jdk.internal.reflect.GeneratedMethodAccessor16.invoke(Unknown Source)
	at java.base/jdk.internal.reflect.DelegatingMethodAccessorImpl.invoke(DelegatingMethodAccessorImpl.java:43)
	at Set IT Positions.run(Set IT Positions:115)
	at com.kms.katalon.core.main.ScriptEngine.run(ScriptEngine.java:194)
	at com.kms.katalon.core.main.ScriptEngine.runScriptAsRawText(ScriptEngine.java:119)
	at com.kms.katalon.core.main.TestCaseExecutor.runScript(TestCaseExecutor.java:448)
	at com.kms.katalon.core.main.TestCaseExecutor.doExecute(TestCaseExecutor.java:439)
	at com.kms.katalon.core.main.TestCaseExecutor.processExecutionPhase(TestCaseExecutor.java:418)
	at com.kms.katalon.core.main.TestCaseExecutor.accessMainPhase(TestCaseExecutor.java:410)
	at com.kms.katalon.core.main.TestCaseExecutor.execute(TestCaseExecutor.java:285)
	at com.kms.katalon.core.main.TestCaseMain.runTestCase(TestCaseMain.java:137)
	at com.kms.katalon.core.keyword.builtin.CallTestCaseKeyword$_callTestCase_closure1.doCall(CallTestCaseKeyword.groovy:59)
	at com.kms.katalon.core.keyword.builtin.CallTestCaseKeyword$_callTestCase_closure1.call(CallTestCaseKeyword.groovy)
	at com.kms.katalon.core.keyword.internal.KeywordMain.runKeyword(KeywordMain.groovy:75)
	at com.kms.katalon.core.keyword.builtin.CallTestCaseKeyword.callTestCase(CallTestCaseKeyword.groovy:81)
	at com.kms.katalon.core.keyword.builtin.CallTestCaseKeyword.execute(CallTestCaseKeyword.groovy:44)
	at com.kms.katalon.core.keyword.internal.KeywordExecutor.executeKeywordForPlatform(KeywordExecutor.groovy:74)
	at com.kms.katalon.core.keyword.BuiltinKeywords.callTestCase(BuiltinKeywords.groovy:310)
	at jdk.internal.reflect.GeneratedMethodAccessor16.invoke(Unknown Source)
	at java.base/jdk.internal.reflect.DelegatingMethodAccessorImpl.invoke(DelegatingMethodAccessorImpl.java:43)
	at Complete Journey Partner Profile.run(Complete Journey Partner Profile:237)
	at com.kms.katalon.core.main.ScriptEngine.run(ScriptEngine.java:194)
	at com.kms.katalon.core.main.ScriptEngine.runScriptAsRawText(ScriptEngine.java:119)
	at com.kms.katalon.core.main.TestCaseExecutor.runScript(TestCaseExecutor.java:448)
	at com.kms.katalon.core.main.TestCaseExecutor.doExecute(TestCaseExecutor.java:439)
	at com.kms.katalon.core.main.TestCaseExecutor.processExecutionPhase(TestCaseExecutor.java:418)
	at com.kms.katalon.core.main.TestCaseExecutor.accessMainPhase(TestCaseExecutor.java:410)
	at com.kms.katalon.core.main.TestCaseExecutor.execute(TestCaseExecutor.java:285)
	at com.kms.katalon.core.main.TestCaseMain.runTestCase(TestCaseMain.java:137)
	at com.kms.katalon.core.keyword.builtin.CallTestCaseKeyword$_callTestCase_closure1.doCall(CallTestCaseKeyword.groovy:59)
	at com.kms.katalon.core.keyword.builtin.CallTestCaseKeyword$_callTestCase_closure1.call(CallTestCaseKeyword.groovy)
	at com.kms.katalon.core.keyword.internal.KeywordMain.runKeyword(KeywordMain.groovy:75)
	at com.kms.katalon.core.keyword.builtin.CallTestCaseKeyword.callTestCase(CallTestCaseKeyword.groovy:81)
	at com.kms.katalon.core.keyword.builtin.CallTestCaseKeyword.execute(CallTestCaseKeyword.groovy:44)
	at com.kms.katalon.core.keyword.internal.KeywordExecutor.executeKeywordForPlatform(KeywordExecutor.groovy:74)
	at com.kms.katalon.core.keyword.BuiltinKeywords.callTestCase(BuiltinKeywords.groovy:310)
	at jdk.internal.reflect.GeneratedMethodAccessor16.invoke(Unknown Source)
	at java.base/jdk.internal.reflect.DelegatingMethodAccessorImpl.invoke(DelegatingMethodAccessorImpl.java:43)
	at Register Journey Partner.run(Register Journey Partner:368)
	at com.kms.katalon.core.main.ScriptEngine.run(ScriptEngine.java:194)
	at com.kms.katalon.core.main.ScriptEngine.runScriptAsRawText(ScriptEngine.java:119)
	at com.kms.katalon.core.main.TestCaseExecutor.runScript(TestCaseExecutor.java:448)
	at com.kms.katalon.core.main.TestCaseExecutor.doExecute(TestCaseExecutor.java:439)
	at com.kms.katalon.core.main.TestCaseExecutor.processExecutionPhase(TestCaseExecutor.java:418)
	at com.kms.katalon.core.main.TestCaseExecutor.accessMainPhase(TestCaseExecutor.java:410)
	at com.kms.katalon.core.main.TestCaseExecutor.execute(TestCaseExecutor.java:285)
	at com.kms.katalon.core.common.CommonExecutor.accessTestCaseMainPhase(CommonExecutor.java:65)
	at com.kms.katalon.core.main.TestSuiteExecutor.accessTestSuiteMainPhase(TestSuiteExecutor.java:150)
	at com.kms.katalon.core.main.TestSuiteExecutor.execute(TestSuiteExecutor.java:106)
	at com.kms.katalon.core.main.TestCaseMain.startTestSuite(TestCaseMain.java:180)
	at TempTestSuite1741028273844.run(TempTestSuite1741028273844.groovy:35)
	at java.base/jdk.internal.reflect.NativeMethodAccessorImpl.invoke0(Native Method)
	at java.base/jdk.internal.reflect.NativeMethodAccessorImpl.invoke(NativeMethodAccessorImpl.java:77)
	at java.base/jdk.internal.reflect.DelegatingMethodAccessorImpl.invoke(DelegatingMethodAccessorImpl.java:43)
Caused by: com.kms.katalon.core.exception.StepFailedException: Unable to scroll to position x = 0, y = -150
	at com.kms.katalon.core.webui.keyword.internal.WebUIKeywordMain.stepFailed(WebUIKeywordMain.groovy:117)
	at com.kms.katalon.core.webui.keyword.internal.WebUIKeywordMain.runKeyword(WebUIKeywordMain.groovy:43)
	at com.kms.katalon.core.webui.keyword.builtin.ScrollToPositionKeyword.scrollToPosition(ScrollToPositionKeyword.groovy:85)
	at com.kms.katalon.core.webui.keyword.builtin.ScrollToPositionKeyword.execute(ScrollToPositionKeyword.groovy:68)
	at com.kms.katalon.core.keyword.internal.KeywordExecutor.executeKeywordForPlatform(KeywordExecutor.groovy:74)
	at com.kms.katalon.core.webui.keyword.WebUiBuiltInKeywords.scrollToPosition(WebUiBuiltInKeywords.groovy:4581)
	at Perform Action.run(Perform Action:47)
	at com.kms.katalon.core.main.ScriptEngine.run(ScriptEngine.java:194)
	at com.kms.katalon.core.main.ScriptEngine.runScriptAsRawText(ScriptEngine.java:119)
	at com.kms.katalon.core.main.TestCaseExecutor.runScript(TestCaseExecutor.java:448)
	at com.kms.katalon.core.main.TestCaseExecutor.doExecute(TestCaseExecutor.java:439)
	at com.kms.katalon.core.main.TestCaseExecutor.processExecutionPhase(TestCaseExecutor.java:418)
	at com.kms.katalon.core.main.TestCaseExecutor.accessMainPhase(TestCaseExecutor.java:410)
	at com.kms.katalon.core.main.TestCaseExecutor.execute(TestCaseExecutor.java:285)
	at com.kms.katalon.core.main.TestCaseMain.runTestCase(TestCaseMain.java:137)
	at com.kms.katalon.core.keyword.builtin.CallTestCaseKeyword$_callTestCase_closure1.doCall(CallTestCaseKeyword.groovy:59)
	... 60 more
Caused by: java.lang.IllegalArgumentException: Y must be >= 0
	at com.kms.katalon.core.webui.keyword.builtin.ScrollToPositionKeyword$_scrollToPosition_closure1.doCall(ScrollToPositionKeyword.groovy:80)
	at com.kms.katalon.core.webui.keyword.builtin.ScrollToPositionKeyword$_scrollToPosition_closure1.call(ScrollToPositionKeyword.groovy)
	at com.kms.katalon.core.webui.keyword.internal.WebUIKeywordMain.runKeyword(WebUIKeywordMain.groovy:35)
	... 74 more
)

03-03-2025T13:01:41 - [MESSAGE][FAILED] - Unable to call Test Case 'Test Cases/Journey Partner Profile/Tabs/Set IT Positions' (Root cause: com.kms.katalon.core.exception.StepFailedException: Call Test Case 'Test Cases/Journey Partner Profile/Tabs/Set IT Positions' failed
	at com.kms.katalon.core.keyword.builtin.CallTestCaseKeyword$_callTestCase_closure1.doCall(CallTestCaseKeyword.groovy:63)
	at com.kms.katalon.core.keyword.builtin.CallTestCaseKeyword$_callTestCase_closure1.call(CallTestCaseKeyword.groovy)
	at com.kms.katalon.core.keyword.internal.KeywordMain.runKeyword(KeywordMain.groovy:75)
	at com.kms.katalon.core.keyword.builtin.CallTestCaseKeyword.callTestCase(CallTestCaseKeyword.groovy:81)
	at com.kms.katalon.core.keyword.builtin.CallTestCaseKeyword.execute(CallTestCaseKeyword.groovy:44)
	at com.kms.katalon.core.keyword.internal.KeywordExecutor.executeKeywordForPlatform(KeywordExecutor.groovy:74)
	at com.kms.katalon.core.keyword.BuiltinKeywords.callTestCase(BuiltinKeywords.groovy:310)
	at jdk.internal.reflect.GeneratedMethodAccessor16.invoke(Unknown Source)
	at java.base/jdk.internal.reflect.DelegatingMethodAccessorImpl.invoke(DelegatingMethodAccessorImpl.java:43)
	at Complete Journey Partner Profile.run(Complete Journey Partner Profile:237)
	at com.kms.katalon.core.main.ScriptEngine.run(ScriptEngine.java:194)
	at com.kms.katalon.core.main.ScriptEngine.runScriptAsRawText(ScriptEngine.java:119)
	at com.kms.katalon.core.main.TestCaseExecutor.runScript(TestCaseExecutor.java:448)
	at com.kms.katalon.core.main.TestCaseExecutor.doExecute(TestCaseExecutor.java:439)
	at com.kms.katalon.core.main.TestCaseExecutor.processExecutionPhase(TestCaseExecutor.java:418)
	at com.kms.katalon.core.main.TestCaseExecutor.accessMainPhase(TestCaseExecutor.java:410)
	at com.kms.katalon.core.main.TestCaseExecutor.execute(TestCaseExecutor.java:285)
	at com.kms.katalon.core.main.TestCaseMain.runTestCase(TestCaseMain.java:137)
	at com.kms.katalon.core.keyword.builtin.CallTestCaseKeyword$_callTestCase_closure1.doCall(CallTestCaseKeyword.groovy:59)
	at com.kms.katalon.core.keyword.builtin.CallTestCaseKeyword$_callTestCase_closure1.call(CallTestCaseKeyword.groovy)
	at com.kms.katalon.core.keyword.internal.KeywordMain.runKeyword(KeywordMain.groovy:75)
	at com.kms.katalon.core.keyword.builtin.CallTestCaseKeyword.callTestCase(CallTestCaseKeyword.groovy:81)
	at com.kms.katalon.core.keyword.builtin.CallTestCaseKeyword.execute(CallTestCaseKeyword.groovy:44)
	at com.kms.katalon.core.keyword.internal.KeywordExecutor.executeKeywordForPlatform(KeywordExecutor.groovy:74)
	at com.kms.katalon.core.keyword.BuiltinKeywords.callTestCase(BuiltinKeywords.groovy:310)
	at jdk.internal.reflect.GeneratedMethodAccessor16.invoke(Unknown Source)
	at java.base/jdk.internal.reflect.DelegatingMethodAccessorImpl.invoke(DelegatingMethodAccessorImpl.java:43)
	at Register Journey Partner.run(Register Journey Partner:368)
	at com.kms.katalon.core.main.ScriptEngine.run(ScriptEngine.java:194)
	at com.kms.katalon.core.main.ScriptEngine.runScriptAsRawText(ScriptEngine.java:119)
	at com.kms.katalon.core.main.TestCaseExecutor.runScript(TestCaseExecutor.java:448)
	at com.kms.katalon.core.main.TestCaseExecutor.doExecute(TestCaseExecutor.java:439)
	at com.kms.katalon.core.main.TestCaseExecutor.processExecutionPhase(TestCaseExecutor.java:418)
	at com.kms.katalon.core.main.TestCaseExecutor.accessMainPhase(TestCaseExecutor.java:410)
	at com.kms.katalon.core.main.TestCaseExecutor.execute(TestCaseExecutor.java:285)
	at com.kms.katalon.core.common.CommonExecutor.accessTestCaseMainPhase(CommonExecutor.java:65)
	at com.kms.katalon.core.main.TestSuiteExecutor.accessTestSuiteMainPhase(TestSuiteExecutor.java:150)
	at com.kms.katalon.core.main.TestSuiteExecutor.execute(TestSuiteExecutor.java:106)
	at com.kms.katalon.core.main.TestCaseMain.startTestSuite(TestCaseMain.java:180)
	at TempTestSuite1741028273844.run(TempTestSuite1741028273844.groovy:35)
	at java.base/jdk.internal.reflect.NativeMethodAccessorImpl.invoke0(Native Method)
	at java.base/jdk.internal.reflect.NativeMethodAccessorImpl.invoke(NativeMethodAccessorImpl.java:77)
	at java.base/jdk.internal.reflect.DelegatingMethodAccessorImpl.invoke(DelegatingMethodAccessorImpl.java:43)
Caused by: com.kms.katalon.core.exception.StepFailedException: Call Test Case 'Test Cases/_Functions/Perform Action' failed
	at com.kms.katalon.core.keyword.builtin.CallTestCaseKeyword$_callTestCase_closure1.doCall(CallTestCaseKeyword.groovy:63)
	at com.kms.katalon.core.keyword.builtin.CallTestCaseKeyword$_callTestCase_closure1.call(CallTestCaseKeyword.groovy)
	at com.kms.katalon.core.keyword.internal.KeywordMain.runKeyword(KeywordMain.groovy:75)
	at com.kms.katalon.core.keyword.builtin.CallTestCaseKeyword.callTestCase(CallTestCaseKeyword.groovy:81)
	at com.kms.katalon.core.keyword.builtin.CallTestCaseKeyword.execute(CallTestCaseKeyword.groovy:44)
	at com.kms.katalon.core.keyword.internal.KeywordExecutor.executeKeywordForPlatform(KeywordExecutor.groovy:74)
	at com.kms.katalon.core.keyword.BuiltinKeywords.callTestCase(BuiltinKeywords.groovy:310)
	at jdk.internal.reflect.GeneratedMethodAccessor16.invoke(Unknown Source)
	at java.base/jdk.internal.reflect.DelegatingMethodAccessorImpl.invoke(DelegatingMethodAccessorImpl.java:43)
	at Set IT Positions.run(Set IT Positions:115)
	at com.kms.katalon.core.main.ScriptEngine.run(ScriptEngine.java:194)
	at com.kms.katalon.core.main.ScriptEngine.runScriptAsRawText(ScriptEngine.java:119)
	at com.kms.katalon.core.main.TestCaseExecutor.runScript(TestCaseExecutor.java:448)
	at com.kms.katalon.core.main.TestCaseExecutor.doExecute(TestCaseExecutor.java:439)
	at com.kms.katalon.core.main.TestCaseExecutor.processExecutionPhase(TestCaseExecutor.java:418)
	at com.kms.katalon.core.main.TestCaseExecutor.accessMainPhase(TestCaseExecutor.java:410)
	at com.kms.katalon.core.main.TestCaseExecutor.execute(TestCaseExecutor.java:285)
	at com.kms.katalon.core.main.TestCaseMain.runTestCase(TestCaseMain.java:137)
	at com.kms.katalon.core.keyword.builtin.CallTestCaseKeyword$_callTestCase_closure1.doCall(CallTestCaseKeyword.groovy:59)
	... 42 more
Caused by: com.kms.katalon.core.exception.StepFailedException: Unable to scroll to position x = 0, y = -150
	at com.kms.katalon.core.webui.keyword.internal.WebUIKeywordMain.stepFailed(WebUIKeywordMain.groovy:117)
	at com.kms.katalon.core.webui.keyword.internal.WebUIKeywordMain.runKeyword(WebUIKeywordMain.groovy:43)
	at com.kms.katalon.core.webui.keyword.builtin.ScrollToPositionKeyword.scrollToPosition(ScrollToPositionKeyword.groovy:85)
	at com.kms.katalon.core.webui.keyword.builtin.ScrollToPositionKeyword.execute(ScrollToPositionKeyword.groovy:68)
	at com.kms.katalon.core.keyword.internal.KeywordExecutor.executeKeywordForPlatform(KeywordExecutor.groovy:74)
	at com.kms.katalon.core.webui.keyword.WebUiBuiltInKeywords.scrollToPosition(WebUiBuiltInKeywords.groovy:4581)
	at Perform Action.run(Perform Action:47)
	at com.kms.katalon.core.main.ScriptEngine.run(ScriptEngine.java:194)
	at com.kms.katalon.core.main.ScriptEngine.runScriptAsRawText(ScriptEngine.java:119)
	at com.kms.katalon.core.main.TestCaseExecutor.runScript(TestCaseExecutor.java:448)
	at com.kms.katalon.core.main.TestCaseExecutor.doExecute(TestCaseExecutor.java:439)
	at com.kms.katalon.core.main.TestCaseExecutor.processExecutionPhase(TestCaseExecutor.java:418)
	at com.kms.katalon.core.main.TestCaseExecutor.accessMainPhase(TestCaseExecutor.java:410)
	at com.kms.katalon.core.main.TestCaseExecutor.execute(TestCaseExecutor.java:285)
	at com.kms.katalon.core.main.TestCaseMain.runTestCase(TestCaseMain.java:137)
	at com.kms.katalon.core.keyword.builtin.CallTestCaseKeyword$_callTestCase_closure1.doCall(CallTestCaseKeyword.groovy:59)
	... 60 more
Caused by: java.lang.IllegalArgumentException: Y must be >= 0
	at com.kms.katalon.core.webui.keyword.builtin.ScrollToPositionKeyword$_scrollToPosition_closure1.doCall(ScrollToPositionKeyword.groovy:80)
	at com.kms.katalon.core.webui.keyword.builtin.ScrollToPositionKeyword$_scrollToPosition_closure1.call(ScrollToPositionKeyword.groovy)
	at com.kms.katalon.core.webui.keyword.internal.WebUIKeywordMain.runKeyword(WebUIKeywordMain.groovy:35)
	... 74 more
)

03-03-2025T13:01:41 - [MESSAGE][FAILED] - Unable to call Test Case 'Test Cases/Journey Partner Profile/Complete Journey Partner Profile' (Root cause: com.kms.katalon.core.exception.StepFailedException: Call Test Case 'Test Cases/Journey Partner Profile/Complete Journey Partner Profile' failed
	at com.kms.katalon.core.keyword.builtin.CallTestCaseKeyword$_callTestCase_closure1.doCall(CallTestCaseKeyword.groovy:63)
	at com.kms.katalon.core.keyword.builtin.CallTestCaseKeyword$_callTestCase_closure1.call(CallTestCaseKeyword.groovy)
	at com.kms.katalon.core.keyword.internal.KeywordMain.runKeyword(KeywordMain.groovy:75)
	at com.kms.katalon.core.keyword.builtin.CallTestCaseKeyword.callTestCase(CallTestCaseKeyword.groovy:81)
	at com.kms.katalon.core.keyword.builtin.CallTestCaseKeyword.execute(CallTestCaseKeyword.groovy:44)
	at com.kms.katalon.core.keyword.internal.KeywordExecutor.executeKeywordForPlatform(KeywordExecutor.groovy:74)
	at com.kms.katalon.core.keyword.BuiltinKeywords.callTestCase(BuiltinKeywords.groovy:310)
	at jdk.internal.reflect.GeneratedMethodAccessor16.invoke(Unknown Source)
	at java.base/jdk.internal.reflect.DelegatingMethodAccessorImpl.invoke(DelegatingMethodAccessorImpl.java:43)
	at Register Journey Partner.run(Register Journey Partner:368)
	at com.kms.katalon.core.main.ScriptEngine.run(ScriptEngine.java:194)
	at com.kms.katalon.core.main.ScriptEngine.runScriptAsRawText(ScriptEngine.java:119)
	at com.kms.katalon.core.main.TestCaseExecutor.runScript(TestCaseExecutor.java:448)
	at com.kms.katalon.core.main.TestCaseExecutor.doExecute(TestCaseExecutor.java:439)
	at com.kms.katalon.core.main.TestCaseExecutor.processExecutionPhase(TestCaseExecutor.java:418)
	at com.kms.katalon.core.main.TestCaseExecutor.accessMainPhase(TestCaseExecutor.java:410)
	at com.kms.katalon.core.main.TestCaseExecutor.execute(TestCaseExecutor.java:285)
	at com.kms.katalon.core.common.CommonExecutor.accessTestCaseMainPhase(CommonExecutor.java:65)
	at com.kms.katalon.core.main.TestSuiteExecutor.accessTestSuiteMainPhase(TestSuiteExecutor.java:150)
	at com.kms.katalon.core.main.TestSuiteExecutor.execute(TestSuiteExecutor.java:106)
	at com.kms.katalon.core.main.TestCaseMain.startTestSuite(TestCaseMain.java:180)
	at TempTestSuite1741028273844.run(TempTestSuite1741028273844.groovy:35)
	at java.base/jdk.internal.reflect.NativeMethodAccessorImpl.invoke0(Native Method)
	at java.base/jdk.internal.reflect.NativeMethodAccessorImpl.invoke(NativeMethodAccessorImpl.java:77)
	at java.base/jdk.internal.reflect.DelegatingMethodAccessorImpl.invoke(DelegatingMethodAccessorImpl.java:43)
Caused by: com.kms.katalon.core.exception.StepFailedException: Call Test Case 'Test Cases/Journey Partner Profile/Tabs/Set IT Positions' failed
	at com.kms.katalon.core.keyword.builtin.CallTestCaseKeyword$_callTestCase_closure1.doCall(CallTestCaseKeyword.groovy:63)
	at com.kms.katalon.core.keyword.builtin.CallTestCaseKeyword$_callTestCase_closure1.call(CallTestCaseKeyword.groovy)
	at com.kms.katalon.core.keyword.internal.KeywordMain.runKeyword(KeywordMain.groovy:75)
	at com.kms.katalon.core.keyword.builtin.CallTestCaseKeyword.callTestCase(CallTestCaseKeyword.groovy:81)
	at com.kms.katalon.core.keyword.builtin.CallTestCaseKeyword.execute(CallTestCaseKeyword.groovy:44)
	at com.kms.katalon.core.keyword.internal.KeywordExecutor.executeKeywordForPlatform(KeywordExecutor.groovy:74)
	at com.kms.katalon.core.keyword.BuiltinKeywords.callTestCase(BuiltinKeywords.groovy:310)
	at jdk.internal.reflect.GeneratedMethodAccessor16.invoke(Unknown Source)
	at java.base/jdk.internal.reflect.DelegatingMethodAccessorImpl.invoke(DelegatingMethodAccessorImpl.java:43)
	at Complete Journey Partner Profile.run(Complete Journey Partner Profile:237)
	at com.kms.katalon.core.main.ScriptEngine.run(ScriptEngine.java:194)
	at com.kms.katalon.core.main.ScriptEngine.runScriptAsRawText(ScriptEngine.java:119)
	at com.kms.katalon.core.main.TestCaseExecutor.runScript(TestCaseExecutor.java:448)
	at com.kms.katalon.core.main.TestCaseExecutor.doExecute(TestCaseExecutor.java:439)
	at com.kms.katalon.core.main.TestCaseExecutor.processExecutionPhase(TestCaseExecutor.java:418)
	at com.kms.katalon.core.main.TestCaseExecutor.accessMainPhase(TestCaseExecutor.java:410)
	at com.kms.katalon.core.main.TestCaseExecutor.execute(TestCaseExecutor.java:285)
	at com.kms.katalon.core.main.TestCaseMain.runTestCase(TestCaseMain.java:137)
	at com.kms.katalon.core.keyword.builtin.CallTestCaseKeyword$_callTestCase_closure1.doCall(CallTestCaseKeyword.groovy:59)
	... 24 more
Caused by: com.kms.katalon.core.exception.StepFailedException: Call Test Case 'Test Cases/_Functions/Perform Action' failed
	at com.kms.katalon.core.keyword.builtin.CallTestCaseKeyword$_callTestCase_closure1.doCall(CallTestCaseKeyword.groovy:63)
	at com.kms.katalon.core.keyword.builtin.CallTestCaseKeyword$_callTestCase_closure1.call(CallTestCaseKeyword.groovy)
	at com.kms.katalon.core.keyword.internal.KeywordMain.runKeyword(KeywordMain.groovy:75)
	at com.kms.katalon.core.keyword.builtin.CallTestCaseKeyword.callTestCase(CallTestCaseKeyword.groovy:81)
	at com.kms.katalon.core.keyword.builtin.CallTestCaseKeyword.execute(CallTestCaseKeyword.groovy:44)
	at com.kms.katalon.core.keyword.internal.KeywordExecutor.executeKeywordForPlatform(KeywordExecutor.groovy:74)
	at com.kms.katalon.core.keyword.BuiltinKeywords.callTestCase(BuiltinKeywords.groovy:310)
	at jdk.internal.reflect.GeneratedMethodAccessor16.invoke(Unknown Source)
	at java.base/jdk.internal.reflect.DelegatingMethodAccessorImpl.invoke(DelegatingMethodAccessorImpl.java:43)
	at Set IT Positions.run(Set IT Positions:115)
	at com.kms.katalon.core.main.ScriptEngine.run(ScriptEngine.java:194)
	at com.kms.katalon.core.main.ScriptEngine.runScriptAsRawText(ScriptEngine.java:119)
	at com.kms.katalon.core.main.TestCaseExecutor.runScript(TestCaseExecutor.java:448)
	at com.kms.katalon.core.main.TestCaseExecutor.doExecute(TestCaseExecutor.java:439)
	at com.kms.katalon.core.main.TestCaseExecutor.processExecutionPhase(TestCaseExecutor.java:418)
	at com.kms.katalon.core.main.TestCaseExecutor.accessMainPhase(TestCaseExecutor.java:410)
	at com.kms.katalon.core.main.TestCaseExecutor.execute(TestCaseExecutor.java:285)
	at com.kms.katalon.core.main.TestCaseMain.runTestCase(TestCaseMain.java:137)
	at com.kms.katalon.core.keyword.builtin.CallTestCaseKeyword$_callTestCase_closure1.doCall(CallTestCaseKeyword.groovy:59)
	... 42 more
Caused by: com.kms.katalon.core.exception.StepFailedException: Unable to scroll to position x = 0, y = -150
	at com.kms.katalon.core.webui.keyword.internal.WebUIKeywordMain.stepFailed(WebUIKeywordMain.groovy:117)
	at com.kms.katalon.core.webui.keyword.internal.WebUIKeywordMain.runKeyword(WebUIKeywordMain.groovy:43)
	at com.kms.katalon.core.webui.keyword.builtin.ScrollToPositionKeyword.scrollToPosition(ScrollToPositionKeyword.groovy:85)
	at com.kms.katalon.core.webui.keyword.builtin.ScrollToPositionKeyword.execute(ScrollToPositionKeyword.groovy:68)
	at com.kms.katalon.core.keyword.internal.KeywordExecutor.executeKeywordForPlatform(KeywordExecutor.groovy:74)
	at com.kms.katalon.core.webui.keyword.WebUiBuiltInKeywords.scrollToPosition(WebUiBuiltInKeywords.groovy:4581)
	at Perform Action.run(Perform Action:47)
	at com.kms.katalon.core.main.ScriptEngine.run(ScriptEngine.java:194)
	at com.kms.katalon.core.main.ScriptEngine.runScriptAsRawText(ScriptEngine.java:119)
	at com.kms.katalon.core.main.TestCaseExecutor.runScript(TestCaseExecutor.java:448)
	at com.kms.katalon.core.main.TestCaseExecutor.doExecute(TestCaseExecutor.java:439)
	at com.kms.katalon.core.main.TestCaseExecutor.processExecutionPhase(TestCaseExecutor.java:418)
	at com.kms.katalon.core.main.TestCaseExecutor.accessMainPhase(TestCaseExecutor.java:410)
	at com.kms.katalon.core.main.TestCaseExecutor.execute(TestCaseExecutor.java:285)
	at com.kms.katalon.core.main.TestCaseMain.runTestCase(TestCaseMain.java:137)
	at com.kms.katalon.core.keyword.builtin.CallTestCaseKeyword$_callTestCase_closure1.doCall(CallTestCaseKeyword.groovy:59)
	... 60 more
Caused by: java.lang.IllegalArgumentException: Y must be >= 0
	at com.kms.katalon.core.webui.keyword.builtin.ScrollToPositionKeyword$_scrollToPosition_closure1.doCall(ScrollToPositionKeyword.groovy:80)
	at com.kms.katalon.core.webui.keyword.builtin.ScrollToPositionKeyword$_scrollToPosition_closure1.call(ScrollToPositionKeyword.groovy)
	at com.kms.katalon.core.webui.keyword.internal.WebUIKeywordMain.runKeyword(WebUIKeywordMain.groovy:35)
	... 74 more
)]]></system-out>
         <system-err><![CDATA[03-03-2025T12:58:59 - [TEST_CASE][ERROR] - Test Cases/Journey Partner Profile/Register Journey Partner: Test Cases/Journey Partner Profile/Register Journey Partner FAILED.
Reason:
com.kms.katalon.core.exception.StepErrorException: 
Failed to find the Approval Pending page.
	at com.kms.katalon.core.util.KeywordUtil.markError(KeywordUtil.java:67)
	at Register Journey Partner.run(Register Journey Partner:347)
	at com.kms.katalon.core.main.ScriptEngine.run(ScriptEngine.java:194)
	at com.kms.katalon.core.main.ScriptEngine.runScriptAsRawText(ScriptEngine.java:119)
	at com.kms.katalon.core.main.TestCaseExecutor.runScript(TestCaseExecutor.java:448)
	at com.kms.katalon.core.main.TestCaseExecutor.doExecute(TestCaseExecutor.java:439)
	at com.kms.katalon.core.main.TestCaseExecutor.processExecutionPhase(TestCaseExecutor.java:418)
	at com.kms.katalon.core.main.TestCaseExecutor.accessMainPhase(TestCaseExecutor.java:410)
	at com.kms.katalon.core.main.TestCaseExecutor.execute(TestCaseExecutor.java:285)
	at com.kms.katalon.core.common.CommonExecutor.accessTestCaseMainPhase(CommonExecutor.java:65)
	at com.kms.katalon.core.main.TestSuiteExecutor.accessTestSuiteMainPhase(TestSuiteExecutor.java:150)
	at com.kms.katalon.core.main.TestSuiteExecutor.execute(TestSuiteExecutor.java:106)
	at com.kms.katalon.core.main.TestCaseMain.startTestSuite(TestCaseMain.java:180)
	at TempTestSuite1741028273844.run(TempTestSuite1741028273844.groovy:35)
	at java.base/jdk.internal.reflect.NativeMethodAccessorImpl.invoke0(Native Method)
	at java.base/jdk.internal.reflect.NativeMethodAccessorImpl.invoke(NativeMethodAccessorImpl.java:77)
	at java.base/jdk.internal.reflect.DelegatingMethodAccessorImpl.invoke(DelegatingMethodAccessorImpl.java:43)]]></system-err>
      </testcase>
      <system-out><![CDATA[03-03-2025T12:58:59 - [TEST_SUITE][ERROR] - Journey Partner Profile Test Suite: Test Cases/Journey Partner Profile/Register Journey Partner FAILED.
Reason:
com.kms.katalon.core.exception.StepErrorException: 
Failed to find the Approval Pending page.
	at com.kms.katalon.core.util.KeywordUtil.markError(KeywordUtil.java:67)
	at Register Journey Partner.run(Register Journey Partner:347)
	at com.kms.katalon.core.main.ScriptEngine.run(ScriptEngine.java:194)
	at com.kms.katalon.core.main.ScriptEngine.runScriptAsRawText(ScriptEngine.java:119)
	at com.kms.katalon.core.main.TestCaseExecutor.runScript(TestCaseExecutor.java:448)
	at com.kms.katalon.core.main.TestCaseExecutor.doExecute(TestCaseExecutor.java:439)
	at com.kms.katalon.core.main.TestCaseExecutor.processExecutionPhase(TestCaseExecutor.java:418)
	at com.kms.katalon.core.main.TestCaseExecutor.accessMainPhase(TestCaseExecutor.java:410)
	at com.kms.katalon.core.main.TestCaseExecutor.execute(TestCaseExecutor.java:285)
	at com.kms.katalon.core.common.CommonExecutor.accessTestCaseMainPhase(CommonExecutor.java:65)
	at com.kms.katalon.core.main.TestSuiteExecutor.accessTestSuiteMainPhase(TestSuiteExecutor.java:150)
	at com.kms.katalon.core.main.TestSuiteExecutor.execute(TestSuiteExecutor.java:106)
	at com.kms.katalon.core.main.TestCaseMain.startTestSuite(TestCaseMain.java:180)
	at TempTestSuite1741028273844.run(TempTestSuite1741028273844.groovy:35)
	at java.base/jdk.internal.reflect.NativeMethodAccessorImpl.invoke0(Native Method)
	at java.base/jdk.internal.reflect.NativeMethodAccessorImpl.invoke(NativeMethodAccessorImpl.java:77)
	at java.base/jdk.internal.reflect.DelegatingMethodAccessorImpl.invoke(DelegatingMethodAccessorImpl.java:43)]]></system-out>
      <system-err><![CDATA[03-03-2025T12:58:59 - [TEST_SUITE][ERROR] - Journey Partner Profile Test Suite: Test Cases/Journey Partner Profile/Register Journey Partner FAILED.
Reason:
com.kms.katalon.core.exception.StepErrorException: 
Failed to find the Approval Pending page.
	at com.kms.katalon.core.util.KeywordUtil.markError(KeywordUtil.java:67)
	at Register Journey Partner.run(Register Journey Partner:347)
	at com.kms.katalon.core.main.ScriptEngine.run(ScriptEngine.java:194)
	at com.kms.katalon.core.main.ScriptEngine.runScriptAsRawText(ScriptEngine.java:119)
	at com.kms.katalon.core.main.TestCaseExecutor.runScript(TestCaseExecutor.java:448)
	at com.kms.katalon.core.main.TestCaseExecutor.doExecute(TestCaseExecutor.java:439)
	at com.kms.katalon.core.main.TestCaseExecutor.processExecutionPhase(TestCaseExecutor.java:418)
	at com.kms.katalon.core.main.TestCaseExecutor.accessMainPhase(TestCaseExecutor.java:410)
	at com.kms.katalon.core.main.TestCaseExecutor.execute(TestCaseExecutor.java:285)
	at com.kms.katalon.core.common.CommonExecutor.accessTestCaseMainPhase(CommonExecutor.java:65)
	at com.kms.katalon.core.main.TestSuiteExecutor.accessTestSuiteMainPhase(TestSuiteExecutor.java:150)
	at com.kms.katalon.core.main.TestSuiteExecutor.execute(TestSuiteExecutor.java:106)
	at com.kms.katalon.core.main.TestCaseMain.startTestSuite(TestCaseMain.java:180)
	at TempTestSuite1741028273844.run(TempTestSuite1741028273844.groovy:35)
	at java.base/jdk.internal.reflect.NativeMethodAccessorImpl.invoke0(Native Method)
	at java.base/jdk.internal.reflect.NativeMethodAccessorImpl.invoke(NativeMethodAccessorImpl.java:77)
	at java.base/jdk.internal.reflect.DelegatingMethodAccessorImpl.invoke(DelegatingMethodAccessorImpl.java:43)]]></system-err>
   </testsuite>
</testsuites>
